Log file open, 05/01/20 14:47:02
LogWindows: Failed to load 'aqProf.dll' (GetLastError=126)
LogWindows: File 'aqProf.dll' does not exist
LogWindows: Failed to load 'VtuneApi.dll' (GetLastError=126)
LogWindows: File 'VtuneApi.dll' does not exist
LogWindows: Failed to load 'VtuneApi32e.dll' (GetLastError=126)
LogWindows: File 'VtuneApi32e.dll' does not exist
LogConsoleResponse: Display: Failed to find resolution value strings in scalability ini. Falling back to default.
LogInit: Display: Running engine for game: NonDiegetic
LogPlatformFile: Not using cached read wrapper
LogTaskGraph: Started task graph with 5 named threads and 14 total threads with 3 sets of task threads.
LogStats: Stats thread started at 0.088454
LogD3D11RHI: Loaded GFSDK_Aftermath_Lib.x64.dll
LogICUInternationalization: ICU TimeZone Detection - Raw Offset: +0:00, Platform Override: ''
LogPluginManager: Mounting plugin Paper2D
LogPluginManager: Mounting plugin AISupport
LogPluginManager: Mounting plugin LightPropagationVolume
LogPluginManager: Mounting plugin ActorLayerUtilities
LogPluginManager: Mounting plugin AnimationSharing
LogPluginManager: Mounting plugin CLionSourceCodeAccess
LogPluginManager: Mounting plugin CodeLiteSourceCodeAccess
LogPluginManager: Mounting plugin GitSourceControl
LogPluginManager: Mounting plugin KDevelopSourceCodeAccess
LogPluginManager: Mounting plugin NullSourceCodeAccess
LogPluginManager: Mounting plugin PerforceSourceControl
LogPluginManager: Mounting plugin SubversionSourceControl
LogPluginManager: Mounting plugin UObjectPlugin
LogPluginManager: Mounting plugin VisualStudioCodeSourceCodeAccess
LogPluginManager: Mounting plugin VisualStudioSourceCodeAccess
LogPluginManager: Mounting plugin XCodeSourceCodeAccess
LogPluginManager: Mounting plugin AssetManagerEditor
LogPluginManager: Mounting plugin CryptoKeys
LogPluginManager: Mounting plugin CurveEditorTools
LogPluginManager: Mounting plugin DataValidation
LogPluginManager: Mounting plugin FacialAnimation
LogPluginManager: Mounting plugin GameplayTagsEditor
LogPluginManager: Mounting plugin MacGraphicsSwitching
LogPluginManager: Mounting plugin MaterialAnalyzer
LogPluginManager: Mounting plugin MobileLauncherProfileWizard
LogPluginManager: Mounting plugin PluginBrowser
LogPluginManager: Mounting plugin SpeedTreeImporter
LogPluginManager: Mounting plugin DatasmithContent
LogPluginManager: Mounting plugin VariantManagerContent
LogPluginManager: Mounting plugin AlembicImporter
LogPluginManager: Mounting plugin AutomationUtils
LogPluginManager: Mounting plugin BackChannel
LogPluginManager: Mounting plugin CharacterAI
LogPluginManager: Mounting plugin GeometryCache
LogPluginManager: Mounting plugin HTML5Networking
LogPluginManager: Mounting plugin PlatformCrypto
LogPluginManager: Mounting plugin ProxyLODPlugin
LogPluginManager: Mounting plugin SkeletalReduction
LogPluginManager: Mounting plugin MagicLeap
LogPluginManager: Mounting plugin MagicLeapMedia
LogPluginManager: Mounting plugin AndroidMedia
LogPluginManager: Mounting plugin AvfMedia
LogPluginManager: Mounting plugin ImgMedia
LogPluginManager: Mounting plugin MediaCompositing
LogPluginManager: Mounting plugin MediaPlayerEditor
LogPluginManager: Mounting plugin WebMMedia
LogPluginManager: Mounting plugin WmfMedia
LogPluginManager: Mounting plugin TcpMessaging
LogPluginManager: Mounting plugin UdpMessaging
LogPluginManager: Mounting plugin ActorSequence
LogPluginManager: Mounting plugin LevelSequenceEditor
LogPluginManager: Mounting plugin MatineeToLevelSequence
LogPluginManager: Mounting plugin NetcodeUnitTest
LogPluginManager: Mounting plugin NUTUnrealEngine4
LogPluginManager: Mounting plugin OnlineSubsystemGooglePlay
LogPluginManager: Mounting plugin OnlineSubsystemIOS
LogPluginManager: Mounting plugin OnlineSubsystem
LogPluginManager: Mounting plugin OnlineSubsystemNull
LogPluginManager: Mounting plugin OnlineSubsystemUtils
LogPluginManager: Mounting plugin LauncherChunkInstaller
LogPluginManager: Mounting plugin AndroidDeviceProfileSelector
LogPluginManager: Mounting plugin AndroidMoviePlayer
LogPluginManager: Mounting plugin AndroidPermission
LogPluginManager: Mounting plugin AppleImageUtils
LogPluginManager: Mounting plugin AppleMoviePlayer
LogPluginManager: Mounting plugin ArchVisCharacter
LogPluginManager: Mounting plugin AudioCapture
LogPluginManager: Mounting plugin CableComponent
LogPluginManager: Mounting plugin CustomMeshComponent
LogPluginManager: Mounting plugin EditableMesh
LogPluginManager: Mounting plugin ExampleDeviceProfileSelector
LogPluginManager: Mounting plugin GoogleCloudMessaging
LogPluginManager: Mounting plugin IOSDeviceProfileSelector
LogPluginManager: Mounting plugin LinuxDeviceProfileSelector
LogPluginManager: Mounting plugin LocationServicesBPLibrary
LogPluginManager: Mounting plugin MobilePatchingUtils
LogPluginManager: Mounting plugin OculusVR
LogPluginManager: Mounting plugin PhysXVehicles
LogPluginManager: Mounting plugin ProceduralMeshComponent
LogPluginManager: Mounting plugin RuntimePhysXCooking
LogPluginManager: Mounting plugin SignificanceManager
LogPluginManager: Mounting plugin SteamVR
LogPluginManager: Mounting plugin WebMMoviePlayer
LogPluginManager: Mounting plugin WindowsMoviePlayer
LogPluginManager: Mounting plugin ScreenshotTools
LogInit: Using libcurl 7.55.1-DEV
LogInit:  - built for x86_64-pc-win32
LogInit:  - supports SSL with OpenSSL/1.1.1
LogInit:  - supports HTTP deflate (compression) using libz 1.2.8
LogInit:  - other features:
LogInit:      CURL_VERSION_SSL
LogInit:      CURL_VERSION_LIBZ
LogInit:      CURL_VERSION_IPV6
LogInit:      CURL_VERSION_ASYNCHDNS
LogInit:      CURL_VERSION_LARGEFILE
LogInit:      CURL_VERSION_IDN
LogInit:  CurlRequestOptions (configurable via config and command line):
LogInit:  - bVerifyPeer = true  - Libcurl will verify peer certificate
LogInit:  - bUseHttpProxy = false  - Libcurl will NOT use HTTP proxy
LogInit:  - bDontReuseConnections = false  - Libcurl will reuse connections
LogInit:  - MaxHostConnections = 16  - Libcurl will limit the number of connections to a host
LogInit:  - LocalHostAddr = Default
LogInit:  - BufferSize = 65536
LogOnline: OSS: Creating online subsystem instance for: NULL
LogInit: WinSock: version 1.1 (2.2), MaxSocks=32767, MaxUdp=65467
LogInit: Build: ++UE4+Release-4.23-CL-9631420
LogInit: Engine Version: 4.23.1-9631420+++UE4+Release-4.23
LogInit: Compatible Engine Version: 4.23.0-8386587+++UE4+Release-4.23
LogInit: Net CL: 8386587
LogInit: OS: Windows 10 (Release 1903) (), CPU: Intel(R) Core(TM) i5-4460  CPU @ 3.20GHz, GPU: AMD Radeon R9 200 Series
LogInit: Compiled (64-bit): Oct 18 2019 02:07:44
LogInit: Compiled with Visual C++: 19.16.27030.01
LogInit: Build Configuration: Development
LogInit: Branch Name: ++UE4+Release-4.23
LogInit: Command Line: 
LogInit: Base Directory: E:/Unreal Engine/UE_4.23/Engine/Binaries/Win64/
LogInit: Installed Engine Build: 1
LogDevObjectVersion: Number of dev versions registered: 23
LogDevObjectVersion:   Dev-Blueprints (B0D832E4-1F89-4F0D-ACCF-7EB736FD4AA2): 10
LogDevObjectVersion:   Dev-Build (E1C64328-A22C-4D53-A36C-8E866417BD8C): 0
LogDevObjectVersion:   Dev-Core (375EC13C-06E4-48FB-B500-84F0262A717E): 3
LogDevObjectVersion:   Dev-Editor (E4B068ED-F494-42E9-A231-DA0B2E46BB41): 34
LogDevObjectVersion:   Dev-Framework (CFFC743F-43B0-4480-9391-14DF171D2073): 35
LogDevObjectVersion:   Dev-Mobile (B02B49B5-BB20-44E9-A304-32B752E40360): 2
LogDevObjectVersion:   Dev-Networking (A4E4105C-59A1-49B5-A7C5-40C4547EDFEE): 0
LogDevObjectVersion:   Dev-Online (39C831C9-5AE6-47DC-9A44-9C173E1C8E7C): 0
LogDevObjectVersion:   Dev-Physics (78F01B33-EBEA-4F98-B9B4-84EACCB95AA2): 0
LogDevObjectVersion:   Dev-Platform (6631380F-2D4D-43E0-8009-CF276956A95A): 0
LogDevObjectVersion:   Dev-Rendering (12F88B9F-8875-4AFC-A67C-D90C383ABD29): 31
LogDevObjectVersion:   Dev-Sequencer (7B5AE74C-D270-4C10-A958-57980B212A5A): 11
LogDevObjectVersion:   Dev-VR (D7296918-1DD6-4BDD-9DE2-64A83CC13884): 2
LogDevObjectVersion:   Dev-LoadTimes (C2A15278-BFE7-4AFE-6C17-90FF531DF755): 1
LogDevObjectVersion:   Private-Geometry (6EACA3D4-40EC-4CC1-B786-8BED09428FC5): 3
LogDevObjectVersion:   Dev-AnimPhys (29E575DD-E0A3-4627-9D10-D276232CDCEA): 17
LogDevObjectVersion:   Dev-Anim (AF43A65D-7FD3-4947-9873-3E8ED9C1BB05): 2
LogDevObjectVersion:   Dev-ReflectionCapture (6B266CEC-1EC7-4B8F-A30B-E4D90942FC07): 1
LogDevObjectVersion:   Dev-Automation (0DF73D61-A23F-47EA-B727-89E90C41499A): 1
LogDevObjectVersion:   FortniteMain (601D1886-AC64-4F84-AA16-D3DE0DEAC7D6): 27
LogDevObjectVersion:   Dev-Enterprise (9DFFBCD6-494F-0158-E221-12823C92A888): 6
LogDevObjectVersion:   Dev-Niagara (F2AED0AC-9AFE-416F-8664-AA7FFA26D6FC): 1
LogDevObjectVersion:   Dev-Destruction (174F1F0B-B4C6-45A5-B13F-2EE8D0FB917D): 9
LogInit: Presizing for max 16777216 objects, including 0 objects not considered by GC, pre-allocating 0 bytes for permanent pool.
LogInit: Object subsystem initialized
LogConfig: Setting CVar [[con.DebugEarlyDefault:1]]
LogConfig: Setting CVar [[r.setres:1280x720]]
[2020.05.01-13.47.03:193][  0]LogConfig: Setting CVar [[r.VSync:0]]
[2020.05.01-13.47.03:193][  0]LogConfig: Setting CVar [[r.RHICmdBypass:0]]
[2020.05.01-13.47.03:193][  0]LogConfig: Applying CVar settings from Section [/Script/Engine.RendererSettings] File [E:/Uni Stuff/Final Year Project/Games and Game Design Doc/GameSegments/Non-diegetic game segment/NonDiegetic/Saved/Config/Windows/Engine.ini]
[2020.05.01-13.47.03:193][  0]LogConfig: Setting CVar [[r.GPUCrashDebugging:0]]
[2020.05.01-13.47.03:193][  0]LogConfig: Applying CVar settings from Section [/Script/Engine.RendererOverrideSettings] File [E:/Uni Stuff/Final Year Project/Games and Game Design Doc/GameSegments/Non-diegetic game segment/NonDiegetic/Saved/Config/Windows/Engine.ini]
[2020.05.01-13.47.03:193][  0]LogConfig: Applying CVar settings from Section [/Script/Engine.StreamingSettings] File [E:/Uni Stuff/Final Year Project/Games and Game Design Doc/GameSegments/Non-diegetic game segment/NonDiegetic/Saved/Config/Windows/Engine.ini]
[2020.05.01-13.47.03:193][  0]LogConfig: Setting CVar [[s.MinBulkDataSizeForAsyncLoading:131072]]
[2020.05.01-13.47.03:193][  0]LogConfig: Setting CVar [[s.AsyncLoadingThreadEnabled:0]]
[2020.05.01-13.47.03:193][  0]LogConfig: Setting CVar [[s.EventDrivenLoaderEnabled:1]]
[2020.05.01-13.47.03:193][  0]LogConfig: Setting CVar [[s.WarnIfTimeLimitExceeded:0]]
[2020.05.01-13.47.03:193][  0]LogConfig: Setting CVar [[s.TimeLimitExceededMultiplier:1.5]]
[2020.05.01-13.47.03:193][  0]LogConfig: Setting CVar [[s.TimeLimitExceededMinTime:0.005]]
[2020.05.01-13.47.03:193][  0]LogConfig: Setting CVar [[s.UseBackgroundLevelStreaming:1]]
[2020.05.01-13.47.03:193][  0]LogConfig: Setting CVar [[s.PriorityAsyncLoadingExtraTime:15.0]]
[2020.05.01-13.47.03:193][  0]LogConfig: Setting CVar [[s.LevelStreamingActorsUpdateTimeLimit:5.0]]
[2020.05.01-13.47.03:193][  0]LogConfig: Setting CVar [[s.PriorityLevelStreamingActorsUpdateExtraTime:5.0]]
[2020.05.01-13.47.03:193][  0]LogConfig: Setting CVar [[s.LevelStreamingComponentsRegistrationGranularity:10]]
[2020.05.01-13.47.03:193][  0]LogConfig: Setting CVar [[s.UnregisterComponentsTimeLimit:1.0]]
[2020.05.01-13.47.03:193][  0]LogConfig: Setting CVar [[s.LevelStreamingComponentsUnregistrationGranularity:5]]
[2020.05.01-13.47.03:193][  0]LogConfig: Applying CVar settings from Section [/Script/Engine.GarbageCollectionSettings] File [E:/Uni Stuff/Final Year Project/Games and Game Design Doc/GameSegments/Non-diegetic game segment/NonDiegetic/Saved/Config/Windows/Engine.ini]
[2020.05.01-13.47.03:193][  0]LogConfig: Setting CVar [[gc.MaxObjectsNotConsideredByGC:1]]
[2020.05.01-13.47.03:193][  0]LogConfig: Setting CVar [[gc.SizeOfPermanentObjectPool:0]]
[2020.05.01-13.47.03:193][  0]LogConfig: Setting CVar [[gc.FlushStreamingOnGC:0]]
[2020.05.01-13.47.03:193][  0]LogConfig: Setting CVar [[gc.NumRetriesBeforeForcingGC:10]]
[2020.05.01-13.47.03:193][  0]LogConfig: Setting CVar [[gc.AllowParallelGC:1]]
[2020.05.01-13.47.03:193][  0]LogConfig: Setting CVar [[gc.TimeBetweenPurgingPendingKillObjects:61.1]]
[2020.05.01-13.47.03:193][  0]LogConfig: Setting CVar [[gc.MaxObjectsInEditor:16777216]]
[2020.05.01-13.47.03:193][  0]LogConfig: Setting CVar [[gc.IncrementalBeginDestroyEnabled:1]]
[2020.05.01-13.47.03:193][  0]LogConfig: Setting CVar [[gc.CreateGCClusters:1]]
[2020.05.01-13.47.03:193][  0]LogConfig: Setting CVar [[gc.MinGCClusterSize:5]]
[2020.05.01-13.47.03:193][  0]LogConfig: Setting CVar [[gc.ActorClusteringEnabled:0]]
[2020.05.01-13.47.03:193][  0]LogConfig: Setting CVar [[gc.BlueprintClusteringEnabled:0]]
[2020.05.01-13.47.03:193][  0]LogConfig: Setting CVar [[gc.UseDisregardForGCOnDedicatedServers:0]]
[2020.05.01-13.47.03:193][  0]LogConfig: Applying CVar settings from Section [/Script/Engine.NetworkSettings] File [E:/Uni Stuff/Final Year Project/Games and Game Design Doc/GameSegments/Non-diegetic game segment/NonDiegetic/Saved/Config/Windows/Engine.ini]
[2020.05.01-13.47.03:193][  0]LogConfig: Applying CVar settings from Section [/Script/UnrealEd.CookerSettings] File [E:/Uni Stuff/Final Year Project/Games and Game Design Doc/GameSegments/Non-diegetic game segment/NonDiegetic/Saved/Config/Windows/Engine.ini]
[2020.05.01-13.47.03:199][  0]LogConfig: Applying CVar settings from Section [ViewDistanceQuality@3] File [E:/Uni Stuff/Final Year Project/Games and Game Design Doc/GameSegments/Non-diegetic game segment/NonDiegetic/Saved/Config/Windows/Scalability.ini]
[2020.05.01-13.47.03:199][  0]LogConfig: Setting CVar [[r.SkeletalMeshLODBias:0]]
[2020.05.01-13.47.03:199][  0]LogConfig: Setting CVar [[r.ViewDistanceScale:1.0]]
[2020.05.01-13.47.03:199][  0]LogConfig: Applying CVar settings from Section [AntiAliasingQuality@3] File [E:/Uni Stuff/Final Year Project/Games and Game Design Doc/GameSegments/Non-diegetic game segment/NonDiegetic/Saved/Config/Windows/Scalability.ini]
[2020.05.01-13.47.03:199][  0]LogConfig: Setting CVar [[r.PostProcessAAQuality:4]]
[2020.05.01-13.47.03:199][  0]LogConfig: Applying CVar settings from Section [ShadowQuality@3] File [E:/Uni Stuff/Final Year Project/Games and Game Design Doc/GameSegments/Non-diegetic game segment/NonDiegetic/Saved/Config/Windows/Scalability.ini]
[2020.05.01-13.47.03:199][  0]LogConfig: Setting CVar [[r.LightFunctionQuality:1]]
[2020.05.01-13.47.03:199][  0]LogConfig: Setting CVar [[r.ShadowQuality:5]]
[2020.05.01-13.47.03:199][  0]LogConfig: Setting CVar [[r.Shadow.CSM.MaxCascades:10]]
[2020.05.01-13.47.03:199][  0]LogConfig: Setting CVar [[r.Shadow.MaxResolution:2048]]
[2020.05.01-13.47.03:199][  0]LogConfig: Setting CVar [[r.Shadow.MaxCSMResolution:2048]]
[2020.05.01-13.47.03:199][  0]LogConfig: Setting CVar [[r.Shadow.RadiusThreshold:0.01]]
[2020.05.01-13.47.03:199][  0]LogConfig: Setting CVar [[r.Shadow.DistanceScale:1.0]]
[2020.05.01-13.47.03:199][  0]LogConfig: Setting CVar [[r.Shadow.CSM.TransitionScale:1.0]]
[2020.05.01-13.47.03:199][  0]LogConfig: Setting CVar [[r.Shadow.PreShadowResolutionFactor:1.0]]
[2020.05.01-13.47.03:199][  0]LogConfig: Setting CVar [[r.DistanceFieldShadowing:1]]
[2020.05.01-13.47.03:199][  0]LogConfig: Setting CVar [[r.DistanceFieldAO:1]]
[2020.05.01-13.47.03:199][  0]LogConfig: Setting CVar [[r.AOQuality:2]]
[2020.05.01-13.47.03:199][  0]LogConfig: Setting CVar [[r.VolumetricFog:1]]
[2020.05.01-13.47.03:199][  0]LogConfig: Setting CVar [[r.VolumetricFog.GridPixelSize:8]]
[2020.05.01-13.47.03:199][  0]LogConfig: Setting CVar [[r.VolumetricFog.GridSizeZ:128]]
[2020.05.01-13.47.03:199][  0]LogConfig: Setting CVar [[r.VolumetricFog.HistoryMissSupersampleCount:4]]
[2020.05.01-13.47.03:199][  0]LogConfig: Setting CVar [[r.LightMaxDrawDistanceScale:1]]
[2020.05.01-13.47.03:199][  0]LogConfig: Setting CVar [[r.CapsuleShadows:1]]
[2020.05.01-13.47.03:199][  0]LogConfig: Applying CVar settings from Section [PostProcessQuality@3] File [E:/Uni Stuff/Final Year Project/Games and Game Design Doc/GameSegments/Non-diegetic game segment/NonDiegetic/Saved/Config/Windows/Scalability.ini]
[2020.05.01-13.47.03:199][  0]LogConfig: Setting CVar [[r.MotionBlurQuality:4]]
[2020.05.01-13.47.03:199][  0]LogConfig: Setting CVar [[r.AmbientOcclusionMipLevelFactor:0.4]]
[2020.05.01-13.47.03:199][  0]LogConfig: Setting CVar [[r.AmbientOcclusionMaxQuality:100]]
[2020.05.01-13.47.03:199][  0]LogConfig: Setting CVar [[r.AmbientOcclusionLevels:-1]]
[2020.05.01-13.47.03:199][  0]LogConfig: Setting CVar [[r.AmbientOcclusionRadiusScale:1.0]]
[2020.05.01-13.47.03:199][  0]LogConfig: Setting CVar [[r.DepthOfFieldQuality:2]]
[2020.05.01-13.47.03:199][  0]LogConfig: Setting CVar [[r.RenderTargetPoolMin:400]]
[2020.05.01-13.47.03:199][  0]LogConfig: Setting CVar [[r.LensFlareQuality:2]]
[2020.05.01-13.47.03:199][  0]LogConfig: Setting CVar [[r.SceneColorFringeQuality:1]]
[2020.05.01-13.47.03:199][  0]LogConfig: Setting CVar [[r.EyeAdaptationQuality:2]]
[2020.05.01-13.47.03:200][  0]LogConfig: Setting CVar [[r.BloomQuality:5]]
[2020.05.01-13.47.03:200][  0]LogConfig: Setting CVar [[r.FastBlurThreshold:100]]
[2020.05.01-13.47.03:200][  0]LogConfig: Setting CVar [[r.Upscale.Quality:3]]
[2020.05.01-13.47.03:200][  0]LogConfig: Setting CVar [[r.Tonemapper.GrainQuantization:1]]
[2020.05.01-13.47.03:200][  0]LogConfig: Setting CVar [[r.LightShaftQuality:1]]
[2020.05.01-13.47.03:200][  0]LogConfig: Setting CVar [[r.Filter.SizeScale:1]]
[2020.05.01-13.47.03:200][  0]LogConfig: Setting CVar [[r.Tonemapper.Quality:5]]
[2020.05.01-13.47.03:200][  0]LogConfig: Setting CVar [[r.DOF.Gather.AccumulatorQuality:1        ; higher gathering accumulator quality]]
[2020.05.01-13.47.03:200][  0]LogConfig: Setting CVar [[r.DOF.Gather.PostfilterMethod:1          ; Median3x3 postfilering method]]
[2020.05.01-13.47.03:200][  0]LogConfig: Setting CVar [[r.DOF.Gather.EnableBokehSettings:0       ; no bokeh simulation when gathering]]
[2020.05.01-13.47.03:200][  0]LogConfig: Setting CVar [[r.DOF.Gather.RingCount:4                 ; medium number of samples when gathering]]
[2020.05.01-13.47.03:200][  0]LogConfig: Setting CVar [[r.DOF.Scatter.ForegroundCompositing:1    ; additive foreground scattering]]
[2020.05.01-13.47.03:200][  0]LogConfig: Setting CVar [[r.DOF.Scatter.BackgroundCompositing:2    ; additive background scattering]]
[2020.05.01-13.47.03:200][  0]LogConfig: Setting CVar [[r.DOF.Scatter.EnableBokehSettings:1      ; bokeh simulation when scattering]]
[2020.05.01-13.47.03:200][  0]LogConfig: Setting CVar [[r.DOF.Scatter.MaxSpriteRatio:0.1         ; only a maximum of 10% of scattered bokeh]]
[2020.05.01-13.47.03:200][  0]LogConfig: Setting CVar [[r.DOF.Recombine.Quality:1                ; cheap slight out of focus]]
[2020.05.01-13.47.03:200][  0]LogConfig: Setting CVar [[r.DOF.Recombine.EnableBokehSettings:0    ; no bokeh simulation on slight out of focus]]
[2020.05.01-13.47.03:200][  0]LogConfig: Setting CVar [[r.DOF.TemporalAAQuality:1                ; more stable temporal accumulation]]
[2020.05.01-13.47.03:200][  0]LogConfig: Setting CVar [[r.DOF.Kernel.MaxForegroundRadius:0.025]]
[2020.05.01-13.47.03:200][  0]LogConfig: Setting CVar [[r.DOF.Kernel.MaxBackgroundRadius:0.025]]
[2020.05.01-13.47.03:200][  0]LogConfig: Applying CVar settings from Section [TextureQuality@3] File [E:/Uni Stuff/Final Year Project/Games and Game Design Doc/GameSegments/Non-diegetic game segment/NonDiegetic/Saved/Config/Windows/Scalability.ini]
[2020.05.01-13.47.03:200][  0]LogConfig: Setting CVar [[r.Streaming.MipBias:0]]
[2020.05.01-13.47.03:200][  0]LogConfig: Setting CVar [[r.Streaming.AmortizeCPUToGPUCopy:0]]
[2020.05.01-13.47.03:200][  0]LogConfig: Setting CVar [[r.Streaming.MaxNumTexturesToStreamPerFrame:0]]
[2020.05.01-13.47.03:200][  0]LogConfig: Setting CVar [[r.Streaming.Boost:1]]
[2020.05.01-13.47.03:200][  0]LogConfig: Setting CVar [[r.MaxAnisotropy:8]]
[2020.05.01-13.47.03:200][  0]LogConfig: Setting CVar [[r.Streaming.LimitPoolSizeToVRAM:0]]
[2020.05.01-13.47.03:200][  0]LogConfig: Setting CVar [[r.Streaming.PoolSize:1000]]
[2020.05.01-13.47.03:200][  0]LogConfig: Setting CVar [[r.Streaming.MaxEffectiveScreenSize:0]]
[2020.05.01-13.47.03:200][  0]LogConfig: Applying CVar settings from Section [EffectsQuality@3] File [E:/Uni Stuff/Final Year Project/Games and Game Design Doc/GameSegments/Non-diegetic game segment/NonDiegetic/Saved/Config/Windows/Scalability.ini]
[2020.05.01-13.47.03:200][  0]LogConfig: Setting CVar [[r.TranslucencyLightingVolumeDim:64]]
[2020.05.01-13.47.03:200][  0]LogConfig: Setting CVar [[r.RefractionQuality:2]]
[2020.05.01-13.47.03:200][  0]LogConfig: Setting CVar [[r.SSR.Quality:3]]
[2020.05.01-13.47.03:200][  0]LogConfig: Setting CVar [[r.SceneColorFormat:4]]
[2020.05.01-13.47.03:200][  0]LogConfig: Setting CVar [[r.DetailMode:2]]
[2020.05.01-13.47.03:200][  0]LogConfig: Setting CVar [[r.TranslucencyVolumeBlur:1]]
[2020.05.01-13.47.03:200][  0]LogConfig: Setting CVar [[r.MaterialQualityLevel:1 ; High quality]]
[2020.05.01-13.47.03:200][  0]LogConfig: Setting CVar [[r.SSS.Scale:1]]
[2020.05.01-13.47.03:200][  0]LogConfig: Setting CVar [[r.SSS.SampleSet:2]]
[2020.05.01-13.47.03:200][  0]LogConfig: Setting CVar [[r.SSS.Quality:1]]
[2020.05.01-13.47.03:200][  0]LogConfig: Setting CVar [[r.SSS.HalfRes:1]]
[2020.05.01-13.47.03:200][  0]LogConfig: Setting CVar [[r.EmitterSpawnRateScale:1.0]]
[2020.05.01-13.47.03:200][  0]LogConfig: Setting CVar [[r.ParticleLightQuality:2]]
[2020.05.01-13.47.03:200][  0]LogConfig: Applying CVar settings from Section [FoliageQuality@3] File [E:/Uni Stuff/Final Year Project/Games and Game Design Doc/GameSegments/Non-diegetic game segment/NonDiegetic/Saved/Config/Windows/Scalability.ini]
[2020.05.01-13.47.03:200][  0]LogConfig: Setting CVar [[foliage.DensityScale:1.0]]
[2020.05.01-13.47.03:200][  0]LogConfig: Setting CVar [[grass.DensityScale:1.0]]
[2020.05.01-13.47.03:200][  0]LogInit: Selected Device Profile: [Windows]
[2020.05.01-13.47.03:200][  0]LogInit: Applying CVar settings loaded from the selected device profile: [Windows]
[2020.05.01-13.47.03:206][  0]LogHAL: Display: Platform has ~ 8 GB [8481812480 / 8589934592 / 8], which maps to Default [LargestMinGB=32, LargerMinGB=12, DefaultMinGB=8, SmallerMinGB=6, SmallestMinGB=0)
[2020.05.01-13.47.03:206][  0]LogInit: Going up to parent DeviceProfile []
[2020.05.01-13.47.03:206][  0]LogConfig: Applying CVar settings from Section [ViewDistanceQuality@3] File [E:/Uni Stuff/Final Year Project/Games and Game Design Doc/GameSegments/Non-diegetic game segment/NonDiegetic/Saved/Config/Windows/Scalability.ini]
[2020.05.01-13.47.03:206][  0]LogConfig: Setting CVar [[r.SkeletalMeshLODBias:0]]
[2020.05.01-13.47.03:206][  0]LogConfig: Setting CVar [[r.ViewDistanceScale:1.0]]
[2020.05.01-13.47.03:206][  0]LogConfig: Applying CVar settings from Section [AntiAliasingQuality@3] File [E:/Uni Stuff/Final Year Project/Games and Game Design Doc/GameSegments/Non-diegetic game segment/NonDiegetic/Saved/Config/Windows/Scalability.ini]
[2020.05.01-13.47.03:206][  0]LogConfig: Setting CVar [[r.PostProcessAAQuality:4]]
[2020.05.01-13.47.03:206][  0]LogConfig: Applying CVar settings from Section [ShadowQuality@3] File [E:/Uni Stuff/Final Year Project/Games and Game Design Doc/GameSegments/Non-diegetic game segment/NonDiegetic/Saved/Config/Windows/Scalability.ini]
[2020.05.01-13.47.03:206][  0]LogConfig: Setting CVar [[r.LightFunctionQuality:1]]
[2020.05.01-13.47.03:206][  0]LogConfig: Setting CVar [[r.ShadowQuality:5]]
[2020.05.01-13.47.03:206][  0]LogConfig: Setting CVar [[r.Shadow.CSM.MaxCascades:10]]
[2020.05.01-13.47.03:206][  0]LogConfig: Setting CVar [[r.Shadow.MaxResolution:2048]]
[2020.05.01-13.47.03:206][  0]LogConfig: Setting CVar [[r.Shadow.MaxCSMResolution:2048]]
[2020.05.01-13.47.03:207][  0]LogConfig: Setting CVar [[r.Shadow.RadiusThreshold:0.01]]
[2020.05.01-13.47.03:207][  0]LogConfig: Setting CVar [[r.Shadow.DistanceScale:1.0]]
[2020.05.01-13.47.03:207][  0]LogConfig: Setting CVar [[r.Shadow.CSM.TransitionScale:1.0]]
[2020.05.01-13.47.03:207][  0]LogConfig: Setting CVar [[r.Shadow.PreShadowResolutionFactor:1.0]]
[2020.05.01-13.47.03:207][  0]LogConfig: Setting CVar [[r.DistanceFieldShadowing:1]]
[2020.05.01-13.47.03:207][  0]LogConfig: Setting CVar [[r.DistanceFieldAO:1]]
[2020.05.01-13.47.03:207][  0]LogConfig: Setting CVar [[r.AOQuality:2]]
[2020.05.01-13.47.03:207][  0]LogConfig: Setting CVar [[r.VolumetricFog:1]]
[2020.05.01-13.47.03:207][  0]LogConfig: Setting CVar [[r.VolumetricFog.GridPixelSize:8]]
[2020.05.01-13.47.03:207][  0]LogConfig: Setting CVar [[r.VolumetricFog.GridSizeZ:128]]
[2020.05.01-13.47.03:207][  0]LogConfig: Setting CVar [[r.VolumetricFog.HistoryMissSupersampleCount:4]]
[2020.05.01-13.47.03:207][  0]LogConfig: Setting CVar [[r.LightMaxDrawDistanceScale:1]]
[2020.05.01-13.47.03:207][  0]LogConfig: Setting CVar [[r.CapsuleShadows:1]]
[2020.05.01-13.47.03:207][  0]LogConfig: Applying CVar settings from Section [PostProcessQuality@3] File [E:/Uni Stuff/Final Year Project/Games and Game Design Doc/GameSegments/Non-diegetic game segment/NonDiegetic/Saved/Config/Windows/Scalability.ini]
[2020.05.01-13.47.03:207][  0]LogConfig: Setting CVar [[r.MotionBlurQuality:4]]
[2020.05.01-13.47.03:207][  0]LogConfig: Setting CVar [[r.AmbientOcclusionMipLevelFactor:0.4]]
[2020.05.01-13.47.03:207][  0]LogConfig: Setting CVar [[r.AmbientOcclusionMaxQuality:100]]
[2020.05.01-13.47.03:207][  0]LogConfig: Setting CVar [[r.AmbientOcclusionLevels:-1]]
[2020.05.01-13.47.03:207][  0]LogConfig: Setting CVar [[r.AmbientOcclusionRadiusScale:1.0]]
[2020.05.01-13.47.03:207][  0]LogConfig: Setting CVar [[r.DepthOfFieldQuality:2]]
[2020.05.01-13.47.03:207][  0]LogConfig: Setting CVar [[r.RenderTargetPoolMin:400]]
[2020.05.01-13.47.03:207][  0]LogConfig: Setting CVar [[r.LensFlareQuality:2]]
[2020.05.01-13.47.03:207][  0]LogConfig: Setting CVar [[r.SceneColorFringeQuality:1]]
[2020.05.01-13.47.03:207][  0]LogConfig: Setting CVar [[r.EyeAdaptationQuality:2]]
[2020.05.01-13.47.03:207][  0]LogConfig: Setting CVar [[r.BloomQuality:5]]
[2020.05.01-13.47.03:207][  0]LogConfig: Setting CVar [[r.FastBlurThreshold:100]]
[2020.05.01-13.47.03:207][  0]LogConfig: Setting CVar [[r.Upscale.Quality:3]]
[2020.05.01-13.47.03:207][  0]LogConfig: Setting CVar [[r.Tonemapper.GrainQuantization:1]]
[2020.05.01-13.47.03:207][  0]LogConfig: Setting CVar [[r.LightShaftQuality:1]]
[2020.05.01-13.47.03:207][  0]LogConfig: Setting CVar [[r.Filter.SizeScale:1]]
[2020.05.01-13.47.03:207][  0]LogConfig: Setting CVar [[r.Tonemapper.Quality:5]]
[2020.05.01-13.47.03:207][  0]LogConfig: Setting CVar [[r.DOF.Gather.AccumulatorQuality:1        ; higher gathering accumulator quality]]
[2020.05.01-13.47.03:207][  0]LogConfig: Setting CVar [[r.DOF.Gather.PostfilterMethod:1          ; Median3x3 postfilering method]]
[2020.05.01-13.47.03:207][  0]LogConfig: Setting CVar [[r.DOF.Gather.EnableBokehSettings:0       ; no bokeh simulation when gathering]]
[2020.05.01-13.47.03:207][  0]LogConfig: Setting CVar [[r.DOF.Gather.RingCount:4                 ; medium number of samples when gathering]]
[2020.05.01-13.47.03:207][  0]LogConfig: Setting CVar [[r.DOF.Scatter.ForegroundCompositing:1    ; additive foreground scattering]]
[2020.05.01-13.47.03:207][  0]LogConfig: Setting CVar [[r.DOF.Scatter.BackgroundCompositing:2    ; additive background scattering]]
[2020.05.01-13.47.03:207][  0]LogConfig: Setting CVar [[r.DOF.Scatter.EnableBokehSettings:1      ; bokeh simulation when scattering]]
[2020.05.01-13.47.03:207][  0]LogConfig: Setting CVar [[r.DOF.Scatter.MaxSpriteRatio:0.1         ; only a maximum of 10% of scattered bokeh]]
[2020.05.01-13.47.03:207][  0]LogConfig: Setting CVar [[r.DOF.Recombine.Quality:1                ; cheap slight out of focus]]
[2020.05.01-13.47.03:207][  0]LogConfig: Setting CVar [[r.DOF.Recombine.EnableBokehSettings:0    ; no bokeh simulation on slight out of focus]]
[2020.05.01-13.47.03:207][  0]LogConfig: Setting CVar [[r.DOF.TemporalAAQuality:1                ; more stable temporal accumulation]]
[2020.05.01-13.47.03:207][  0]LogConfig: Setting CVar [[r.DOF.Kernel.MaxForegroundRadius:0.025]]
[2020.05.01-13.47.03:207][  0]LogConfig: Setting CVar [[r.DOF.Kernel.MaxBackgroundRadius:0.025]]
[2020.05.01-13.47.03:207][  0]LogConfig: Applying CVar settings from Section [TextureQuality@3] File [E:/Uni Stuff/Final Year Project/Games and Game Design Doc/GameSegments/Non-diegetic game segment/NonDiegetic/Saved/Config/Windows/Scalability.ini]
[2020.05.01-13.47.03:207][  0]LogConfig: Setting CVar [[r.Streaming.MipBias:0]]
[2020.05.01-13.47.03:207][  0]LogConfig: Setting CVar [[r.Streaming.AmortizeCPUToGPUCopy:0]]
[2020.05.01-13.47.03:207][  0]LogConfig: Setting CVar [[r.Streaming.MaxNumTexturesToStreamPerFrame:0]]
[2020.05.01-13.47.03:207][  0]LogConfig: Setting CVar [[r.Streaming.Boost:1]]
[2020.05.01-13.47.03:207][  0]LogConfig: Setting CVar [[r.MaxAnisotropy:8]]
[2020.05.01-13.47.03:207][  0]LogConfig: Setting CVar [[r.Streaming.LimitPoolSizeToVRAM:0]]
[2020.05.01-13.47.03:207][  0]LogConfig: Setting CVar [[r.Streaming.PoolSize:1000]]
[2020.05.01-13.47.03:207][  0]LogConfig: Setting CVar [[r.Streaming.MaxEffectiveScreenSize:0]]
[2020.05.01-13.47.03:207][  0]LogConfig: Applying CVar settings from Section [EffectsQuality@3] File [E:/Uni Stuff/Final Year Project/Games and Game Design Doc/GameSegments/Non-diegetic game segment/NonDiegetic/Saved/Config/Windows/Scalability.ini]
[2020.05.01-13.47.03:207][  0]LogConfig: Setting CVar [[r.TranslucencyLightingVolumeDim:64]]
[2020.05.01-13.47.03:207][  0]LogConfig: Setting CVar [[r.RefractionQuality:2]]
[2020.05.01-13.47.03:207][  0]LogConfig: Setting CVar [[r.SSR.Quality:3]]
[2020.05.01-13.47.03:207][  0]LogConfig: Setting CVar [[r.SceneColorFormat:4]]
[2020.05.01-13.47.03:207][  0]LogConfig: Setting CVar [[r.DetailMode:2]]
[2020.05.01-13.47.03:207][  0]LogConfig: Setting CVar [[r.TranslucencyVolumeBlur:1]]
[2020.05.01-13.47.03:207][  0]LogConfig: Setting CVar [[r.MaterialQualityLevel:1 ; High quality]]
[2020.05.01-13.47.03:207][  0]LogConfig: Setting CVar [[r.SSS.Scale:1]]
[2020.05.01-13.47.03:207][  0]LogConfig: Setting CVar [[r.SSS.SampleSet:2]]
[2020.05.01-13.47.03:207][  0]LogConfig: Setting CVar [[r.SSS.Quality:1]]
[2020.05.01-13.47.03:207][  0]LogConfig: Setting CVar [[r.SSS.HalfRes:1]]
[2020.05.01-13.47.03:207][  0]LogConfig: Setting CVar [[r.EmitterSpawnRateScale:1.0]]
[2020.05.01-13.47.03:207][  0]LogConfig: Setting CVar [[r.ParticleLightQuality:2]]
[2020.05.01-13.47.03:207][  0]LogConfig: Applying CVar settings from Section [FoliageQuality@3] File [E:/Uni Stuff/Final Year Project/Games and Game Design Doc/GameSegments/Non-diegetic game segment/NonDiegetic/Saved/Config/Windows/Scalability.ini]
[2020.05.01-13.47.03:207][  0]LogConfig: Setting CVar [[foliage.DensityScale:1.0]]
[2020.05.01-13.47.03:207][  0]LogConfig: Setting CVar [[grass.DensityScale:1.0]]
[2020.05.01-13.47.03:207][  0]LogConfig: Applying CVar settings from Section [Startup] File [../../../Engine/Config/ConsoleVariables.ini]
[2020.05.01-13.47.03:208][  0]LogConfig: Setting CVar [[net.UseAdaptiveNetUpdateFrequency:0]]
[2020.05.01-13.47.03:208][  0]LogConfig: Setting CVar [[p.chaos.AllowCreatePhysxBodies:1]]
[2020.05.01-13.47.03:208][  0]LogConfig: Applying CVar settings from Section [ConsoleVariables] File [E:/Uni Stuff/Final Year Project/Games and Game Design Doc/GameSegments/Non-diegetic game segment/NonDiegetic/Saved/Config/Windows/Engine.ini]
[2020.05.01-13.47.03:208][  0]LogInit: Computer: NATHAN-PC
[2020.05.01-13.47.03:208][  0]LogInit: User: Nathan
[2020.05.01-13.47.03:208][  0]LogInit: CPU Page size=4096, Cores=4
[2020.05.01-13.47.03:208][  0]LogInit: High frequency timer resolution =10.000000 MHz
[2020.05.01-13.47.03:208][  0]LogMemory: Memory total: Physical=7.9GB (8GB approx)
[2020.05.01-13.47.03:208][  0]LogMemory: Platform Memory Stats for Windows
[2020.05.01-13.47.03:208][  0]LogMemory: Process Physical Memory: 101.07 MB used, 101.07 MB peak
[2020.05.01-13.47.03:208][  0]LogMemory: Process Virtual Memory: 104.28 MB used, 104.28 MB peak
[2020.05.01-13.47.03:208][  0]LogMemory: Physical Memory: 6158.78 MB used,  1930.11 MB free, 8088.89 MB total
[2020.05.01-13.47.03:208][  0]LogMemory: Virtual Memory: 4659.58 MB used,  134213072.00 MB free, 134217728.00 MB total
[2020.05.01-13.47.03:213][  0]LogWindows: WindowsPlatformFeatures enabled
[2020.05.01-13.47.03:241][  0]LogInit: Using OS detected language (en-GB).
[2020.05.01-13.47.03:242][  0]LogInit: Using OS detected locale (en-GB).
[2020.05.01-13.47.03:242][  0]LogTextLocalizationManager: No specific localization for 'en-GB' exists, so the 'en' localization will be used.
[2020.05.01-13.47.03:448][  0]LogInit: Setting process to per monitor DPI aware
[2020.05.01-13.47.03:493][  0]LogSlate: New Slate User Created.  User Index 0, Is Virtual User: 0
[2020.05.01-13.47.03:493][  0]LogSlate: Slate User Registered.  User Index 0, Is Virtual User: 0
[2020.05.01-13.47.03:680][  0]LogHMD: Failed to initialize OpenVR with code 110
[2020.05.01-13.47.03:680][  0]LogD3D11RHI: D3D11 adapters:
[2020.05.01-13.47.03:700][  0]LogD3D11RHI:    0. 'AMD Radeon R9 200 Series' (Feature Level 11_0)
[2020.05.01-13.47.03:700][  0]LogD3D11RHI:       2028/0/4044 MB DedicatedVideo/DedicatedSystem/SharedSystem, Outputs:1, VendorId:0x1002
[2020.05.01-13.47.03:708][  0]LogD3D11RHI:    1. 'Intel(R) HD Graphics 4600' (Feature Level 11_0)
[2020.05.01-13.47.03:708][  0]LogD3D11RHI:       112/0/2048 MB DedicatedVideo/DedicatedSystem/SharedSystem, Outputs:0, VendorId:0x8086
[2020.05.01-13.47.03:710][  0]LogD3D11RHI:    2. 'Microsoft Basic Render Driver' (Feature Level 11_0)
[2020.05.01-13.47.03:710][  0]LogD3D11RHI:       0/0/4044 MB DedicatedVideo/DedicatedSystem/SharedSystem, Outputs:0, VendorId:0x1414
[2020.05.01-13.47.03:710][  0]LogD3D11RHI: Chosen D3D11 Adapter: 0
[2020.05.01-13.47.03:716][  0]LogD3D11RHI: Creating new Direct3DDevice
[2020.05.01-13.47.03:716][  0]LogD3D11RHI:     GPU DeviceId: 0x6810 (for the marketing name, search the web for "GPU Device Id")
[2020.05.01-13.47.03:716][  0]LogWindows: EnumDisplayDevices:
[2020.05.01-13.47.03:717][  0]LogWindows:    0. 'AMD Radeon R9 200 Series' (P:1 D:1)
[2020.05.01-13.47.03:717][  0]LogWindows:    1. 'AMD Radeon R9 200 Series' (P:0 D:0)
[2020.05.01-13.47.03:718][  0]LogWindows:    2. 'AMD Radeon R9 200 Series' (P:0 D:0)
[2020.05.01-13.47.03:719][  0]LogWindows:    3. 'AMD Radeon R9 200 Series' (P:0 D:0)
[2020.05.01-13.47.03:720][  0]LogWindows:    4. 'AMD Radeon R9 200 Series' (P:0 D:0)
[2020.05.01-13.47.03:721][  0]LogWindows:    5. 'AMD Radeon R9 200 Series' (P:0 D:0)
[2020.05.01-13.47.03:721][  0]LogWindows:    6. 'AMD Radeon R9 200 Series' (P:0 D:0)
[2020.05.01-13.47.03:722][  0]LogWindows:    7. 'AMD Radeon R9 200 Series' (P:0 D:0)
[2020.05.01-13.47.03:723][  0]LogWindows:    8. 'Intel(R) HD Graphics 4600' (P:0 D:0)
[2020.05.01-13.47.03:723][  0]LogWindows:    9. 'Intel(R) HD Graphics 4600' (P:0 D:0)
[2020.05.01-13.47.03:724][  0]LogWindows:    10. 'Intel(R) HD Graphics 4600' (P:0 D:0)
[2020.05.01-13.47.03:724][  0]LogWindows: DebugString: PrimaryIsNotTheChoosenAdapter PrimaryIsNotTheChoosenAdapter PrimaryIsNotTheChoosenAdapter FoundDriverCount:8 
[2020.05.01-13.47.03:724][  0]LogD3D11RHI:     Adapter Name: AMD Radeon R9 200 Series
[2020.05.01-13.47.03:724][  0]LogD3D11RHI:   Driver Version: Adrenalin 19.20 (internal:26.20.12028.2, unified:26.20.12028.2)
[2020.05.01-13.47.03:724][  0]LogD3D11RHI:      Driver Date: 8-16-2019
[2020.05.01-13.47.03:724][  0]LogRHI: Texture pool is 1419 MB (70% of 2028 MB)
[2020.05.01-13.47.03:898][  0]LogD3D11RHI: Async texture creation enabled
[2020.05.01-13.47.03:910][  0]LogD3D11RHI: GPU Timing Frequency: 27.000000 (Debug: 2 1)
[2020.05.01-13.47.04:258][  0]LogTemp: Display: Module 'AllDesktopTargetPlatform' loaded TargetPlatform 'AllDesktop'
[2020.05.01-13.47.04:270][  0]LogTemp: Display: Module 'MacClientTargetPlatform' loaded TargetPlatform 'MacClient'
[2020.05.01-13.47.04:281][  0]LogTemp: Display: Module 'MacNoEditorTargetPlatform' loaded TargetPlatform 'MacNoEditor'
[2020.05.01-13.47.04:292][  0]LogTemp: Display: Module 'MacServerTargetPlatform' loaded TargetPlatform 'MacServer'
[2020.05.01-13.47.04:304][  0]LogTemp: Display: Module 'MacTargetPlatform' loaded TargetPlatform 'Mac'
[2020.05.01-13.47.04:316][  0]LogTemp: Display: Module 'WindowsClientTargetPlatform' loaded TargetPlatform 'WindowsClient'
[2020.05.01-13.47.04:328][  0]LogTemp: Display: Module 'WindowsNoEditorTargetPlatform' loaded TargetPlatform 'WindowsNoEditor'
[2020.05.01-13.47.04:340][  0]LogTemp: Display: Module 'WindowsServerTargetPlatform' loaded TargetPlatform 'WindowsServer'
[2020.05.01-13.47.04:346][  0]LogTemp: Display: Module 'WindowsTargetPlatform' loaded TargetPlatform 'Windows'
[2020.05.01-13.47.04:384][  0]LogTemp: Display: Module 'AndroidTargetPlatform' loaded TargetPlatform 'Android'
[2020.05.01-13.47.04:384][  0]LogTemp: Display: Module 'AndroidTargetPlatform' loaded TargetPlatform 'Android_ASTC'
[2020.05.01-13.47.04:384][  0]LogTemp: Display: Module 'AndroidTargetPlatform' loaded TargetPlatform 'Android_ATC'
[2020.05.01-13.47.04:384][  0]LogTemp: Display: Module 'AndroidTargetPlatform' loaded TargetPlatform 'Android_DXT'
[2020.05.01-13.47.04:384][  0]LogTemp: Display: Module 'AndroidTargetPlatform' loaded TargetPlatform 'Android_ETC1'
[2020.05.01-13.47.04:384][  0]LogTemp: Display: Module 'AndroidTargetPlatform' loaded TargetPlatform 'Android_ETC1a'
[2020.05.01-13.47.04:384][  0]LogTemp: Display: Module 'AndroidTargetPlatform' loaded TargetPlatform 'Android_ETC2'
[2020.05.01-13.47.04:384][  0]LogTemp: Display: Module 'AndroidTargetPlatform' loaded TargetPlatform 'Android_PVRTC'
[2020.05.01-13.47.04:384][  0]LogTemp: Display: Module 'AndroidTargetPlatform' loaded TargetPlatform 'AndroidClient'
[2020.05.01-13.47.04:384][  0]LogTemp: Display: Module 'AndroidTargetPlatform' loaded TargetPlatform 'Android_ASTCClient'
[2020.05.01-13.47.04:384][  0]LogTemp: Display: Module 'AndroidTargetPlatform' loaded TargetPlatform 'Android_ATCClient'
[2020.05.01-13.47.04:384][  0]LogTemp: Display: Module 'AndroidTargetPlatform' loaded TargetPlatform 'Android_DXTClient'
[2020.05.01-13.47.04:384][  0]LogTemp: Display: Module 'AndroidTargetPlatform' loaded TargetPlatform 'Android_ETC1Client'
[2020.05.01-13.47.04:384][  0]LogTemp: Display: Module 'AndroidTargetPlatform' loaded TargetPlatform 'Android_ETC1aClient'
[2020.05.01-13.47.04:384][  0]LogTemp: Display: Module 'AndroidTargetPlatform' loaded TargetPlatform 'Android_ETC2Client'
[2020.05.01-13.47.04:384][  0]LogTemp: Display: Module 'AndroidTargetPlatform' loaded TargetPlatform 'Android_PVRTCClient'
[2020.05.01-13.47.04:384][  0]LogTemp: Display: Module 'AndroidTargetPlatform' loaded TargetPlatform 'Android_Multi'
[2020.05.01-13.47.04:384][  0]LogTemp: Display: Module 'AndroidTargetPlatform' loaded TargetPlatform 'Android_MultiClient'
[2020.05.01-13.47.04:386][  0]LogTemp: Display: Module 'HTML5TargetPlatform' loaded TargetPlatform 'HTML5'
[2020.05.01-13.47.04:409][  0]LogTemp: Display: Module 'IOSTargetPlatform' loaded TargetPlatform 'IOSClient'
[2020.05.01-13.47.04:409][  0]LogTemp: Display: Module 'IOSTargetPlatform' loaded TargetPlatform 'IOS'
[2020.05.01-13.47.04:426][  0]LogTemp: Display: Module 'TVOSTargetPlatform' loaded TargetPlatform 'TVOSClient'
[2020.05.01-13.47.04:426][  0]LogTemp: Display: Module 'TVOSTargetPlatform' loaded TargetPlatform 'TVOS'
[2020.05.01-13.47.04:435][  0]LogTemp: Display: Module 'LinuxClientTargetPlatform' loaded TargetPlatform 'LinuxClient'
[2020.05.01-13.47.04:444][  0]LogTemp: Display: Module 'LinuxNoEditorTargetPlatform' loaded TargetPlatform 'LinuxNoEditor'
[2020.05.01-13.47.04:452][  0]LogTemp: Display: Module 'LinuxServerTargetPlatform' loaded TargetPlatform 'LinuxServer'
[2020.05.01-13.47.04:462][  0]LogTemp: Display: Module 'LinuxTargetPlatform' loaded TargetPlatform 'Linux'
[2020.05.01-13.47.04:492][  0]LogTemp: Display: Module 'LuminTargetPlatform' loaded TargetPlatform 'Lumin'
[2020.05.01-13.47.04:492][  0]LogTemp: Display: Module 'LuminTargetPlatform' loaded TargetPlatform 'LuminClient'
[2020.05.01-13.47.04:492][  0]LogTargetPlatformManager: Display: Building Assets For Windows
[2020.05.01-13.47.04:504][  0]LogAudioDebug: Display: Lib vorbis DLL was dynamically loaded.
[2020.05.01-13.47.04:581][  0]LogShaderCompilers: Guid format shader working directory is -64 characters bigger than the processId version (../../../../../Uni Stuff/Final Year Project/Games and Game Design Doc/GameSegments/Non-diegetic game segment/NonDiegetic/Intermediate/Shaders/WorkingDirectory/12300/).
[2020.05.01-13.47.04:581][  0]LogShaderCompilers: Cleaned the shader compiler working directory 'C:/Users/Nathan.Nathan-PC/AppData/Local/Temp/UnrealShaderWorkingDir/8E433C3D4DB223D8EC1066AF172BF083/'.
[2020.05.01-13.47.04:585][  0]LogXGEController: Cannot use XGE Controller as Incredibuild is not installed on this machine.
[2020.05.01-13.47.04:585][  0]LogShaderCompilers: Cannot use XGE Shader Compiler as Incredibuild is not installed on this machine.
[2020.05.01-13.47.04:585][  0]LogShaderCompilers: Display: Using Local Shader Compiler.
[2020.05.01-13.47.05:312][  0]LogDerivedDataCache: Display: Max Cache Size: 512 MB
[2020.05.01-13.47.05:373][  0]LogDerivedDataCache: Loaded boot cache 0.06s 73MB C:/Users/Nathan.Nathan-PC/AppData/Local/UnrealEngine/4.23/DerivedDataCache/Boot.ddc.
[2020.05.01-13.47.05:373][  0]LogDerivedDataCache: Display: Loaded Boot cache: C:/Users/Nathan.Nathan-PC/AppData/Local/UnrealEngine/4.23/DerivedDataCache/Boot.ddc
[2020.05.01-13.47.05:373][  0]LogDerivedDataCache: FDerivedDataBackendGraph:  Pak pak cache file ../../../../../Uni Stuff/Final Year Project/Games and Game Design Doc/GameSegments/Non-diegetic game segment/NonDiegetic/DerivedDataCache/DDC.ddp not found, will not use a pak cache.
[2020.05.01-13.47.05:373][  0]LogDerivedDataCache: Unable to find inner node Pak for hierarchical cache Hierarchy.
[2020.05.01-13.47.05:373][  0]LogDerivedDataCache: FDerivedDataBackendGraph:  CompressedPak pak cache file ../../../../../Uni Stuff/Final Year Project/Games and Game Design Doc/GameSegments/Non-diegetic game segment/NonDiegetic/DerivedDataCache/Compressed.ddp not found, will not use a pak cache.
[2020.05.01-13.47.05:373][  0]LogDerivedDataCache: Unable to find inner node CompressedPak for hierarchical cache Hierarchy.
[2020.05.01-13.47.05:387][  0]LogDerivedDataCache: Display: Pak cache opened for reading ../../../Engine/DerivedDataCache/Compressed.ddp.
[2020.05.01-13.47.05:387][  0]LogDerivedDataCache: FDerivedDataBackendGraph:  EnterprisePak pak cache file ../../../Enterprise/DerivedDataCache/Compressed.ddp not found, will not use a pak cache.
[2020.05.01-13.47.05:387][  0]LogDerivedDataCache: Unable to find inner node EnterprisePak for hierarchical cache Hierarchy.
[2020.05.01-13.47.05:389][  0]LogDerivedDataCache: Using Local data cache path C:/Users/Nathan.Nathan-PC/AppData/Local/UnrealEngine/Common/DerivedDataCache: Writable
[2020.05.01-13.47.05:389][  0]LogDerivedDataCache: Shared data cache path not found in *engine.ini, will not use an Shared cache.
[2020.05.01-13.47.05:389][  0]LogDerivedDataCache: Unable to find inner node Shared for hierarchical cache Hierarchy.
[2020.05.01-13.47.05:412][  0]LogMaterial: Verifying Global Shaders for PCD3D_SM5
[2020.05.01-13.47.05:415][  0]LogSlate: Using FreeType 2.6.0
[2020.05.01-13.47.05:415][  0]LogSlate: SlateFontServices - WITH_FREETYPE: 1, WITH_HARFBUZZ: 1
[2020.05.01-13.47.05:484][  0]LogAssetRegistry: FAssetRegistry took 0.0027 seconds to start up
[2020.05.01-13.47.05:773][  0]LogInit: Selected Device Profile: [Windows]
[2020.05.01-13.47.05:831][  0]LogMeshReduction: Using QuadricMeshReduction for automatic static mesh reduction
[2020.05.01-13.47.05:831][  0]LogMeshReduction: Using SimplygonMeshReduction for automatic skeletal mesh reduction
[2020.05.01-13.47.05:831][  0]LogMeshReduction: Using ProxyLODMeshReduction for automatic mesh merging
[2020.05.01-13.47.05:831][  0]LogMeshReduction: No distributed automatic mesh merging module available
[2020.05.01-13.47.05:831][  0]LogMeshMerging: No distributed automatic mesh merging module available
[2020.05.01-13.47.05:956][  0]LogNetVersion: NonDiegetic 1.0.0, NetCL: 8386587, EngineNetVer: 11, GameNetVer: 0 (Checksum: 3463998418)
[2020.05.01-13.47.08:068][  0]LogPackageLocalizationCache: Processed 12 localized package path(s) for 1 prioritized culture(s) in 1.683162 seconds
[2020.05.01-13.47.08:088][  0]LogUObjectArray: 43444 objects as part of root set at end of initial load.
[2020.05.01-13.47.08:088][  0]LogUObjectAllocator: 7548648 out of 0 bytes used by permanent object pool.
[2020.05.01-13.47.08:088][  0]LogUObjectArray: CloseDisregardForGC: 0/0 objects in disregard for GC pool
[2020.05.01-13.47.10:201][  0]LogTcpMessaging: Initializing TcpMessaging bridge
[2020.05.01-13.47.10:204][  0]LogUdpMessaging: Initializing bridge on interface 0.0.0.0:0 to multicast group 230.0.0.1:6666.
[2020.05.01-13.47.10:407][  0]SourceControl: Source control is disabled
[2020.05.01-13.47.10:407][  0]SourceControl: Source control is disabled
[2020.05.01-13.47.10:412][  0]SourceControl: Source control is disabled
[2020.05.01-13.47.10:416][  0]SourceControl: Source control is disabled
[2020.05.01-13.47.10:861][  0]LogAndroidPermission: UAndroidPermissionCallbackProxy::GetInstance
[2020.05.01-13.47.11:209][  0]LogOcInput: OculusInput pre-init called
[2020.05.01-13.47.11:216][  0]LogWindows: Failed to load 'OVRPlugin.dll' (GetLastError=126)
[2020.05.01-13.47.11:216][  0]LogWindows: File 'OVRPlugin.dll' does not exist
[2020.05.01-13.47.11:297][  0]LogEngine: Initializing Engine...
[2020.05.01-13.47.11:298][  0]LogHMD: Failed to initialize OpenVR with code 110
[2020.05.01-13.47.11:299][  0]LogStats: UGameplayTagsManager::InitializeManager -  0.000 s
[2020.05.01-13.47.11:559][  0]LogInit: Initializing FReadOnlyCVARCache
[2020.05.01-13.47.11:797][  0]LogAIModule: Creating AISystem for world Untitled
[2020.05.01-13.47.11:846][  0]LogInit: XAudio2 using 'Headphones (Arctis 5 Game)' : 2 channels at 48 kHz using 16 bits per sample (channel mask 0x3)
[2020.05.01-13.47.11:895][  0]LogInit: FAudioDevice initialized.
[2020.05.01-13.47.11:895][  0]LogNetVersion: Set ProjectVersion to 1.0.0.0. Version Checksum will be recalculated on next use.
[2020.05.01-13.47.12:080][  0]LogDerivedDataCache: Saved boot cache 0.18s 73MB C:/Users/Nathan.Nathan-PC/AppData/Local/UnrealEngine/4.23/DerivedDataCache/Boot.ddc.
[2020.05.01-13.47.12:081][  0]LogInit: Texture streaming: Enabled
[2020.05.01-13.47.12:377][  0]LogEngineSessionManager: EngineSessionManager initialized
[2020.05.01-13.47.12:378][  0]LogEditorSessionSummary: Verbose: Initializing EditorSessionSummaryWriter for editor session tracking
[2020.05.01-13.47.12:385][  0]LogEditorSessionSummary: EditorSessionSummaryWriter initialized
[2020.05.01-13.47.13:205][  0]LogInit: Transaction tracking system initialized
[2020.05.01-13.47.13:455][  0]BlueprintLog: New page: Editor Load
[2020.05.01-13.47.13:924][  0]LocalizationService: Localization service is disabled
[2020.05.01-13.47.15:105][  0]LogCook: Display: Max memory allowance for cook 16384mb min free memory 0mb
[2020.05.01-13.47.15:106][  0]LogCook: Display: Mobile HDR setting 1
[2020.05.01-13.47.15:433][  0]LogFileCache: Scanning file cache for directory 'E:/Uni Stuff/Final Year Project/Games and Game Design Doc/GameSegments/Non-diegetic game segment/NonDiegetic/Content/' took 0.07s
[2020.05.01-13.47.17:830][  0]SourceControl: Source control is disabled
[2020.05.01-13.47.17:831][  0]LightingResults: New page: Lighting Build
[2020.05.01-13.47.17:866][  0]LogWorld: UWorld::CleanupWorld for Untitled, bSessionEnded=true, bCleanupResources=true
[2020.05.01-13.47.17:866][  0]MapCheck: New page: Map Check
[2020.05.01-13.47.17:866][  0]LightingResults: New page: Lighting Build
[2020.05.01-13.47.17:892][  0]LogUObjectHash: Compacting FUObjectHashTables data took   1.93ms
[2020.05.01-13.47.24:818][  0]LogAIModule: Creating AISystem for world ThirdPersonExampleMap
[2020.05.01-13.47.24:927][  0]LogEditorServer: Finished looking for orphan Actors (0.000 secs)
[2020.05.01-13.47.24:984][  0]LogUObjectHash: Compacting FUObjectHashTables data took   2.83ms
[2020.05.01-13.47.24:984][  0]Cmd: MAP CHECKDEP NOCLEARLOG
[2020.05.01-13.47.24:985][  0]MapCheck: Map check complete: 0 Error(s), 0 Warning(s), took 0.121ms to complete.
[2020.05.01-13.47.24:985][  0]LogFileHelpers: Loading map 'ThirdPersonExampleMap' took 7.154
[2020.05.01-13.47.25:110][  0]LogSlate: Updating window title bar state: overlay mode, drag disabled, window buttons hidden, title bar hidden
[2020.05.01-13.47.25:117][  0]LogSlate: Updating window title bar state: overlay mode, drag disabled, window buttons hidden, title bar hidden
[2020.05.01-13.47.25:124][  0]LogSlate: Updating window title bar state: overlay mode, drag disabled, window buttons hidden, title bar hidden
[2020.05.01-13.47.25:132][  0]LogSlate: Updating window title bar state: overlay mode, drag disabled, window buttons hidden, title bar hidden
[2020.05.01-13.47.25:141][  0]LogCollectionManager: Loaded 0 collections in 0.003313 seconds
[2020.05.01-13.47.25:149][  0]LogFileCache: Scanning file cache for directory 'E:/Uni Stuff/Final Year Project/Games and Game Design Doc/GameSegments/Non-diegetic game segment/NonDiegetic/Saved/Collections/' took 0.00s
[2020.05.01-13.47.25:149][  0]LogFileCache: Scanning file cache for directory 'E:/Uni Stuff/Final Year Project/Games and Game Design Doc/GameSegments/Non-diegetic game segment/NonDiegetic/Content/Developers/Nathan/Collections/' took 0.00s
[2020.05.01-13.47.25:149][  0]LogFileCache: Scanning file cache for directory 'E:/Uni Stuff/Final Year Project/Games and Game Design Doc/GameSegments/Non-diegetic game segment/NonDiegetic/Content/Collections/' took 0.00s
[2020.05.01-13.47.25:149][  0]LogCollectionManager: Rebuilt the GUID cache for 0 collections in 0.000001 seconds
[2020.05.01-13.47.25:157][  0]LogContentBrowser: Native class hierarchy populated in 0.0083 seconds. Added 2863 classes and 680 folders.
[2020.05.01-13.47.25:167][  0]LogContentBrowser: Native class hierarchy updated for 'WidgetCarousel' in 0.0002 seconds. Added 0 classes and 0 folders.
[2020.05.01-13.47.25:214][  0]LogContentBrowser: Native class hierarchy updated for 'AddContentDialog' in 0.0002 seconds. Added 0 classes and 0 folders.
[2020.05.01-13.47.25:221][  0]LogContentBrowser: Native class hierarchy updated for 'SceneOutliner' in 0.0002 seconds. Added 1 classes and 2 folders.
[2020.05.01-13.47.25:336][  0]LogSlate: Took 0.050622 seconds to synchronously load lazily loaded font '../../../Engine/Content/Slate/Fonts/Roboto-Regular.ttf' (155K)
[2020.05.01-13.47.25:338][  0]LogSlate: Took 0.000164 seconds to synchronously load lazily loaded font '../../../Engine/Content/Slate/Fonts/Roboto-Bold.ttf' (160K)
[2020.05.01-13.47.25:343][  0]LogSlate: Took 0.000227 seconds to synchronously load lazily loaded font '../../../Engine/Content/Editor/Slate/Fonts/FontAwesome.ttf' (139K)
[2020.05.01-13.47.25:406][  0]LogRenderer: Reallocating scene render targets to support 256x256 Format 10 NumSamples 1 (Frame:1).
[2020.05.01-13.47.25:451][  0]LogRenderer: Reallocating scene render targets to support 1208x672 Format 10 NumSamples 1 (Frame:1).
[2020.05.01-13.47.25:669][  0]LogContentBrowser: Native class hierarchy updated for 'HierarchicalLODOutliner' in 0.0002 seconds. Added 0 classes and 0 folders.
[2020.05.01-13.47.25:669][  0]LogLoad: (Engine Initialization) Total time: 24.88 seconds
[2020.05.01-13.47.25:670][  0]LogLoad: (Engine Initialization) Total Blueprint compile time: 0.00 seconds
[2020.05.01-13.47.25:732][  0]LogContentStreaming: Texture pool size now 1000 MB
[2020.05.01-13.47.25:818][  0]LogSlate: Took 0.049459 seconds to synchronously load lazily loaded font '../../../Engine/Content/Slate/Fonts/Roboto-Light.ttf' (167K)
[2020.05.01-13.47.28:033][ 22]LogAssetRegistry: Asset discovery search completed in 22.5495 seconds
[2020.05.01-13.47.28:037][ 22]LogCollectionManager: Rebuilt the object cache for 0 collections in 0.000004 seconds (found 0 objects)
[2020.05.01-13.47.28:037][ 22]LogCollectionManager: Fixed up redirectors for 0 collections in 0.000052 seconds (updated 0 objects)
[2020.05.01-13.47.34:584][ 64]LogSlate: FSceneViewport::OnFocusLost() reason 0
[2020.05.01-13.47.43:048][703]LogSlate: Took 0.000286 seconds to synchronously load lazily loaded font '../../../Engine/Content/Slate/Fonts/Roboto-Light.ttf' (167K)
[2020.05.01-13.47.43:055][703]LogAssetEditorManager: Opening Asset editor for AnimBlueprint /Game/Enemies/Animations/EnemyAnim_BP.EnemyAnim_BP
[2020.05.01-13.47.43:121][703]LogContentBrowser: Native class hierarchy updated for 'SkeletonEditor' in 0.0003 seconds. Added 1 classes and 2 folders.
[2020.05.01-13.47.43:725][703]LogActorComponent: RegisterComponentWithWorld: (/Engine/Transient.World_9:PersistentLevel.AnimationEditorPreviewActor_0.DebugSkelMeshComponent_0) Already registered. Aborting.
[2020.05.01-13.47.43:730][703]LogContentBrowser: Native class hierarchy updated for 'PinnedCommandList' in 0.0002 seconds. Added 1 classes and 0 folders.
[2020.05.01-13.47.44:164][703]LogContentBrowser: Native class hierarchy updated for 'BlueprintGraph' in 0.0005 seconds. Added 121 classes and 0 folders.
[2020.05.01-13.47.45:204][703]LogSkeletalMesh: USkeletalMeshComponent::InitArticulated : Bodies already created (/Engine/Transient.World_9:PersistentLevel.AnimationEditorPreviewActor_0.DebugSkelMeshComponent_0) - call TermArticulated first.
[2020.05.01-13.47.46:007][703]LogSlate: Took 0.014492 seconds to synchronously load lazily loaded font '../../../Engine/Content/Slate/Fonts/Roboto-BoldCondensed.ttf' (158K)
[2020.05.01-13.47.46:167][703]LogContentBrowser: Verbose: The majority of assets in the view are of type: AnimSequence
[2020.05.01-13.47.46:219][704]LogSlate: Took 0.028264 seconds to synchronously load lazily loaded font '../../../Engine/Content/Slate/Fonts/Roboto-Italic.ttf' (157K)
[2020.05.01-13.50.14:416][978]LogSlate: Window 'EnemyAnim_BP' being destroyed
[2020.05.01-13.50.14:424][978]LogSlate: Window 'EnemyAnim_BP' being destroyed
[2020.05.01-13.50.14:519][978]LogWorld: UWorld::CleanupWorld for World_9, bSessionEnded=true, bCleanupResources=true
[2020.05.01-13.50.14:524][978]LogWorld: UWorld::CleanupWorld for World_8, bSessionEnded=true, bCleanupResources=true
[2020.05.01-13.50.14:839][978]LogWorld: UWorld::CleanupWorld for World_10, bSessionEnded=true, bCleanupResources=true
[2020.05.01-13.50.16:242][138]LogUObjectHash: Compacting FUObjectHashTables data took   4.94ms
[2020.05.01-13.50.16:478][138]LogSlate: Window 'NonDiegetic - Unreal Editor' being destroyed
[2020.05.01-13.50.16:480][138]LogWindowsTextInputMethodSystem: Display: IME system now deactivated.
[2020.05.01-13.50.16:691][139]Cmd: QUIT_EDITOR
[2020.05.01-13.50.17:066][139]LogExit: Preparing to exit.
[2020.05.01-13.50.17:609][139]LogWorld: UWorld::CleanupWorld for World_4, bSessionEnded=true, bCleanupResources=true
[2020.05.01-13.50.17:613][139]LogWorld: UWorld::CleanupWorld for World_5, bSessionEnded=true, bCleanupResources=true
[2020.05.01-13.50.17:616][139]LogWorld: UWorld::CleanupWorld for World_6, bSessionEnded=true, bCleanupResources=true
[2020.05.01-13.50.17:619][139]LogWorld: UWorld::CleanupWorld for World_2, bSessionEnded=true, bCleanupResources=true
[2020.05.01-13.50.17:621][139]LogWorld: UWorld::CleanupWorld for World_3, bSessionEnded=true, bCleanupResources=true
[2020.05.01-13.50.17:625][139]LogWorld: UWorld::CleanupWorld for World_0, bSessionEnded=true, bCleanupResources=true
[2020.05.01-13.50.17:629][139]LogWorld: UWorld::CleanupWorld for World_7, bSessionEnded=true, bCleanupResources=true
[2020.05.01-13.50.17:634][139]LogWorld: UWorld::CleanupWorld for World_1, bSessionEnded=true, bCleanupResources=true
[2020.05.01-13.50.17:858][139]LogDemo: Cleaned up 0 splitscreen connections with owner deletion
[2020.05.01-13.50.18:107][139]LogWorld: UWorld::CleanupWorld for None, bSessionEnded=true, bCleanupResources=true
[2020.05.01-13.50.18:123][139]LogExit: Editor shut down
[2020.05.01-13.50.18:123][139]LogExit: Transaction tracking system shut down
[2020.05.01-13.50.20:332][139]LogExit: Object subsystem successfully closed.
[2020.05.01-13.50.20:502][139]LogShaderCompilers: Display: Shaders left to compile 0
[2020.05.01-13.50.21:784][139]LogModuleManager: Shutting down and abandoning module BlueprintGraph (674)
[2020.05.01-13.50.21:784][139]LogModuleManager: Shutting down and abandoning module PinnedCommandList (672)
[2020.05.01-13.50.21:784][139]LogModuleManager: Shutting down and abandoning module SkeletonEditor (670)
[2020.05.01-13.50.21:790][139]LogModuleManager: Shutting down and abandoning module HierarchicalLODOutliner (668)
[2020.05.01-13.50.21:790][139]LogModuleManager: Shutting down and abandoning module SceneOutliner (666)
[2020.05.01-13.50.21:790][139]LogModuleManager: Shutting down and abandoning module AddContentDialog (664)
[2020.05.01-13.50.21:802][139]LogModuleManager: Shutting down and abandoning module WidgetCarousel (663)
[2020.05.01-13.50.21:803][139]LogModuleManager: Shutting down and abandoning module EditorWidgets (660)
[2020.05.01-13.50.21:803][139]LogModuleManager: Shutting down and abandoning module CollectionManager (658)
[2020.05.01-13.50.21:810][139]LogModuleManager: Shutting down and abandoning module StatsViewer (656)
[2020.05.01-13.50.21:826][139]LogModuleManager: Shutting down and abandoning module VirtualTexturingEditor (654)
[2020.05.01-13.50.21:827][139]LogModuleManager: Shutting down and abandoning module FoliageEdit (652)
[2020.05.01-13.50.21:838][139]LogModuleManager: Shutting down and abandoning module LandscapeEditor (650)
[2020.05.01-13.50.21:863][139]LogModuleManager: Shutting down and abandoning module MeshPaintMode (648)
[2020.05.01-13.50.21:863][139]LogModuleManager: Shutting down and abandoning module SceneDepthPickerMode (646)
[2020.05.01-13.50.21:863][139]LogModuleManager: Shutting down and abandoning module ActorPickerMode (644)
[2020.05.01-13.50.21:863][139]LogModuleManager: Shutting down and abandoning module GeometryMode (642)
[2020.05.01-13.50.21:874][139]LogModuleManager: Shutting down and abandoning module TextureAlignMode (640)
[2020.05.01-13.50.21:874][139]LogModuleManager: Shutting down and abandoning module BspMode (638)
[2020.05.01-13.50.21:874][139]LogModuleManager: Shutting down and abandoning module PIEPreviewDeviceProfileSelector (636)
[2020.05.01-13.50.21:886][139]LogModuleManager: Shutting down and abandoning module SequenceRecorderSections (634)
[2020.05.01-13.50.21:895][139]LogModuleManager: Shutting down and abandoning module AutomationWorker (632)
[2020.05.01-13.50.21:895][139]LogModuleManager: Shutting down and abandoning module OculusMR (630)
[2020.05.01-13.50.21:895][139]LogModuleManager: Shutting down and abandoning module AudioCaptureEditor (628)
[2020.05.01-13.50.21:902][139]LogModuleManager: Shutting down and abandoning module MatineeToLevelSequence (626)
[2020.05.01-13.50.21:933][139]LogModuleManager: Shutting down and abandoning module LevelSequenceEditor (624)
[2020.05.01-13.50.22:061][139]LogModuleManager: Shutting down and abandoning module PlacementMode (623)
[2020.05.01-13.50.22:061][139]LogModuleManager: Shutting down and abandoning module MaterialEditor (622)
[2020.05.01-13.50.22:077][139]LogModuleManager: Shutting down and abandoning module ActorSequenceEditor (618)
[2020.05.01-13.50.22:100][139]LogModuleManager: Shutting down and abandoning module WmfMediaFactory (616)
[2020.05.01-13.50.22:100][139]LogModuleManager: Shutting down and abandoning module WmfMediaEditor (614)
[2020.05.01-13.50.22:100][139]LogModuleManager: Shutting down and abandoning module WebMMediaFactory (612)
[2020.05.01-13.50.22:100][139]LogModuleManager: Shutting down and abandoning module WebMMediaEditor (610)
[2020.05.01-13.50.22:100][139]LogModuleManager: Shutting down and abandoning module WebMMedia (608)
[2020.05.01-13.50.22:107][139]LogModuleManager: Shutting down and abandoning module MediaPlayerEditor (606)
[2020.05.01-13.50.22:121][139]LogModuleManager: Shutting down and abandoning module MediaCompositingEditor (604)
[2020.05.01-13.50.22:172][139]LogModuleManager: Shutting down and abandoning module SequenceRecorder (603)
[2020.05.01-13.50.22:172][139]LogModuleManager: Shutting down and abandoning module OpenExrWrapper (600)
[2020.05.01-13.50.22:172][139]LogModuleManager: Shutting down and abandoning module ImgMediaFactory (598)
[2020.05.01-13.50.22:172][139]LogModuleManager: Shutting down and abandoning module ImgMediaEditor (596)
[2020.05.01-13.50.22:172][139]LogModuleManager: Shutting down and abandoning module AvfMediaFactory (594)
[2020.05.01-13.50.22:172][139]LogModuleManager: Shutting down and abandoning module AvfMediaEditor (592)
[2020.05.01-13.50.22:172][139]LogModuleManager: Shutting down and abandoning module AndroidMediaFactory (590)
[2020.05.01-13.50.22:172][139]LogModuleManager: Shutting down and abandoning module AndroidMediaEditor (588)
[2020.05.01-13.50.22:172][139]LogModuleManager: Shutting down and abandoning module MagicLeapCameraPreviewFactory (586)
[2020.05.01-13.50.22:172][139]LogModuleManager: Shutting down and abandoning module MagicLeapMediaCodecFactory (584)
[2020.05.01-13.50.22:172][139]LogModuleManager: Shutting down and abandoning module MagicLeapMediaFactory (582)
[2020.05.01-13.50.22:172][139]LogModuleManager: Shutting down and abandoning module MagicLeapMediaEditor (580)
[2020.05.01-13.50.22:172][139]LogModuleManager: Shutting down and abandoning module CharacterAI (578)
[2020.05.01-13.50.22:172][139]LogModuleManager: Shutting down and abandoning module SmartSnapping (576)
[2020.05.01-13.50.22:172][139]LogModuleManager: Shutting down and abandoning module SessionServices (574)
[2020.05.01-13.50.22:172][139]LogModuleManager: Shutting down and abandoning module MeshPaint (572)
[2020.05.01-13.50.22:203][139]LogModuleManager: Shutting down and abandoning module ViewportSnapping (570)
[2020.05.01-13.50.22:203][139]LogModuleManager: Shutting down and abandoning module ViewportInteraction (568)
[2020.05.01-13.50.22:203][139]LogModuleManager: Shutting down and abandoning module ClothPainter (566)
[2020.05.01-13.50.22:210][139]LogModuleManager: Shutting down and abandoning module SkeletalMeshEditor (565)
[2020.05.01-13.50.22:211][139]LogModuleManager: Shutting down and abandoning module LogVisualizer (562)
[2020.05.01-13.50.22:262][139]LogModuleManager: Shutting down and abandoning module IntroTutorials (560)
[2020.05.01-13.50.22:262][139]LogModuleManager: Shutting down and abandoning module GameProjectGeneration (559)
[2020.05.01-13.50.22:284][139]LogModuleManager: Shutting down and abandoning module LuminPlatformEditor (556)
[2020.05.01-13.50.22:284][139]LogModuleManager: Shutting down and abandoning module IOSPlatformEditor (554)
[2020.05.01-13.50.22:294][139]LogModuleManager: Shutting down and abandoning module HTML5PlatformEditor (552)
[2020.05.01-13.50.22:294][139]LogModuleManager: Shutting down and abandoning module AndroidPlatformEditor (550)
[2020.05.01-13.50.22:294][139]LogModuleManager: Shutting down and abandoning module AndroidDeviceDetection (549)
[2020.05.01-13.50.23:294][139]LogModuleManager: Shutting down and abandoning module WindowsPlatformEditor (546)
[2020.05.01-13.50.23:294][139]LogModuleManager: Shutting down and abandoning module LuminRuntimeSettings (544)
[2020.05.01-13.50.23:295][139]LogModuleManager: Shutting down and abandoning module IOSRuntimeSettings (542)
[2020.05.01-13.50.23:295][139]LogModuleManager: Shutting down and abandoning module AndroidRuntimeSettings (540)
[2020.05.01-13.50.23:295][139]LogModuleManager: Shutting down and abandoning module TimeManagementEditor (538)
[2020.05.01-13.50.23:295][139]LogModuleManager: Shutting down and abandoning module InputBindingEditor (536)
[2020.05.01-13.50.23:314][139]LogModuleManager: Shutting down and abandoning module MergeActors (534)
[2020.05.01-13.50.23:328][139]LogModuleManager: Shutting down and abandoning module LocalizationDashboard (532)
[2020.05.01-13.50.23:344][139]LogModuleManager: Shutting down and abandoning module LocalizationService (531)
[2020.05.01-13.50.23:398][139]LogModuleManager: Shutting down and abandoning module HardwareTargeting (528)
[2020.05.01-13.50.23:398][139]LogModuleManager: Shutting down and abandoning module DeviceProfileEditor (526)
[2020.05.01-13.50.23:405][139]LogModuleManager: Shutting down and abandoning module UndoHistory (524)
[2020.05.01-13.50.23:416][139]LogModuleManager: Shutting down and abandoning module XmlParser (522)
[2020.05.01-13.50.23:426][139]LogModuleManager: Shutting down and abandoning module Blutility (520)
[2020.05.01-13.50.23:426][139]LogModuleManager: Shutting down and abandoning module ProjectSettingsViewer (518)
[2020.05.01-13.50.23:426][139]LogModuleManager: Shutting down and abandoning module ProjectTargetPlatformEditor (517)
[2020.05.01-13.50.23:426][139]LogModuleManager: Shutting down and abandoning module EditorSettingsViewer (514)
[2020.05.01-13.50.23:426][139]LogModuleManager: Shutting down and abandoning module SettingsEditor (512)
[2020.05.01-13.50.23:462][139]LogModuleManager: Shutting down and abandoning module ProjectLauncher (510)
[2020.05.01-13.50.23:476][139]LogModuleManager: Shutting down and abandoning module SessionFrontend (508)
[2020.05.01-13.50.23:485][139]LogModuleManager: Shutting down and abandoning module ProfilerClient (506)
[2020.05.01-13.50.23:486][139]LogModuleManager: Shutting down and abandoning module DeviceManager (504)
[2020.05.01-13.50.23:498][139]LogModuleManager: Shutting down and abandoning module TargetDeviceServices (503)
[2020.05.01-13.50.23:551][139]LogModuleManager: Shutting down and abandoning module AutomationController (500)
[2020.05.01-13.50.23:559][139]LogModuleManager: Shutting down and abandoning module AutomationWindow (498)
[2020.05.01-13.50.23:569][139]LogModuleManager: Shutting down and abandoning module Layers (496)
[2020.05.01-13.50.23:622][139]LogModuleManager: Shutting down and abandoning module ComponentVisualizers (494)
[2020.05.01-13.50.23:622][139]LogModuleManager: Shutting down and abandoning module DetailCustomizations (492)
[2020.05.01-13.50.23:622][139]LogModuleManager: Shutting down and abandoning module PackagesDialog (490)
[2020.05.01-13.50.23:622][139]LogModuleManager: Shutting down and abandoning module AnimationBlueprintEditor (488)
[2020.05.01-13.50.23:622][139]LogModuleManager: Shutting down and abandoning module Persona (486)
[2020.05.01-13.50.23:622][139]LogModuleManager: Shutting down and abandoning module AdvancedPreviewScene (485)
[2020.05.01-13.50.23:622][139]LogModuleManager: Shutting down and abandoning module AnimGraph (483)
[2020.05.01-13.50.23:622][139]LogModuleManager: Shutting down and abandoning module Kismet (480)
[2020.05.01-13.50.23:641][139]LogModuleManager: Shutting down and abandoning module KismetWidgets (479)
[2020.05.01-13.50.23:641][139]LogModuleManager: Shutting down and abandoning module GraphEditor (476)
[2020.05.01-13.50.23:641][139]LogModuleManager: Shutting down and abandoning module StructViewer (474)
[2020.05.01-13.50.23:641][139]LogModuleManager: Shutting down and abandoning module ClassViewer (472)
[2020.05.01-13.50.23:641][139]LogModuleManager: Shutting down and abandoning module Toolbox (470)
[2020.05.01-13.50.23:641][139]LogModuleManager: Shutting down and abandoning module ModuleUI (468)
[2020.05.01-13.50.23:653][139]LogModuleManager: Shutting down and abandoning module MovieSceneTools (466)
[2020.05.01-13.50.23:661][139]LogModuleManager: Shutting down and abandoning module OutputLog (464)
[2020.05.01-13.50.23:672][139]LogModuleManager: Shutting down and abandoning module GammaUI (462)
[2020.05.01-13.50.23:679][139]LogModuleManager: Shutting down and abandoning module Documentation (460)
[2020.05.01-13.50.23:679][139]LogModuleManager: Shutting down and abandoning module LiveCoding (458)
[2020.05.01-13.50.23:688][139]LogModuleManager: Shutting down and abandoning module LevelSequence (456)
[2020.05.01-13.50.23:688][139]LogModuleManager: Shutting down and abandoning module MovieSceneTracks (454)
[2020.05.01-13.50.23:688][139]LogModuleManager: Shutting down and abandoning module MovieScene (452)
[2020.05.01-13.50.23:693][139]LogModuleManager: Shutting down and abandoning module StreamingPauseRendering (450)
[2020.05.01-13.50.23:701][139]LogModuleManager: Shutting down and abandoning module LauncherPlatform (448)
[2020.05.01-13.50.23:701][139]LogModuleManager: Shutting down and abandoning module AnalyticsET (446)
[2020.05.01-13.50.23:701][139]LogModuleManager: Shutting down and abandoning module PortalServices (444)
[2020.05.01-13.50.23:701][139]LogModuleManager: Shutting down and abandoning module PortalRpc (442)
[2020.05.01-13.50.23:701][139]LogModuleManager: Shutting down and abandoning module MessagingRpc (440)
[2020.05.01-13.50.23:701][139]LogModuleManager: Shutting down and abandoning module AIModule (438)
[2020.05.01-13.50.23:711][139]LogModuleManager: Shutting down and abandoning module GameplayDebugger (437)
[2020.05.01-13.50.23:711][139]LogModuleManager: Shutting down and abandoning module AITestSuite (435)
[2020.05.01-13.50.23:712][139]LogModuleManager: Shutting down and abandoning module NavigationSystem (433)
[2020.05.01-13.50.23:712][139]LogModuleManager: Shutting down and abandoning module DesktopPlatform (430)
[2020.05.01-13.50.23:723][139]LogModuleManager: Shutting down and abandoning module ImageWriteQueue (428)
[2020.05.01-13.50.23:726][139]LogModuleManager: Shutting down and abandoning module ProfilerService (426)
[2020.05.01-13.50.23:885][139]LogModuleManager: Shutting down and abandoning module TaskGraph (424)
[2020.05.01-13.50.23:914][139]LogModuleManager: Shutting down and abandoning module ScreenshotTools (422)
[2020.05.01-13.50.23:914][139]LogModuleManager: Shutting down and abandoning module SteamVRController (420)
[2020.05.01-13.50.23:914][139]LogModuleManager: Shutting down and abandoning module ProceduralMeshComponentEditor (418)
[2020.05.01-13.50.23:914][139]LogModuleManager: Shutting down and abandoning module ProceduralMeshComponent (416)
[2020.05.01-13.50.23:925][139]LogModuleManager: Shutting down and abandoning module OculusEditor (414)
[2020.05.01-13.50.23:926][139]LogModuleManager: Shutting down and abandoning module OculusInput (412)
[2020.05.01-13.50.23:926][139]LogModuleManager: Shutting down and abandoning module MobilePatchingUtils (410)
[2020.05.01-13.50.23:926][139]LogModuleManager: Shutting down and abandoning module EditableMesh (408)
[2020.05.01-13.50.23:935][139]LogModuleManager: Shutting down and abandoning module CustomMeshComponent (406)
[2020.05.01-13.50.23:935][139]LogModuleManager: Shutting down and abandoning module CableComponent (404)
[2020.05.01-13.50.23:935][139]LogModuleManager: Shutting down and abandoning module AudioCapture (402)
[2020.05.01-13.50.23:935][139]LogModuleManager: Shutting down and abandoning module ArchVisCharacter (400)
[2020.05.01-13.50.23:935][139]LogModuleManager: Shutting down and abandoning module AppleImageUtilsBlueprintSupport (398)
[2020.05.01-13.50.23:935][139]LogModuleManager: Shutting down and abandoning module AppleImageUtils (396)
[2020.05.01-13.50.23:935][139]LogModuleManager: Shutting down and abandoning module AndroidPermission (394)
[2020.05.01-13.50.23:935][139]LogModuleManager: Shutting down and abandoning module NUTUnrealEngine4 (392)
[2020.05.01-13.50.23:952][139]LogModuleManager: Shutting down and abandoning module NetcodeUnitTest (390)
[2020.05.01-13.50.23:968][139]LogModuleManager: Shutting down and abandoning module MediaCompositing (388)
[2020.05.01-13.50.23:968][139]LogModuleManager: Shutting down and abandoning module ImgMedia (386)
[2020.05.01-13.50.23:972][139]LogModuleManager: Shutting down and abandoning module MagicLeapHelperVulkan (384)
[2020.05.01-13.50.23:972][139]LogModuleManager: Shutting down and abandoning module MagicLeapHelperOpenGL (382)
[2020.05.01-13.50.23:972][139]LogModuleManager: Shutting down and abandoning module MagicLeapAudio (380)
[2020.05.01-13.50.23:978][139]LogModuleManager: Shutting down and abandoning module HTML5Networking (378)
[2020.05.01-13.50.23:978][139]LogModuleManager: Shutting down and abandoning module GeometryCacheTracks (376)
[2020.05.01-13.50.23:978][139]LogModuleManager: Shutting down and abandoning module GeometryCacheSequencer (374)
[2020.05.01-13.50.23:978][139]LogModuleManager: Shutting down and abandoning module BackChannel (372)
[2020.05.01-13.50.23:985][139]LogModuleManager: Shutting down and abandoning module AutomationUtilsEditor (370)
[2020.05.01-13.50.23:985][139]LogModuleManager: Shutting down and abandoning module AutomationUtils (368)
[2020.05.01-13.50.23:985][139]LogModuleManager: Shutting down and abandoning module AlembicImporter (366)
[2020.05.01-13.50.24:006][139]LogModuleManager: Shutting down and abandoning module AlembicLibrary (365)
[2020.05.01-13.50.24:006][139]LogModuleManager: Shutting down and abandoning module GeometryCache (364)
[2020.05.01-13.50.24:006][139]LogModuleManager: Shutting down and abandoning module GeometryCacheEd (363)
[2020.05.01-13.50.24:006][139]LogModuleManager: Shutting down and abandoning module VariantManagerContent (358)
[2020.05.01-13.50.24:006][139]LogModuleManager: Shutting down and abandoning module DatasmithContentEditor (356)
[2020.05.01-13.50.24:006][139]LogModuleManager: Shutting down and abandoning module SpeedTreeImporter (354)
[2020.05.01-13.50.24:007][139]LogModuleManager: Shutting down and abandoning module PluginBrowser (352)
[2020.05.01-13.50.24:042][139]LogModuleManager: Shutting down and abandoning module MobileLauncherProfileWizard (350)
[2020.05.01-13.50.24:046][139]LogModuleManager: Shutting down and abandoning module MaterialAnalyzer (348)
[2020.05.01-13.50.24:055][139]LogModuleManager: Shutting down and abandoning module CurveEditorTools (346)
[2020.05.01-13.50.24:106][139]LogModuleManager: Shutting down and abandoning module CurveEditor (345)
[2020.05.01-13.50.24:164][139]LogModuleManager: Shutting down and abandoning module CryptoKeysOpenSSL (342)
[2020.05.01-13.50.24:164][139]LogModuleManager: Shutting down and abandoning module CryptoKeys (340)
[2020.05.01-13.50.24:164][139]LogModuleManager: Shutting down and abandoning module VisualStudioSourceCodeAccess (338)
[2020.05.01-13.50.24:182][139]LogModuleManager: Shutting down and abandoning module VisualStudioCodeSourceCodeAccess (336)
[2020.05.01-13.50.24:182][139]LogModuleManager: Shutting down and abandoning module UObjectPlugin (334)
[2020.05.01-13.50.24:182][139]LogModuleManager: Shutting down and abandoning module SubversionSourceControl (332)
[2020.05.01-13.50.24:193][139]LogModuleManager: Shutting down and abandoning module PerforceSourceControl (330)
[2020.05.01-13.50.24:201][139]LogModuleManager: Shutting down and abandoning module GitSourceControl (328)
[2020.05.01-13.50.24:206][139]LogModuleManager: Shutting down and abandoning module SourceControl (327)
[2020.05.01-13.50.24:206][139]LogModuleManager: Shutting down and abandoning module CLionSourceCodeAccess (324)
[2020.05.01-13.50.24:207][139]LogModuleManager: Shutting down and abandoning module AnimationSharingEd (322)
[2020.05.01-13.50.24:207][139]LogModuleManager: Shutting down and abandoning module ActorLayerUtilitiesEditor (320)
[2020.05.01-13.50.24:207][139]LogModuleManager: Shutting down and abandoning module ActorLayerUtilities (318)
[2020.05.01-13.50.24:207][139]LogModuleManager: Shutting down and abandoning module LightPropagationVolumeEditor (316)
[2020.05.01-13.50.24:207][139]LogModuleManager: Shutting down and abandoning module PaperTiledImporter (314)
[2020.05.01-13.50.24:207][139]LogModuleManager: Shutting down and abandoning module PaperSpriteSheetImporter (312)
[2020.05.01-13.50.24:207][139]LogModuleManager: Shutting down and abandoning module Paper2DEditor (310)
[2020.05.01-13.50.24:223][139]LogModuleManager: Shutting down and abandoning module SignificanceManager (308)
[2020.05.01-13.50.24:223][139]LogModuleManager: Shutting down and abandoning module RuntimePhysXCooking (306)
[2020.05.01-13.50.24:223][139]LogModuleManager: Shutting down and abandoning module PhysXVehiclesEditor (304)
[2020.05.01-13.50.24:223][139]LogModuleManager: Shutting down and abandoning module LocationServicesBPLibrary (300)
[2020.05.01-13.50.24:223][139]LogModuleManager: Shutting down and abandoning module ActorSequence (298)
[2020.05.01-13.50.24:223][139]LogModuleManager: Shutting down and abandoning module UdpMessaging (296)
[2020.05.01-13.50.24:324][139]LogModuleManager: Shutting down and abandoning module TcpMessaging (294)
[2020.05.01-13.50.24:444][139]LogModuleManager: Shutting down and abandoning module MagicLeapIdentity (292)
[2020.05.01-13.50.24:445][139]LogModuleManager: Shutting down and abandoning module MagicLeapSecureStorage (290)
[2020.05.01-13.50.24:445][139]LogModuleManager: Shutting down and abandoning module MagicLeapHandTracking (288)
[2020.05.01-13.50.24:451][139]LogModuleManager: Shutting down and abandoning module MagicLeapEyeTracker (286)
[2020.05.01-13.50.24:451][139]LogModuleManager: Shutting down and abandoning module MagicLeapController (284)
[2020.05.01-13.50.24:453][139]LogSlate: Slate User Destroyed.  User Index 0, Is Virtual User: 0
[2020.05.01-13.50.24:453][139]LogModuleManager: Shutting down and abandoning module MagicLeapAR (282)
[2020.05.01-13.50.24:453][139]LogModuleManager: Shutting down and abandoning module AugmentedReality (281)
[2020.05.01-13.50.24:453][139]LogModuleManager: Shutting down and abandoning module GameplayTagsEditor (278)
[2020.05.01-13.50.24:474][139]LogModuleManager: Shutting down and abandoning module FacialAnimationEditor (276)
[2020.05.01-13.50.24:474][139]LogModuleManager: Shutting down and abandoning module FacialAnimation (274)
[2020.05.01-13.50.24:474][139]LogModuleManager: Shutting down and abandoning module DataValidation (272)
[2020.05.01-13.50.24:474][139]LogModuleManager: Shutting down and abandoning module AssetManagerEditor (270)
[2020.05.01-13.50.24:493][139]LogModuleManager: Shutting down and abandoning module LevelEditor (269)
[2020.05.01-13.50.24:518][139]LogModuleManager: Shutting down and abandoning module PixelInspectorModule (268)
[2020.05.01-13.50.24:531][139]LogModuleManager: Shutting down and abandoning module CommonMenuExtensions (266)
[2020.05.01-13.50.24:531][139]LogModuleManager: Shutting down and abandoning module MainFrame (264)
[2020.05.01-13.50.24:531][139]LogModuleManager: Shutting down and abandoning module HotReload (263)
[2020.05.01-13.50.24:542][139]LogModuleManager: Shutting down and abandoning module ContentBrowser (259)
[2020.05.01-13.50.24:545][139]LogModuleManager: Shutting down and abandoning module TreeMap (257)
[2020.05.01-13.50.24:552][139]LogModuleManager: Shutting down and abandoning module AnimationSharing (254)
[2020.05.01-13.50.24:552][139]LogModuleManager: Shutting down and abandoning module LightPropagationVolumeRuntime (252)
[2020.05.01-13.50.24:552][139]LogModuleManager: Shutting down and abandoning module Paper2D (250)
[2020.05.01-13.50.24:577][139]LogModuleManager: Shutting down and abandoning module WindowsMoviePlayer (248)
[2020.05.01-13.50.24:600][139]LogModuleManager: Shutting down and abandoning module WebMMoviePlayer (246)
[2020.05.01-13.50.24:608][139]LogModuleManager: Shutting down and abandoning module NetworkReplayStreaming (244)
[2020.05.01-13.50.24:608][139]LogModuleManager: Shutting down and abandoning module PacketHandler (242)
[2020.05.01-13.50.24:609][139]LogModuleManager: Shutting down and abandoning module ClothingSystemEditor (240)
[2020.05.01-13.50.24:609][139]LogModuleManager: Shutting down and abandoning module ClothingSystemRuntime (238)
[2020.05.01-13.50.24:609][139]LogModuleManager: Shutting down and abandoning module MediaAssets (236)
[2020.05.01-13.50.24:609][139]LogModuleManager: Shutting down and abandoning module Overlay (234)
[2020.05.01-13.50.24:609][139]LogModuleManager: Shutting down and abandoning module OverlayEditor (233)
[2020.05.01-13.50.24:609][139]LogModuleManager: Shutting down and abandoning module VREditor (230)
[2020.05.01-13.50.24:631][139]LogModuleManager: Shutting down and abandoning module StringTableEditor (228)
[2020.05.01-13.50.24:703][139]LogModuleManager: Shutting down and abandoning module GameplayTasksEditor (226)
[2020.05.01-13.50.24:703][139]LogModuleManager: Shutting down and abandoning module BehaviorTreeEditor (224)
[2020.05.01-13.50.24:722][139]LogModuleManager: Shutting down and abandoning module FunctionalTesting (222)
[2020.05.01-13.50.24:731][139]LogModuleManager: Shutting down and abandoning module CollisionAnalyzer (220)
[2020.05.01-13.50.24:742][139]LogModuleManager: Shutting down and abandoning module WorkspaceMenuStructure (219)
[2020.05.01-13.50.24:750][139]LogModuleManager: Shutting down and abandoning module UMG (216)
[2020.05.01-13.50.24:762][139]LogModuleManager: Shutting down and abandoning module UMGEditor (215)
[2020.05.01-13.50.24:770][139]LogModuleManager: Shutting down and abandoning module Sequencer (214)
[2020.05.01-13.50.24:808][139]LogModuleManager: Shutting down and abandoning module MessageLog (211)
[2020.05.01-13.50.24:808][139]LogModuleManager: Shutting down and abandoning module SlateReflector (206)
[2020.05.01-13.50.24:837][139]LogModuleManager: Shutting down and abandoning module Slate (204)
[2020.05.01-13.50.24:837][139]LogModuleManager: Shutting down and abandoning module LandscapeEditorUtilities (202)
[2020.05.01-13.50.24:837][139]LogModuleManager: Shutting down and abandoning module EditorStyle (200)
[2020.05.01-13.50.24:846][139]LogModuleManager: Shutting down and abandoning module UnrealEd (198)
[2020.05.01-13.50.24:846][139]LogModuleManager: Shutting down and abandoning module MRMesh (196)
[2020.05.01-13.50.24:846][139]LogModuleManager: Shutting down and abandoning module SourceCodeAccess (194)
[2020.05.01-13.50.24:846][139]LogModuleManager: Shutting down and abandoning module HeadMountedDisplay (192)
[2020.05.01-13.50.24:846][139]LogModuleManager: Shutting down and abandoning module XAudio2 (190)
[2020.05.01-13.50.24:846][139]LogModuleManager: Shutting down and abandoning module Networking (188)
[2020.05.01-13.50.24:846][139]LogModuleManager: Shutting down and abandoning module Core (186)
[2020.05.01-13.50.24:846][139]LogModuleManager: Shutting down and abandoning module KismetCompiler (184)
[2020.05.01-13.50.24:846][139]LogModuleManager: Shutting down and abandoning module MeshUtilities (182)
[2020.05.01-13.50.24:846][139]LogModuleManager: Shutting down and abandoning module MeshMergeUtilities (181)
[2020.05.01-13.50.24:856][139]LogModuleManager: Shutting down and abandoning module MeshReductionInterface (180)
[2020.05.01-13.50.24:856][139]LogModuleManager: Shutting down and abandoning module SkeletalMeshReduction (179)
[2020.05.01-13.50.24:883][139]LogModuleManager: Shutting down and abandoning module ProxyLODMeshReduction (177)
[2020.05.01-13.50.24:958][139]LogModuleManager: Shutting down and abandoning module QuadricMeshReduction (175)
[2020.05.01-13.50.24:980][139]LogModuleManager: Shutting down and abandoning module MaterialBaking (171)
[2020.05.01-13.50.24:987][139]LogModuleManager: Shutting down and abandoning module NullInstallBundleManager (166)
[2020.05.01-13.50.24:987][139]LogModuleManager: Shutting down and abandoning module DerivedDataCache (164)
[2020.05.01-13.50.25:025][139]LogDerivedDataCache: Shutdown
[2020.05.01-13.50.25:025][139]LogModuleManager: Shutting down and abandoning module XGEController (162)
[2020.05.01-13.50.25:034][139]LogModuleManager: Shutting down and abandoning module TargetPlatform (160)
[2020.05.01-13.50.25:042][139]LogModuleManager: Shutting down and abandoning module VulkanShaderFormat (159)
[2020.05.01-13.50.25:046][139]LogModuleManager: Shutting down and abandoning module ShaderFormatVectorVM (157)
[2020.05.01-13.50.25:048][139]LogModuleManager: Shutting down and abandoning module ShaderFormatOpenGL (155)
[2020.05.01-13.50.25:054][139]LogModuleManager: Shutting down and abandoning module ShaderFormatD3D (153)
[2020.05.01-13.50.25:061][139]LogModuleManager: Shutting down and abandoning module MetalShaderFormat (151)
[2020.05.01-13.50.25:074][139]LogModuleManager: Shutting down and abandoning module TextureFormatUncompressed (149)
[2020.05.01-13.50.25:074][139]LogModuleManager: Shutting down and abandoning module TextureFormatPVR (147)
[2020.05.01-13.50.25:074][139]LogModuleManager: Shutting down and abandoning module TextureFormatDXT (145)
[2020.05.01-13.50.25:082][139]LogModuleManager: Shutting down and abandoning module TextureFormatIntelISPCTexComp (143)
[2020.05.01-13.50.25:086][139]LogModuleManager: Shutting down and abandoning module TextureFormatASTC (141)
[2020.05.01-13.50.25:086][139]LogModuleManager: Shutting down and abandoning module ImageWrapper (140)
[2020.05.01-13.50.25:086][139]LogModuleManager: Shutting down and abandoning module TextureFormatAndroid (137)
[2020.05.01-13.50.25:086][139]LogModuleManager: Shutting down and abandoning module AudioFormatOpus (135)
[2020.05.01-13.50.25:098][139]LogModuleManager: Shutting down and abandoning module AudioFormatOgg (133)
[2020.05.01-13.50.25:098][139]LogModuleManager: Shutting down and abandoning module AudioFormatADPCM (131)
[2020.05.01-13.50.25:098][139]LogModuleManager: Shutting down and abandoning module LuminTargetPlatform (129)
[2020.05.01-13.50.25:133][139]LogModuleManager: Shutting down and abandoning module LinuxTargetPlatform (127)
[2020.05.01-13.50.25:134][139]LogModuleManager: Shutting down and abandoning module LinuxServerTargetPlatform (125)
[2020.05.01-13.50.25:143][139]LogModuleManager: Shutting down and abandoning module LinuxNoEditorTargetPlatform (123)
[2020.05.01-13.50.25:150][139]LogModuleManager: Shutting down and abandoning module LinuxClientTargetPlatform (121)
[2020.05.01-13.50.25:157][139]LogModuleManager: Shutting down and abandoning module TVOSTargetPlatform (119)
[2020.05.01-13.50.25:163][139]LogModuleManager: Shutting down and abandoning module Messaging (117)
[2020.05.01-13.50.25:163][139]LogModuleManager: Shutting down and abandoning module IOSTargetPlatform (115)
[2020.05.01-13.50.25:169][139]LogModuleManager: Shutting down and abandoning module HTML5TargetPlatform (113)
[2020.05.01-13.50.25:169][139]LogModuleManager: Shutting down and abandoning module AndroidTargetPlatform (111)
[2020.05.01-13.50.25:225][139]LogModuleManager: Shutting down and abandoning module WindowsTargetPlatform (109)
[2020.05.01-13.50.25:225][139]LogModuleManager: Shutting down and abandoning module WindowsServerTargetPlatform (107)
[2020.05.01-13.50.25:225][139]LogModuleManager: Shutting down and abandoning module WindowsNoEditorTargetPlatform (105)
[2020.05.01-13.50.25:225][139]LogModuleManager: Shutting down and abandoning module WindowsClientTargetPlatform (103)
[2020.05.01-13.50.25:225][139]LogModuleManager: Shutting down and abandoning module MacTargetPlatform (101)
[2020.05.01-13.50.25:225][139]LogModuleManager: Shutting down and abandoning module MacServerTargetPlatform (99)
[2020.05.01-13.50.25:225][139]LogModuleManager: Shutting down and abandoning module MacNoEditorTargetPlatform (97)
[2020.05.01-13.50.25:225][139]LogModuleManager: Shutting down and abandoning module MacClientTargetPlatform (95)
[2020.05.01-13.50.25:225][139]LogModuleManager: Shutting down and abandoning module AllDesktopTargetPlatform (93)
[2020.05.01-13.50.25:225][139]LogModuleManager: Shutting down and abandoning module InputCore (90)
[2020.05.01-13.50.25:225][139]LogModuleManager: Shutting down and abandoning module Settings (88)
[2020.05.01-13.50.25:226][139]LogModuleManager: Shutting down and abandoning module DirectoryWatcher (86)
[2020.05.01-13.50.25:228][139]LogModuleManager: Shutting down and abandoning module PhysXCooking (84)
[2020.05.01-13.50.25:228][139]LogModuleManager: Shutting down and abandoning module WindowsPlatformFeatures (82)
[2020.05.01-13.50.25:249][139]LogModuleManager: Shutting down and abandoning module GameplayMediaEncoder (81)
[2020.05.01-13.50.25:256][139]LogModuleManager: Shutting down and abandoning module SteamVR (78)
[2020.05.01-13.50.25:280][139]LogHMD: Freeing OpenVRDLLHandle.
[2020.05.01-13.50.25:280][139]LogModuleManager: Shutting down and abandoning module OculusHMD (76)
[2020.05.01-13.50.25:285][139]LogModuleManager: Shutting down and abandoning module ExampleDeviceProfileSelector (74)
[2020.05.01-13.50.25:285][139]LogModuleManager: Shutting down and abandoning module LauncherChunkInstaller (72)
[2020.05.01-13.50.25:285][139]LogModuleManager: Shutting down and abandoning module OnlineBlueprintSupport (70)
[2020.05.01-13.50.25:285][139]LogModuleManager: Shutting down and abandoning module OnlineSubsystem (66)
[2020.05.01-13.50.25:298][139]LogModuleManager: Shutting down and abandoning module XMPP (61)
[2020.05.01-13.50.25:302][139]LogModuleManager: Shutting down and abandoning module WebSockets (60)
[2020.05.01-13.50.25:378][139]LogModuleManager: Shutting down and abandoning module HTTP (57)
[2020.05.01-13.50.25:378][139]LogHttp: Display: Http module shutting down, but needs to wait on 1 outstanding Http requests:
[2020.05.01-13.50.25:378][139]LogHttp: Display: 	verb=[POST] url=[https://datarouter.ol.epicgames.com/datarouter/api/v1/public/data?SessionID=%7BFF7A9CB0-4F27-040F-829A-54866B98F904%7D&AppID=UEEditor.Rocket.Release&AppVersion=4.23.1-9631420%2B%2B%2BUE4%2BRelease-4.23&UserID=3e4f7b3b4c83cc7e77107ab69882383a%7C726e8c56d4f0474ab55e57457942fdc5%7C1d27a72c-f611-43de-af71-ab82a4177734&AppEnvironment=datacollector-binary&UploadType=eteventstream] status=Processing
[2020.05.01-13.50.25:397][139]LogModuleManager: Shutting down and abandoning module SSL (56)
[2020.05.01-13.50.25:403][139]LogModuleManager: Shutting down and abandoning module WmfMedia (52)
[2020.05.01-13.50.25:458][139]LogModuleManager: Shutting down and abandoning module Media (51)
[2020.05.01-13.50.25:461][139]LogModuleManager: Shutting down and abandoning module MagicLeap (48)
[2020.05.01-13.50.25:469][139]LogModuleManager: Shutting down and abandoning module DatasmithContent (46)
[2020.05.01-13.50.25:470][139]LogModuleManager: Shutting down and abandoning module AISupportModule (44)
[2020.05.01-13.50.25:470][139]LogModuleManager: Shutting down and abandoning module PlatformCryptoOpenSSL (42)
[2020.05.01-13.50.25:478][139]LogModuleManager: Shutting down and abandoning module PlatformCrypto (40)
[2020.05.01-13.50.25:478][139]LogModuleManager: Shutting down and abandoning module AnimationModifiers (38)
[2020.05.01-13.50.25:504][139]LogModuleManager: Shutting down and abandoning module PropertyEditor (37)
[2020.05.01-13.50.25:504][139]LogModuleManager: Shutting down and abandoning module AudioEditor (34)
[2020.05.01-13.50.25:520][139]LogModuleManager: Shutting down and abandoning module TextureCompressor (32)
[2020.05.01-13.50.25:533][139]LogModuleManager: Shutting down and abandoning module RenderCore (30)
[2020.05.01-13.50.25:533][139]LogModuleManager: Shutting down and abandoning module Landscape (28)
[2020.05.01-13.50.25:533][139]LogModuleManager: Shutting down and abandoning module SlateRHIRenderer (26)
[2020.05.01-13.50.25:547][139]LogModuleManager: Shutting down and abandoning module OpenGLDrv (24)
[2020.05.01-13.50.25:559][139]LogModuleManager: Shutting down and abandoning module D3D11RHI (22)
[2020.05.01-13.50.25:559][139]LogModuleManager: Shutting down and abandoning module AnimGraphRuntime (20)
[2020.05.01-13.50.25:568][139]LogModuleManager: Shutting down and abandoning module Renderer (18)
[2020.05.01-13.50.25:569][139]LogModuleManager: Shutting down and abandoning module Engine (16)
[2020.05.01-13.50.25:569][139]LogModuleManager: Shutting down and abandoning module CoreUObject (14)
[2020.05.01-13.50.25:569][139]LogModuleManager: Shutting down and abandoning module NetworkFile (12)
[2020.05.01-13.50.25:573][139]LogModuleManager: Shutting down and abandoning module CookedIterativeFile (10)
[2020.05.01-13.50.25:573][139]LogModuleManager: Shutting down and abandoning module StreamingFile (8)
[2020.05.01-13.50.25:584][139]LogModuleManager: Shutting down and abandoning module SandboxFile (6)
[2020.05.01-13.50.25:584][139]LogModuleManager: Shutting down and abandoning module PakFile (4)
[2020.05.01-13.50.25:588][139]LogModuleManager: Shutting down and abandoning module RSA (3)
[2020.05.01-13.50.25:596][139]LogD3D11RHI: Shutdown
[2020.05.01-13.50.25:596][139]LogD3D11RHI: CleanupD3DDevice
[2020.05.01-13.50.25:626][139]LogRendererCore: FGlobalDynamicReadBuffer::Cleanup()
[2020.05.01-13.50.25:630][139]LogRendererCore: FGlobalDynamicReadBuffer::Cleanup()
[2020.05.01-13.50.25:630][139]LogRendererCore: FGlobalDynamicReadBuffer::Cleanup()
[2020.05.01-13.50.25:773][139]LogD3D11RHI: ~FD3D11DynamicRHI
[2020.05.01-13.50.25:800][139]LogExit: Exiting.
[2020.05.01-13.50.25:844][139]Log file closed, 05/01/20 14:50:25
