Log file open, 05/08/20 21:52:53
LogWindows: Failed to load 'aqProf.dll' (GetLastError=126)
LogWindows: File 'aqProf.dll' does not exist
LogWindows: Failed to load 'VtuneApi.dll' (GetLastError=126)
LogWindows: File 'VtuneApi.dll' does not exist
LogWindows: Failed to load 'VtuneApi32e.dll' (GetLastError=126)
LogWindows: File 'VtuneApi32e.dll' does not exist
LogConsoleResponse: Display: Failed to find resolution value strings in scalability ini. Falling back to default.
LogInit: Display: Running engine for game: NonDiegetic
LogPlatformFile: Not using cached read wrapper
LogTaskGraph: Started task graph with 5 named threads and 14 total threads with 3 sets of task threads.
LogStats: Stats thread started at 4.220248
LogD3D11RHI: Loaded GFSDK_Aftermath_Lib.x64.dll
LogICUInternationalization: ICU TimeZone Detection - Raw Offset: +0:00, Platform Override: ''
LogPluginManager: Mounting plugin Paper2D
LogPluginManager: Mounting plugin AISupport
LogPluginManager: Mounting plugin LightPropagationVolume
LogPluginManager: Mounting plugin ActorLayerUtilities
LogPluginManager: Mounting plugin AnimationSharing
LogPluginManager: Mounting plugin CLionSourceCodeAccess
LogPluginManager: Mounting plugin CodeLiteSourceCodeAccess
LogPluginManager: Mounting plugin GitSourceControl
LogPluginManager: Mounting plugin KDevelopSourceCodeAccess
LogPluginManager: Mounting plugin NullSourceCodeAccess
LogPluginManager: Mounting plugin PerforceSourceControl
LogPluginManager: Mounting plugin SubversionSourceControl
LogPluginManager: Mounting plugin UObjectPlugin
LogPluginManager: Mounting plugin VisualStudioCodeSourceCodeAccess
LogPluginManager: Mounting plugin VisualStudioSourceCodeAccess
LogPluginManager: Mounting plugin XCodeSourceCodeAccess
LogPluginManager: Mounting plugin AssetManagerEditor
LogPluginManager: Mounting plugin CryptoKeys
LogPluginManager: Mounting plugin CurveEditorTools
LogPluginManager: Mounting plugin DataValidation
LogPluginManager: Mounting plugin FacialAnimation
LogPluginManager: Mounting plugin GameplayTagsEditor
LogPluginManager: Mounting plugin MacGraphicsSwitching
LogPluginManager: Mounting plugin MaterialAnalyzer
LogPluginManager: Mounting plugin MobileLauncherProfileWizard
LogPluginManager: Mounting plugin PluginBrowser
LogPluginManager: Mounting plugin SpeedTreeImporter
LogPluginManager: Mounting plugin DatasmithContent
LogPluginManager: Mounting plugin VariantManagerContent
LogPluginManager: Mounting plugin AlembicImporter
LogPluginManager: Mounting plugin AutomationUtils
LogPluginManager: Mounting plugin BackChannel
LogPluginManager: Mounting plugin CharacterAI
LogPluginManager: Mounting plugin GeometryCache
LogPluginManager: Mounting plugin HTML5Networking
LogPluginManager: Mounting plugin PlatformCrypto
LogPluginManager: Mounting plugin ProxyLODPlugin
LogPluginManager: Mounting plugin SkeletalReduction
LogPluginManager: Mounting plugin MagicLeap
LogPluginManager: Mounting plugin MagicLeapMedia
LogPluginManager: Mounting plugin AndroidMedia
LogPluginManager: Mounting plugin AvfMedia
LogPluginManager: Mounting plugin ImgMedia
LogPluginManager: Mounting plugin MediaCompositing
LogPluginManager: Mounting plugin MediaPlayerEditor
LogPluginManager: Mounting plugin WebMMedia
LogPluginManager: Mounting plugin WmfMedia
LogPluginManager: Mounting plugin TcpMessaging
LogPluginManager: Mounting plugin UdpMessaging
LogPluginManager: Mounting plugin ActorSequence
LogPluginManager: Mounting plugin LevelSequenceEditor
LogPluginManager: Mounting plugin MatineeToLevelSequence
LogPluginManager: Mounting plugin NetcodeUnitTest
LogPluginManager: Mounting plugin NUTUnrealEngine4
LogPluginManager: Mounting plugin OnlineSubsystemGooglePlay
LogPluginManager: Mounting plugin OnlineSubsystemIOS
LogPluginManager: Mounting plugin OnlineSubsystem
LogPluginManager: Mounting plugin OnlineSubsystemNull
LogPluginManager: Mounting plugin OnlineSubsystemUtils
LogPluginManager: Mounting plugin LauncherChunkInstaller
LogPluginManager: Mounting plugin AndroidDeviceProfileSelector
LogPluginManager: Mounting plugin AndroidMoviePlayer
LogPluginManager: Mounting plugin AndroidPermission
LogPluginManager: Mounting plugin AppleImageUtils
LogPluginManager: Mounting plugin AppleMoviePlayer
LogPluginManager: Mounting plugin ArchVisCharacter
LogPluginManager: Mounting plugin AudioCapture
LogPluginManager: Mounting plugin CableComponent
LogPluginManager: Mounting plugin CustomMeshComponent
LogPluginManager: Mounting plugin EditableMesh
LogPluginManager: Mounting plugin ExampleDeviceProfileSelector
LogPluginManager: Mounting plugin GoogleCloudMessaging
LogPluginManager: Mounting plugin IOSDeviceProfileSelector
LogPluginManager: Mounting plugin LinuxDeviceProfileSelector
LogPluginManager: Mounting plugin LocationServicesBPLibrary
LogPluginManager: Mounting plugin MobilePatchingUtils
LogPluginManager: Mounting plugin OculusVR
LogPluginManager: Mounting plugin PhysXVehicles
LogPluginManager: Mounting plugin ProceduralMeshComponent
LogPluginManager: Mounting plugin RuntimePhysXCooking
LogPluginManager: Mounting plugin SignificanceManager
LogPluginManager: Mounting plugin SteamVR
LogPluginManager: Mounting plugin WebMMoviePlayer
LogPluginManager: Mounting plugin WindowsMoviePlayer
LogPluginManager: Mounting plugin ScreenshotTools
LogInit: Using libcurl 7.55.1-DEV
LogInit:  - built for x86_64-pc-win32
LogInit:  - supports SSL with OpenSSL/1.1.1
LogInit:  - supports HTTP deflate (compression) using libz 1.2.8
LogInit:  - other features:
LogInit:      CURL_VERSION_SSL
LogInit:      CURL_VERSION_LIBZ
LogInit:      CURL_VERSION_IPV6
LogInit:      CURL_VERSION_ASYNCHDNS
LogInit:      CURL_VERSION_LARGEFILE
LogInit:      CURL_VERSION_IDN
LogInit:  CurlRequestOptions (configurable via config and command line):
LogInit:  - bVerifyPeer = true  - Libcurl will verify peer certificate
LogInit:  - bUseHttpProxy = false  - Libcurl will NOT use HTTP proxy
LogInit:  - bDontReuseConnections = false  - Libcurl will reuse connections
LogInit:  - MaxHostConnections = 16  - Libcurl will limit the number of connections to a host
LogInit:  - LocalHostAddr = Default
LogInit:  - BufferSize = 65536
LogOnline: OSS: Creating online subsystem instance for: NULL
LogInit: WinSock: version 1.1 (2.2), MaxSocks=32767, MaxUdp=65467
LogInit: Build: ++UE4+Release-4.23-CL-9631420
LogInit: Engine Version: 4.23.1-9631420+++UE4+Release-4.23
LogInit: Compatible Engine Version: 4.23.0-8386587+++UE4+Release-4.23
LogInit: Net CL: 8386587
LogInit: OS: Windows 10 (Release 1903) (), CPU: Intel(R) Core(TM) i5-4460  CPU @ 3.20GHz, GPU: AMD Radeon R9 200 Series
LogInit: Compiled (64-bit): Oct 18 2019 02:07:44
LogInit: Compiled with Visual C++: 19.16.27030.01
LogInit: Build Configuration: Development
LogInit: Branch Name: ++UE4+Release-4.23
LogInit: Command Line: 
LogInit: Base Directory: E:/Unreal Engine/UE_4.23/Engine/Binaries/Win64/
LogInit: Installed Engine Build: 1
LogDevObjectVersion: Number of dev versions registered: 23
LogDevObjectVersion:   Dev-Blueprints (B0D832E4-1F89-4F0D-ACCF-7EB736FD4AA2): 10
LogDevObjectVersion:   Dev-Build (E1C64328-A22C-4D53-A36C-8E866417BD8C): 0
LogDevObjectVersion:   Dev-Core (375EC13C-06E4-48FB-B500-84F0262A717E): 3
LogDevObjectVersion:   Dev-Editor (E4B068ED-F494-42E9-A231-DA0B2E46BB41): 34
LogDevObjectVersion:   Dev-Framework (CFFC743F-43B0-4480-9391-14DF171D2073): 35
LogDevObjectVersion:   Dev-Mobile (B02B49B5-BB20-44E9-A304-32B752E40360): 2
LogDevObjectVersion:   Dev-Networking (A4E4105C-59A1-49B5-A7C5-40C4547EDFEE): 0
LogDevObjectVersion:   Dev-Online (39C831C9-5AE6-47DC-9A44-9C173E1C8E7C): 0
LogDevObjectVersion:   Dev-Physics (78F01B33-EBEA-4F98-B9B4-84EACCB95AA2): 0
LogDevObjectVersion:   Dev-Platform (6631380F-2D4D-43E0-8009-CF276956A95A): 0
LogDevObjectVersion:   Dev-Rendering (12F88B9F-8875-4AFC-A67C-D90C383ABD29): 31
LogDevObjectVersion:   Dev-Sequencer (7B5AE74C-D270-4C10-A958-57980B212A5A): 11
LogDevObjectVersion:   Dev-VR (D7296918-1DD6-4BDD-9DE2-64A83CC13884): 2
LogDevObjectVersion:   Dev-LoadTimes (C2A15278-BFE7-4AFE-6C17-90FF531DF755): 1
LogDevObjectVersion:   Private-Geometry (6EACA3D4-40EC-4CC1-B786-8BED09428FC5): 3
LogDevObjectVersion:   Dev-AnimPhys (29E575DD-E0A3-4627-9D10-D276232CDCEA): 17
LogDevObjectVersion:   Dev-Anim (AF43A65D-7FD3-4947-9873-3E8ED9C1BB05): 2
LogDevObjectVersion:   Dev-ReflectionCapture (6B266CEC-1EC7-4B8F-A30B-E4D90942FC07): 1
LogDevObjectVersion:   Dev-Automation (0DF73D61-A23F-47EA-B727-89E90C41499A): 1
LogDevObjectVersion:   FortniteMain (601D1886-AC64-4F84-AA16-D3DE0DEAC7D6): 27
LogDevObjectVersion:   Dev-Enterprise (9DFFBCD6-494F-0158-E221-12823C92A888): 6
LogDevObjectVersion:   Dev-Niagara (F2AED0AC-9AFE-416F-8664-AA7FFA26D6FC): 1
LogDevObjectVersion:   Dev-Destruction (174F1F0B-B4C6-45A5-B13F-2EE8D0FB917D): 9
LogInit: Presizing for max 16777216 objects, including 0 objects not considered by GC, pre-allocating 0 bytes for permanent pool.
LogInit: Object subsystem initialized
LogConfig: Setting CVar [[con.DebugEarlyDefault:1]]
LogConfig: Setting CVar [[r.setres:1280x720]]
[2020.05.08-20.52.58:425][  0]LogConfig: Setting CVar [[r.VSync:0]]
[2020.05.08-20.52.58:425][  0]LogConfig: Setting CVar [[r.RHICmdBypass:0]]
[2020.05.08-20.52.58:428][  0]LogConfig: Applying CVar settings from Section [/Script/Engine.RendererSettings] File [E:/Uni Stuff/Final Year Project/Games and Game Design Doc/GameSegments/Non-diegetic game segment/NonDiegetic/Saved/Config/Windows/Engine.ini]
[2020.05.08-20.52.58:428][  0]LogConfig: Setting CVar [[r.GPUCrashDebugging:0]]
[2020.05.08-20.52.58:428][  0]LogConfig: Applying CVar settings from Section [/Script/Engine.RendererOverrideSettings] File [E:/Uni Stuff/Final Year Project/Games and Game Design Doc/GameSegments/Non-diegetic game segment/NonDiegetic/Saved/Config/Windows/Engine.ini]
[2020.05.08-20.52.58:428][  0]LogConfig: Applying CVar settings from Section [/Script/Engine.StreamingSettings] File [E:/Uni Stuff/Final Year Project/Games and Game Design Doc/GameSegments/Non-diegetic game segment/NonDiegetic/Saved/Config/Windows/Engine.ini]
[2020.05.08-20.52.58:428][  0]LogConfig: Setting CVar [[s.MinBulkDataSizeForAsyncLoading:131072]]
[2020.05.08-20.52.58:428][  0]LogConfig: Setting CVar [[s.AsyncLoadingThreadEnabled:0]]
[2020.05.08-20.52.58:428][  0]LogConfig: Setting CVar [[s.EventDrivenLoaderEnabled:1]]
[2020.05.08-20.52.58:428][  0]LogConfig: Setting CVar [[s.WarnIfTimeLimitExceeded:0]]
[2020.05.08-20.52.58:428][  0]LogConfig: Setting CVar [[s.TimeLimitExceededMultiplier:1.5]]
[2020.05.08-20.52.58:428][  0]LogConfig: Setting CVar [[s.TimeLimitExceededMinTime:0.005]]
[2020.05.08-20.52.58:428][  0]LogConfig: Setting CVar [[s.UseBackgroundLevelStreaming:1]]
[2020.05.08-20.52.58:428][  0]LogConfig: Setting CVar [[s.PriorityAsyncLoadingExtraTime:15.0]]
[2020.05.08-20.52.58:428][  0]LogConfig: Setting CVar [[s.LevelStreamingActorsUpdateTimeLimit:5.0]]
[2020.05.08-20.52.58:428][  0]LogConfig: Setting CVar [[s.PriorityLevelStreamingActorsUpdateExtraTime:5.0]]
[2020.05.08-20.52.58:428][  0]LogConfig: Setting CVar [[s.LevelStreamingComponentsRegistrationGranularity:10]]
[2020.05.08-20.52.58:428][  0]LogConfig: Setting CVar [[s.UnregisterComponentsTimeLimit:1.0]]
[2020.05.08-20.52.58:428][  0]LogConfig: Setting CVar [[s.LevelStreamingComponentsUnregistrationGranularity:5]]
[2020.05.08-20.52.58:428][  0]LogConfig: Applying CVar settings from Section [/Script/Engine.GarbageCollectionSettings] File [E:/Uni Stuff/Final Year Project/Games and Game Design Doc/GameSegments/Non-diegetic game segment/NonDiegetic/Saved/Config/Windows/Engine.ini]
[2020.05.08-20.52.58:428][  0]LogConfig: Setting CVar [[gc.MaxObjectsNotConsideredByGC:1]]
[2020.05.08-20.52.58:428][  0]LogConfig: Setting CVar [[gc.SizeOfPermanentObjectPool:0]]
[2020.05.08-20.52.58:428][  0]LogConfig: Setting CVar [[gc.FlushStreamingOnGC:0]]
[2020.05.08-20.52.58:428][  0]LogConfig: Setting CVar [[gc.NumRetriesBeforeForcingGC:10]]
[2020.05.08-20.52.58:428][  0]LogConfig: Setting CVar [[gc.AllowParallelGC:1]]
[2020.05.08-20.52.58:428][  0]LogConfig: Setting CVar [[gc.TimeBetweenPurgingPendingKillObjects:61.1]]
[2020.05.08-20.52.58:428][  0]LogConfig: Setting CVar [[gc.MaxObjectsInEditor:16777216]]
[2020.05.08-20.52.58:428][  0]LogConfig: Setting CVar [[gc.IncrementalBeginDestroyEnabled:1]]
[2020.05.08-20.52.58:428][  0]LogConfig: Setting CVar [[gc.CreateGCClusters:1]]
[2020.05.08-20.52.58:428][  0]LogConfig: Setting CVar [[gc.MinGCClusterSize:5]]
[2020.05.08-20.52.58:428][  0]LogConfig: Setting CVar [[gc.ActorClusteringEnabled:0]]
[2020.05.08-20.52.58:428][  0]LogConfig: Setting CVar [[gc.BlueprintClusteringEnabled:0]]
[2020.05.08-20.52.58:428][  0]LogConfig: Setting CVar [[gc.UseDisregardForGCOnDedicatedServers:0]]
[2020.05.08-20.52.58:428][  0]LogConfig: Applying CVar settings from Section [/Script/Engine.NetworkSettings] File [E:/Uni Stuff/Final Year Project/Games and Game Design Doc/GameSegments/Non-diegetic game segment/NonDiegetic/Saved/Config/Windows/Engine.ini]
[2020.05.08-20.52.58:428][  0]LogConfig: Applying CVar settings from Section [/Script/UnrealEd.CookerSettings] File [E:/Uni Stuff/Final Year Project/Games and Game Design Doc/GameSegments/Non-diegetic game segment/NonDiegetic/Saved/Config/Windows/Engine.ini]
[2020.05.08-20.52.58:493][  0]LogConfig: Applying CVar settings from Section [ViewDistanceQuality@3] File [E:/Uni Stuff/Final Year Project/Games and Game Design Doc/GameSegments/Non-diegetic game segment/NonDiegetic/Saved/Config/Windows/Scalability.ini]
[2020.05.08-20.52.58:493][  0]LogConfig: Setting CVar [[r.SkeletalMeshLODBias:0]]
[2020.05.08-20.52.58:493][  0]LogConfig: Setting CVar [[r.ViewDistanceScale:1.0]]
[2020.05.08-20.52.58:493][  0]LogConfig: Applying CVar settings from Section [AntiAliasingQuality@3] File [E:/Uni Stuff/Final Year Project/Games and Game Design Doc/GameSegments/Non-diegetic game segment/NonDiegetic/Saved/Config/Windows/Scalability.ini]
[2020.05.08-20.52.58:493][  0]LogConfig: Setting CVar [[r.PostProcessAAQuality:4]]
[2020.05.08-20.52.58:493][  0]LogConfig: Applying CVar settings from Section [ShadowQuality@3] File [E:/Uni Stuff/Final Year Project/Games and Game Design Doc/GameSegments/Non-diegetic game segment/NonDiegetic/Saved/Config/Windows/Scalability.ini]
[2020.05.08-20.52.58:494][  0]LogConfig: Setting CVar [[r.LightFunctionQuality:1]]
[2020.05.08-20.52.58:494][  0]LogConfig: Setting CVar [[r.ShadowQuality:5]]
[2020.05.08-20.52.58:494][  0]LogConfig: Setting CVar [[r.Shadow.CSM.MaxCascades:10]]
[2020.05.08-20.52.58:494][  0]LogConfig: Setting CVar [[r.Shadow.MaxResolution:2048]]
[2020.05.08-20.52.58:494][  0]LogConfig: Setting CVar [[r.Shadow.MaxCSMResolution:2048]]
[2020.05.08-20.52.58:494][  0]LogConfig: Setting CVar [[r.Shadow.RadiusThreshold:0.01]]
[2020.05.08-20.52.58:494][  0]LogConfig: Setting CVar [[r.Shadow.DistanceScale:1.0]]
[2020.05.08-20.52.58:494][  0]LogConfig: Setting CVar [[r.Shadow.CSM.TransitionScale:1.0]]
[2020.05.08-20.52.58:494][  0]LogConfig: Setting CVar [[r.Shadow.PreShadowResolutionFactor:1.0]]
[2020.05.08-20.52.58:494][  0]LogConfig: Setting CVar [[r.DistanceFieldShadowing:1]]
[2020.05.08-20.52.58:494][  0]LogConfig: Setting CVar [[r.DistanceFieldAO:1]]
[2020.05.08-20.52.58:494][  0]LogConfig: Setting CVar [[r.AOQuality:2]]
[2020.05.08-20.52.58:494][  0]LogConfig: Setting CVar [[r.VolumetricFog:1]]
[2020.05.08-20.52.58:494][  0]LogConfig: Setting CVar [[r.VolumetricFog.GridPixelSize:8]]
[2020.05.08-20.52.58:494][  0]LogConfig: Setting CVar [[r.VolumetricFog.GridSizeZ:128]]
[2020.05.08-20.52.58:494][  0]LogConfig: Setting CVar [[r.VolumetricFog.HistoryMissSupersampleCount:4]]
[2020.05.08-20.52.58:494][  0]LogConfig: Setting CVar [[r.LightMaxDrawDistanceScale:1]]
[2020.05.08-20.52.58:494][  0]LogConfig: Setting CVar [[r.CapsuleShadows:1]]
[2020.05.08-20.52.58:494][  0]LogConfig: Applying CVar settings from Section [PostProcessQuality@3] File [E:/Uni Stuff/Final Year Project/Games and Game Design Doc/GameSegments/Non-diegetic game segment/NonDiegetic/Saved/Config/Windows/Scalability.ini]
[2020.05.08-20.52.58:494][  0]LogConfig: Setting CVar [[r.MotionBlurQuality:4]]
[2020.05.08-20.52.58:494][  0]LogConfig: Setting CVar [[r.AmbientOcclusionMipLevelFactor:0.4]]
[2020.05.08-20.52.58:494][  0]LogConfig: Setting CVar [[r.AmbientOcclusionMaxQuality:100]]
[2020.05.08-20.52.58:494][  0]LogConfig: Setting CVar [[r.AmbientOcclusionLevels:-1]]
[2020.05.08-20.52.58:494][  0]LogConfig: Setting CVar [[r.AmbientOcclusionRadiusScale:1.0]]
[2020.05.08-20.52.58:494][  0]LogConfig: Setting CVar [[r.DepthOfFieldQuality:2]]
[2020.05.08-20.52.58:494][  0]LogConfig: Setting CVar [[r.RenderTargetPoolMin:400]]
[2020.05.08-20.52.58:494][  0]LogConfig: Setting CVar [[r.LensFlareQuality:2]]
[2020.05.08-20.52.58:494][  0]LogConfig: Setting CVar [[r.SceneColorFringeQuality:1]]
[2020.05.08-20.52.58:494][  0]LogConfig: Setting CVar [[r.EyeAdaptationQuality:2]]
[2020.05.08-20.52.58:494][  0]LogConfig: Setting CVar [[r.BloomQuality:5]]
[2020.05.08-20.52.58:494][  0]LogConfig: Setting CVar [[r.FastBlurThreshold:100]]
[2020.05.08-20.52.58:494][  0]LogConfig: Setting CVar [[r.Upscale.Quality:3]]
[2020.05.08-20.52.58:494][  0]LogConfig: Setting CVar [[r.Tonemapper.GrainQuantization:1]]
[2020.05.08-20.52.58:494][  0]LogConfig: Setting CVar [[r.LightShaftQuality:1]]
[2020.05.08-20.52.58:494][  0]LogConfig: Setting CVar [[r.Filter.SizeScale:1]]
[2020.05.08-20.52.58:494][  0]LogConfig: Setting CVar [[r.Tonemapper.Quality:5]]
[2020.05.08-20.52.58:494][  0]LogConfig: Setting CVar [[r.DOF.Gather.AccumulatorQuality:1        ; higher gathering accumulator quality]]
[2020.05.08-20.52.58:494][  0]LogConfig: Setting CVar [[r.DOF.Gather.PostfilterMethod:1          ; Median3x3 postfilering method]]
[2020.05.08-20.52.58:494][  0]LogConfig: Setting CVar [[r.DOF.Gather.EnableBokehSettings:0       ; no bokeh simulation when gathering]]
[2020.05.08-20.52.58:494][  0]LogConfig: Setting CVar [[r.DOF.Gather.RingCount:4                 ; medium number of samples when gathering]]
[2020.05.08-20.52.58:494][  0]LogConfig: Setting CVar [[r.DOF.Scatter.ForegroundCompositing:1    ; additive foreground scattering]]
[2020.05.08-20.52.58:494][  0]LogConfig: Setting CVar [[r.DOF.Scatter.BackgroundCompositing:2    ; additive background scattering]]
[2020.05.08-20.52.58:494][  0]LogConfig: Setting CVar [[r.DOF.Scatter.EnableBokehSettings:1      ; bokeh simulation when scattering]]
[2020.05.08-20.52.58:494][  0]LogConfig: Setting CVar [[r.DOF.Scatter.MaxSpriteRatio:0.1         ; only a maximum of 10% of scattered bokeh]]
[2020.05.08-20.52.58:494][  0]LogConfig: Setting CVar [[r.DOF.Recombine.Quality:1                ; cheap slight out of focus]]
[2020.05.08-20.52.58:494][  0]LogConfig: Setting CVar [[r.DOF.Recombine.EnableBokehSettings:0    ; no bokeh simulation on slight out of focus]]
[2020.05.08-20.52.58:494][  0]LogConfig: Setting CVar [[r.DOF.TemporalAAQuality:1                ; more stable temporal accumulation]]
[2020.05.08-20.52.58:494][  0]LogConfig: Setting CVar [[r.DOF.Kernel.MaxForegroundRadius:0.025]]
[2020.05.08-20.52.58:494][  0]LogConfig: Setting CVar [[r.DOF.Kernel.MaxBackgroundRadius:0.025]]
[2020.05.08-20.52.58:494][  0]LogConfig: Applying CVar settings from Section [TextureQuality@3] File [E:/Uni Stuff/Final Year Project/Games and Game Design Doc/GameSegments/Non-diegetic game segment/NonDiegetic/Saved/Config/Windows/Scalability.ini]
[2020.05.08-20.52.58:494][  0]LogConfig: Setting CVar [[r.Streaming.MipBias:0]]
[2020.05.08-20.52.58:494][  0]LogConfig: Setting CVar [[r.Streaming.AmortizeCPUToGPUCopy:0]]
[2020.05.08-20.52.58:494][  0]LogConfig: Setting CVar [[r.Streaming.MaxNumTexturesToStreamPerFrame:0]]
[2020.05.08-20.52.58:494][  0]LogConfig: Setting CVar [[r.Streaming.Boost:1]]
[2020.05.08-20.52.58:494][  0]LogConfig: Setting CVar [[r.MaxAnisotropy:8]]
[2020.05.08-20.52.58:494][  0]LogConfig: Setting CVar [[r.Streaming.LimitPoolSizeToVRAM:0]]
[2020.05.08-20.52.58:494][  0]LogConfig: Setting CVar [[r.Streaming.PoolSize:1000]]
[2020.05.08-20.52.58:495][  0]LogConfig: Setting CVar [[r.Streaming.MaxEffectiveScreenSize:0]]
[2020.05.08-20.52.58:495][  0]LogConfig: Applying CVar settings from Section [EffectsQuality@3] File [E:/Uni Stuff/Final Year Project/Games and Game Design Doc/GameSegments/Non-diegetic game segment/NonDiegetic/Saved/Config/Windows/Scalability.ini]
[2020.05.08-20.52.58:495][  0]LogConfig: Setting CVar [[r.TranslucencyLightingVolumeDim:64]]
[2020.05.08-20.52.58:495][  0]LogConfig: Setting CVar [[r.RefractionQuality:2]]
[2020.05.08-20.52.58:495][  0]LogConfig: Setting CVar [[r.SSR.Quality:3]]
[2020.05.08-20.52.58:495][  0]LogConfig: Setting CVar [[r.SceneColorFormat:4]]
[2020.05.08-20.52.58:495][  0]LogConfig: Setting CVar [[r.DetailMode:2]]
[2020.05.08-20.52.58:495][  0]LogConfig: Setting CVar [[r.TranslucencyVolumeBlur:1]]
[2020.05.08-20.52.58:495][  0]LogConfig: Setting CVar [[r.MaterialQualityLevel:1 ; High quality]]
[2020.05.08-20.52.58:495][  0]LogConfig: Setting CVar [[r.SSS.Scale:1]]
[2020.05.08-20.52.58:495][  0]LogConfig: Setting CVar [[r.SSS.SampleSet:2]]
[2020.05.08-20.52.58:495][  0]LogConfig: Setting CVar [[r.SSS.Quality:1]]
[2020.05.08-20.52.58:495][  0]LogConfig: Setting CVar [[r.SSS.HalfRes:1]]
[2020.05.08-20.52.58:495][  0]LogConfig: Setting CVar [[r.EmitterSpawnRateScale:1.0]]
[2020.05.08-20.52.58:495][  0]LogConfig: Setting CVar [[r.ParticleLightQuality:2]]
[2020.05.08-20.52.58:495][  0]LogConfig: Applying CVar settings from Section [FoliageQuality@3] File [E:/Uni Stuff/Final Year Project/Games and Game Design Doc/GameSegments/Non-diegetic game segment/NonDiegetic/Saved/Config/Windows/Scalability.ini]
[2020.05.08-20.52.58:495][  0]LogConfig: Setting CVar [[foliage.DensityScale:1.0]]
[2020.05.08-20.52.58:495][  0]LogConfig: Setting CVar [[grass.DensityScale:1.0]]
[2020.05.08-20.52.58:502][  0]LogInit: Selected Device Profile: [Windows]
[2020.05.08-20.52.58:507][  0]LogInit: Applying CVar settings loaded from the selected device profile: [Windows]
[2020.05.08-20.52.58:540][  0]LogHAL: Display: Platform has ~ 8 GB [8481812480 / 8589934592 / 8], which maps to Default [LargestMinGB=32, LargerMinGB=12, DefaultMinGB=8, SmallerMinGB=6, SmallestMinGB=0)
[2020.05.08-20.52.58:540][  0]LogInit: Going up to parent DeviceProfile []
[2020.05.08-20.52.58:541][  0]LogConfig: Applying CVar settings from Section [ViewDistanceQuality@3] File [E:/Uni Stuff/Final Year Project/Games and Game Design Doc/GameSegments/Non-diegetic game segment/NonDiegetic/Saved/Config/Windows/Scalability.ini]
[2020.05.08-20.52.58:541][  0]LogConfig: Setting CVar [[r.SkeletalMeshLODBias:0]]
[2020.05.08-20.52.58:541][  0]LogConfig: Setting CVar [[r.ViewDistanceScale:1.0]]
[2020.05.08-20.52.58:541][  0]LogConfig: Applying CVar settings from Section [AntiAliasingQuality@3] File [E:/Uni Stuff/Final Year Project/Games and Game Design Doc/GameSegments/Non-diegetic game segment/NonDiegetic/Saved/Config/Windows/Scalability.ini]
[2020.05.08-20.52.58:541][  0]LogConfig: Setting CVar [[r.PostProcessAAQuality:4]]
[2020.05.08-20.52.58:541][  0]LogConfig: Applying CVar settings from Section [ShadowQuality@3] File [E:/Uni Stuff/Final Year Project/Games and Game Design Doc/GameSegments/Non-diegetic game segment/NonDiegetic/Saved/Config/Windows/Scalability.ini]
[2020.05.08-20.52.58:543][  0]LogConfig: Setting CVar [[r.LightFunctionQuality:1]]
[2020.05.08-20.52.58:543][  0]LogConfig: Setting CVar [[r.ShadowQuality:5]]
[2020.05.08-20.52.58:543][  0]LogConfig: Setting CVar [[r.Shadow.CSM.MaxCascades:10]]
[2020.05.08-20.52.58:543][  0]LogConfig: Setting CVar [[r.Shadow.MaxResolution:2048]]
[2020.05.08-20.52.58:543][  0]LogConfig: Setting CVar [[r.Shadow.MaxCSMResolution:2048]]
[2020.05.08-20.52.58:543][  0]LogConfig: Setting CVar [[r.Shadow.RadiusThreshold:0.01]]
[2020.05.08-20.52.58:543][  0]LogConfig: Setting CVar [[r.Shadow.DistanceScale:1.0]]
[2020.05.08-20.52.58:543][  0]LogConfig: Setting CVar [[r.Shadow.CSM.TransitionScale:1.0]]
[2020.05.08-20.52.58:543][  0]LogConfig: Setting CVar [[r.Shadow.PreShadowResolutionFactor:1.0]]
[2020.05.08-20.52.58:543][  0]LogConfig: Setting CVar [[r.DistanceFieldShadowing:1]]
[2020.05.08-20.52.58:543][  0]LogConfig: Setting CVar [[r.DistanceFieldAO:1]]
[2020.05.08-20.52.58:543][  0]LogConfig: Setting CVar [[r.AOQuality:2]]
[2020.05.08-20.52.58:543][  0]LogConfig: Setting CVar [[r.VolumetricFog:1]]
[2020.05.08-20.52.58:543][  0]LogConfig: Setting CVar [[r.VolumetricFog.GridPixelSize:8]]
[2020.05.08-20.52.58:543][  0]LogConfig: Setting CVar [[r.VolumetricFog.GridSizeZ:128]]
[2020.05.08-20.52.58:543][  0]LogConfig: Setting CVar [[r.VolumetricFog.HistoryMissSupersampleCount:4]]
[2020.05.08-20.52.58:543][  0]LogConfig: Setting CVar [[r.LightMaxDrawDistanceScale:1]]
[2020.05.08-20.52.58:543][  0]LogConfig: Setting CVar [[r.CapsuleShadows:1]]
[2020.05.08-20.52.58:543][  0]LogConfig: Applying CVar settings from Section [PostProcessQuality@3] File [E:/Uni Stuff/Final Year Project/Games and Game Design Doc/GameSegments/Non-diegetic game segment/NonDiegetic/Saved/Config/Windows/Scalability.ini]
[2020.05.08-20.52.58:543][  0]LogConfig: Setting CVar [[r.MotionBlurQuality:4]]
[2020.05.08-20.52.58:543][  0]LogConfig: Setting CVar [[r.AmbientOcclusionMipLevelFactor:0.4]]
[2020.05.08-20.52.58:543][  0]LogConfig: Setting CVar [[r.AmbientOcclusionMaxQuality:100]]
[2020.05.08-20.52.58:543][  0]LogConfig: Setting CVar [[r.AmbientOcclusionLevels:-1]]
[2020.05.08-20.52.58:543][  0]LogConfig: Setting CVar [[r.AmbientOcclusionRadiusScale:1.0]]
[2020.05.08-20.52.58:543][  0]LogConfig: Setting CVar [[r.DepthOfFieldQuality:2]]
[2020.05.08-20.52.58:543][  0]LogConfig: Setting CVar [[r.RenderTargetPoolMin:400]]
[2020.05.08-20.52.58:543][  0]LogConfig: Setting CVar [[r.LensFlareQuality:2]]
[2020.05.08-20.52.58:543][  0]LogConfig: Setting CVar [[r.SceneColorFringeQuality:1]]
[2020.05.08-20.52.58:543][  0]LogConfig: Setting CVar [[r.EyeAdaptationQuality:2]]
[2020.05.08-20.52.58:543][  0]LogConfig: Setting CVar [[r.BloomQuality:5]]
[2020.05.08-20.52.58:544][  0]LogConfig: Setting CVar [[r.FastBlurThreshold:100]]
[2020.05.08-20.52.58:544][  0]LogConfig: Setting CVar [[r.Upscale.Quality:3]]
[2020.05.08-20.52.58:544][  0]LogConfig: Setting CVar [[r.Tonemapper.GrainQuantization:1]]
[2020.05.08-20.52.58:544][  0]LogConfig: Setting CVar [[r.LightShaftQuality:1]]
[2020.05.08-20.52.58:544][  0]LogConfig: Setting CVar [[r.Filter.SizeScale:1]]
[2020.05.08-20.52.58:544][  0]LogConfig: Setting CVar [[r.Tonemapper.Quality:5]]
[2020.05.08-20.52.58:544][  0]LogConfig: Setting CVar [[r.DOF.Gather.AccumulatorQuality:1        ; higher gathering accumulator quality]]
[2020.05.08-20.52.58:544][  0]LogConfig: Setting CVar [[r.DOF.Gather.PostfilterMethod:1          ; Median3x3 postfilering method]]
[2020.05.08-20.52.58:544][  0]LogConfig: Setting CVar [[r.DOF.Gather.EnableBokehSettings:0       ; no bokeh simulation when gathering]]
[2020.05.08-20.52.58:544][  0]LogConfig: Setting CVar [[r.DOF.Gather.RingCount:4                 ; medium number of samples when gathering]]
[2020.05.08-20.52.58:544][  0]LogConfig: Setting CVar [[r.DOF.Scatter.ForegroundCompositing:1    ; additive foreground scattering]]
[2020.05.08-20.52.58:544][  0]LogConfig: Setting CVar [[r.DOF.Scatter.BackgroundCompositing:2    ; additive background scattering]]
[2020.05.08-20.52.58:544][  0]LogConfig: Setting CVar [[r.DOF.Scatter.EnableBokehSettings:1      ; bokeh simulation when scattering]]
[2020.05.08-20.52.58:544][  0]LogConfig: Setting CVar [[r.DOF.Scatter.MaxSpriteRatio:0.1         ; only a maximum of 10% of scattered bokeh]]
[2020.05.08-20.52.58:544][  0]LogConfig: Setting CVar [[r.DOF.Recombine.Quality:1                ; cheap slight out of focus]]
[2020.05.08-20.52.58:544][  0]LogConfig: Setting CVar [[r.DOF.Recombine.EnableBokehSettings:0    ; no bokeh simulation on slight out of focus]]
[2020.05.08-20.52.58:544][  0]LogConfig: Setting CVar [[r.DOF.TemporalAAQuality:1                ; more stable temporal accumulation]]
[2020.05.08-20.52.58:544][  0]LogConfig: Setting CVar [[r.DOF.Kernel.MaxForegroundRadius:0.025]]
[2020.05.08-20.52.58:544][  0]LogConfig: Setting CVar [[r.DOF.Kernel.MaxBackgroundRadius:0.025]]
[2020.05.08-20.52.58:544][  0]LogConfig: Applying CVar settings from Section [TextureQuality@3] File [E:/Uni Stuff/Final Year Project/Games and Game Design Doc/GameSegments/Non-diegetic game segment/NonDiegetic/Saved/Config/Windows/Scalability.ini]
[2020.05.08-20.52.58:544][  0]LogConfig: Setting CVar [[r.Streaming.MipBias:0]]
[2020.05.08-20.52.58:544][  0]LogConfig: Setting CVar [[r.Streaming.AmortizeCPUToGPUCopy:0]]
[2020.05.08-20.52.58:544][  0]LogConfig: Setting CVar [[r.Streaming.MaxNumTexturesToStreamPerFrame:0]]
[2020.05.08-20.52.58:544][  0]LogConfig: Setting CVar [[r.Streaming.Boost:1]]
[2020.05.08-20.52.58:544][  0]LogConfig: Setting CVar [[r.MaxAnisotropy:8]]
[2020.05.08-20.52.58:544][  0]LogConfig: Setting CVar [[r.Streaming.LimitPoolSizeToVRAM:0]]
[2020.05.08-20.52.58:544][  0]LogConfig: Setting CVar [[r.Streaming.PoolSize:1000]]
[2020.05.08-20.52.58:544][  0]LogConfig: Setting CVar [[r.Streaming.MaxEffectiveScreenSize:0]]
[2020.05.08-20.52.58:544][  0]LogConfig: Applying CVar settings from Section [EffectsQuality@3] File [E:/Uni Stuff/Final Year Project/Games and Game Design Doc/GameSegments/Non-diegetic game segment/NonDiegetic/Saved/Config/Windows/Scalability.ini]
[2020.05.08-20.52.58:544][  0]LogConfig: Setting CVar [[r.TranslucencyLightingVolumeDim:64]]
[2020.05.08-20.52.58:545][  0]LogConfig: Setting CVar [[r.RefractionQuality:2]]
[2020.05.08-20.52.58:545][  0]LogConfig: Setting CVar [[r.SSR.Quality:3]]
[2020.05.08-20.52.58:545][  0]LogConfig: Setting CVar [[r.SceneColorFormat:4]]
[2020.05.08-20.52.58:545][  0]LogConfig: Setting CVar [[r.DetailMode:2]]
[2020.05.08-20.52.58:545][  0]LogConfig: Setting CVar [[r.TranslucencyVolumeBlur:1]]
[2020.05.08-20.52.58:545][  0]LogConfig: Setting CVar [[r.MaterialQualityLevel:1 ; High quality]]
[2020.05.08-20.52.58:545][  0]LogConfig: Setting CVar [[r.SSS.Scale:1]]
[2020.05.08-20.52.58:545][  0]LogConfig: Setting CVar [[r.SSS.SampleSet:2]]
[2020.05.08-20.52.58:545][  0]LogConfig: Setting CVar [[r.SSS.Quality:1]]
[2020.05.08-20.52.58:545][  0]LogConfig: Setting CVar [[r.SSS.HalfRes:1]]
[2020.05.08-20.52.58:545][  0]LogConfig: Setting CVar [[r.EmitterSpawnRateScale:1.0]]
[2020.05.08-20.52.58:545][  0]LogConfig: Setting CVar [[r.ParticleLightQuality:2]]
[2020.05.08-20.52.58:545][  0]LogConfig: Applying CVar settings from Section [FoliageQuality@3] File [E:/Uni Stuff/Final Year Project/Games and Game Design Doc/GameSegments/Non-diegetic game segment/NonDiegetic/Saved/Config/Windows/Scalability.ini]
[2020.05.08-20.52.58:545][  0]LogConfig: Setting CVar [[foliage.DensityScale:1.0]]
[2020.05.08-20.52.58:545][  0]LogConfig: Setting CVar [[grass.DensityScale:1.0]]
[2020.05.08-20.52.58:545][  0]LogConfig: Applying CVar settings from Section [Startup] File [../../../Engine/Config/ConsoleVariables.ini]
[2020.05.08-20.52.58:561][  0]LogConfig: Setting CVar [[net.UseAdaptiveNetUpdateFrequency:0]]
[2020.05.08-20.52.58:561][  0]LogConfig: Setting CVar [[p.chaos.AllowCreatePhysxBodies:1]]
[2020.05.08-20.52.58:561][  0]LogConfig: Applying CVar settings from Section [ConsoleVariables] File [E:/Uni Stuff/Final Year Project/Games and Game Design Doc/GameSegments/Non-diegetic game segment/NonDiegetic/Saved/Config/Windows/Engine.ini]
[2020.05.08-20.52.58:579][  0]LogInit: Computer: NATHAN-PC
[2020.05.08-20.52.58:579][  0]LogInit: User: Nathan
[2020.05.08-20.52.58:579][  0]LogInit: CPU Page size=4096, Cores=4
[2020.05.08-20.52.58:579][  0]LogInit: High frequency timer resolution =10.000000 MHz
[2020.05.08-20.52.58:580][  0]LogMemory: Memory total: Physical=7.9GB (8GB approx)
[2020.05.08-20.52.58:580][  0]LogMemory: Platform Memory Stats for Windows
[2020.05.08-20.52.58:580][  0]LogMemory: Process Physical Memory: 101.80 MB used, 101.80 MB peak
[2020.05.08-20.52.58:580][  0]LogMemory: Process Virtual Memory: 104.22 MB used, 104.22 MB peak
[2020.05.08-20.52.58:580][  0]LogMemory: Physical Memory: 4820.70 MB used,  3268.18 MB free, 8088.89 MB total
[2020.05.08-20.52.58:581][  0]LogMemory: Virtual Memory: 4659.58 MB used,  134213072.00 MB free, 134217728.00 MB total
[2020.05.08-20.52.58:636][  0]LogWindows: WindowsPlatformFeatures enabled
[2020.05.08-20.53.00:236][  0]LogInit: Using OS detected language (en-GB).
[2020.05.08-20.53.00:236][  0]LogInit: Using OS detected locale (en-GB).
[2020.05.08-20.53.00:274][  0]LogTextLocalizationManager: No specific localization for 'en-GB' exists, so the 'en' localization will be used.
[2020.05.08-20.53.01:239][  0]LogInit: Setting process to per monitor DPI aware
[2020.05.08-20.53.01:801][  0]LogSlate: New Slate User Created.  User Index 0, Is Virtual User: 0
[2020.05.08-20.53.01:801][  0]LogSlate: Slate User Registered.  User Index 0, Is Virtual User: 0
[2020.05.08-20.53.03:026][  0]LogHMD: Failed to initialize OpenVR with code 110
[2020.05.08-20.53.03:026][  0]LogD3D11RHI: D3D11 adapters:
[2020.05.08-20.53.03:051][  0]LogD3D11RHI:    0. 'AMD Radeon R9 200 Series' (Feature Level 11_0)
[2020.05.08-20.53.03:051][  0]LogD3D11RHI:       2028/0/4044 MB DedicatedVideo/DedicatedSystem/SharedSystem, Outputs:1, VendorId:0x1002
[2020.05.08-20.53.03:066][  0]LogD3D11RHI:    1. 'Intel(R) HD Graphics 4600' (Feature Level 11_0)
[2020.05.08-20.53.03:066][  0]LogD3D11RHI:       112/0/2048 MB DedicatedVideo/DedicatedSystem/SharedSystem, Outputs:0, VendorId:0x8086
[2020.05.08-20.53.03:068][  0]LogD3D11RHI:    2. 'Microsoft Basic Render Driver' (Feature Level 11_0)
[2020.05.08-20.53.03:068][  0]LogD3D11RHI:       0/0/4044 MB DedicatedVideo/DedicatedSystem/SharedSystem, Outputs:0, VendorId:0x1414
[2020.05.08-20.53.03:068][  0]LogD3D11RHI: Chosen D3D11 Adapter: 0
[2020.05.08-20.53.03:085][  0]LogD3D11RHI: Creating new Direct3DDevice
[2020.05.08-20.53.03:085][  0]LogD3D11RHI:     GPU DeviceId: 0x6810 (for the marketing name, search the web for "GPU Device Id")
[2020.05.08-20.53.03:086][  0]LogWindows: EnumDisplayDevices:
[2020.05.08-20.53.03:086][  0]LogWindows:    0. 'AMD Radeon R9 200 Series' (P:1 D:1)
[2020.05.08-20.53.03:087][  0]LogWindows:    1. 'AMD Radeon R9 200 Series' (P:0 D:0)
[2020.05.08-20.53.03:087][  0]LogWindows:    2. 'AMD Radeon R9 200 Series' (P:0 D:0)
[2020.05.08-20.53.03:088][  0]LogWindows:    3. 'AMD Radeon R9 200 Series' (P:0 D:0)
[2020.05.08-20.53.03:089][  0]LogWindows:    4. 'AMD Radeon R9 200 Series' (P:0 D:0)
[2020.05.08-20.53.03:089][  0]LogWindows:    5. 'AMD Radeon R9 200 Series' (P:0 D:0)
[2020.05.08-20.53.03:090][  0]LogWindows:    6. 'AMD Radeon R9 200 Series' (P:0 D:0)
[2020.05.08-20.53.03:091][  0]LogWindows:    7. 'AMD Radeon R9 200 Series' (P:0 D:0)
[2020.05.08-20.53.03:091][  0]LogWindows:    8. 'Intel(R) HD Graphics 4600' (P:0 D:0)
[2020.05.08-20.53.03:092][  0]LogWindows:    9. 'Intel(R) HD Graphics 4600' (P:0 D:0)
[2020.05.08-20.53.03:092][  0]LogWindows:    10. 'Intel(R) HD Graphics 4600' (P:0 D:0)
[2020.05.08-20.53.03:093][  0]LogWindows: DebugString: PrimaryIsNotTheChoosenAdapter PrimaryIsNotTheChoosenAdapter PrimaryIsNotTheChoosenAdapter FoundDriverCount:8 
[2020.05.08-20.53.03:093][  0]LogD3D11RHI:     Adapter Name: AMD Radeon R9 200 Series
[2020.05.08-20.53.03:093][  0]LogD3D11RHI:   Driver Version: Adrenalin 19.20 (internal:26.20.12028.2, unified:26.20.12028.2)
[2020.05.08-20.53.03:093][  0]LogD3D11RHI:      Driver Date: 8-16-2019
[2020.05.08-20.53.03:093][  0]LogRHI: Texture pool is 1419 MB (70% of 2028 MB)
[2020.05.08-20.53.03:151][  0]LogD3D11RHI: Async texture creation enabled
[2020.05.08-20.53.03:477][  0]LogD3D11RHI: GPU Timing Frequency: 27.000000 (Debug: 2 1)
[2020.05.08-20.53.04:845][  0]LogTemp: Display: Module 'AllDesktopTargetPlatform' loaded TargetPlatform 'AllDesktop'
[2020.05.08-20.53.04:921][  0]LogTemp: Display: Module 'MacClientTargetPlatform' loaded TargetPlatform 'MacClient'
[2020.05.08-20.53.04:998][  0]LogTemp: Display: Module 'MacNoEditorTargetPlatform' loaded TargetPlatform 'MacNoEditor'
[2020.05.08-20.53.05:063][  0]LogTemp: Display: Module 'MacServerTargetPlatform' loaded TargetPlatform 'MacServer'
[2020.05.08-20.53.05:195][  0]LogTemp: Display: Module 'MacTargetPlatform' loaded TargetPlatform 'Mac'
[2020.05.08-20.53.05:265][  0]LogTemp: Display: Module 'WindowsClientTargetPlatform' loaded TargetPlatform 'WindowsClient'
[2020.05.08-20.53.05:311][  0]LogTemp: Display: Module 'WindowsNoEditorTargetPlatform' loaded TargetPlatform 'WindowsNoEditor'
[2020.05.08-20.53.05:400][  0]LogTemp: Display: Module 'WindowsServerTargetPlatform' loaded TargetPlatform 'WindowsServer'
[2020.05.08-20.53.05:449][  0]LogTemp: Display: Module 'WindowsTargetPlatform' loaded TargetPlatform 'Windows'
[2020.05.08-20.53.05:543][  0]LogTemp: Display: Module 'AndroidTargetPlatform' loaded TargetPlatform 'Android'
[2020.05.08-20.53.05:543][  0]LogTemp: Display: Module 'AndroidTargetPlatform' loaded TargetPlatform 'Android_ASTC'
[2020.05.08-20.53.05:543][  0]LogTemp: Display: Module 'AndroidTargetPlatform' loaded TargetPlatform 'Android_ATC'
[2020.05.08-20.53.05:543][  0]LogTemp: Display: Module 'AndroidTargetPlatform' loaded TargetPlatform 'Android_DXT'
[2020.05.08-20.53.05:543][  0]LogTemp: Display: Module 'AndroidTargetPlatform' loaded TargetPlatform 'Android_ETC1'
[2020.05.08-20.53.05:543][  0]LogTemp: Display: Module 'AndroidTargetPlatform' loaded TargetPlatform 'Android_ETC1a'
[2020.05.08-20.53.05:543][  0]LogTemp: Display: Module 'AndroidTargetPlatform' loaded TargetPlatform 'Android_ETC2'
[2020.05.08-20.53.05:543][  0]LogTemp: Display: Module 'AndroidTargetPlatform' loaded TargetPlatform 'Android_PVRTC'
[2020.05.08-20.53.05:543][  0]LogTemp: Display: Module 'AndroidTargetPlatform' loaded TargetPlatform 'AndroidClient'
[2020.05.08-20.53.05:543][  0]LogTemp: Display: Module 'AndroidTargetPlatform' loaded TargetPlatform 'Android_ASTCClient'
[2020.05.08-20.53.05:543][  0]LogTemp: Display: Module 'AndroidTargetPlatform' loaded TargetPlatform 'Android_ATCClient'
[2020.05.08-20.53.05:543][  0]LogTemp: Display: Module 'AndroidTargetPlatform' loaded TargetPlatform 'Android_DXTClient'
[2020.05.08-20.53.05:543][  0]LogTemp: Display: Module 'AndroidTargetPlatform' loaded TargetPlatform 'Android_ETC1Client'
[2020.05.08-20.53.05:543][  0]LogTemp: Display: Module 'AndroidTargetPlatform' loaded TargetPlatform 'Android_ETC1aClient'
[2020.05.08-20.53.05:543][  0]LogTemp: Display: Module 'AndroidTargetPlatform' loaded TargetPlatform 'Android_ETC2Client'
[2020.05.08-20.53.05:543][  0]LogTemp: Display: Module 'AndroidTargetPlatform' loaded TargetPlatform 'Android_PVRTCClient'
[2020.05.08-20.53.05:543][  0]LogTemp: Display: Module 'AndroidTargetPlatform' loaded TargetPlatform 'Android_Multi'
[2020.05.08-20.53.05:543][  0]LogTemp: Display: Module 'AndroidTargetPlatform' loaded TargetPlatform 'Android_MultiClient'
[2020.05.08-20.53.05:682][  0]LogTemp: Display: Module 'HTML5TargetPlatform' loaded TargetPlatform 'HTML5'
[2020.05.08-20.53.06:089][  0]LogTemp: Display: Module 'IOSTargetPlatform' loaded TargetPlatform 'IOSClient'
[2020.05.08-20.53.06:089][  0]LogTemp: Display: Module 'IOSTargetPlatform' loaded TargetPlatform 'IOS'
[2020.05.08-20.53.06:174][  0]LogTemp: Display: Module 'TVOSTargetPlatform' loaded TargetPlatform 'TVOSClient'
[2020.05.08-20.53.06:174][  0]LogTemp: Display: Module 'TVOSTargetPlatform' loaded TargetPlatform 'TVOS'
[2020.05.08-20.53.06:268][  0]LogTemp: Display: Module 'LinuxClientTargetPlatform' loaded TargetPlatform 'LinuxClient'
[2020.05.08-20.53.06:322][  0]LogTemp: Display: Module 'LinuxNoEditorTargetPlatform' loaded TargetPlatform 'LinuxNoEditor'
[2020.05.08-20.53.06:361][  0]LogTemp: Display: Module 'LinuxServerTargetPlatform' loaded TargetPlatform 'LinuxServer'
[2020.05.08-20.53.06:458][  0]LogTemp: Display: Module 'LinuxTargetPlatform' loaded TargetPlatform 'Linux'
[2020.05.08-20.53.06:590][  0]LogTemp: Display: Module 'LuminTargetPlatform' loaded TargetPlatform 'Lumin'
[2020.05.08-20.53.06:590][  0]LogTemp: Display: Module 'LuminTargetPlatform' loaded TargetPlatform 'LuminClient'
[2020.05.08-20.53.06:591][  0]LogTargetPlatformManager: Display: Building Assets For Windows
[2020.05.08-20.53.07:121][  0]LogAudioDebug: Display: Lib vorbis DLL was dynamically loaded.
[2020.05.08-20.53.09:014][  0]LogShaderCompilers: Guid format shader working directory is -64 characters bigger than the processId version (../../../../../Uni Stuff/Final Year Project/Games and Game Design Doc/GameSegments/Non-diegetic game segment/NonDiegetic/Intermediate/Shaders/WorkingDirectory/25672/).
[2020.05.08-20.53.09:015][  0]LogShaderCompilers: Cleaned the shader compiler working directory 'C:/Users/Nathan.Nathan-PC/AppData/Local/Temp/UnrealShaderWorkingDir/624EE4FB4C7E6D0BC1679E94A9AD029E/'.
[2020.05.08-20.53.09:031][  0]LogXGEController: Cleaning working directory: C:/Users/Nathan.Nathan-PC/AppData/Local/Temp/UnrealXGEWorkingDir/
[2020.05.08-20.53.09:032][  0]LogXGEController: Cannot use XGE Controller as Incredibuild is not installed on this machine.
[2020.05.08-20.53.09:033][  0]LogShaderCompilers: Cannot use XGE Shader Compiler as Incredibuild is not installed on this machine.
[2020.05.08-20.53.09:033][  0]LogShaderCompilers: Display: Using Local Shader Compiler.
[2020.05.08-20.53.11:061][  0]LogDerivedDataCache: Display: Max Cache Size: 512 MB
[2020.05.08-20.53.11:621][  0]LogDerivedDataCache: Loaded boot cache 0.55s 73MB C:/Users/Nathan.Nathan-PC/AppData/Local/UnrealEngine/4.23/DerivedDataCache/Boot.ddc.
[2020.05.08-20.53.11:621][  0]LogDerivedDataCache: Display: Loaded Boot cache: C:/Users/Nathan.Nathan-PC/AppData/Local/UnrealEngine/4.23/DerivedDataCache/Boot.ddc
[2020.05.08-20.53.11:621][  0]LogDerivedDataCache: FDerivedDataBackendGraph:  Pak pak cache file ../../../../../Uni Stuff/Final Year Project/Games and Game Design Doc/GameSegments/Non-diegetic game segment/NonDiegetic/DerivedDataCache/DDC.ddp not found, will not use a pak cache.
[2020.05.08-20.53.11:621][  0]LogDerivedDataCache: Unable to find inner node Pak for hierarchical cache Hierarchy.
[2020.05.08-20.53.11:621][  0]LogDerivedDataCache: FDerivedDataBackendGraph:  CompressedPak pak cache file ../../../../../Uni Stuff/Final Year Project/Games and Game Design Doc/GameSegments/Non-diegetic game segment/NonDiegetic/DerivedDataCache/Compressed.ddp not found, will not use a pak cache.
[2020.05.08-20.53.11:621][  0]LogDerivedDataCache: Unable to find inner node CompressedPak for hierarchical cache Hierarchy.
[2020.05.08-20.53.11:714][  0]LogDerivedDataCache: Display: Pak cache opened for reading ../../../Engine/DerivedDataCache/Compressed.ddp.
[2020.05.08-20.53.11:714][  0]LogDerivedDataCache: FDerivedDataBackendGraph:  EnterprisePak pak cache file ../../../Enterprise/DerivedDataCache/Compressed.ddp not found, will not use a pak cache.
[2020.05.08-20.53.11:714][  0]LogDerivedDataCache: Unable to find inner node EnterprisePak for hierarchical cache Hierarchy.
[2020.05.08-20.53.11:716][  0]LogDerivedDataCache: Using Local data cache path C:/Users/Nathan.Nathan-PC/AppData/Local/UnrealEngine/Common/DerivedDataCache: Writable
[2020.05.08-20.53.11:716][  0]LogDerivedDataCache: Shared data cache path not found in *engine.ini, will not use an Shared cache.
[2020.05.08-20.53.11:717][  0]LogDerivedDataCache: Unable to find inner node Shared for hierarchical cache Hierarchy.
[2020.05.08-20.53.11:826][  0]LogMaterial: Verifying Global Shaders for PCD3D_SM5
[2020.05.08-20.53.11:878][  0]LogSlate: Using FreeType 2.6.0
[2020.05.08-20.53.11:917][  0]LogSlate: SlateFontServices - WITH_FREETYPE: 1, WITH_HARFBUZZ: 1
[2020.05.08-20.53.13:527][  0]LogAssetRegistry: FAssetRegistry took 0.0120 seconds to start up
[2020.05.08-20.53.18:819][  0]LogInit: Selected Device Profile: [Windows]
[2020.05.08-20.53.24:270][  0]LogMeshReduction: Using QuadricMeshReduction for automatic static mesh reduction
[2020.05.08-20.53.24:270][  0]LogMeshReduction: Using SimplygonMeshReduction for automatic skeletal mesh reduction
[2020.05.08-20.53.24:270][  0]LogMeshReduction: Using ProxyLODMeshReduction for automatic mesh merging
[2020.05.08-20.53.24:270][  0]LogMeshReduction: No distributed automatic mesh merging module available
[2020.05.08-20.53.24:270][  0]LogMeshMerging: No distributed automatic mesh merging module available
[2020.05.08-20.53.24:620][  0]LogNetVersion: NonDiegetic 1.0.0, NetCL: 8386587, EngineNetVer: 11, GameNetVer: 0 (Checksum: 3463998418)
[2020.05.08-20.53.27:982][  0]LogPackageLocalizationCache: Processed 12 localized package path(s) for 1 prioritized culture(s) in 0.489448 seconds
[2020.05.08-20.53.27:989][  0]LogUObjectArray: 43444 objects as part of root set at end of initial load.
[2020.05.08-20.53.27:989][  0]LogUObjectAllocator: 7548648 out of 0 bytes used by permanent object pool.
[2020.05.08-20.53.27:989][  0]LogUObjectArray: CloseDisregardForGC: 0/0 objects in disregard for GC pool
[2020.05.08-20.53.45:224][  0]LogTcpMessaging: Initializing TcpMessaging bridge
[2020.05.08-20.53.45:296][  0]LogUdpMessaging: Initializing bridge on interface 0.0.0.0:0 to multicast group 230.0.0.1:6666.
[2020.05.08-20.53.46:750][  0]SourceControl: Source control is disabled
[2020.05.08-20.53.46:750][  0]SourceControl: Source control is disabled
[2020.05.08-20.53.47:158][  0]SourceControl: Source control is disabled
[2020.05.08-20.53.47:223][  0]SourceControl: Source control is disabled
[2020.05.08-20.53.50:309][  0]LogAndroidPermission: UAndroidPermissionCallbackProxy::GetInstance
[2020.05.08-20.53.52:015][  0]LogOcInput: OculusInput pre-init called
[2020.05.08-20.53.52:150][  0]LogWindows: Failed to load 'OVRPlugin.dll' (GetLastError=126)
[2020.05.08-20.53.52:150][  0]LogWindows: File 'OVRPlugin.dll' does not exist
[2020.05.08-20.53.53:091][  0]LogEngine: Initializing Engine...
[2020.05.08-20.53.53:103][  0]LogHMD: Failed to initialize OpenVR with code 110
[2020.05.08-20.53.53:189][  0]LogStats: UGameplayTagsManager::InitializeManager -  0.010 s
[2020.05.08-20.53.53:834][  0]LogInit: Initializing FReadOnlyCVARCache
[2020.05.08-20.53.54:062][  0]LogAIModule: Creating AISystem for world Untitled
[2020.05.08-20.53.54:274][  0]LogInit: XAudio2 using 'Headphones (Arctis 5 Game)' : 2 channels at 48 kHz using 16 bits per sample (channel mask 0x3)
[2020.05.08-20.53.54:434][  0]LogInit: FAudioDevice initialized.
[2020.05.08-20.53.54:434][  0]LogNetVersion: Set ProjectVersion to 1.0.0.0. Version Checksum will be recalculated on next use.
[2020.05.08-20.53.54:618][  0]LogDerivedDataCache: Saved boot cache 0.18s 73MB C:/Users/Nathan.Nathan-PC/AppData/Local/UnrealEngine/4.23/DerivedDataCache/Boot.ddc.
[2020.05.08-20.53.54:619][  0]LogInit: Texture streaming: Enabled
[2020.05.08-20.53.54:888][  0]LogEngineSessionManager: EngineSessionManager initialized
[2020.05.08-20.53.54:888][  0]LogEditorSessionSummary: Verbose: Initializing EditorSessionSummaryWriter for editor session tracking
[2020.05.08-20.53.54:900][  0]LogEditorSessionSummary: EditorSessionSummaryWriter initialized
[2020.05.08-20.53.55:925][  0]LogInit: Transaction tracking system initialized
[2020.05.08-20.53.56:591][  0]BlueprintLog: New page: Editor Load
[2020.05.08-20.53.58:463][  0]LocalizationService: Localization service is disabled
[2020.05.08-20.54.04:092][  0]LogFileCache: Scanning file cache for directory 'E:/Uni Stuff/Final Year Project/Games and Game Design Doc/GameSegments/Non-diegetic game segment/NonDiegetic/Content/' took 0.08s
[2020.05.08-20.54.04:092][  0]LogCook: Display: Max memory allowance for cook 16384mb min free memory 0mb
[2020.05.08-20.54.04:092][  0]LogCook: Display: Mobile HDR setting 1
[2020.05.08-20.54.10:651][  0]SourceControl: Source control is disabled
[2020.05.08-20.54.10:683][  0]LightingResults: New page: Lighting Build
[2020.05.08-20.54.10:747][  0]LogWorld: UWorld::CleanupWorld for Untitled, bSessionEnded=true, bCleanupResources=true
[2020.05.08-20.54.10:794][  0]MapCheck: New page: Map Check
[2020.05.08-20.54.10:794][  0]LightingResults: New page: Lighting Build
[2020.05.08-20.54.10:956][  0]LogUObjectHash: Compacting FUObjectHashTables data took   7.01ms
[2020.05.08-20.54.21:628][  0]LogAIModule: Creating AISystem for world ThirdPersonExampleMap
[2020.05.08-20.54.22:578][  0]LogEditorServer: Finished looking for orphan Actors (0.000 secs)
[2020.05.08-20.54.22:977][  0]LogUObjectHash: Compacting FUObjectHashTables data took   3.26ms
[2020.05.08-20.54.23:025][  0]Cmd: MAP CHECKDEP NOCLEARLOG
[2020.05.08-20.54.23:027][  0]MapCheck: Map check complete: 0 Error(s), 0 Warning(s), took 1.855ms to complete.
[2020.05.08-20.54.23:027][  0]LogFileHelpers: Loading map 'ThirdPersonExampleMap' took 12.366
[2020.05.08-20.54.24:310][  0]LogSlate: Updating window title bar state: overlay mode, drag disabled, window buttons hidden, title bar hidden
[2020.05.08-20.54.24:403][  0]LogSlate: Updating window title bar state: overlay mode, drag disabled, window buttons hidden, title bar hidden
[2020.05.08-20.54.24:411][  0]LogSlate: Updating window title bar state: overlay mode, drag disabled, window buttons hidden, title bar hidden
[2020.05.08-20.54.24:418][  0]LogSlate: Updating window title bar state: overlay mode, drag disabled, window buttons hidden, title bar hidden
[2020.05.08-20.54.24:547][  0]LogCollectionManager: Loaded 0 collections in 0.003391 seconds
[2020.05.08-20.54.24:611][  0]LogFileCache: Scanning file cache for directory 'E:/Uni Stuff/Final Year Project/Games and Game Design Doc/GameSegments/Non-diegetic game segment/NonDiegetic/Saved/Collections/' took 0.00s
[2020.05.08-20.54.24:611][  0]LogFileCache: Scanning file cache for directory 'E:/Uni Stuff/Final Year Project/Games and Game Design Doc/GameSegments/Non-diegetic game segment/NonDiegetic/Content/Developers/Nathan/Collections/' took 0.00s
[2020.05.08-20.54.24:611][  0]LogFileCache: Scanning file cache for directory 'E:/Uni Stuff/Final Year Project/Games and Game Design Doc/GameSegments/Non-diegetic game segment/NonDiegetic/Content/Collections/' took 0.00s
[2020.05.08-20.54.24:611][  0]LogCollectionManager: Rebuilt the GUID cache for 0 collections in 0.000002 seconds
[2020.05.08-20.54.24:620][  0]LogContentBrowser: Native class hierarchy populated in 0.0087 seconds. Added 2863 classes and 680 folders.
[2020.05.08-20.54.24:771][  0]LogContentBrowser: Native class hierarchy updated for 'WidgetCarousel' in 0.0002 seconds. Added 0 classes and 0 folders.
[2020.05.08-20.54.25:475][  0]LogContentBrowser: Native class hierarchy updated for 'AddContentDialog' in 0.0002 seconds. Added 0 classes and 0 folders.
[2020.05.08-20.54.25:635][  0]LogContentBrowser: Native class hierarchy updated for 'SceneOutliner' in 0.0003 seconds. Added 1 classes and 2 folders.
[2020.05.08-20.54.26:263][  0]LogSlate: Took 0.022899 seconds to synchronously load lazily loaded font '../../../Engine/Content/Slate/Fonts/Roboto-Regular.ttf' (155K)
[2020.05.08-20.54.26:365][  0]LogSlate: Took 0.074561 seconds to synchronously load lazily loaded font '../../../Engine/Content/Slate/Fonts/Roboto-Bold.ttf' (160K)
[2020.05.08-20.54.26:476][  0]LogSlate: Took 0.024596 seconds to synchronously load lazily loaded font '../../../Engine/Content/Editor/Slate/Fonts/FontAwesome.ttf' (139K)
[2020.05.08-20.54.27:166][  0]LogRenderer: Reallocating scene render targets to support 256x256 Format 10 NumSamples 1 (Frame:1).
[2020.05.08-20.54.27:695][  0]LogRenderer: Reallocating scene render targets to support 1208x572 Format 10 NumSamples 1 (Frame:1).
[2020.05.08-20.54.28:315][  0]LogContentBrowser: Native class hierarchy updated for 'HierarchicalLODOutliner' in 0.0003 seconds. Added 0 classes and 0 folders.
[2020.05.08-20.54.28:315][  0]LogLoad: (Engine Initialization) Total time: 116.85 seconds
[2020.05.08-20.54.28:315][  0]LogLoad: (Engine Initialization) Total Blueprint compile time: 0.00 seconds
[2020.05.08-20.54.28:792][  0]LogContentStreaming: Texture pool size now 1000 MB
[2020.05.08-20.54.29:033][  0]LogSlate: Took 0.014922 seconds to synchronously load lazily loaded font '../../../Engine/Content/Slate/Fonts/Roboto-Light.ttf' (167K)
[2020.05.08-20.54.29:696][  4]LogSlate: Took 0.000262 seconds to synchronously load lazily loaded font '../../../Engine/Content/Slate/Fonts/Roboto-Light.ttf' (167K)
[2020.05.08-20.54.30:705][ 17]LogAssetRegistry: Asset discovery search completed in 77.1792 seconds
[2020.05.08-20.54.30:725][ 17]LogCollectionManager: Rebuilt the object cache for 0 collections in 0.000027 seconds (found 0 objects)
[2020.05.08-20.54.30:725][ 17]LogCollectionManager: Fixed up redirectors for 0 collections in 0.000171 seconds (updated 0 objects)
[2020.05.08-20.54.35:124][280]LogSlate: FSceneViewport::OnFocusLost() reason 0
[2020.05.08-20.54.39:022][595]LogTemp: Repeating last play command: Selected Viewport
[2020.05.08-20.54.39:096][595]LogBlueprintUserMessages: Early PlayInEditor Detection: Level '/Game/ThirdPersonBP/Maps/ThirdPersonExampleMap.ThirdPersonExampleMap:PersistentLevel' has LevelScriptBlueprint '/Game/ThirdPersonBP/Maps/ThirdPersonExampleMap.ThirdPersonExampleMap:PersistentLevel.ThirdPersonExampleMap' with GeneratedClass '/Game/ThirdPersonBP/Maps/ThirdPersonExampleMap.ThirdPersonExampleMap_C' with ClassGeneratedBy '/Game/ThirdPersonBP/Maps/ThirdPersonExampleMap.ThirdPersonExampleMap:PersistentLevel.ThirdPersonExampleMap'
[2020.05.08-20.54.39:107][595]LogPlayLevel: PlayLevel: No blueprints needed recompiling
[2020.05.08-20.54.39:108][595]PIE: New page: PIE session: ThirdPersonExampleMap (8 May 2020 22:54:39)
[2020.05.08-20.54.39:112][595]LogOnline: OSS: Creating online subsystem instance for: NULL
[2020.05.08-20.54.39:133][595]LogPlayLevel: Creating play world package: /Game/ThirdPersonBP/Maps/UEDPIE_0_ThirdPersonExampleMap
[2020.05.08-20.54.39:292][595]LogPlayLevel: PIE: StaticDuplicateObject took: (0.158521s)
[2020.05.08-20.54.39:298][595]LogAIModule: Creating AISystem for world ThirdPersonExampleMap
[2020.05.08-20.54.39:298][595]LogPlayLevel: PIE: World Init took: (0.003901s)
[2020.05.08-20.54.39:309][595]LogPlayLevel: PIE: Created PIE world by copying editor world from /Game/ThirdPersonBP/Maps/ThirdPersonExampleMap.ThirdPersonExampleMap to /Game/ThirdPersonBP/Maps/UEDPIE_0_ThirdPersonExampleMap.ThirdPersonExampleMap (0.175995s)
[2020.05.08-20.54.39:350][595]LogUObjectHash: Compacting FUObjectHashTables data took   2.01ms
[2020.05.08-20.54.39:473][595]LogInit: XAudio2 using 'Headphones (Arctis 5 Game)' : 2 channels at 48 kHz using 16 bits per sample (channel mask 0x3)
[2020.05.08-20.54.39:570][595]LogInit: FAudioDevice initialized.
[2020.05.08-20.54.39:677][595]LogLoad: Game class is 'ThirdPersonGameMode_C'
[2020.05.08-20.54.39:778][595]LogWorld: Bringing World /Game/ThirdPersonBP/Maps/UEDPIE_0_ThirdPersonExampleMap.ThirdPersonExampleMap up for play (max tick rate 0) at 2020.05.08-21.54.39
[2020.05.08-20.54.39:851][595]LogWorld: Bringing up level for play took: 0.085396
[2020.05.08-20.54.39:853][595]LogOnline: OSS: Creating online subsystem instance for: :Context_4
[2020.05.08-20.54.39:979][595]LogContentBrowser: Native class hierarchy updated for 'MovieSceneCapture' in 0.0009 seconds. Added 20 classes and 0 folders.
[2020.05.08-20.54.40:147][595]PIE: Play in editor start time for /Game/ThirdPersonBP/Maps/UEDPIE_0_ThirdPersonExampleMap 1.888
[2020.05.08-20.54.40:147][595]LogBlueprintUserMessages: Late PlayInEditor Detection: Level '/Game/ThirdPersonBP/Maps/ThirdPersonExampleMap.ThirdPersonExampleMap:PersistentLevel' has LevelScriptBlueprint '/Game/ThirdPersonBP/Maps/ThirdPersonExampleMap.ThirdPersonExampleMap:PersistentLevel.ThirdPersonExampleMap' with GeneratedClass '/Game/ThirdPersonBP/Maps/ThirdPersonExampleMap.ThirdPersonExampleMap_C' with ClassGeneratedBy '/Game/ThirdPersonBP/Maps/ThirdPersonExampleMap.ThirdPersonExampleMap:PersistentLevel.ThirdPersonExampleMap'
[2020.05.08-20.54.42:612][811]LogBlueprintUserMessages: Early EndPlayMap Detection: Level '/Game/ThirdPersonBP/Maps/ThirdPersonExampleMap.ThirdPersonExampleMap:PersistentLevel' has LevelScriptBlueprint '/Game/ThirdPersonBP/Maps/ThirdPersonExampleMap.ThirdPersonExampleMap:PersistentLevel.ThirdPersonExampleMap' with GeneratedClass '/Game/ThirdPersonBP/Maps/ThirdPersonExampleMap.ThirdPersonExampleMap_C' with ClassGeneratedBy '/Game/ThirdPersonBP/Maps/ThirdPersonExampleMap.ThirdPersonExampleMap:PersistentLevel.ThirdPersonExampleMap'
[2020.05.08-20.54.42:637][811]LogSlate: Updating window title bar state: overlay mode, drag disabled, window buttons hidden, title bar hidden
[2020.05.08-20.54.42:637][811]LogWorld: BeginTearingDown for /Game/ThirdPersonBP/Maps/UEDPIE_0_ThirdPersonExampleMap
[2020.05.08-20.54.42:654][811]LogWorld: UWorld::CleanupWorld for ThirdPersonExampleMap, bSessionEnded=true, bCleanupResources=true
[2020.05.08-20.54.42:758][811]LogPlayLevel: Display: Shutting down PIE online subsystems
[2020.05.08-20.54.42:758][811]LogBlueprintUserMessages: Late EndPlayMap Detection: Level '/Game/ThirdPersonBP/Maps/ThirdPersonExampleMap.ThirdPersonExampleMap:PersistentLevel' has LevelScriptBlueprint '/Game/ThirdPersonBP/Maps/ThirdPersonExampleMap.ThirdPersonExampleMap:PersistentLevel.ThirdPersonExampleMap' with GeneratedClass '/Game/ThirdPersonBP/Maps/ThirdPersonExampleMap.ThirdPersonExampleMap_C' with ClassGeneratedBy '/Game/ThirdPersonBP/Maps/ThirdPersonExampleMap.ThirdPersonExampleMap:PersistentLevel.ThirdPersonExampleMap'
[2020.05.08-20.54.42:886][811]LogSlate: Updating window title bar state: overlay mode, drag disabled, window buttons hidden, title bar hidden
[2020.05.08-20.54.42:953][811]LogUObjectHash: Compacting FUObjectHashTables data took   8.49ms
[2020.05.08-20.54.43:032][812]LogPlayLevel: Display: Destroying online subsystem :Context_4
[2020.05.08-20.54.45:204][  1]LogAssetEditorManager: Opening Asset editor for WidgetBlueprint /Game/UI/HUD.HUD
[2020.05.08-20.54.46:392][  1]LogContentBrowser: Native class hierarchy updated for 'BlueprintGraph' in 0.0021 seconds. Added 121 classes and 0 folders.
[2020.05.08-20.54.50:041][  1]LogSlate: Took 0.017757 seconds to synchronously load lazily loaded font '../../../Engine/Content/Slate/Fonts/Roboto-BoldCondensed.ttf' (158K)
[2020.05.08-20.55.28:465][ 75]LogEditorSessionSummary: EditorSessionSummary sent report. Type=Shutdown, SessionId={19873B6E-4F88-F0B2-BA3B-0581CEF8C14A}
[2020.05.08-20.55.51:007][  9]LogFactory: FactoryCreateFile: Texture with ReimportTextureFactory (0 0 ../../../../../Uni Stuff/Final Year Project/Games and Game Design Doc/Assets/Images/Fire Icon Cooldown.png)
[2020.05.08-20.55.51:038][  9]LogTexture: Display: Building textures: Fire_Icon_Cooldown (AutoDXT, 500X500)
[2020.05.08-20.55.51:179][  9]LogFactory: FactoryCreateFile: Texture with ReimportTextureFactory (0 0 ../../../../../Uni Stuff/Final Year Project/Games and Game Design Doc/Assets/Images/Fire Icon.png)
[2020.05.08-20.55.51:195][  9]LogTexture: Display: Building textures: Fire_Icon (AutoDXT, 500X500)
[2020.05.08-20.55.51:304][  9]LogFactory: FactoryCreateFile: Texture with ReimportTextureFactory (0 0 ../../../../../Uni Stuff/Final Year Project/Games and Game Design Doc/Assets/Images/Ice Icon Cooldown.png)
[2020.05.08-20.55.51:308][  9]LogTexture: Display: Building textures: Ice_Icon_Cooldown (AutoDXT, 500X500)
[2020.05.08-20.55.51:391][  9]LogFactory: FactoryCreateFile: Texture with ReimportTextureFactory (0 0 ../../../../../Uni Stuff/Final Year Project/Games and Game Design Doc/Assets/Images/Ice Icon.png)
[2020.05.08-20.55.51:443][  9]LogTexture: Display: Building textures: Ice_Icon (BC5, 500X500)
[2020.05.08-20.55.51:494][  9]LogFactory: FactoryCreateFile: Texture with ReimportTextureFactory (0 0 ../../../../../Uni Stuff/Final Year Project/Games and Game Design Doc/Assets/Images/Lightning Icon Cooldown.png)
[2020.05.08-20.55.51:499][  9]LogTexture: Display: Building textures: Lightning_Icon_Cooldown (AutoDXT, 500X500)
[2020.05.08-20.55.51:550][  9]LogFactory: FactoryCreateFile: Texture with ReimportTextureFactory (0 0 ../../../../../Uni Stuff/Final Year Project/Games and Game Design Doc/Assets/Images/Lightning Icon.png)
[2020.05.08-20.55.51:557][  9]LogTexture: Display: Building textures: Lightning_Icon (AutoDXT, 500X500)
[2020.05.08-20.55.57:823][550]LogAssetEditorManager: Opening Asset editor for Texture2D /Game/UI/HUD_Assets/Ice_Icon.Ice_Icon
[2020.05.08-20.55.57:935][550]LogContentBrowser: Native class hierarchy updated for 'TextureEditor' in 0.0003 seconds. Added 1 classes and 2 folders.
[2020.05.08-20.56.05:200][115]LogAssetEditorManager: Opening Asset editor for Texture2D /Game/UI/HUD_Assets/Fire_Icon.Fire_Icon
[2020.05.08-20.56.07:576][300]LogSlate: Window 'Fire_Icon' being destroyed
[2020.05.08-20.56.07:582][300]LogSlate: Window 'Fire_Icon' being destroyed
[2020.05.08-20.56.07:686][300]LogWorld: UWorld::CleanupWorld for World_4, bSessionEnded=true, bCleanupResources=true
[2020.05.08-20.56.07:831][300]LogWorld: UWorld::CleanupWorld for World_3, bSessionEnded=true, bCleanupResources=true
[2020.05.08-20.56.08:946][364]LogAssetEditorManager: Opening Asset editor for Texture2D /Game/UI/HUD_Assets/Lightning_Icon.Lightning_Icon
[2020.05.08-20.56.10:682][500]LogSlate: Window 'Lightning_Icon' being destroyed
[2020.05.08-20.56.10:690][500]LogSlate: Window 'Lightning_Icon' being destroyed
[2020.05.08-20.56.11:749][591]LogAssetEditorManager: Opening Asset editor for Texture2D /Game/UI/HUD_Assets/Ice_Icon.Ice_Icon
[2020.05.08-20.56.14:465][815]LogSlate: Window 'Ice_Icon' being destroyed
[2020.05.08-20.56.14:472][815]LogSlate: Window 'Ice_Icon' being destroyed
[2020.05.08-20.56.29:974][592]LogSlate: Window 'Message' being destroyed
[2020.05.08-20.56.29:981][592]LogFactory: FactoryCreateFile: Texture with ReimportTextureFactory (0 0 ../../../../../Uni Stuff/Final Year Project/Games and Game Design Doc/Assets/Images/Ice Icon.png)
[2020.05.08-20.56.31:167][592]LogSlate: Window 'Message' being destroyed
[2020.05.08-20.56.31:203][592]LogTexture: Display: Building textures: Ice_Icon (BC5, 500X500)
[2020.05.08-20.56.40:693][462]LogAssetEditorManager: Opening Asset editor for WidgetBlueprint /Game/UI/HUD.HUD
[2020.05.08-20.57.12:658][ 33]LogEditorTransaction: Undo Resize Widget
[2020.05.08-20.57.56:844][677]LogEditorTransaction: Undo Resize Widget
[2020.05.08-20.58.29:631][401]BlueprintLog: New page: Compile HUD
[2020.05.08-20.58.30:655][401]LogUObjectHash: Compacting FUObjectHashTables data took  17.51ms
[2020.05.08-20.58.32:132][515]LogTemp: Repeating last play command: Selected Viewport
[2020.05.08-20.58.32:171][515]LogBlueprintUserMessages: Early PlayInEditor Detection: Level '/Game/ThirdPersonBP/Maps/ThirdPersonExampleMap.ThirdPersonExampleMap:PersistentLevel' has LevelScriptBlueprint '/Game/ThirdPersonBP/Maps/ThirdPersonExampleMap.ThirdPersonExampleMap:PersistentLevel.ThirdPersonExampleMap' with GeneratedClass '/Game/ThirdPersonBP/Maps/ThirdPersonExampleMap.ThirdPersonExampleMap_C' with ClassGeneratedBy '/Game/ThirdPersonBP/Maps/ThirdPersonExampleMap.ThirdPersonExampleMap:PersistentLevel.ThirdPersonExampleMap'
[2020.05.08-20.58.32:171][515]LogPlayLevel: PlayLevel: No blueprints needed recompiling
[2020.05.08-20.58.32:171][515]PIE: New page: PIE session: ThirdPersonExampleMap (8 May 2020 22:58:32)
[2020.05.08-20.58.32:171][515]LogPlayLevel: Creating play world package: /Game/ThirdPersonBP/Maps/UEDPIE_0_ThirdPersonExampleMap
[2020.05.08-20.58.32:186][515]LogPlayLevel: PIE: StaticDuplicateObject took: (0.014251s)
[2020.05.08-20.58.32:187][515]LogAIModule: Creating AISystem for world ThirdPersonExampleMap
[2020.05.08-20.58.32:187][515]LogPlayLevel: PIE: World Init took: (0.001376s)
[2020.05.08-20.58.32:187][515]LogPlayLevel: PIE: Created PIE world by copying editor world from /Game/ThirdPersonBP/Maps/ThirdPersonExampleMap.ThirdPersonExampleMap to /Game/ThirdPersonBP/Maps/UEDPIE_0_ThirdPersonExampleMap.ThirdPersonExampleMap (0.015790s)
[2020.05.08-20.58.32:297][515]LogUObjectHash: Compacting FUObjectHashTables data took   5.15ms
[2020.05.08-20.58.32:321][515]LogInit: XAudio2 using 'Headphones (Arctis 5 Game)' : 2 channels at 48 kHz using 16 bits per sample (channel mask 0x3)
[2020.05.08-20.58.32:359][515]LogInit: FAudioDevice initialized.
[2020.05.08-20.58.32:392][515]LogLoad: Game class is 'ThirdPersonGameMode_C'
[2020.05.08-20.58.32:397][515]LogWorld: Bringing World /Game/ThirdPersonBP/Maps/UEDPIE_0_ThirdPersonExampleMap.ThirdPersonExampleMap up for play (max tick rate 0) at 2020.05.08-21.58.32
[2020.05.08-20.58.32:398][515]LogWorld: Bringing up level for play took: 0.004998
[2020.05.08-20.58.32:398][515]LogOnline: OSS: Creating online subsystem instance for: :Context_9
[2020.05.08-20.58.32:403][515]PIE: Play in editor start time for /Game/ThirdPersonBP/Maps/UEDPIE_0_ThirdPersonExampleMap 0.145
[2020.05.08-20.58.32:403][515]LogBlueprintUserMessages: Late PlayInEditor Detection: Level '/Game/ThirdPersonBP/Maps/ThirdPersonExampleMap.ThirdPersonExampleMap:PersistentLevel' has LevelScriptBlueprint '/Game/ThirdPersonBP/Maps/ThirdPersonExampleMap.ThirdPersonExampleMap:PersistentLevel.ThirdPersonExampleMap' with GeneratedClass '/Game/ThirdPersonBP/Maps/ThirdPersonExampleMap.ThirdPersonExampleMap_C' with ClassGeneratedBy '/Game/ThirdPersonBP/Maps/ThirdPersonExampleMap.ThirdPersonExampleMap:PersistentLevel.ThirdPersonExampleMap'
[2020.05.08-20.58.36:173][836]LogScript: Warning: Accessed None trying to read property closestTarget
	Ability1_BP_C /Game/ThirdPersonBP/Maps/UEDPIE_0_ThirdPersonExampleMap.ThirdPersonExampleMap:PersistentLevel.Ability1_BP_C_0
	Function /Game/ThirdPersonBP/Blueprints/Abilities/Ability1_BP.Ability1_BP_C:FindTarget:01EF
[2020.05.08-20.58.36:183][836]PIE: Error: Blueprint Runtime Error: "Accessed None trying to read property closestTarget". Blueprint:  Ability1_BP Function:  Find Target Graph:  FindTarget Node:  Return Node
[2020.05.08-20.58.56:580][704]LogBlueprintUserMessages: Early EndPlayMap Detection: Level '/Game/ThirdPersonBP/Maps/ThirdPersonExampleMap.ThirdPersonExampleMap:PersistentLevel' has LevelScriptBlueprint '/Game/ThirdPersonBP/Maps/ThirdPersonExampleMap.ThirdPersonExampleMap:PersistentLevel.ThirdPersonExampleMap' with GeneratedClass '/Game/ThirdPersonBP/Maps/ThirdPersonExampleMap.ThirdPersonExampleMap_C' with ClassGeneratedBy '/Game/ThirdPersonBP/Maps/ThirdPersonExampleMap.ThirdPersonExampleMap:PersistentLevel.ThirdPersonExampleMap'
[2020.05.08-20.58.56:580][704]LogSlate: Updating window title bar state: overlay mode, drag disabled, window buttons hidden, title bar hidden
[2020.05.08-20.58.56:580][704]LogWorld: BeginTearingDown for /Game/ThirdPersonBP/Maps/UEDPIE_0_ThirdPersonExampleMap
[2020.05.08-20.58.56:581][704]LogWorld: UWorld::CleanupWorld for ThirdPersonExampleMap, bSessionEnded=true, bCleanupResources=true
[2020.05.08-20.58.56:601][704]LogPlayLevel: Display: Shutting down PIE online subsystems
[2020.05.08-20.58.56:602][704]LogBlueprintUserMessages: Late EndPlayMap Detection: Level '/Game/ThirdPersonBP/Maps/ThirdPersonExampleMap.ThirdPersonExampleMap:PersistentLevel' has LevelScriptBlueprint '/Game/ThirdPersonBP/Maps/ThirdPersonExampleMap.ThirdPersonExampleMap:PersistentLevel.ThirdPersonExampleMap' with GeneratedClass '/Game/ThirdPersonBP/Maps/ThirdPersonExampleMap.ThirdPersonExampleMap_C' with ClassGeneratedBy '/Game/ThirdPersonBP/Maps/ThirdPersonExampleMap.ThirdPersonExampleMap:PersistentLevel.ThirdPersonExampleMap'
[2020.05.08-20.58.56:670][704]LogSlate: Updating window title bar state: overlay mode, drag disabled, window buttons hidden, title bar hidden
[2020.05.08-20.58.56:674][704]LogUObjectHash: Compacting FUObjectHashTables data took   3.38ms
[2020.05.08-20.58.56:685][704]LogSlate: FSceneViewport::OnFocusLost() reason 5
[2020.05.08-20.58.56:718][705]LogPlayLevel: Display: Destroying online subsystem :Context_9
[2020.05.08-20.58.58:069][808]LogSlate: Window 'Message Log' being destroyed
[2020.05.08-20.58.58:088][808]LogSlate: Window 'Message Log' being destroyed
[2020.05.08-20.59.24:774][ 26]LogSlate: FSceneViewport::OnFocusLost() reason 0
[2020.05.08-21.02.18:411][542]LogEditorFactories: Performing atomic reimport of [E:/Uni Stuff/Final Year Project/Games and Game Design Doc/Assets/Images/Ice Icon.png]
[2020.05.08-21.02.18:411][542]LogFactory: FactoryCreateFile: Texture2D with ReimportTextureFactory (0 0 E:/Uni Stuff/Final Year Project/Games and Game Design Doc/Assets/Images/Ice Icon.png)
[2020.05.08-21.02.18:416][542]LogTexture: Display: Building textures: Ice_Icon (BC5, 500X500)
[2020.05.08-21.02.18:449][542]LogEditorFactories: -- imported successfully
[2020.05.08-21.02.36:205][568]LogSlate: Window 'Message' being destroyed
[2020.05.08-21.02.36:211][568]LogFactory: FactoryCreateFile: Texture with ReimportTextureFactory (0 0 ../../../../../Uni Stuff/Final Year Project/Games and Game Design Doc/Assets/Images/Ice Icon.png)
[2020.05.08-21.02.40:872][568]LogSlate: Window 'Message' being destroyed
[2020.05.08-21.02.40:893][568]LogTexture: Display: Building textures: Ice_Icon (BC5, 500X500)
[2020.05.08-21.04.57:302][923]LogUObjectHash: Compacting FUObjectHashTables data took   4.92ms
[2020.05.08-21.04.57:303][923]LogFileHelpers: Editor autosave (incl. sublevels) for '/Game/ThirdPersonBP/Maps/ThirdPersonExampleMap' took 0.039
[2020.05.08-21.04.57:328][923]OBJ SavePackage: Generating thumbnails for [0] asset(s) in package [/Game/UI/HUD] ([1] browsable assets)...
[2020.05.08-21.04.57:334][923]OBJ SavePackage: Finished generating thumbnails for package [/Game/UI/HUD]
[2020.05.08-21.04.57:919][923]LogSavePackage: Moving '../../../../../Uni Stuff/Final Year Project/Games and Game Design Doc/GameSegments/Non-diegetic game segment/NonDiegetic/Saved/HUD_Auto140EAB3E1475E808635019D82718957BA.tmp' to '../../../../../Uni Stuff/Final Year Project/Games and Game Design Doc/GameSegments/Non-diegetic game segment/NonDiegetic/Saved/Autosaves/Game/UI/HUD_Auto1.uasset'
[2020.05.08-21.04.57:924][923]OBJ SavePackage: Generating thumbnails for [1] asset(s) in package [/Game/UI/HUD_Assets/Fire_Icon_Cooldown] ([1] browsable assets)...
[2020.05.08-21.04.57:975][923]OBJ SavePackage:     Rendered thumbnail for [Texture2D /Game/UI/HUD_Assets/Fire_Icon_Cooldown.Fire_Icon_Cooldown]
[2020.05.08-21.04.57:975][923]OBJ SavePackage: Finished generating thumbnails for package [/Game/UI/HUD_Assets/Fire_Icon_Cooldown]
[2020.05.08-21.04.58:194][923]LogSavePackage: Moving '../../../../../Uni Stuff/Final Year Project/Games and Game Design Doc/GameSegments/Non-diegetic game segment/NonDiegetic/Saved/Fire_Icon_Cooldown_Auto172E9667D443E6F19324EEC9BEDF4F85C.tmp' to '../../../../../Uni Stuff/Final Year Project/Games and Game Design Doc/GameSegments/Non-diegetic game segment/NonDiegetic/Saved/Autosaves/Game/UI/HUD_Assets/Fire_Icon_Cooldown_Auto1.uasset'
[2020.05.08-21.04.58:200][923]OBJ SavePackage: Generating thumbnails for [1] asset(s) in package [/Game/UI/HUD_Assets/Fire_Icon] ([1] browsable assets)...
[2020.05.08-21.04.58:216][923]OBJ SavePackage:     Rendered thumbnail for [Texture2D /Game/UI/HUD_Assets/Fire_Icon.Fire_Icon]
[2020.05.08-21.04.58:216][923]OBJ SavePackage: Finished generating thumbnails for package [/Game/UI/HUD_Assets/Fire_Icon]
[2020.05.08-21.04.58:447][923]LogSavePackage: Moving '../../../../../Uni Stuff/Final Year Project/Games and Game Design Doc/GameSegments/Non-diegetic game segment/NonDiegetic/Saved/Fire_Icon_Auto1B58791444EEC8DF0BEBE6F9D9AACF709.tmp' to '../../../../../Uni Stuff/Final Year Project/Games and Game Design Doc/GameSegments/Non-diegetic game segment/NonDiegetic/Saved/Autosaves/Game/UI/HUD_Assets/Fire_Icon_Auto1.uasset'
[2020.05.08-21.04.58:452][923]OBJ SavePackage: Generating thumbnails for [1] asset(s) in package [/Game/UI/HUD_Assets/Ice_Icon_Cooldown] ([1] browsable assets)...
[2020.05.08-21.04.58:473][923]OBJ SavePackage:     Rendered thumbnail for [Texture2D /Game/UI/HUD_Assets/Ice_Icon_Cooldown.Ice_Icon_Cooldown]
[2020.05.08-21.04.58:473][923]OBJ SavePackage: Finished generating thumbnails for package [/Game/UI/HUD_Assets/Ice_Icon_Cooldown]
[2020.05.08-21.04.58:819][923]LogSavePackage: Moving '../../../../../Uni Stuff/Final Year Project/Games and Game Design Doc/GameSegments/Non-diegetic game segment/NonDiegetic/Saved/Ice_Icon_Cooldown_Auto1F55F467A4659553B962A098636F3F2B9.tmp' to '../../../../../Uni Stuff/Final Year Project/Games and Game Design Doc/GameSegments/Non-diegetic game segment/NonDiegetic/Saved/Autosaves/Game/UI/HUD_Assets/Ice_Icon_Cooldown_Auto1.uasset'
[2020.05.08-21.04.58:824][923]OBJ SavePackage: Generating thumbnails for [1] asset(s) in package [/Game/UI/HUD_Assets/Ice_Icon] ([1] browsable assets)...
[2020.05.08-21.04.58:845][923]OBJ SavePackage:     Rendered thumbnail for [Texture2D /Game/UI/HUD_Assets/Ice_Icon.Ice_Icon]
[2020.05.08-21.04.58:845][923]OBJ SavePackage: Finished generating thumbnails for package [/Game/UI/HUD_Assets/Ice_Icon]
[2020.05.08-21.04.58:935][923]LogSavePackage: Moving '../../../../../Uni Stuff/Final Year Project/Games and Game Design Doc/GameSegments/Non-diegetic game segment/NonDiegetic/Saved/Ice_Icon_Auto1D3FD76544EC7F94006575991F31A9C2D.tmp' to '../../../../../Uni Stuff/Final Year Project/Games and Game Design Doc/GameSegments/Non-diegetic game segment/NonDiegetic/Saved/Autosaves/Game/UI/HUD_Assets/Ice_Icon_Auto1.uasset'
[2020.05.08-21.04.58:938][923]OBJ SavePackage: Generating thumbnails for [1] asset(s) in package [/Game/UI/HUD_Assets/Lightning_Icon_Cooldown] ([1] browsable assets)...
[2020.05.08-21.04.58:947][923]OBJ SavePackage:     Rendered thumbnail for [Texture2D /Game/UI/HUD_Assets/Lightning_Icon_Cooldown.Lightning_Icon_Cooldown]
[2020.05.08-21.04.58:947][923]OBJ SavePackage: Finished generating thumbnails for package [/Game/UI/HUD_Assets/Lightning_Icon_Cooldown]
[2020.05.08-21.04.59:134][923]LogSavePackage: Moving '../../../../../Uni Stuff/Final Year Project/Games and Game Design Doc/GameSegments/Non-diegetic game segment/NonDiegetic/Saved/Lightning_Icon_Cooldown_Auto12DA1AFE24E6FBEB6225A6A9A950E1C28.tmp' to '../../../../../Uni Stuff/Final Year Project/Games and Game Design Doc/GameSegments/Non-diegetic game segment/NonDiegetic/Saved/Autosaves/Game/UI/HUD_Assets/Lightning_Icon_Cooldown_Auto1.uasset'
[2020.05.08-21.04.59:137][923]OBJ SavePackage: Generating thumbnails for [1] asset(s) in package [/Game/UI/HUD_Assets/Lightning_Icon] ([1] browsable assets)...
[2020.05.08-21.04.59:143][923]OBJ SavePackage:     Rendered thumbnail for [Texture2D /Game/UI/HUD_Assets/Lightning_Icon.Lightning_Icon]
[2020.05.08-21.04.59:143][923]OBJ SavePackage: Finished generating thumbnails for package [/Game/UI/HUD_Assets/Lightning_Icon]
[2020.05.08-21.04.59:359][923]LogSavePackage: Moving '../../../../../Uni Stuff/Final Year Project/Games and Game Design Doc/GameSegments/Non-diegetic game segment/NonDiegetic/Saved/Lightning_Icon_Auto13F6717184BD9562F428F27885DE3BF82.tmp' to '../../../../../Uni Stuff/Final Year Project/Games and Game Design Doc/GameSegments/Non-diegetic game segment/NonDiegetic/Saved/Autosaves/Game/UI/HUD_Assets/Lightning_Icon_Auto1.uasset'
[2020.05.08-21.04.59:364][923]LogFileHelpers: Auto-saving content packages took 2.060
[2020.05.08-21.07.25:326][526]LogUObjectHash: Compacting FUObjectHashTables data took   3.21ms
[2020.05.08-21.07.27:085][526]LogSlate: Window 'Delete Assets' being destroyed
