Log file open, 05/11/20 13:21:26
LogWindows: Failed to load 'aqProf.dll' (GetLastError=126)
LogWindows: File 'aqProf.dll' does not exist
LogWindows: Failed to load 'VtuneApi.dll' (GetLastError=126)
LogWindows: File 'VtuneApi.dll' does not exist
LogWindows: Failed to load 'VtuneApi32e.dll' (GetLastError=126)
LogWindows: File 'VtuneApi32e.dll' does not exist
LogConsoleResponse: Display: Failed to find resolution value strings in scalability ini. Falling back to default.
LogInit: Display: Running engine for game: NonDiegetic
LogPlatformFile: Not using cached read wrapper
LogTaskGraph: Started task graph with 5 named threads and 14 total threads with 3 sets of task threads.
LogStats: Stats thread started at 0.752501
LogD3D11RHI: Loaded GFSDK_Aftermath_Lib.x64.dll
LogICUInternationalization: ICU TimeZone Detection - Raw Offset: +0:00, Platform Override: ''
LogPluginManager: Mounting plugin Paper2D
LogPluginManager: Mounting plugin AISupport
LogPluginManager: Mounting plugin LightPropagationVolume
LogPluginManager: Mounting plugin ActorLayerUtilities
LogPluginManager: Mounting plugin AnimationSharing
LogPluginManager: Mounting plugin CLionSourceCodeAccess
LogPluginManager: Mounting plugin CodeLiteSourceCodeAccess
LogPluginManager: Mounting plugin GitSourceControl
LogPluginManager: Mounting plugin KDevelopSourceCodeAccess
LogPluginManager: Mounting plugin NullSourceCodeAccess
LogPluginManager: Mounting plugin PerforceSourceControl
LogPluginManager: Mounting plugin SubversionSourceControl
LogPluginManager: Mounting plugin UObjectPlugin
LogPluginManager: Mounting plugin VisualStudioCodeSourceCodeAccess
LogPluginManager: Mounting plugin VisualStudioSourceCodeAccess
LogPluginManager: Mounting plugin XCodeSourceCodeAccess
LogPluginManager: Mounting plugin AssetManagerEditor
LogPluginManager: Mounting plugin CryptoKeys
LogPluginManager: Mounting plugin CurveEditorTools
LogPluginManager: Mounting plugin DataValidation
LogPluginManager: Mounting plugin FacialAnimation
LogPluginManager: Mounting plugin GameplayTagsEditor
LogPluginManager: Mounting plugin MacGraphicsSwitching
LogPluginManager: Mounting plugin MaterialAnalyzer
LogPluginManager: Mounting plugin MobileLauncherProfileWizard
LogPluginManager: Mounting plugin PluginBrowser
LogPluginManager: Mounting plugin SpeedTreeImporter
LogPluginManager: Mounting plugin DatasmithContent
LogPluginManager: Mounting plugin VariantManagerContent
LogPluginManager: Mounting plugin AlembicImporter
LogPluginManager: Mounting plugin AutomationUtils
LogPluginManager: Mounting plugin BackChannel
LogPluginManager: Mounting plugin CharacterAI
LogPluginManager: Mounting plugin GeometryCache
LogPluginManager: Mounting plugin HTML5Networking
LogPluginManager: Mounting plugin PlatformCrypto
LogPluginManager: Mounting plugin ProxyLODPlugin
LogPluginManager: Mounting plugin SkeletalReduction
LogPluginManager: Mounting plugin MagicLeap
LogPluginManager: Mounting plugin MagicLeapMedia
LogPluginManager: Mounting plugin AndroidMedia
LogPluginManager: Mounting plugin AvfMedia
LogPluginManager: Mounting plugin ImgMedia
LogPluginManager: Mounting plugin MediaCompositing
LogPluginManager: Mounting plugin MediaPlayerEditor
LogPluginManager: Mounting plugin WebMMedia
LogPluginManager: Mounting plugin WmfMedia
LogPluginManager: Mounting plugin TcpMessaging
LogPluginManager: Mounting plugin UdpMessaging
LogPluginManager: Mounting plugin ActorSequence
LogPluginManager: Mounting plugin LevelSequenceEditor
LogPluginManager: Mounting plugin MatineeToLevelSequence
LogPluginManager: Mounting plugin NetcodeUnitTest
LogPluginManager: Mounting plugin NUTUnrealEngine4
LogPluginManager: Mounting plugin OnlineSubsystemGooglePlay
LogPluginManager: Mounting plugin OnlineSubsystemIOS
LogPluginManager: Mounting plugin OnlineSubsystem
LogPluginManager: Mounting plugin OnlineSubsystemNull
LogPluginManager: Mounting plugin OnlineSubsystemUtils
LogPluginManager: Mounting plugin LauncherChunkInstaller
LogPluginManager: Mounting plugin AndroidDeviceProfileSelector
LogPluginManager: Mounting plugin AndroidMoviePlayer
LogPluginManager: Mounting plugin AndroidPermission
LogPluginManager: Mounting plugin AppleImageUtils
LogPluginManager: Mounting plugin AppleMoviePlayer
LogPluginManager: Mounting plugin ArchVisCharacter
LogPluginManager: Mounting plugin AudioCapture
LogPluginManager: Mounting plugin CableComponent
LogPluginManager: Mounting plugin CustomMeshComponent
LogPluginManager: Mounting plugin EditableMesh
LogPluginManager: Mounting plugin ExampleDeviceProfileSelector
LogPluginManager: Mounting plugin GoogleCloudMessaging
LogPluginManager: Mounting plugin IOSDeviceProfileSelector
LogPluginManager: Mounting plugin LinuxDeviceProfileSelector
LogPluginManager: Mounting plugin LocationServicesBPLibrary
LogPluginManager: Mounting plugin MobilePatchingUtils
LogPluginManager: Mounting plugin OculusVR
LogPluginManager: Mounting plugin PhysXVehicles
LogPluginManager: Mounting plugin ProceduralMeshComponent
LogPluginManager: Mounting plugin RuntimePhysXCooking
LogPluginManager: Mounting plugin SignificanceManager
LogPluginManager: Mounting plugin SteamVR
LogPluginManager: Mounting plugin WebMMoviePlayer
LogPluginManager: Mounting plugin WindowsMoviePlayer
LogPluginManager: Mounting plugin ScreenshotTools
LogInit: Using libcurl 7.55.1-DEV
LogInit:  - built for x86_64-pc-win32
LogInit:  - supports SSL with OpenSSL/1.1.1
LogInit:  - supports HTTP deflate (compression) using libz 1.2.8
LogInit:  - other features:
LogInit:      CURL_VERSION_SSL
LogInit:      CURL_VERSION_LIBZ
LogInit:      CURL_VERSION_IPV6
LogInit:      CURL_VERSION_ASYNCHDNS
LogInit:      CURL_VERSION_LARGEFILE
LogInit:      CURL_VERSION_IDN
LogInit:  CurlRequestOptions (configurable via config and command line):
LogInit:  - bVerifyPeer = true  - Libcurl will verify peer certificate
LogInit:  - bUseHttpProxy = false  - Libcurl will NOT use HTTP proxy
LogInit:  - bDontReuseConnections = false  - Libcurl will reuse connections
LogInit:  - MaxHostConnections = 16  - Libcurl will limit the number of connections to a host
LogInit:  - LocalHostAddr = Default
LogInit:  - BufferSize = 65536
LogOnline: OSS: Creating online subsystem instance for: NULL
LogInit: WinSock: version 1.1 (2.2), MaxSocks=32767, MaxUdp=65467
LogInit: Build: ++UE4+Release-4.23-CL-9631420
LogInit: Engine Version: 4.23.1-9631420+++UE4+Release-4.23
LogInit: Compatible Engine Version: 4.23.0-8386587+++UE4+Release-4.23
LogInit: Net CL: 8386587
LogInit: OS: Windows 10 (Release 1903) (), CPU: Intel(R) Core(TM) i5-4460  CPU @ 3.20GHz, GPU: AMD Radeon R9 200 Series
LogInit: Compiled (64-bit): Oct 18 2019 02:07:44
LogInit: Compiled with Visual C++: 19.16.27030.01
LogInit: Build Configuration: Development
LogInit: Branch Name: ++UE4+Release-4.23
LogInit: Command Line: 
LogInit: Base Directory: E:/Unreal Engine/UE_4.23/Engine/Binaries/Win64/
LogInit: Installed Engine Build: 1
LogDevObjectVersion: Number of dev versions registered: 23
LogDevObjectVersion:   Dev-Blueprints (B0D832E4-1F89-4F0D-ACCF-7EB736FD4AA2): 10
LogDevObjectVersion:   Dev-Build (E1C64328-A22C-4D53-A36C-8E866417BD8C): 0
LogDevObjectVersion:   Dev-Core (375EC13C-06E4-48FB-B500-84F0262A717E): 3
LogDevObjectVersion:   Dev-Editor (E4B068ED-F494-42E9-A231-DA0B2E46BB41): 34
LogDevObjectVersion:   Dev-Framework (CFFC743F-43B0-4480-9391-14DF171D2073): 35
LogDevObjectVersion:   Dev-Mobile (B02B49B5-BB20-44E9-A304-32B752E40360): 2
LogDevObjectVersion:   Dev-Networking (A4E4105C-59A1-49B5-A7C5-40C4547EDFEE): 0
LogDevObjectVersion:   Dev-Online (39C831C9-5AE6-47DC-9A44-9C173E1C8E7C): 0
LogDevObjectVersion:   Dev-Physics (78F01B33-EBEA-4F98-B9B4-84EACCB95AA2): 0
LogDevObjectVersion:   Dev-Platform (6631380F-2D4D-43E0-8009-CF276956A95A): 0
LogDevObjectVersion:   Dev-Rendering (12F88B9F-8875-4AFC-A67C-D90C383ABD29): 31
LogDevObjectVersion:   Dev-Sequencer (7B5AE74C-D270-4C10-A958-57980B212A5A): 11
LogDevObjectVersion:   Dev-VR (D7296918-1DD6-4BDD-9DE2-64A83CC13884): 2
LogDevObjectVersion:   Dev-LoadTimes (C2A15278-BFE7-4AFE-6C17-90FF531DF755): 1
LogDevObjectVersion:   Private-Geometry (6EACA3D4-40EC-4CC1-B786-8BED09428FC5): 3
LogDevObjectVersion:   Dev-AnimPhys (29E575DD-E0A3-4627-9D10-D276232CDCEA): 17
LogDevObjectVersion:   Dev-Anim (AF43A65D-7FD3-4947-9873-3E8ED9C1BB05): 2
LogDevObjectVersion:   Dev-ReflectionCapture (6B266CEC-1EC7-4B8F-A30B-E4D90942FC07): 1
LogDevObjectVersion:   Dev-Automation (0DF73D61-A23F-47EA-B727-89E90C41499A): 1
LogDevObjectVersion:   FortniteMain (601D1886-AC64-4F84-AA16-D3DE0DEAC7D6): 27
LogDevObjectVersion:   Dev-Enterprise (9DFFBCD6-494F-0158-E221-12823C92A888): 6
LogDevObjectVersion:   Dev-Niagara (F2AED0AC-9AFE-416F-8664-AA7FFA26D6FC): 1
LogDevObjectVersion:   Dev-Destruction (174F1F0B-B4C6-45A5-B13F-2EE8D0FB917D): 9
LogInit: Presizing for max 16777216 objects, including 0 objects not considered by GC, pre-allocating 0 bytes for permanent pool.
LogInit: Object subsystem initialized
LogConfig: Setting CVar [[con.DebugEarlyDefault:1]]
LogConfig: Setting CVar [[r.setres:1280x720]]
[2020.05.11-12.21.31:781][  0]LogConfig: Setting CVar [[r.VSync:0]]
[2020.05.11-12.21.31:781][  0]LogConfig: Setting CVar [[r.RHICmdBypass:0]]
[2020.05.11-12.21.31:782][  0]LogConfig: Applying CVar settings from Section [/Script/Engine.RendererSettings] File [E:/Uni Stuff/Final Year Project/Games and Game Design Doc/GameSegments/Non-diegetic game segment/NonDiegetic/Saved/Config/Windows/Engine.ini]
[2020.05.11-12.21.31:782][  0]LogConfig: Setting CVar [[r.GPUCrashDebugging:0]]
[2020.05.11-12.21.31:782][  0]LogConfig: Applying CVar settings from Section [/Script/Engine.RendererOverrideSettings] File [E:/Uni Stuff/Final Year Project/Games and Game Design Doc/GameSegments/Non-diegetic game segment/NonDiegetic/Saved/Config/Windows/Engine.ini]
[2020.05.11-12.21.31:782][  0]LogConfig: Applying CVar settings from Section [/Script/Engine.StreamingSettings] File [E:/Uni Stuff/Final Year Project/Games and Game Design Doc/GameSegments/Non-diegetic game segment/NonDiegetic/Saved/Config/Windows/Engine.ini]
[2020.05.11-12.21.31:782][  0]LogConfig: Setting CVar [[s.MinBulkDataSizeForAsyncLoading:131072]]
[2020.05.11-12.21.31:782][  0]LogConfig: Setting CVar [[s.AsyncLoadingThreadEnabled:0]]
[2020.05.11-12.21.31:782][  0]LogConfig: Setting CVar [[s.EventDrivenLoaderEnabled:1]]
[2020.05.11-12.21.31:782][  0]LogConfig: Setting CVar [[s.WarnIfTimeLimitExceeded:0]]
[2020.05.11-12.21.31:782][  0]LogConfig: Setting CVar [[s.TimeLimitExceededMultiplier:1.5]]
[2020.05.11-12.21.31:782][  0]LogConfig: Setting CVar [[s.TimeLimitExceededMinTime:0.005]]
[2020.05.11-12.21.31:782][  0]LogConfig: Setting CVar [[s.UseBackgroundLevelStreaming:1]]
[2020.05.11-12.21.31:782][  0]LogConfig: Setting CVar [[s.PriorityAsyncLoadingExtraTime:15.0]]
[2020.05.11-12.21.31:782][  0]LogConfig: Setting CVar [[s.LevelStreamingActorsUpdateTimeLimit:5.0]]
[2020.05.11-12.21.31:782][  0]LogConfig: Setting CVar [[s.PriorityLevelStreamingActorsUpdateExtraTime:5.0]]
[2020.05.11-12.21.31:782][  0]LogConfig: Setting CVar [[s.LevelStreamingComponentsRegistrationGranularity:10]]
[2020.05.11-12.21.31:782][  0]LogConfig: Setting CVar [[s.UnregisterComponentsTimeLimit:1.0]]
[2020.05.11-12.21.31:782][  0]LogConfig: Setting CVar [[s.LevelStreamingComponentsUnregistrationGranularity:5]]
[2020.05.11-12.21.31:782][  0]LogConfig: Applying CVar settings from Section [/Script/Engine.GarbageCollectionSettings] File [E:/Uni Stuff/Final Year Project/Games and Game Design Doc/GameSegments/Non-diegetic game segment/NonDiegetic/Saved/Config/Windows/Engine.ini]
[2020.05.11-12.21.31:782][  0]LogConfig: Setting CVar [[gc.MaxObjectsNotConsideredByGC:1]]
[2020.05.11-12.21.31:782][  0]LogConfig: Setting CVar [[gc.SizeOfPermanentObjectPool:0]]
[2020.05.11-12.21.31:782][  0]LogConfig: Setting CVar [[gc.FlushStreamingOnGC:0]]
[2020.05.11-12.21.31:782][  0]LogConfig: Setting CVar [[gc.NumRetriesBeforeForcingGC:10]]
[2020.05.11-12.21.31:782][  0]LogConfig: Setting CVar [[gc.AllowParallelGC:1]]
[2020.05.11-12.21.31:782][  0]LogConfig: Setting CVar [[gc.TimeBetweenPurgingPendingKillObjects:61.1]]
[2020.05.11-12.21.31:782][  0]LogConfig: Setting CVar [[gc.MaxObjectsInEditor:16777216]]
[2020.05.11-12.21.31:782][  0]LogConfig: Setting CVar [[gc.IncrementalBeginDestroyEnabled:1]]
[2020.05.11-12.21.31:782][  0]LogConfig: Setting CVar [[gc.CreateGCClusters:1]]
[2020.05.11-12.21.31:782][  0]LogConfig: Setting CVar [[gc.MinGCClusterSize:5]]
[2020.05.11-12.21.31:782][  0]LogConfig: Setting CVar [[gc.ActorClusteringEnabled:0]]
[2020.05.11-12.21.31:782][  0]LogConfig: Setting CVar [[gc.BlueprintClusteringEnabled:0]]
[2020.05.11-12.21.31:782][  0]LogConfig: Setting CVar [[gc.UseDisregardForGCOnDedicatedServers:0]]
[2020.05.11-12.21.31:782][  0]LogConfig: Applying CVar settings from Section [/Script/Engine.NetworkSettings] File [E:/Uni Stuff/Final Year Project/Games and Game Design Doc/GameSegments/Non-diegetic game segment/NonDiegetic/Saved/Config/Windows/Engine.ini]
[2020.05.11-12.21.31:783][  0]LogConfig: Applying CVar settings from Section [/Script/UnrealEd.CookerSettings] File [E:/Uni Stuff/Final Year Project/Games and Game Design Doc/GameSegments/Non-diegetic game segment/NonDiegetic/Saved/Config/Windows/Engine.ini]
[2020.05.11-12.21.31:794][  0]LogConfig: Applying CVar settings from Section [ViewDistanceQuality@3] File [E:/Uni Stuff/Final Year Project/Games and Game Design Doc/GameSegments/Non-diegetic game segment/NonDiegetic/Saved/Config/Windows/Scalability.ini]
[2020.05.11-12.21.31:794][  0]LogConfig: Setting CVar [[r.SkeletalMeshLODBias:0]]
[2020.05.11-12.21.31:794][  0]LogConfig: Setting CVar [[r.ViewDistanceScale:1.0]]
[2020.05.11-12.21.31:794][  0]LogConfig: Applying CVar settings from Section [AntiAliasingQuality@3] File [E:/Uni Stuff/Final Year Project/Games and Game Design Doc/GameSegments/Non-diegetic game segment/NonDiegetic/Saved/Config/Windows/Scalability.ini]
[2020.05.11-12.21.31:794][  0]LogConfig: Setting CVar [[r.PostProcessAAQuality:4]]
[2020.05.11-12.21.31:794][  0]LogConfig: Applying CVar settings from Section [ShadowQuality@3] File [E:/Uni Stuff/Final Year Project/Games and Game Design Doc/GameSegments/Non-diegetic game segment/NonDiegetic/Saved/Config/Windows/Scalability.ini]
[2020.05.11-12.21.31:794][  0]LogConfig: Setting CVar [[r.LightFunctionQuality:1]]
[2020.05.11-12.21.31:794][  0]LogConfig: Setting CVar [[r.ShadowQuality:5]]
[2020.05.11-12.21.31:794][  0]LogConfig: Setting CVar [[r.Shadow.CSM.MaxCascades:10]]
[2020.05.11-12.21.31:794][  0]LogConfig: Setting CVar [[r.Shadow.MaxResolution:2048]]
[2020.05.11-12.21.31:794][  0]LogConfig: Setting CVar [[r.Shadow.MaxCSMResolution:2048]]
[2020.05.11-12.21.31:794][  0]LogConfig: Setting CVar [[r.Shadow.RadiusThreshold:0.01]]
[2020.05.11-12.21.31:794][  0]LogConfig: Setting CVar [[r.Shadow.DistanceScale:1.0]]
[2020.05.11-12.21.31:794][  0]LogConfig: Setting CVar [[r.Shadow.CSM.TransitionScale:1.0]]
[2020.05.11-12.21.31:794][  0]LogConfig: Setting CVar [[r.Shadow.PreShadowResolutionFactor:1.0]]
[2020.05.11-12.21.31:794][  0]LogConfig: Setting CVar [[r.DistanceFieldShadowing:1]]
[2020.05.11-12.21.31:794][  0]LogConfig: Setting CVar [[r.DistanceFieldAO:1]]
[2020.05.11-12.21.31:794][  0]LogConfig: Setting CVar [[r.AOQuality:2]]
[2020.05.11-12.21.31:794][  0]LogConfig: Setting CVar [[r.VolumetricFog:1]]
[2020.05.11-12.21.31:794][  0]LogConfig: Setting CVar [[r.VolumetricFog.GridPixelSize:8]]
[2020.05.11-12.21.31:794][  0]LogConfig: Setting CVar [[r.VolumetricFog.GridSizeZ:128]]
[2020.05.11-12.21.31:795][  0]LogConfig: Setting CVar [[r.VolumetricFog.HistoryMissSupersampleCount:4]]
[2020.05.11-12.21.31:795][  0]LogConfig: Setting CVar [[r.LightMaxDrawDistanceScale:1]]
[2020.05.11-12.21.31:795][  0]LogConfig: Setting CVar [[r.CapsuleShadows:1]]
[2020.05.11-12.21.31:795][  0]LogConfig: Applying CVar settings from Section [PostProcessQuality@3] File [E:/Uni Stuff/Final Year Project/Games and Game Design Doc/GameSegments/Non-diegetic game segment/NonDiegetic/Saved/Config/Windows/Scalability.ini]
[2020.05.11-12.21.31:795][  0]LogConfig: Setting CVar [[r.MotionBlurQuality:4]]
[2020.05.11-12.21.31:795][  0]LogConfig: Setting CVar [[r.AmbientOcclusionMipLevelFactor:0.4]]
[2020.05.11-12.21.31:795][  0]LogConfig: Setting CVar [[r.AmbientOcclusionMaxQuality:100]]
[2020.05.11-12.21.31:795][  0]LogConfig: Setting CVar [[r.AmbientOcclusionLevels:-1]]
[2020.05.11-12.21.31:795][  0]LogConfig: Setting CVar [[r.AmbientOcclusionRadiusScale:1.0]]
[2020.05.11-12.21.31:795][  0]LogConfig: Setting CVar [[r.DepthOfFieldQuality:2]]
[2020.05.11-12.21.31:795][  0]LogConfig: Setting CVar [[r.RenderTargetPoolMin:400]]
[2020.05.11-12.21.31:795][  0]LogConfig: Setting CVar [[r.LensFlareQuality:2]]
[2020.05.11-12.21.31:795][  0]LogConfig: Setting CVar [[r.SceneColorFringeQuality:1]]
[2020.05.11-12.21.31:795][  0]LogConfig: Setting CVar [[r.EyeAdaptationQuality:2]]
[2020.05.11-12.21.31:795][  0]LogConfig: Setting CVar [[r.BloomQuality:5]]
[2020.05.11-12.21.31:795][  0]LogConfig: Setting CVar [[r.FastBlurThreshold:100]]
[2020.05.11-12.21.31:795][  0]LogConfig: Setting CVar [[r.Upscale.Quality:3]]
[2020.05.11-12.21.31:795][  0]LogConfig: Setting CVar [[r.Tonemapper.GrainQuantization:1]]
[2020.05.11-12.21.31:795][  0]LogConfig: Setting CVar [[r.LightShaftQuality:1]]
[2020.05.11-12.21.31:795][  0]LogConfig: Setting CVar [[r.Filter.SizeScale:1]]
[2020.05.11-12.21.31:795][  0]LogConfig: Setting CVar [[r.Tonemapper.Quality:5]]
[2020.05.11-12.21.31:795][  0]LogConfig: Setting CVar [[r.DOF.Gather.AccumulatorQuality:1        ; higher gathering accumulator quality]]
[2020.05.11-12.21.31:795][  0]LogConfig: Setting CVar [[r.DOF.Gather.PostfilterMethod:1          ; Median3x3 postfilering method]]
[2020.05.11-12.21.31:795][  0]LogConfig: Setting CVar [[r.DOF.Gather.EnableBokehSettings:0       ; no bokeh simulation when gathering]]
[2020.05.11-12.21.31:795][  0]LogConfig: Setting CVar [[r.DOF.Gather.RingCount:4                 ; medium number of samples when gathering]]
[2020.05.11-12.21.31:795][  0]LogConfig: Setting CVar [[r.DOF.Scatter.ForegroundCompositing:1    ; additive foreground scattering]]
[2020.05.11-12.21.31:795][  0]LogConfig: Setting CVar [[r.DOF.Scatter.BackgroundCompositing:2    ; additive background scattering]]
[2020.05.11-12.21.31:795][  0]LogConfig: Setting CVar [[r.DOF.Scatter.EnableBokehSettings:1      ; bokeh simulation when scattering]]
[2020.05.11-12.21.31:795][  0]LogConfig: Setting CVar [[r.DOF.Scatter.MaxSpriteRatio:0.1         ; only a maximum of 10% of scattered bokeh]]
[2020.05.11-12.21.31:795][  0]LogConfig: Setting CVar [[r.DOF.Recombine.Quality:1                ; cheap slight out of focus]]
[2020.05.11-12.21.31:795][  0]LogConfig: Setting CVar [[r.DOF.Recombine.EnableBokehSettings:0    ; no bokeh simulation on slight out of focus]]
[2020.05.11-12.21.31:795][  0]LogConfig: Setting CVar [[r.DOF.TemporalAAQuality:1                ; more stable temporal accumulation]]
[2020.05.11-12.21.31:795][  0]LogConfig: Setting CVar [[r.DOF.Kernel.MaxForegroundRadius:0.025]]
[2020.05.11-12.21.31:795][  0]LogConfig: Setting CVar [[r.DOF.Kernel.MaxBackgroundRadius:0.025]]
[2020.05.11-12.21.31:795][  0]LogConfig: Applying CVar settings from Section [TextureQuality@3] File [E:/Uni Stuff/Final Year Project/Games and Game Design Doc/GameSegments/Non-diegetic game segment/NonDiegetic/Saved/Config/Windows/Scalability.ini]
[2020.05.11-12.21.31:796][  0]LogConfig: Setting CVar [[r.Streaming.MipBias:0]]
[2020.05.11-12.21.31:796][  0]LogConfig: Setting CVar [[r.Streaming.AmortizeCPUToGPUCopy:0]]
[2020.05.11-12.21.31:796][  0]LogConfig: Setting CVar [[r.Streaming.MaxNumTexturesToStreamPerFrame:0]]
[2020.05.11-12.21.31:796][  0]LogConfig: Setting CVar [[r.Streaming.Boost:1]]
[2020.05.11-12.21.31:796][  0]LogConfig: Setting CVar [[r.MaxAnisotropy:8]]
[2020.05.11-12.21.31:796][  0]LogConfig: Setting CVar [[r.Streaming.LimitPoolSizeToVRAM:0]]
[2020.05.11-12.21.31:796][  0]LogConfig: Setting CVar [[r.Streaming.PoolSize:1000]]
[2020.05.11-12.21.31:796][  0]LogConfig: Setting CVar [[r.Streaming.MaxEffectiveScreenSize:0]]
[2020.05.11-12.21.31:796][  0]LogConfig: Applying CVar settings from Section [EffectsQuality@3] File [E:/Uni Stuff/Final Year Project/Games and Game Design Doc/GameSegments/Non-diegetic game segment/NonDiegetic/Saved/Config/Windows/Scalability.ini]
[2020.05.11-12.21.31:796][  0]LogConfig: Setting CVar [[r.TranslucencyLightingVolumeDim:64]]
[2020.05.11-12.21.31:796][  0]LogConfig: Setting CVar [[r.RefractionQuality:2]]
[2020.05.11-12.21.31:796][  0]LogConfig: Setting CVar [[r.SSR.Quality:3]]
[2020.05.11-12.21.31:796][  0]LogConfig: Setting CVar [[r.SceneColorFormat:4]]
[2020.05.11-12.21.31:796][  0]LogConfig: Setting CVar [[r.DetailMode:2]]
[2020.05.11-12.21.31:796][  0]LogConfig: Setting CVar [[r.TranslucencyVolumeBlur:1]]
[2020.05.11-12.21.31:796][  0]LogConfig: Setting CVar [[r.MaterialQualityLevel:1 ; High quality]]
[2020.05.11-12.21.31:796][  0]LogConfig: Setting CVar [[r.SSS.Scale:1]]
[2020.05.11-12.21.31:796][  0]LogConfig: Setting CVar [[r.SSS.SampleSet:2]]
[2020.05.11-12.21.31:796][  0]LogConfig: Setting CVar [[r.SSS.Quality:1]]
[2020.05.11-12.21.31:796][  0]LogConfig: Setting CVar [[r.SSS.HalfRes:1]]
[2020.05.11-12.21.31:796][  0]LogConfig: Setting CVar [[r.EmitterSpawnRateScale:1.0]]
[2020.05.11-12.21.31:796][  0]LogConfig: Setting CVar [[r.ParticleLightQuality:2]]
[2020.05.11-12.21.31:796][  0]LogConfig: Applying CVar settings from Section [FoliageQuality@3] File [E:/Uni Stuff/Final Year Project/Games and Game Design Doc/GameSegments/Non-diegetic game segment/NonDiegetic/Saved/Config/Windows/Scalability.ini]
[2020.05.11-12.21.31:796][  0]LogConfig: Setting CVar [[foliage.DensityScale:1.0]]
[2020.05.11-12.21.31:796][  0]LogConfig: Setting CVar [[grass.DensityScale:1.0]]
[2020.05.11-12.21.31:796][  0]LogInit: Selected Device Profile: [Windows]
[2020.05.11-12.21.31:796][  0]LogInit: Applying CVar settings loaded from the selected device profile: [Windows]
[2020.05.11-12.21.31:864][  0]LogHAL: Display: Platform has ~ 8 GB [8481812480 / 8589934592 / 8], which maps to Default [LargestMinGB=32, LargerMinGB=12, DefaultMinGB=8, SmallerMinGB=6, SmallestMinGB=0)
[2020.05.11-12.21.31:864][  0]LogInit: Going up to parent DeviceProfile []
[2020.05.11-12.21.31:864][  0]LogConfig: Applying CVar settings from Section [ViewDistanceQuality@3] File [E:/Uni Stuff/Final Year Project/Games and Game Design Doc/GameSegments/Non-diegetic game segment/NonDiegetic/Saved/Config/Windows/Scalability.ini]
[2020.05.11-12.21.31:864][  0]LogConfig: Setting CVar [[r.SkeletalMeshLODBias:0]]
[2020.05.11-12.21.31:864][  0]LogConfig: Setting CVar [[r.ViewDistanceScale:1.0]]
[2020.05.11-12.21.31:864][  0]LogConfig: Applying CVar settings from Section [AntiAliasingQuality@3] File [E:/Uni Stuff/Final Year Project/Games and Game Design Doc/GameSegments/Non-diegetic game segment/NonDiegetic/Saved/Config/Windows/Scalability.ini]
[2020.05.11-12.21.31:865][  0]LogConfig: Setting CVar [[r.PostProcessAAQuality:4]]
[2020.05.11-12.21.31:865][  0]LogConfig: Applying CVar settings from Section [ShadowQuality@3] File [E:/Uni Stuff/Final Year Project/Games and Game Design Doc/GameSegments/Non-diegetic game segment/NonDiegetic/Saved/Config/Windows/Scalability.ini]
[2020.05.11-12.21.31:865][  0]LogConfig: Setting CVar [[r.LightFunctionQuality:1]]
[2020.05.11-12.21.31:865][  0]LogConfig: Setting CVar [[r.ShadowQuality:5]]
[2020.05.11-12.21.31:865][  0]LogConfig: Setting CVar [[r.Shadow.CSM.MaxCascades:10]]
[2020.05.11-12.21.31:865][  0]LogConfig: Setting CVar [[r.Shadow.MaxResolution:2048]]
[2020.05.11-12.21.31:865][  0]LogConfig: Setting CVar [[r.Shadow.MaxCSMResolution:2048]]
[2020.05.11-12.21.31:865][  0]LogConfig: Setting CVar [[r.Shadow.RadiusThreshold:0.01]]
[2020.05.11-12.21.31:865][  0]LogConfig: Setting CVar [[r.Shadow.DistanceScale:1.0]]
[2020.05.11-12.21.31:865][  0]LogConfig: Setting CVar [[r.Shadow.CSM.TransitionScale:1.0]]
[2020.05.11-12.21.31:865][  0]LogConfig: Setting CVar [[r.Shadow.PreShadowResolutionFactor:1.0]]
[2020.05.11-12.21.31:865][  0]LogConfig: Setting CVar [[r.DistanceFieldShadowing:1]]
[2020.05.11-12.21.31:865][  0]LogConfig: Setting CVar [[r.DistanceFieldAO:1]]
[2020.05.11-12.21.31:865][  0]LogConfig: Setting CVar [[r.AOQuality:2]]
[2020.05.11-12.21.31:865][  0]LogConfig: Setting CVar [[r.VolumetricFog:1]]
[2020.05.11-12.21.31:865][  0]LogConfig: Setting CVar [[r.VolumetricFog.GridPixelSize:8]]
[2020.05.11-12.21.31:865][  0]LogConfig: Setting CVar [[r.VolumetricFog.GridSizeZ:128]]
[2020.05.11-12.21.31:865][  0]LogConfig: Setting CVar [[r.VolumetricFog.HistoryMissSupersampleCount:4]]
[2020.05.11-12.21.31:865][  0]LogConfig: Setting CVar [[r.LightMaxDrawDistanceScale:1]]
[2020.05.11-12.21.31:865][  0]LogConfig: Setting CVar [[r.CapsuleShadows:1]]
[2020.05.11-12.21.31:865][  0]LogConfig: Applying CVar settings from Section [PostProcessQuality@3] File [E:/Uni Stuff/Final Year Project/Games and Game Design Doc/GameSegments/Non-diegetic game segment/NonDiegetic/Saved/Config/Windows/Scalability.ini]
[2020.05.11-12.21.31:865][  0]LogConfig: Setting CVar [[r.MotionBlurQuality:4]]
[2020.05.11-12.21.31:865][  0]LogConfig: Setting CVar [[r.AmbientOcclusionMipLevelFactor:0.4]]
[2020.05.11-12.21.31:865][  0]LogConfig: Setting CVar [[r.AmbientOcclusionMaxQuality:100]]
[2020.05.11-12.21.31:865][  0]LogConfig: Setting CVar [[r.AmbientOcclusionLevels:-1]]
[2020.05.11-12.21.31:865][  0]LogConfig: Setting CVar [[r.AmbientOcclusionRadiusScale:1.0]]
[2020.05.11-12.21.31:865][  0]LogConfig: Setting CVar [[r.DepthOfFieldQuality:2]]
[2020.05.11-12.21.31:865][  0]LogConfig: Setting CVar [[r.RenderTargetPoolMin:400]]
[2020.05.11-12.21.31:865][  0]LogConfig: Setting CVar [[r.LensFlareQuality:2]]
[2020.05.11-12.21.31:865][  0]LogConfig: Setting CVar [[r.SceneColorFringeQuality:1]]
[2020.05.11-12.21.31:865][  0]LogConfig: Setting CVar [[r.EyeAdaptationQuality:2]]
[2020.05.11-12.21.31:865][  0]LogConfig: Setting CVar [[r.BloomQuality:5]]
[2020.05.11-12.21.31:865][  0]LogConfig: Setting CVar [[r.FastBlurThreshold:100]]
[2020.05.11-12.21.31:865][  0]LogConfig: Setting CVar [[r.Upscale.Quality:3]]
[2020.05.11-12.21.31:865][  0]LogConfig: Setting CVar [[r.Tonemapper.GrainQuantization:1]]
[2020.05.11-12.21.31:865][  0]LogConfig: Setting CVar [[r.LightShaftQuality:1]]
[2020.05.11-12.21.31:865][  0]LogConfig: Setting CVar [[r.Filter.SizeScale:1]]
[2020.05.11-12.21.31:865][  0]LogConfig: Setting CVar [[r.Tonemapper.Quality:5]]
[2020.05.11-12.21.31:865][  0]LogConfig: Setting CVar [[r.DOF.Gather.AccumulatorQuality:1        ; higher gathering accumulator quality]]
[2020.05.11-12.21.31:865][  0]LogConfig: Setting CVar [[r.DOF.Gather.PostfilterMethod:1          ; Median3x3 postfilering method]]
[2020.05.11-12.21.31:865][  0]LogConfig: Setting CVar [[r.DOF.Gather.EnableBokehSettings:0       ; no bokeh simulation when gathering]]
[2020.05.11-12.21.31:865][  0]LogConfig: Setting CVar [[r.DOF.Gather.RingCount:4                 ; medium number of samples when gathering]]
[2020.05.11-12.21.31:865][  0]LogConfig: Setting CVar [[r.DOF.Scatter.ForegroundCompositing:1    ; additive foreground scattering]]
[2020.05.11-12.21.31:866][  0]LogConfig: Setting CVar [[r.DOF.Scatter.BackgroundCompositing:2    ; additive background scattering]]
[2020.05.11-12.21.31:866][  0]LogConfig: Setting CVar [[r.DOF.Scatter.EnableBokehSettings:1      ; bokeh simulation when scattering]]
[2020.05.11-12.21.31:866][  0]LogConfig: Setting CVar [[r.DOF.Scatter.MaxSpriteRatio:0.1         ; only a maximum of 10% of scattered bokeh]]
[2020.05.11-12.21.31:866][  0]LogConfig: Setting CVar [[r.DOF.Recombine.Quality:1                ; cheap slight out of focus]]
[2020.05.11-12.21.31:866][  0]LogConfig: Setting CVar [[r.DOF.Recombine.EnableBokehSettings:0    ; no bokeh simulation on slight out of focus]]
[2020.05.11-12.21.31:866][  0]LogConfig: Setting CVar [[r.DOF.TemporalAAQuality:1                ; more stable temporal accumulation]]
[2020.05.11-12.21.31:866][  0]LogConfig: Setting CVar [[r.DOF.Kernel.MaxForegroundRadius:0.025]]
[2020.05.11-12.21.31:866][  0]LogConfig: Setting CVar [[r.DOF.Kernel.MaxBackgroundRadius:0.025]]
[2020.05.11-12.21.31:866][  0]LogConfig: Applying CVar settings from Section [TextureQuality@3] File [E:/Uni Stuff/Final Year Project/Games and Game Design Doc/GameSegments/Non-diegetic game segment/NonDiegetic/Saved/Config/Windows/Scalability.ini]
[2020.05.11-12.21.31:866][  0]LogConfig: Setting CVar [[r.Streaming.MipBias:0]]
[2020.05.11-12.21.31:866][  0]LogConfig: Setting CVar [[r.Streaming.AmortizeCPUToGPUCopy:0]]
[2020.05.11-12.21.31:866][  0]LogConfig: Setting CVar [[r.Streaming.MaxNumTexturesToStreamPerFrame:0]]
[2020.05.11-12.21.31:866][  0]LogConfig: Setting CVar [[r.Streaming.Boost:1]]
[2020.05.11-12.21.31:866][  0]LogConfig: Setting CVar [[r.MaxAnisotropy:8]]
[2020.05.11-12.21.31:866][  0]LogConfig: Setting CVar [[r.Streaming.LimitPoolSizeToVRAM:0]]
[2020.05.11-12.21.31:866][  0]LogConfig: Setting CVar [[r.Streaming.PoolSize:1000]]
[2020.05.11-12.21.31:866][  0]LogConfig: Setting CVar [[r.Streaming.MaxEffectiveScreenSize:0]]
[2020.05.11-12.21.31:866][  0]LogConfig: Applying CVar settings from Section [EffectsQuality@3] File [E:/Uni Stuff/Final Year Project/Games and Game Design Doc/GameSegments/Non-diegetic game segment/NonDiegetic/Saved/Config/Windows/Scalability.ini]
[2020.05.11-12.21.31:866][  0]LogConfig: Setting CVar [[r.TranslucencyLightingVolumeDim:64]]
[2020.05.11-12.21.31:866][  0]LogConfig: Setting CVar [[r.RefractionQuality:2]]
[2020.05.11-12.21.31:866][  0]LogConfig: Setting CVar [[r.SSR.Quality:3]]
[2020.05.11-12.21.31:866][  0]LogConfig: Setting CVar [[r.SceneColorFormat:4]]
[2020.05.11-12.21.31:866][  0]LogConfig: Setting CVar [[r.DetailMode:2]]
[2020.05.11-12.21.31:866][  0]LogConfig: Setting CVar [[r.TranslucencyVolumeBlur:1]]
[2020.05.11-12.21.31:866][  0]LogConfig: Setting CVar [[r.MaterialQualityLevel:1 ; High quality]]
[2020.05.11-12.21.31:866][  0]LogConfig: Setting CVar [[r.SSS.Scale:1]]
[2020.05.11-12.21.31:866][  0]LogConfig: Setting CVar [[r.SSS.SampleSet:2]]
[2020.05.11-12.21.31:866][  0]LogConfig: Setting CVar [[r.SSS.Quality:1]]
[2020.05.11-12.21.31:866][  0]LogConfig: Setting CVar [[r.SSS.HalfRes:1]]
[2020.05.11-12.21.31:866][  0]LogConfig: Setting CVar [[r.EmitterSpawnRateScale:1.0]]
[2020.05.11-12.21.31:866][  0]LogConfig: Setting CVar [[r.ParticleLightQuality:2]]
[2020.05.11-12.21.31:866][  0]LogConfig: Applying CVar settings from Section [FoliageQuality@3] File [E:/Uni Stuff/Final Year Project/Games and Game Design Doc/GameSegments/Non-diegetic game segment/NonDiegetic/Saved/Config/Windows/Scalability.ini]
[2020.05.11-12.21.31:866][  0]LogConfig: Setting CVar [[foliage.DensityScale:1.0]]
[2020.05.11-12.21.31:866][  0]LogConfig: Setting CVar [[grass.DensityScale:1.0]]
[2020.05.11-12.21.31:866][  0]LogConfig: Applying CVar settings from Section [Startup] File [../../../Engine/Config/ConsoleVariables.ini]
[2020.05.11-12.21.31:901][  0]LogConfig: Setting CVar [[net.UseAdaptiveNetUpdateFrequency:0]]
[2020.05.11-12.21.31:901][  0]LogConfig: Setting CVar [[p.chaos.AllowCreatePhysxBodies:1]]
[2020.05.11-12.21.31:901][  0]LogConfig: Applying CVar settings from Section [ConsoleVariables] File [E:/Uni Stuff/Final Year Project/Games and Game Design Doc/GameSegments/Non-diegetic game segment/NonDiegetic/Saved/Config/Windows/Engine.ini]
[2020.05.11-12.21.31:902][  0]LogInit: Computer: NATHAN-PC
[2020.05.11-12.21.31:902][  0]LogInit: User: Nathan
[2020.05.11-12.21.31:902][  0]LogInit: CPU Page size=4096, Cores=4
[2020.05.11-12.21.31:902][  0]LogInit: High frequency timer resolution =10.000000 MHz
[2020.05.11-12.21.31:902][  0]LogMemory: Memory total: Physical=7.9GB (8GB approx)
[2020.05.11-12.21.31:902][  0]LogMemory: Platform Memory Stats for Windows
[2020.05.11-12.21.31:902][  0]LogMemory: Process Physical Memory: 102.58 MB used, 102.59 MB peak
[2020.05.11-12.21.31:902][  0]LogMemory: Process Virtual Memory: 90.32 MB used, 90.32 MB peak
[2020.05.11-12.21.31:902][  0]LogMemory: Physical Memory: 4990.15 MB used,  3098.73 MB free, 8088.89 MB total
[2020.05.11-12.21.31:902][  0]LogMemory: Virtual Memory: 4646.08 MB used,  134213080.00 MB free, 134217728.00 MB total
[2020.05.11-12.21.31:924][  0]LogWindows: WindowsPlatformFeatures enabled
[2020.05.11-12.21.33:628][  0]LogInit: Using OS detected language (en-GB).
[2020.05.11-12.21.33:628][  0]LogInit: Using OS detected locale (en-GB).
[2020.05.11-12.21.33:674][  0]LogTextLocalizationManager: No specific localization for 'en-GB' exists, so the 'en' localization will be used.
[2020.05.11-12.21.34:738][  0]LogInit: Setting process to per monitor DPI aware
[2020.05.11-12.21.35:411][  0]LogSlate: New Slate User Created.  User Index 0, Is Virtual User: 0
[2020.05.11-12.21.35:411][  0]LogSlate: Slate User Registered.  User Index 0, Is Virtual User: 0
[2020.05.11-12.21.36:789][  0]LogHMD: Failed to initialize OpenVR with code 110
[2020.05.11-12.21.36:789][  0]LogD3D11RHI: D3D11 adapters:
[2020.05.11-12.21.36:856][  0]LogD3D11RHI:    0. 'AMD Radeon R9 200 Series' (Feature Level 11_0)
[2020.05.11-12.21.36:856][  0]LogD3D11RHI:       2028/0/4044 MB DedicatedVideo/DedicatedSystem/SharedSystem, Outputs:1, VendorId:0x1002
[2020.05.11-12.21.36:867][  0]LogD3D11RHI:    1. 'Intel(R) HD Graphics 4600' (Feature Level 11_0)
[2020.05.11-12.21.36:867][  0]LogD3D11RHI:       112/0/2048 MB DedicatedVideo/DedicatedSystem/SharedSystem, Outputs:0, VendorId:0x8086
[2020.05.11-12.21.36:869][  0]LogD3D11RHI:    2. 'Microsoft Basic Render Driver' (Feature Level 11_0)
[2020.05.11-12.21.36:869][  0]LogD3D11RHI:       0/0/4044 MB DedicatedVideo/DedicatedSystem/SharedSystem, Outputs:0, VendorId:0x1414
[2020.05.11-12.21.36:869][  0]LogD3D11RHI: Chosen D3D11 Adapter: 0
[2020.05.11-12.21.36:878][  0]LogD3D11RHI: Creating new Direct3DDevice
[2020.05.11-12.21.36:878][  0]LogD3D11RHI:     GPU DeviceId: 0x6810 (for the marketing name, search the web for "GPU Device Id")
[2020.05.11-12.21.36:878][  0]LogWindows: EnumDisplayDevices:
[2020.05.11-12.21.36:879][  0]LogWindows:    0. 'AMD Radeon R9 200 Series' (P:1 D:1)
[2020.05.11-12.21.36:879][  0]LogWindows:    1. 'AMD Radeon R9 200 Series' (P:0 D:0)
[2020.05.11-12.21.36:880][  0]LogWindows:    2. 'AMD Radeon R9 200 Series' (P:0 D:0)
[2020.05.11-12.21.36:881][  0]LogWindows:    3. 'AMD Radeon R9 200 Series' (P:0 D:0)
[2020.05.11-12.21.36:881][  0]LogWindows:    4. 'AMD Radeon R9 200 Series' (P:0 D:0)
[2020.05.11-12.21.36:882][  0]LogWindows:    5. 'AMD Radeon R9 200 Series' (P:0 D:0)
[2020.05.11-12.21.36:883][  0]LogWindows:    6. 'AMD Radeon R9 200 Series' (P:0 D:0)
[2020.05.11-12.21.36:883][  0]LogWindows:    7. 'AMD Radeon R9 200 Series' (P:0 D:0)
[2020.05.11-12.21.36:884][  0]LogWindows:    8. 'Intel(R) HD Graphics 4600' (P:0 D:0)
[2020.05.11-12.21.36:885][  0]LogWindows:    9. 'Intel(R) HD Graphics 4600' (P:0 D:0)
[2020.05.11-12.21.36:885][  0]LogWindows:    10. 'Intel(R) HD Graphics 4600' (P:0 D:0)
[2020.05.11-12.21.36:885][  0]LogWindows: DebugString: PrimaryIsNotTheChoosenAdapter PrimaryIsNotTheChoosenAdapter PrimaryIsNotTheChoosenAdapter FoundDriverCount:8 
[2020.05.11-12.21.36:885][  0]LogD3D11RHI:     Adapter Name: AMD Radeon R9 200 Series
[2020.05.11-12.21.36:885][  0]LogD3D11RHI:   Driver Version: Adrenalin 19.20 (internal:26.20.12028.2, unified:26.20.12028.2)
[2020.05.11-12.21.36:885][  0]LogD3D11RHI:      Driver Date: 8-16-2019
[2020.05.11-12.21.36:885][  0]LogRHI: Texture pool is 1419 MB (70% of 2028 MB)
[2020.05.11-12.21.37:062][  0]LogD3D11RHI: Async texture creation enabled
[2020.05.11-12.21.37:076][  0]LogD3D11RHI: GPU Timing Frequency: 27.000000 (Debug: 2 1)
[2020.05.11-12.21.39:613][  0]LogTemp: Display: Module 'AllDesktopTargetPlatform' loaded TargetPlatform 'AllDesktop'
[2020.05.11-12.21.39:681][  0]LogTemp: Display: Module 'MacClientTargetPlatform' loaded TargetPlatform 'MacClient'
[2020.05.11-12.21.39:724][  0]LogTemp: Display: Module 'MacNoEditorTargetPlatform' loaded TargetPlatform 'MacNoEditor'
[2020.05.11-12.21.39:843][  0]LogTemp: Display: Module 'MacServerTargetPlatform' loaded TargetPlatform 'MacServer'
[2020.05.11-12.21.39:919][  0]LogTemp: Display: Module 'MacTargetPlatform' loaded TargetPlatform 'Mac'
[2020.05.11-12.21.40:013][  0]LogTemp: Display: Module 'WindowsClientTargetPlatform' loaded TargetPlatform 'WindowsClient'
[2020.05.11-12.21.40:121][  0]LogTemp: Display: Module 'WindowsNoEditorTargetPlatform' loaded TargetPlatform 'WindowsNoEditor'
[2020.05.11-12.21.40:218][  0]LogTemp: Display: Module 'WindowsServerTargetPlatform' loaded TargetPlatform 'WindowsServer'
[2020.05.11-12.21.40:366][  0]LogTemp: Display: Module 'WindowsTargetPlatform' loaded TargetPlatform 'Windows'
[2020.05.11-12.21.40:663][  0]LogTemp: Display: Module 'AndroidTargetPlatform' loaded TargetPlatform 'Android'
[2020.05.11-12.21.40:663][  0]LogTemp: Display: Module 'AndroidTargetPlatform' loaded TargetPlatform 'Android_ASTC'
[2020.05.11-12.21.40:663][  0]LogTemp: Display: Module 'AndroidTargetPlatform' loaded TargetPlatform 'Android_ATC'
[2020.05.11-12.21.40:663][  0]LogTemp: Display: Module 'AndroidTargetPlatform' loaded TargetPlatform 'Android_DXT'
[2020.05.11-12.21.40:663][  0]LogTemp: Display: Module 'AndroidTargetPlatform' loaded TargetPlatform 'Android_ETC1'
[2020.05.11-12.21.40:663][  0]LogTemp: Display: Module 'AndroidTargetPlatform' loaded TargetPlatform 'Android_ETC1a'
[2020.05.11-12.21.40:663][  0]LogTemp: Display: Module 'AndroidTargetPlatform' loaded TargetPlatform 'Android_ETC2'
[2020.05.11-12.21.40:663][  0]LogTemp: Display: Module 'AndroidTargetPlatform' loaded TargetPlatform 'Android_PVRTC'
[2020.05.11-12.21.40:663][  0]LogTemp: Display: Module 'AndroidTargetPlatform' loaded TargetPlatform 'AndroidClient'
[2020.05.11-12.21.40:663][  0]LogTemp: Display: Module 'AndroidTargetPlatform' loaded TargetPlatform 'Android_ASTCClient'
[2020.05.11-12.21.40:663][  0]LogTemp: Display: Module 'AndroidTargetPlatform' loaded TargetPlatform 'Android_ATCClient'
[2020.05.11-12.21.40:663][  0]LogTemp: Display: Module 'AndroidTargetPlatform' loaded TargetPlatform 'Android_DXTClient'
[2020.05.11-12.21.40:663][  0]LogTemp: Display: Module 'AndroidTargetPlatform' loaded TargetPlatform 'Android_ETC1Client'
[2020.05.11-12.21.40:663][  0]LogTemp: Display: Module 'AndroidTargetPlatform' loaded TargetPlatform 'Android_ETC1aClient'
[2020.05.11-12.21.40:663][  0]LogTemp: Display: Module 'AndroidTargetPlatform' loaded TargetPlatform 'Android_ETC2Client'
[2020.05.11-12.21.40:663][  0]LogTemp: Display: Module 'AndroidTargetPlatform' loaded TargetPlatform 'Android_PVRTCClient'
[2020.05.11-12.21.40:663][  0]LogTemp: Display: Module 'AndroidTargetPlatform' loaded TargetPlatform 'Android_Multi'
[2020.05.11-12.21.40:663][  0]LogTemp: Display: Module 'AndroidTargetPlatform' loaded TargetPlatform 'Android_MultiClient'
[2020.05.11-12.21.40:714][  0]LogTemp: Display: Module 'HTML5TargetPlatform' loaded TargetPlatform 'HTML5'
[2020.05.11-12.21.41:190][  0]LogTemp: Display: Module 'IOSTargetPlatform' loaded TargetPlatform 'IOSClient'
[2020.05.11-12.21.41:190][  0]LogTemp: Display: Module 'IOSTargetPlatform' loaded TargetPlatform 'IOS'
[2020.05.11-12.21.41:252][  0]LogTemp: Display: Module 'TVOSTargetPlatform' loaded TargetPlatform 'TVOSClient'
[2020.05.11-12.21.41:252][  0]LogTemp: Display: Module 'TVOSTargetPlatform' loaded TargetPlatform 'TVOS'
[2020.05.11-12.21.41:357][  0]LogTemp: Display: Module 'LinuxClientTargetPlatform' loaded TargetPlatform 'LinuxClient'
[2020.05.11-12.21.41:431][  0]LogTemp: Display: Module 'LinuxNoEditorTargetPlatform' loaded TargetPlatform 'LinuxNoEditor'
[2020.05.11-12.21.41:481][  0]LogTemp: Display: Module 'LinuxServerTargetPlatform' loaded TargetPlatform 'LinuxServer'
[2020.05.11-12.21.41:646][  0]LogTemp: Display: Module 'LinuxTargetPlatform' loaded TargetPlatform 'Linux'
[2020.05.11-12.21.41:733][  0]LogTemp: Display: Module 'LuminTargetPlatform' loaded TargetPlatform 'Lumin'
[2020.05.11-12.21.41:733][  0]LogTemp: Display: Module 'LuminTargetPlatform' loaded TargetPlatform 'LuminClient'
[2020.05.11-12.21.41:733][  0]LogTargetPlatformManager: Display: Building Assets For Windows
[2020.05.11-12.21.42:259][  0]LogAudioDebug: Display: Lib vorbis DLL was dynamically loaded.
[2020.05.11-12.21.44:626][  0]LogShaderCompilers: Guid format shader working directory is -64 characters bigger than the processId version (../../../../../Uni Stuff/Final Year Project/Games and Game Design Doc/GameSegments/Non-diegetic game segment/NonDiegetic/Intermediate/Shaders/WorkingDirectory/10724/).
[2020.05.11-12.21.44:626][  0]LogShaderCompilers: Cleaned the shader compiler working directory 'C:/Users/Nathan.Nathan-PC/AppData/Local/Temp/UnrealShaderWorkingDir/C4CF9277421205F054135C833014B422/'.
[2020.05.11-12.21.44:630][  0]LogXGEController: Cleaning working directory: C:/Users/Nathan.Nathan-PC/AppData/Local/Temp/UnrealXGEWorkingDir/
[2020.05.11-12.21.44:630][  0]LogXGEController: Cannot use XGE Controller as Incredibuild is not installed on this machine.
[2020.05.11-12.21.44:630][  0]LogShaderCompilers: Cannot use XGE Shader Compiler as Incredibuild is not installed on this machine.
[2020.05.11-12.21.44:630][  0]LogShaderCompilers: Display: Using Local Shader Compiler.
[2020.05.11-12.21.46:563][  0]LogDerivedDataCache: Display: Max Cache Size: 512 MB
[2020.05.11-12.21.47:094][  0]LogDerivedDataCache: Loaded boot cache 0.53s 73MB C:/Users/Nathan.Nathan-PC/AppData/Local/UnrealEngine/4.23/DerivedDataCache/Boot.ddc.
[2020.05.11-12.21.47:095][  0]LogDerivedDataCache: Display: Loaded Boot cache: C:/Users/Nathan.Nathan-PC/AppData/Local/UnrealEngine/4.23/DerivedDataCache/Boot.ddc
[2020.05.11-12.21.47:095][  0]LogDerivedDataCache: FDerivedDataBackendGraph:  Pak pak cache file ../../../../../Uni Stuff/Final Year Project/Games and Game Design Doc/GameSegments/Non-diegetic game segment/NonDiegetic/DerivedDataCache/DDC.ddp not found, will not use a pak cache.
[2020.05.11-12.21.47:095][  0]LogDerivedDataCache: Unable to find inner node Pak for hierarchical cache Hierarchy.
[2020.05.11-12.21.47:095][  0]LogDerivedDataCache: FDerivedDataBackendGraph:  CompressedPak pak cache file ../../../../../Uni Stuff/Final Year Project/Games and Game Design Doc/GameSegments/Non-diegetic game segment/NonDiegetic/DerivedDataCache/Compressed.ddp not found, will not use a pak cache.
[2020.05.11-12.21.47:095][  0]LogDerivedDataCache: Unable to find inner node CompressedPak for hierarchical cache Hierarchy.
[2020.05.11-12.21.47:209][  0]LogDerivedDataCache: Display: Pak cache opened for reading ../../../Engine/DerivedDataCache/Compressed.ddp.
[2020.05.11-12.21.47:209][  0]LogDerivedDataCache: FDerivedDataBackendGraph:  EnterprisePak pak cache file ../../../Enterprise/DerivedDataCache/Compressed.ddp not found, will not use a pak cache.
[2020.05.11-12.21.47:210][  0]LogDerivedDataCache: Unable to find inner node EnterprisePak for hierarchical cache Hierarchy.
[2020.05.11-12.21.47:213][  0]LogDerivedDataCache: Using Local data cache path C:/Users/Nathan.Nathan-PC/AppData/Local/UnrealEngine/Common/DerivedDataCache: Writable
[2020.05.11-12.21.47:213][  0]LogDerivedDataCache: Shared data cache path not found in *engine.ini, will not use an Shared cache.
[2020.05.11-12.21.47:214][  0]LogDerivedDataCache: Unable to find inner node Shared for hierarchical cache Hierarchy.
[2020.05.11-12.21.47:242][  0]LogMaterial: Verifying Global Shaders for PCD3D_SM5
[2020.05.11-12.21.47:245][  0]LogSlate: Using FreeType 2.6.0
[2020.05.11-12.21.47:307][  0]LogSlate: SlateFontServices - WITH_FREETYPE: 1, WITH_HARFBUZZ: 1
[2020.05.11-12.21.49:081][  0]LogAssetRegistry: FAssetRegistry took 0.0061 seconds to start up
[2020.05.11-12.21.49:747][  0]LogInit: Selected Device Profile: [Windows]
[2020.05.11-12.21.54:728][  0]LogMeshReduction: Using QuadricMeshReduction for automatic static mesh reduction
[2020.05.11-12.21.54:728][  0]LogMeshReduction: Using SimplygonMeshReduction for automatic skeletal mesh reduction
[2020.05.11-12.21.54:728][  0]LogMeshReduction: Using ProxyLODMeshReduction for automatic mesh merging
[2020.05.11-12.21.54:728][  0]LogMeshReduction: No distributed automatic mesh merging module available
[2020.05.11-12.21.54:728][  0]LogMeshMerging: No distributed automatic mesh merging module available
[2020.05.11-12.21.55:046][  0]LogNetVersion: NonDiegetic 1.0.0, NetCL: 8386587, EngineNetVer: 11, GameNetVer: 0 (Checksum: 3463998418)
[2020.05.11-12.22.00:472][  0]LogPackageLocalizationCache: Processed 12 localized package path(s) for 1 prioritized culture(s) in 1.596895 seconds
[2020.05.11-12.22.00:479][  0]LogUObjectArray: 43444 objects as part of root set at end of initial load.
[2020.05.11-12.22.00:479][  0]LogUObjectAllocator: 7548648 out of 0 bytes used by permanent object pool.
[2020.05.11-12.22.00:479][  0]LogUObjectArray: CloseDisregardForGC: 0/0 objects in disregard for GC pool
[2020.05.11-12.22.23:652][  0]LogTcpMessaging: Initializing TcpMessaging bridge
[2020.05.11-12.22.23:723][  0]LogUdpMessaging: Initializing bridge on interface 0.0.0.0:0 to multicast group 230.0.0.1:6666.
[2020.05.11-12.22.25:083][  0]SourceControl: Source control is disabled
[2020.05.11-12.22.25:083][  0]SourceControl: Source control is disabled
[2020.05.11-12.22.25:481][  0]SourceControl: Source control is disabled
[2020.05.11-12.22.25:543][  0]SourceControl: Source control is disabled
[2020.05.11-12.22.28:503][  0]LogAndroidPermission: UAndroidPermissionCallbackProxy::GetInstance
[2020.05.11-12.22.30:155][  0]LogOcInput: OculusInput pre-init called
[2020.05.11-12.22.30:275][  0]LogWindows: Failed to load 'OVRPlugin.dll' (GetLastError=126)
[2020.05.11-12.22.30:275][  0]LogWindows: File 'OVRPlugin.dll' does not exist
[2020.05.11-12.22.30:845][  0]LogEngine: Initializing Engine...
[2020.05.11-12.22.30:847][  0]LogHMD: Failed to initialize OpenVR with code 110
[2020.05.11-12.22.30:848][  0]LogStats: UGameplayTagsManager::InitializeManager -  0.000 s
[2020.05.11-12.22.31:545][  0]LogInit: Initializing FReadOnlyCVARCache
[2020.05.11-12.22.31:624][  0]LogAIModule: Creating AISystem for world Untitled
[2020.05.11-12.22.31:678][  0]LogInit: XAudio2 using 'Headphones (Arctis 5 Game)' : 2 channels at 48 kHz using 16 bits per sample (channel mask 0x3)
[2020.05.11-12.22.31:895][  0]LogInit: FAudioDevice initialized.
[2020.05.11-12.22.31:895][  0]LogNetVersion: Set ProjectVersion to 1.0.0.0. Version Checksum will be recalculated on next use.
[2020.05.11-12.22.32:085][  0]LogDerivedDataCache: Saved boot cache 0.19s 73MB C:/Users/Nathan.Nathan-PC/AppData/Local/UnrealEngine/4.23/DerivedDataCache/Boot.ddc.
[2020.05.11-12.22.32:086][  0]LogInit: Texture streaming: Enabled
[2020.05.11-12.22.32:347][  0]LogEngineSessionManager: EngineSessionManager initialized
[2020.05.11-12.22.32:347][  0]LogEditorSessionSummary: Verbose: Initializing EditorSessionSummaryWriter for editor session tracking
[2020.05.11-12.22.32:355][  0]LogEditorSessionSummary: EditorSessionSummaryWriter initialized
[2020.05.11-12.22.33:075][  0]LogInit: Transaction tracking system initialized
[2020.05.11-12.22.33:657][  0]BlueprintLog: New page: Editor Load
[2020.05.11-12.22.35:377][  0]LocalizationService: Localization service is disabled
[2020.05.11-12.22.39:755][  0]LogCook: Display: Max memory allowance for cook 16384mb min free memory 0mb
[2020.05.11-12.22.39:755][  0]LogCook: Display: Mobile HDR setting 1
[2020.05.11-12.22.40:838][  0]LogFileCache: Scanning file cache for directory 'E:/Uni Stuff/Final Year Project/Games and Game Design Doc/GameSegments/Non-diegetic game segment/NonDiegetic/Content/' took 0.05s
[2020.05.11-12.22.48:506][  0]SourceControl: Source control is disabled
[2020.05.11-12.22.48:506][  0]LightingResults: New page: Lighting Build
[2020.05.11-12.22.48:510][  0]LogWorld: UWorld::CleanupWorld for Untitled, bSessionEnded=true, bCleanupResources=true
[2020.05.11-12.22.48:511][  0]MapCheck: New page: Map Check
[2020.05.11-12.22.48:511][  0]LightingResults: New page: Lighting Build
[2020.05.11-12.22.48:534][  0]LogUObjectHash: Compacting FUObjectHashTables data took   2.24ms
[2020.05.11-12.22.59:111][  0]LogAIModule: Creating AISystem for world ThirdPersonExampleMap
[2020.05.11-12.22.59:262][  0]LogEditorServer: Finished looking for orphan Actors (0.000 secs)
[2020.05.11-12.22.59:303][  0]LogUObjectHash: Compacting FUObjectHashTables data took   2.94ms
[2020.05.11-12.22.59:303][  0]Cmd: MAP CHECKDEP NOCLEARLOG
[2020.05.11-12.22.59:303][  0]MapCheck: Map check complete: 0 Error(s), 0 Warning(s), took 0.129ms to complete.
[2020.05.11-12.22.59:303][  0]LogFileHelpers: Loading map 'ThirdPersonExampleMap' took 10.798
[2020.05.11-12.22.59:701][  0]LogSlate: Updating window title bar state: overlay mode, drag disabled, window buttons hidden, title bar hidden
[2020.05.11-12.22.59:709][  0]LogSlate: Updating window title bar state: overlay mode, drag disabled, window buttons hidden, title bar hidden
[2020.05.11-12.22.59:718][  0]LogSlate: Updating window title bar state: overlay mode, drag disabled, window buttons hidden, title bar hidden
[2020.05.11-12.22.59:726][  0]LogSlate: Updating window title bar state: overlay mode, drag disabled, window buttons hidden, title bar hidden
[2020.05.11-12.22.59:821][  0]LogCollectionManager: Loaded 0 collections in 0.003458 seconds
[2020.05.11-12.22.59:830][  0]LogFileCache: Scanning file cache for directory 'E:/Uni Stuff/Final Year Project/Games and Game Design Doc/GameSegments/Non-diegetic game segment/NonDiegetic/Saved/Collections/' took 0.00s
[2020.05.11-12.22.59:830][  0]LogFileCache: Scanning file cache for directory 'E:/Uni Stuff/Final Year Project/Games and Game Design Doc/GameSegments/Non-diegetic game segment/NonDiegetic/Content/Developers/Nathan/Collections/' took 0.00s
[2020.05.11-12.22.59:830][  0]LogFileCache: Scanning file cache for directory 'E:/Uni Stuff/Final Year Project/Games and Game Design Doc/GameSegments/Non-diegetic game segment/NonDiegetic/Content/Collections/' took 0.00s
[2020.05.11-12.22.59:830][  0]LogCollectionManager: Rebuilt the GUID cache for 0 collections in 0.000004 seconds
[2020.05.11-12.22.59:838][  0]LogContentBrowser: Native class hierarchy populated in 0.0082 seconds. Added 2863 classes and 680 folders.
[2020.05.11-12.22.59:848][  0]LogContentBrowser: Native class hierarchy updated for 'WidgetCarousel' in 0.0002 seconds. Added 0 classes and 0 folders.
[2020.05.11-12.23.00:812][  0]LogContentBrowser: Native class hierarchy updated for 'AddContentDialog' in 0.0002 seconds. Added 0 classes and 0 folders.
[2020.05.11-12.23.00:960][  0]LogContentBrowser: Native class hierarchy updated for 'SceneOutliner' in 0.0003 seconds. Added 1 classes and 2 folders.
[2020.05.11-12.23.01:164][  0]LogSlate: Took 0.040015 seconds to synchronously load lazily loaded font '../../../Engine/Content/Slate/Fonts/Roboto-Regular.ttf' (155K)
[2020.05.11-12.23.01:197][  0]LogSlate: Took 0.030731 seconds to synchronously load lazily loaded font '../../../Engine/Content/Slate/Fonts/Roboto-Bold.ttf' (160K)
[2020.05.11-12.23.01:226][  0]LogSlate: Took 0.024604 seconds to synchronously load lazily loaded font '../../../Engine/Content/Editor/Slate/Fonts/FontAwesome.ttf' (139K)
[2020.05.11-12.23.01:560][  0]LogRenderer: Reallocating scene render targets to support 256x256 Format 10 NumSamples 1 (Frame:1).
[2020.05.11-12.23.01:583][  0]LogRenderer: Reallocating scene render targets to support 1208x572 Format 10 NumSamples 1 (Frame:1).
[2020.05.11-12.23.01:793][  0]LogContentBrowser: Native class hierarchy updated for 'HierarchicalLODOutliner' in 0.0002 seconds. Added 0 classes and 0 folders.
[2020.05.11-12.23.01:793][  0]LogLoad: (Engine Initialization) Total time: 116.29 seconds
[2020.05.11-12.23.01:793][  0]LogLoad: (Engine Initialization) Total Blueprint compile time: 0.00 seconds
[2020.05.11-12.23.01:868][  0]LogContentStreaming: Texture pool size now 1000 MB
[2020.05.11-12.23.01:986][  0]LogSlate: Took 0.015814 seconds to synchronously load lazily loaded font '../../../Engine/Content/Slate/Fonts/Roboto-Light.ttf' (167K)
[2020.05.11-12.23.02:973][ 11]LogSlate: Took 0.000181 seconds to synchronously load lazily loaded font '../../../Engine/Content/Slate/Fonts/Roboto-Light.ttf' (167K)
[2020.05.11-12.23.03:657][ 21]LogAssetRegistry: Asset discovery search completed in 74.5775 seconds
[2020.05.11-12.23.03:662][ 21]LogCollectionManager: Rebuilt the object cache for 0 collections in 0.000009 seconds (found 0 objects)
[2020.05.11-12.23.03:662][ 21]LogCollectionManager: Fixed up redirectors for 0 collections in 0.000071 seconds (updated 0 objects)
[2020.05.11-12.23.10:791][156]LogSlate: FSceneViewport::OnFocusLost() reason 0
[2020.05.11-12.23.10:836][161]LogTemp: Repeating last play command: Selected Viewport
[2020.05.11-12.23.10:874][161]LogBlueprintUserMessages: Early PlayInEditor Detection: Level '/Game/ThirdPersonBP/Maps/ThirdPersonExampleMap.ThirdPersonExampleMap:PersistentLevel' has LevelScriptBlueprint '/Game/ThirdPersonBP/Maps/ThirdPersonExampleMap.ThirdPersonExampleMap:PersistentLevel.ThirdPersonExampleMap' with GeneratedClass '/Game/ThirdPersonBP/Maps/ThirdPersonExampleMap.ThirdPersonExampleMap_C' with ClassGeneratedBy '/Game/ThirdPersonBP/Maps/ThirdPersonExampleMap.ThirdPersonExampleMap:PersistentLevel.ThirdPersonExampleMap'
[2020.05.11-12.23.10:874][161]LogPlayLevel: PlayLevel: No blueprints needed recompiling
[2020.05.11-12.23.10:875][161]PIE: New page: PIE session: ThirdPersonExampleMap (11 May 2020 14:23:10)
[2020.05.11-12.23.10:876][161]LogOnline: OSS: Creating online subsystem instance for: NULL
[2020.05.11-12.23.10:877][161]LogPlayLevel: Creating play world package: /Game/ThirdPersonBP/Maps/UEDPIE_0_ThirdPersonExampleMap
[2020.05.11-12.23.10:916][161]LogPlayLevel: PIE: StaticDuplicateObject took: (0.039466s)
[2020.05.11-12.23.10:917][161]LogAIModule: Creating AISystem for world ThirdPersonExampleMap
[2020.05.11-12.23.10:918][161]LogPlayLevel: PIE: World Init took: (0.001146s)
[2020.05.11-12.23.10:918][161]LogPlayLevel: PIE: Created PIE world by copying editor world from /Game/ThirdPersonBP/Maps/ThirdPersonExampleMap.ThirdPersonExampleMap to /Game/ThirdPersonBP/Maps/UEDPIE_0_ThirdPersonExampleMap.ThirdPersonExampleMap (0.040899s)
[2020.05.11-12.23.10:942][161]LogUObjectHash: Compacting FUObjectHashTables data took   1.81ms
[2020.05.11-12.23.10:967][161]LogInit: XAudio2 using 'Headphones (Arctis 5 Game)' : 2 channels at 48 kHz using 16 bits per sample (channel mask 0x3)
[2020.05.11-12.23.11:007][161]LogInit: FAudioDevice initialized.
[2020.05.11-12.23.11:022][161]LogLoad: Game class is 'ThirdPersonGameMode_C'
[2020.05.11-12.23.11:039][161]LogWorld: Bringing World /Game/ThirdPersonBP/Maps/UEDPIE_0_ThirdPersonExampleMap.ThirdPersonExampleMap up for play (max tick rate 0) at 2020.05.11-13.23.11
[2020.05.11-12.23.11:047][161]LogWorld: Bringing up level for play took: 0.023583
[2020.05.11-12.23.11:047][161]LogOnline: OSS: Creating online subsystem instance for: :Context_4
[2020.05.11-12.23.11:057][161]LogContentBrowser: Native class hierarchy updated for 'MovieSceneCapture' in 0.0003 seconds. Added 20 classes and 0 folders.
[2020.05.11-12.23.11:071][161]PIE: Play in editor start time for /Game/ThirdPersonBP/Maps/UEDPIE_0_ThirdPersonExampleMap 0.716
[2020.05.11-12.23.11:071][161]LogBlueprintUserMessages: Late PlayInEditor Detection: Level '/Game/ThirdPersonBP/Maps/ThirdPersonExampleMap.ThirdPersonExampleMap:PersistentLevel' has LevelScriptBlueprint '/Game/ThirdPersonBP/Maps/ThirdPersonExampleMap.ThirdPersonExampleMap:PersistentLevel.ThirdPersonExampleMap' with GeneratedClass '/Game/ThirdPersonBP/Maps/ThirdPersonExampleMap.ThirdPersonExampleMap_C' with ClassGeneratedBy '/Game/ThirdPersonBP/Maps/ThirdPersonExampleMap.ThirdPersonExampleMap:PersistentLevel.ThirdPersonExampleMap'
[2020.05.11-12.23.26:673][436]LogBlueprintUserMessages: Early EndPlayMap Detection: Level '/Game/ThirdPersonBP/Maps/ThirdPersonExampleMap.ThirdPersonExampleMap:PersistentLevel' has LevelScriptBlueprint '/Game/ThirdPersonBP/Maps/ThirdPersonExampleMap.ThirdPersonExampleMap:PersistentLevel.ThirdPersonExampleMap' with GeneratedClass '/Game/ThirdPersonBP/Maps/ThirdPersonExampleMap.ThirdPersonExampleMap_C' with ClassGeneratedBy '/Game/ThirdPersonBP/Maps/ThirdPersonExampleMap.ThirdPersonExampleMap:PersistentLevel.ThirdPersonExampleMap'
[2020.05.11-12.23.26:674][436]LogSlate: Updating window title bar state: overlay mode, drag disabled, window buttons hidden, title bar hidden
[2020.05.11-12.23.26:674][436]LogWorld: BeginTearingDown for /Game/ThirdPersonBP/Maps/UEDPIE_0_ThirdPersonExampleMap
[2020.05.11-12.23.26:675][436]LogWorld: UWorld::CleanupWorld for ThirdPersonExampleMap, bSessionEnded=true, bCleanupResources=true
[2020.05.11-12.23.26:694][436]LogPlayLevel: Display: Shutting down PIE online subsystems
[2020.05.11-12.23.26:695][436]LogBlueprintUserMessages: Late EndPlayMap Detection: Level '/Game/ThirdPersonBP/Maps/ThirdPersonExampleMap.ThirdPersonExampleMap:PersistentLevel' has LevelScriptBlueprint '/Game/ThirdPersonBP/Maps/ThirdPersonExampleMap.ThirdPersonExampleMap:PersistentLevel.ThirdPersonExampleMap' with GeneratedClass '/Game/ThirdPersonBP/Maps/ThirdPersonExampleMap.ThirdPersonExampleMap_C' with ClassGeneratedBy '/Game/ThirdPersonBP/Maps/ThirdPersonExampleMap.ThirdPersonExampleMap:PersistentLevel.ThirdPersonExampleMap'
[2020.05.11-12.23.26:728][436]LogSlate: Updating window title bar state: overlay mode, drag disabled, window buttons hidden, title bar hidden
[2020.05.11-12.23.26:733][436]LogUObjectHash: Compacting FUObjectHashTables data took   2.38ms
[2020.05.11-12.23.26:780][438]LogPlayLevel: Display: Destroying online subsystem :Context_4
[2020.05.11-12.23.32:630][561]LogSlate: FSceneViewport::OnFocusLost() reason 0
[2020.05.11-12.23.59:163][555]LogSlate: FSceneViewport::OnFocusLost() reason 0
[2020.05.11-12.23.59:218][560]LogTemp: Repeating last play command: Selected Viewport
[2020.05.11-12.23.59:281][560]LogBlueprintUserMessages: Early PlayInEditor Detection: Level '/Game/ThirdPersonBP/Maps/ThirdPersonExampleMap.ThirdPersonExampleMap:PersistentLevel' has LevelScriptBlueprint '/Game/ThirdPersonBP/Maps/ThirdPersonExampleMap.ThirdPersonExampleMap:PersistentLevel.ThirdPersonExampleMap' with GeneratedClass '/Game/ThirdPersonBP/Maps/ThirdPersonExampleMap.ThirdPersonExampleMap_C' with ClassGeneratedBy '/Game/ThirdPersonBP/Maps/ThirdPersonExampleMap.ThirdPersonExampleMap:PersistentLevel.ThirdPersonExampleMap'
[2020.05.11-12.23.59:281][560]LogPlayLevel: PlayLevel: No blueprints needed recompiling
[2020.05.11-12.23.59:281][560]PIE: New page: PIE session: ThirdPersonExampleMap (11 May 2020 14:23:59)
[2020.05.11-12.23.59:281][560]LogPlayLevel: Creating play world package: /Game/ThirdPersonBP/Maps/UEDPIE_0_ThirdPersonExampleMap
[2020.05.11-12.23.59:307][560]LogPlayLevel: PIE: StaticDuplicateObject took: (0.026135s)
[2020.05.11-12.23.59:309][560]LogAIModule: Creating AISystem for world ThirdPersonExampleMap
[2020.05.11-12.23.59:309][560]LogPlayLevel: PIE: World Init took: (0.001220s)
[2020.05.11-12.23.59:309][560]LogPlayLevel: PIE: Created PIE world by copying editor world from /Game/ThirdPersonBP/Maps/ThirdPersonExampleMap.ThirdPersonExampleMap to /Game/ThirdPersonBP/Maps/UEDPIE_0_ThirdPersonExampleMap.ThirdPersonExampleMap (0.027553s)
[2020.05.11-12.23.59:334][560]LogUObjectHash: Compacting FUObjectHashTables data took   1.86ms
[2020.05.11-12.23.59:356][560]LogInit: XAudio2 using 'Headphones (Arctis 5 Game)' : 2 channels at 48 kHz using 16 bits per sample (channel mask 0x3)
[2020.05.11-12.23.59:391][560]LogInit: FAudioDevice initialized.
[2020.05.11-12.23.59:401][560]LogLoad: Game class is 'ThirdPersonGameMode_C'
[2020.05.11-12.23.59:418][560]LogWorld: Bringing World /Game/ThirdPersonBP/Maps/UEDPIE_0_ThirdPersonExampleMap.ThirdPersonExampleMap up for play (max tick rate 0) at 2020.05.11-13.23.59
[2020.05.11-12.23.59:425][560]LogWorld: Bringing up level for play took: 0.023345
[2020.05.11-12.23.59:425][560]LogOnline: OSS: Creating online subsystem instance for: :Context_5
[2020.05.11-12.23.59:439][560]PIE: Play in editor start time for /Game/ThirdPersonBP/Maps/UEDPIE_0_ThirdPersonExampleMap 1.084
[2020.05.11-12.23.59:439][560]LogBlueprintUserMessages: Late PlayInEditor Detection: Level '/Game/ThirdPersonBP/Maps/ThirdPersonExampleMap.ThirdPersonExampleMap:PersistentLevel' has LevelScriptBlueprint '/Game/ThirdPersonBP/Maps/ThirdPersonExampleMap.ThirdPersonExampleMap:PersistentLevel.ThirdPersonExampleMap' with GeneratedClass '/Game/ThirdPersonBP/Maps/ThirdPersonExampleMap.ThirdPersonExampleMap_C' with ClassGeneratedBy '/Game/ThirdPersonBP/Maps/ThirdPersonExampleMap.ThirdPersonExampleMap:PersistentLevel.ThirdPersonExampleMap'
[2020.05.11-12.24.01:808][820]LogEditorSessionSummary: EditorSessionSummary sent report. Type=Shutdown, SessionId={705A70D9-4DE4-09A7-CA89-BE9739F28CF3}
[2020.05.11-12.24.39:661][ 43]LogCharacterMovement: ThirdPersonCharacter_167 is stuck and failed to move! Velocity: X=-18.45 Y=4.21 Z=0.00 Location: X=922.54 Y=-2411.77 Z=228.50 Normal: X=-0.33 Y=0.95 Z=0.00 PenetrationDepth:1.024 Actor:Enemy_BP2_5 Component:CharacterMesh0 BoneName:RightHand (0 other events since notify)
[2020.05.11-12.24.39:986][ 80]LogCharacterMovement: Enemy_BP2_5 is stuck and failed to move! Velocity: X=-53.66 Y=8.42 Z=0.00 Location: X=993.15 Y=-2427.93 Z=218.74 Normal: X=-0.69 Y=-0.54 Z=-0.48 PenetrationDepth:9.636 Actor:Enemy_BP25_76 Component:CharacterMesh0 BoneName:Head (0 other events since notify)
[2020.05.11-12.24.56:787][  6]LogPlayerController: Error: InputMode:UIOnly - Attempting to focus Non-Focusable widget SObjectWidget [Widget.cpp(723)]!
[2020.05.11-12.25.00:623][464]LogSlate: FSceneViewport::OnFocusLost() reason 0
[2020.05.11-12.25.03:365][790]LogSlate: Updating window title bar state: overlay mode, drag disabled, window buttons hidden, title bar hidden
[2020.05.11-12.25.03:365][790]LogBlueprintUserMessages: Early EndPlayMap Detection: Level '/Game/ThirdPersonBP/Maps/ThirdPersonExampleMap.ThirdPersonExampleMap:PersistentLevel' has LevelScriptBlueprint '/Game/ThirdPersonBP/Maps/ThirdPersonExampleMap.ThirdPersonExampleMap:PersistentLevel.ThirdPersonExampleMap' with GeneratedClass '/Game/ThirdPersonBP/Maps/ThirdPersonExampleMap.ThirdPersonExampleMap_C' with ClassGeneratedBy '/Game/ThirdPersonBP/Maps/ThirdPersonExampleMap.ThirdPersonExampleMap:PersistentLevel.ThirdPersonExampleMap'
[2020.05.11-12.25.03:365][790]LogWorld: BeginTearingDown for /Game/ThirdPersonBP/Maps/UEDPIE_0_ThirdPersonExampleMap
[2020.05.11-12.25.03:365][790]LogWorld: UWorld::CleanupWorld for ThirdPersonExampleMap, bSessionEnded=true, bCleanupResources=true
[2020.05.11-12.25.03:376][790]LogPlayLevel: Display: Shutting down PIE online subsystems
[2020.05.11-12.25.03:376][790]LogBlueprintUserMessages: Late EndPlayMap Detection: Level '/Game/ThirdPersonBP/Maps/ThirdPersonExampleMap.ThirdPersonExampleMap:PersistentLevel' has LevelScriptBlueprint '/Game/ThirdPersonBP/Maps/ThirdPersonExampleMap.ThirdPersonExampleMap:PersistentLevel.ThirdPersonExampleMap' with GeneratedClass '/Game/ThirdPersonBP/Maps/ThirdPersonExampleMap.ThirdPersonExampleMap_C' with ClassGeneratedBy '/Game/ThirdPersonBP/Maps/ThirdPersonExampleMap.ThirdPersonExampleMap:PersistentLevel.ThirdPersonExampleMap'
[2020.05.11-12.25.03:409][790]LogSlate: Updating window title bar state: overlay mode, drag disabled, window buttons hidden, title bar hidden
[2020.05.11-12.25.03:414][790]LogUObjectHash: Compacting FUObjectHashTables data took   2.03ms
[2020.05.11-12.25.03:466][792]LogPlayLevel: Display: Destroying online subsystem :Context_5
[2020.05.11-12.25.23:306][676]LogSlate: FSceneViewport::OnFocusLost() reason 0
[2020.05.11-12.25.33:703][617]LogAssetEditorManager: Opening Asset editor for WidgetBlueprint /Game/UI/GameOverUI.GameOverUI
[2020.05.11-12.25.34:344][617]LogContentBrowser: Native class hierarchy updated for 'BlueprintGraph' in 0.0012 seconds. Added 121 classes and 0 folders.
[2020.05.11-12.25.36:320][617]LogSlate: Took 0.021571 seconds to synchronously load lazily loaded font '../../../Engine/Content/Slate/Fonts/Roboto-BoldCondensed.ttf' (158K)
[2020.05.11-12.25.36:384][617]PIE: Error: SetInputMode_UIOnly expects a valid player controller as 'PlayerController' target
[2020.05.11-12.25.36:384][617]LogScript: Warning: Accessed None trying to read property CallFunc_GetPlayerController_ReturnValue
	GameOverUI_C /Engine/Transient.World_5:GameOverUI_C_1
	Function /Game/UI/GameOverUI.GameOverUI_C:ExecuteUbergraph_GameOverUI:00A6
[2020.05.11-12.25.38:674][775]LogSlate: Took 0.027809 seconds to synchronously load lazily loaded font '../../../Engine/Content/Slate/Fonts/Roboto-Italic.ttf' (157K)
[2020.05.11-12.31.14:321][970]LogSlate: FSceneViewport::OnFocusLost() reason 0
[2020.05.11-12.31.14:456][980]LogTemp: Repeating last play command: Selected Viewport
[2020.05.11-12.31.14:503][980]LogBlueprintUserMessages: Early PlayInEditor Detection: Level '/Game/ThirdPersonBP/Maps/ThirdPersonExampleMap.ThirdPersonExampleMap:PersistentLevel' has LevelScriptBlueprint '/Game/ThirdPersonBP/Maps/ThirdPersonExampleMap.ThirdPersonExampleMap:PersistentLevel.ThirdPersonExampleMap' with GeneratedClass '/Game/ThirdPersonBP/Maps/ThirdPersonExampleMap.ThirdPersonExampleMap_C' with ClassGeneratedBy '/Game/ThirdPersonBP/Maps/ThirdPersonExampleMap.ThirdPersonExampleMap:PersistentLevel.ThirdPersonExampleMap'
[2020.05.11-12.31.14:503][980]BlueprintLog: New page: Pre-Play auto-recompile
[2020.05.11-12.31.14:551][980]LogPlayLevel: [PlayLevel] Compiling GameOverUI before play...
[2020.05.11-12.31.14:838][980]LogUObjectHash: Compacting FUObjectHashTables data took   6.57ms
[2020.05.11-12.31.14:838][980]LogPlayLevel: PlayLevel: Blueprint regeneration took 335 ms (1 blueprints)
[2020.05.11-12.31.14:838][980]PIE: New page: PIE session: ThirdPersonExampleMap (11 May 2020 14:31:14)
[2020.05.11-12.31.14:838][980]LogPlayLevel: Creating play world package: /Game/ThirdPersonBP/Maps/UEDPIE_0_ThirdPersonExampleMap
[2020.05.11-12.31.14:868][980]LogPlayLevel: PIE: StaticDuplicateObject took: (0.029626s)
[2020.05.11-12.31.14:870][980]LogAIModule: Creating AISystem for world ThirdPersonExampleMap
[2020.05.11-12.31.14:870][980]LogPlayLevel: PIE: World Init took: (0.001714s)
[2020.05.11-12.31.14:870][980]LogPlayLevel: PIE: Created PIE world by copying editor world from /Game/ThirdPersonBP/Maps/ThirdPersonExampleMap.ThirdPersonExampleMap to /Game/ThirdPersonBP/Maps/UEDPIE_0_ThirdPersonExampleMap.ThirdPersonExampleMap (0.031684s)
[2020.05.11-12.31.14:910][980]LogUObjectHash: Compacting FUObjectHashTables data took   4.22ms
[2020.05.11-12.31.14:935][980]LogInit: XAudio2 using 'Headphones (Arctis 5 Game)' : 2 channels at 48 kHz using 16 bits per sample (channel mask 0x3)
[2020.05.11-12.31.14:975][980]LogInit: FAudioDevice initialized.
[2020.05.11-12.31.14:985][980]LogLoad: Game class is 'ThirdPersonGameMode_C'
[2020.05.11-12.31.15:003][980]LogWorld: Bringing World /Game/ThirdPersonBP/Maps/UEDPIE_0_ThirdPersonExampleMap.ThirdPersonExampleMap up for play (max tick rate 0) at 2020.05.11-13.31.15
[2020.05.11-12.31.15:011][980]LogWorld: Bringing up level for play took: 0.025187
[2020.05.11-12.31.15:012][980]LogOnline: OSS: Creating online subsystem instance for: :Context_9
[2020.05.11-12.31.15:026][980]PIE: Play in editor start time for /Game/ThirdPersonBP/Maps/UEDPIE_0_ThirdPersonExampleMap 0.671
[2020.05.11-12.31.15:026][980]LogBlueprintUserMessages: Late PlayInEditor Detection: Level '/Game/ThirdPersonBP/Maps/ThirdPersonExampleMap.ThirdPersonExampleMap:PersistentLevel' has LevelScriptBlueprint '/Game/ThirdPersonBP/Maps/ThirdPersonExampleMap.ThirdPersonExampleMap:PersistentLevel.ThirdPersonExampleMap' with GeneratedClass '/Game/ThirdPersonBP/Maps/ThirdPersonExampleMap.ThirdPersonExampleMap_C' with ClassGeneratedBy '/Game/ThirdPersonBP/Maps/ThirdPersonExampleMap.ThirdPersonExampleMap:PersistentLevel.ThirdPersonExampleMap'
[2020.05.11-12.31.20:200][534]LogScript: Warning: Accessed None trying to read property closestTarget
	Ability1_BP_C /Game/ThirdPersonBP/Maps/UEDPIE_0_ThirdPersonExampleMap.ThirdPersonExampleMap:PersistentLevel.Ability1_BP_C_0
	Function /Game/ThirdPersonBP/Blueprints/Abilities/Ability1_BP.Ability1_BP_C:FindTarget:01EF
[2020.05.11-12.31.20:200][534]PIE: Error: Blueprint Runtime Error: "Accessed None trying to read property closestTarget". Blueprint:  Ability1_BP Function:  Find Target Graph:  FindTarget Node:  Return Node
[2020.05.11-12.31.28:985][431]LogCharacterMovement: ThirdPersonCharacter_167 is stuck and failed to move! Velocity: X=25.84 Y=-6.25 Z=0.00 Location: X=783.29 Y=-525.12 Z=228.43 Normal: X=-0.36 Y=0.85 Z=-0.38 PenetrationDepth:0.411 Actor:Enemy_BP12_35 Component:CharacterMesh0 BoneName:Head (0 other events since notify)
[2020.05.11-12.31.30:617][594]LogCharacterMovement: Enemy_BP5_14 is stuck and failed to move! Velocity: X=-74.22 Y=34.55 Z=0.00 Location: X=-324.02 Y=1034.97 Z=218.30 Normal: X=0.95 Y=-0.18 Z=-0.24 PenetrationDepth:0.633 Actor:Enemy_BP47_138 Component:CharacterMesh0 BoneName:LeftHand (0 other events since notify)
[2020.05.11-12.31.44:155][922]LogCharacterMovement: Enemy_BP51_150 is stuck and failed to move! Velocity: X=154.12 Y=257.38 Z=0.00 Location: X=1254.17 Y=-388.03 Z=220.35 Normal: X=0.17 Y=-0.99 Z=0.00 PenetrationDepth:1.521 Actor:Enemy_BP19_56 Component:CharacterMesh0 BoneName:LeftHand (0 other events since notify)
[2020.05.11-12.31.47:964][285]LogCharacterMovement: Enemy_BP51_150 is stuck and failed to move! Velocity: X=-155.67 Y=222.18 Z=0.00 Location: X=993.85 Y=517.84 Z=220.32 Normal: X=-0.70 Y=-0.72 Z=0.00 PenetrationDepth:0.375 Actor:Enemy_BP19_56 Component:CharacterMesh0 BoneName:RightArm (18 other events since notify)
[2020.05.11-12.32.04:030][870]LogCharacterMovement: Enemy_BP5_14 is stuck and failed to move! Velocity: X=299.43 Y=-18.49 Z=0.00 Location: X=2178.28 Y=-1053.72 Z=220.40 Normal: X=0.03 Y=1.00 Z=0.00 PenetrationDepth:0.270 Actor:Enemy_BP25_76 Component:CharacterMesh0 BoneName:RightArm (9 other events since notify)
[2020.05.11-12.32.06:056][ 64]LogCharacterMovement: Enemy_BP17_50 is stuck and failed to move! Velocity: X=-137.42 Y=266.67 Z=0.00 Location: X=2547.20 Y=-724.16 Z=220.51 Normal: X=0.50 Y=0.87 Z=0.00 PenetrationDepth:13.445 Actor:Enemy_BP51_150 Component:CharacterMesh0 BoneName:LeftHand (0 other events since notify)
[2020.05.11-12.32.06:449][101]LogCharacterMovement: Enemy_BP5_14 is stuck and failed to move! Velocity: X=-295.37 Y=52.48 Z=0.00 Location: X=2576.85 Y=-611.06 Z=220.36 Normal: X=0.99 Y=-0.11 Z=0.00 PenetrationDepth:0.362 Actor:Enemy_BP17_50 Component:CharacterMesh0 BoneName:LeftHand (0 other events since notify)
[2020.05.11-12.32.12:235][694]LogCharacterMovement: Enemy_BP17_50 is stuck and failed to move! Velocity: X=-136.75 Y=-267.02 Z=0.00 Location: X=886.56 Y=-492.59 Z=219.88 Normal: X=0.94 Y=-0.35 Z=0.00 PenetrationDepth:0.029 Actor:Enemy_BP51_150 Component:CharacterMesh0 BoneName:RightHand (39 other events since notify)
[2020.05.11-12.32.12:344][704]LogCharacterMovement: Enemy_BP4_11 is stuck and failed to move! Velocity: X=7.36 Y=-22.07 Z=0.00 Location: X=773.67 Y=-538.79 Z=220.27 Normal: X=0.41 Y=-0.91 Z=0.00 PenetrationDepth:10.999 Actor:Enemy_BP51_150 Component:CharacterMesh0 BoneName:LeftHand (0 other events since notify)
[2020.05.11-12.32.12:345][704]LogCharacterMovement: Enemy_BP51_150 is stuck and failed to move! Velocity: X=5.64 Y=-109.99 Z=0.00 Location: X=813.61 Y=-440.62 Z=218.61 Normal: X=-0.92 Y=0.25 Z=-0.31 PenetrationDepth:17.808 Actor:Enemy_BP5_14 Component:CharacterMesh0 BoneName:LeftHand (3 other events since notify)
[2020.05.11-12.32.13:708][832]LogCharacterMovement: Enemy_BP5_14 is stuck and failed to move! Velocity: X=138.35 Y=-99.86 Z=0.00 Location: X=1126.22 Y=-715.26 Z=218.35 Normal: X=0.90 Y=-0.32 Z=-0.31 PenetrationDepth:4.446 Actor:Enemy_BP51_150 Component:CharacterMesh0 BoneName:RightHand (0 other events since notify)
[2020.05.11-12.32.18:683][321]LogCharacterMovement: Enemy_BP51_150 is stuck and failed to move! Velocity: X=-214.12 Y=210.13 Z=0.00 Location: X=2052.00 Y=-572.12 Z=218.70 Normal: X=-0.85 Y=-0.44 Z=-0.28 PenetrationDepth:15.607 Actor:Enemy_BP5_14 Component:CharacterMesh0 BoneName:RightHand (3 other events since notify)
[2020.05.11-12.32.25:227][994]LogCharacterMovement: Enemy_BP4_11 is stuck and failed to move! Velocity: X=-295.69 Y=-50.68 Z=0.00 Location: X=1060.31 Y=509.41 Z=220.47 Normal: X=-0.32 Y=0.94 Z=-0.09 PenetrationDepth:12.478 Actor:Enemy_BP51_150 Component:CharacterMesh0 BoneName:LeftHand (7 other events since notify)
[2020.05.11-12.33.02:431][883]LogBlueprintUserMessages: Early EndPlayMap Detection: Level '/Game/ThirdPersonBP/Maps/ThirdPersonExampleMap.ThirdPersonExampleMap:PersistentLevel' has LevelScriptBlueprint '/Game/ThirdPersonBP/Maps/ThirdPersonExampleMap.ThirdPersonExampleMap:PersistentLevel.ThirdPersonExampleMap' with GeneratedClass '/Game/ThirdPersonBP/Maps/ThirdPersonExampleMap.ThirdPersonExampleMap_C' with ClassGeneratedBy '/Game/ThirdPersonBP/Maps/ThirdPersonExampleMap.ThirdPersonExampleMap:PersistentLevel.ThirdPersonExampleMap'
[2020.05.11-12.33.02:431][883]LogSlate: Updating window title bar state: overlay mode, drag disabled, window buttons hidden, title bar hidden
[2020.05.11-12.33.02:431][883]LogWorld: BeginTearingDown for /Game/ThirdPersonBP/Maps/UEDPIE_0_ThirdPersonExampleMap
[2020.05.11-12.33.02:432][883]LogWorld: UWorld::CleanupWorld for ThirdPersonExampleMap, bSessionEnded=true, bCleanupResources=true
[2020.05.11-12.33.02:449][883]LogPlayLevel: Display: Shutting down PIE online subsystems
[2020.05.11-12.33.02:450][883]LogBlueprintUserMessages: Late EndPlayMap Detection: Level '/Game/ThirdPersonBP/Maps/ThirdPersonExampleMap.ThirdPersonExampleMap:PersistentLevel' has LevelScriptBlueprint '/Game/ThirdPersonBP/Maps/ThirdPersonExampleMap.ThirdPersonExampleMap:PersistentLevel.ThirdPersonExampleMap' with GeneratedClass '/Game/ThirdPersonBP/Maps/ThirdPersonExampleMap.ThirdPersonExampleMap_C' with ClassGeneratedBy '/Game/ThirdPersonBP/Maps/ThirdPersonExampleMap.ThirdPersonExampleMap:PersistentLevel.ThirdPersonExampleMap'
[2020.05.11-12.33.02:499][883]LogSlate: Updating window title bar state: overlay mode, drag disabled, window buttons hidden, title bar hidden
[2020.05.11-12.33.02:507][883]LogUObjectHash: Compacting FUObjectHashTables data took   4.22ms
[2020.05.11-12.33.02:520][883]LogSlate: FSceneViewport::OnFocusLost() reason 5
[2020.05.11-12.33.02:561][884]LogPlayLevel: Display: Destroying online subsystem :Context_9
[2020.05.11-12.33.04:092][998]LogSlate: Window 'Message Log' being destroyed
[2020.05.11-12.33.04:108][998]LogSlate: Window 'Message Log' being destroyed
[2020.05.11-12.34.15:269][648]LogSlate: FSceneViewport::OnFocusLost() reason 0
[2020.05.11-12.34.15:359][655]LogTemp: Repeating last play command: Selected Viewport
[2020.05.11-12.34.15:403][655]LogBlueprintUserMessages: Early PlayInEditor Detection: Level '/Game/ThirdPersonBP/Maps/ThirdPersonExampleMap.ThirdPersonExampleMap:PersistentLevel' has LevelScriptBlueprint '/Game/ThirdPersonBP/Maps/ThirdPersonExampleMap.ThirdPersonExampleMap:PersistentLevel.ThirdPersonExampleMap' with GeneratedClass '/Game/ThirdPersonBP/Maps/ThirdPersonExampleMap.ThirdPersonExampleMap_C' with ClassGeneratedBy '/Game/ThirdPersonBP/Maps/ThirdPersonExampleMap.ThirdPersonExampleMap:PersistentLevel.ThirdPersonExampleMap'
[2020.05.11-12.34.15:403][655]LogPlayLevel: PlayLevel: No blueprints needed recompiling
[2020.05.11-12.34.15:403][655]PIE: New page: PIE session: ThirdPersonExampleMap (11 May 2020 14:34:15)
[2020.05.11-12.34.15:403][655]LogPlayLevel: Creating play world package: /Game/ThirdPersonBP/Maps/UEDPIE_0_ThirdPersonExampleMap
[2020.05.11-12.34.15:428][655]LogPlayLevel: PIE: StaticDuplicateObject took: (0.025372s)
[2020.05.11-12.34.15:430][655]LogAIModule: Creating AISystem for world ThirdPersonExampleMap
[2020.05.11-12.34.15:430][655]LogPlayLevel: PIE: World Init took: (0.001175s)
[2020.05.11-12.34.15:430][655]LogPlayLevel: PIE: Created PIE world by copying editor world from /Game/ThirdPersonBP/Maps/ThirdPersonExampleMap.ThirdPersonExampleMap to /Game/ThirdPersonBP/Maps/UEDPIE_0_ThirdPersonExampleMap.ThirdPersonExampleMap (0.026703s)
[2020.05.11-12.34.15:469][655]LogUObjectHash: Compacting FUObjectHashTables data took   4.03ms
[2020.05.11-12.34.15:494][655]LogInit: XAudio2 using 'Headphones (Arctis 5 Game)' : 2 channels at 48 kHz using 16 bits per sample (channel mask 0x3)
[2020.05.11-12.34.15:533][655]LogInit: FAudioDevice initialized.
[2020.05.11-12.34.15:543][655]LogLoad: Game class is 'ThirdPersonGameMode_C'
[2020.05.11-12.34.15:560][655]LogWorld: Bringing World /Game/ThirdPersonBP/Maps/UEDPIE_0_ThirdPersonExampleMap.ThirdPersonExampleMap up for play (max tick rate 0) at 2020.05.11-13.34.15
[2020.05.11-12.34.15:568][655]LogWorld: Bringing up level for play took: 0.024659
[2020.05.11-12.34.15:569][655]LogOnline: OSS: Creating online subsystem instance for: :Context_10
[2020.05.11-12.34.15:582][655]PIE: Play in editor start time for /Game/ThirdPersonBP/Maps/UEDPIE_0_ThirdPersonExampleMap -0.773
[2020.05.11-12.34.15:583][655]LogBlueprintUserMessages: Late PlayInEditor Detection: Level '/Game/ThirdPersonBP/Maps/ThirdPersonExampleMap.ThirdPersonExampleMap:PersistentLevel' has LevelScriptBlueprint '/Game/ThirdPersonBP/Maps/ThirdPersonExampleMap.ThirdPersonExampleMap:PersistentLevel.ThirdPersonExampleMap' with GeneratedClass '/Game/ThirdPersonBP/Maps/ThirdPersonExampleMap.ThirdPersonExampleMap_C' with ClassGeneratedBy '/Game/ThirdPersonBP/Maps/ThirdPersonExampleMap.ThirdPersonExampleMap:PersistentLevel.ThirdPersonExampleMap'
[2020.05.11-12.34.48:370][895]LogCharacterMovement: ThirdPersonCharacter_167 is stuck and failed to move! Velocity: X=-16.22 Y=-23.26 Z=0.00 Location: X=1574.89 Y=2490.79 Z=228.43 Normal: X=0.91 Y=-0.42 Z=0.00 PenetrationDepth:34.910 Actor:Enemy_BP49_144 Component:CharacterMesh0 BoneName:RightHand (0 other events since notify)
[2020.05.11-12.34.53:977][447]LogBlueprintUserMessages: Early EndPlayMap Detection: Level '/Game/ThirdPersonBP/Maps/ThirdPersonExampleMap.ThirdPersonExampleMap:PersistentLevel' has LevelScriptBlueprint '/Game/ThirdPersonBP/Maps/ThirdPersonExampleMap.ThirdPersonExampleMap:PersistentLevel.ThirdPersonExampleMap' with GeneratedClass '/Game/ThirdPersonBP/Maps/ThirdPersonExampleMap.ThirdPersonExampleMap_C' with ClassGeneratedBy '/Game/ThirdPersonBP/Maps/ThirdPersonExampleMap.ThirdPersonExampleMap:PersistentLevel.ThirdPersonExampleMap'
[2020.05.11-12.34.53:977][447]LogSlate: Updating window title bar state: overlay mode, drag disabled, window buttons hidden, title bar hidden
[2020.05.11-12.34.53:977][447]LogWorld: BeginTearingDown for /Game/ThirdPersonBP/Maps/UEDPIE_0_ThirdPersonExampleMap
[2020.05.11-12.34.53:978][447]LogWorld: UWorld::CleanupWorld for ThirdPersonExampleMap, bSessionEnded=true, bCleanupResources=true
[2020.05.11-12.34.53:996][447]LogPlayLevel: Display: Shutting down PIE online subsystems
[2020.05.11-12.34.53:996][447]LogBlueprintUserMessages: Late EndPlayMap Detection: Level '/Game/ThirdPersonBP/Maps/ThirdPersonExampleMap.ThirdPersonExampleMap:PersistentLevel' has LevelScriptBlueprint '/Game/ThirdPersonBP/Maps/ThirdPersonExampleMap.ThirdPersonExampleMap:PersistentLevel.ThirdPersonExampleMap' with GeneratedClass '/Game/ThirdPersonBP/Maps/ThirdPersonExampleMap.ThirdPersonExampleMap_C' with ClassGeneratedBy '/Game/ThirdPersonBP/Maps/ThirdPersonExampleMap.ThirdPersonExampleMap:PersistentLevel.ThirdPersonExampleMap'
[2020.05.11-12.34.54:041][447]LogSlate: Updating window title bar state: overlay mode, drag disabled, window buttons hidden, title bar hidden
[2020.05.11-12.34.54:047][447]LogUObjectHash: Compacting FUObjectHashTables data took   3.59ms
[2020.05.11-12.34.54:092][449]LogPlayLevel: Display: Destroying online subsystem :Context_10
[2020.05.11-12.36.48:858][475]LogUObjectHash: Compacting FUObjectHashTables data took   1.16ms
[2020.05.11-12.36.48:859][475]LogFileHelpers: Editor autosave (incl. sublevels) for '/Game/ThirdPersonBP/Maps/ThirdPersonExampleMap' took 0.044
[2020.05.11-12.36.48:877][475]OBJ SavePackage: Generating thumbnails for [0] asset(s) in package [/Game/UI/GameOverUI] ([1] browsable assets)...
[2020.05.11-12.36.48:884][475]OBJ SavePackage: Finished generating thumbnails for package [/Game/UI/GameOverUI]
[2020.05.11-12.36.49:224][475]LogSavePackage: Moving '../../../../../Uni Stuff/Final Year Project/Games and Game Design Doc/GameSegments/Non-diegetic game segment/NonDiegetic/Saved/GameOverUI_Auto15537608C429E75E5D073EBBC213514BF.tmp' to '../../../../../Uni Stuff/Final Year Project/Games and Game Design Doc/GameSegments/Non-diegetic game segment/NonDiegetic/Saved/Autosaves/Game/UI/GameOverUI_Auto1.uasset'
[2020.05.11-12.36.49:227][475]LogFileHelpers: Auto-saving content packages took 0.367
[2020.05.11-16.36.03:443][235]LogSlate: FSceneViewport::OnFocusLost() reason 5
[2020.05.11-16.36.05:166][359]LogUObjectHash: Compacting FUObjectHashTables data took   1.38ms
[2020.05.11-16.36.05:205][359]LogSlate: FSceneViewport::OnFocusLost() reason 5
[2020.05.11-16.36.05:510][359]LogSavePackage: Moving '../../../../../Uni Stuff/Final Year Project/Games and Game Design Doc/GameSegments/Non-diegetic game segment/NonDiegetic/Saved/GameOverUIAC5125424200DA4461C4C6992D38FCFD.tmp' to '../../../../../Uni Stuff/Final Year Project/Games and Game Design Doc/GameSegments/Non-diegetic game segment/NonDiegetic/Content/UI/GameOverUI.uasset'
[2020.05.11-16.36.09:006][726]LogSlate: FSceneViewport::OnFocusLost() reason 0
[2020.05.11-16.36.18:179][488]LogSlate: FSceneViewport::OnFocusLost() reason 0
[2020.05.11-16.36.18:261][495]LogTemp: Repeating last play command: Selected Viewport
[2020.05.11-16.36.18:303][495]LogBlueprintUserMessages: Early PlayInEditor Detection: Level '/Game/ThirdPersonBP/Maps/ThirdPersonExampleMap.ThirdPersonExampleMap:PersistentLevel' has LevelScriptBlueprint '/Game/ThirdPersonBP/Maps/ThirdPersonExampleMap.ThirdPersonExampleMap:PersistentLevel.ThirdPersonExampleMap' with GeneratedClass '/Game/ThirdPersonBP/Maps/ThirdPersonExampleMap.ThirdPersonExampleMap_C' with ClassGeneratedBy '/Game/ThirdPersonBP/Maps/ThirdPersonExampleMap.ThirdPersonExampleMap:PersistentLevel.ThirdPersonExampleMap'
[2020.05.11-16.36.18:303][495]LogPlayLevel: PlayLevel: No blueprints needed recompiling
[2020.05.11-16.36.18:323][495]PIE: New page: PIE session: ThirdPersonExampleMap (11 May 2020 18:36:18)
[2020.05.11-16.36.18:323][495]LogPlayLevel: Creating play world package: /Game/ThirdPersonBP/Maps/UEDPIE_0_ThirdPersonExampleMap
[2020.05.11-16.36.18:357][495]LogPlayLevel: PIE: StaticDuplicateObject took: (0.034443s)
[2020.05.11-16.36.18:359][495]LogAIModule: Creating AISystem for world ThirdPersonExampleMap
[2020.05.11-16.36.18:359][495]LogPlayLevel: PIE: World Init took: (0.001549s)
[2020.05.11-16.36.18:359][495]LogPlayLevel: PIE: Created PIE world by copying editor world from /Game/ThirdPersonBP/Maps/ThirdPersonExampleMap.ThirdPersonExampleMap to /Game/ThirdPersonBP/Maps/UEDPIE_0_ThirdPersonExampleMap.ThirdPersonExampleMap (0.036200s)
[2020.05.11-16.36.18:400][495]LogUObjectHash: Compacting FUObjectHashTables data took   3.82ms
[2020.05.11-16.36.18:426][495]LogInit: XAudio2 using 'Headphones (Arctis 5 Game)' : 2 channels at 48 kHz using 16 bits per sample (channel mask 0x3)
[2020.05.11-16.36.18:469][495]LogInit: FAudioDevice initialized.
[2020.05.11-16.36.18:476][495]LogLoad: Game class is 'ThirdPersonGameMode_C'
[2020.05.11-16.36.18:492][495]LogWorld: Bringing World /Game/ThirdPersonBP/Maps/UEDPIE_0_ThirdPersonExampleMap.ThirdPersonExampleMap up for play (max tick rate 0) at 2020.05.11-17.36.18
[2020.05.11-16.36.18:500][495]LogWorld: Bringing up level for play took: 0.023087
[2020.05.11-16.36.18:500][495]LogOnline: OSS: Creating online subsystem instance for: :Context_11
[2020.05.11-16.36.18:548][495]PIE: Play in editor start time for /Game/ThirdPersonBP/Maps/UEDPIE_0_ThirdPersonExampleMap 0.192
[2020.05.11-16.36.18:548][495]LogBlueprintUserMessages: Late PlayInEditor Detection: Level '/Game/ThirdPersonBP/Maps/ThirdPersonExampleMap.ThirdPersonExampleMap:PersistentLevel' has LevelScriptBlueprint '/Game/ThirdPersonBP/Maps/ThirdPersonExampleMap.ThirdPersonExampleMap:PersistentLevel.ThirdPersonExampleMap' with GeneratedClass '/Game/ThirdPersonBP/Maps/ThirdPersonExampleMap.ThirdPersonExampleMap_C' with ClassGeneratedBy '/Game/ThirdPersonBP/Maps/ThirdPersonExampleMap.ThirdPersonExampleMap:PersistentLevel.ThirdPersonExampleMap'
[2020.05.11-16.36.26:062][340]LogCharacterMovement: ThirdPersonCharacter_167 is stuck and failed to move! Velocity: X=-18.59 Y=-1.97 Z=0.00 Location: X=867.49 Y=-1047.74 Z=228.43 Normal: X=0.90 Y=0.45 Z=0.00 PenetrationDepth:5.363 Actor:Enemy_BP11_32 Component:CharacterMesh0 BoneName:RightHand (0 other events since notify)
[2020.05.11-16.36.27:065][454]LogCharacterMovement: ThirdPersonCharacter_167 is stuck and failed to move! Velocity: X=262.27 Y=49.97 Z=0.00 Location: X=741.36 Y=-958.80 Z=226.59 Normal: X=-0.80 Y=0.34 Z=-0.48 PenetrationDepth:21.442 Actor:Enemy_BP11_32 Component:CharacterMesh0 BoneName:Head (17 other events since notify)
[2020.05.11-16.36.34:370][248]LogCharacterMovement: Enemy_BP49_144 is stuck and failed to move! Velocity: X=107.43 Y=-178.56 Z=0.00 Location: X=-5853.32 Y=743.81 Z=218.20 Normal: X=0.73 Y=0.59 Z=-0.35 PenetrationDepth:1.058 Actor:Enemy_BP30_91 Component:CharacterMesh0 BoneName:Head (0 other events since notify)
[2020.05.11-16.36.36:778][521]LogCharacterMovement: Enemy_BP30_91 is stuck and failed to move! Velocity: X=0.70 Y=300.00 Z=0.00 Location: X=-5932.55 Y=1027.52 Z=218.16 Normal: X=-0.74 Y=-0.59 Z=-0.32 PenetrationDepth:1.404 Actor:Enemy_BP49_144 Component:CharacterMesh0 BoneName:Head (0 other events since notify)
[2020.05.11-16.36.39:545][846]LogCharacterMovement: Enemy_BP49_144 is stuck and failed to move! Velocity: X=4.52 Y=-299.97 Z=0.00 Location: X=-5939.61 Y=770.41 Z=218.16 Normal: X=0.68 Y=0.67 Z=-0.31 PenetrationDepth:3.976 Actor:Enemy_BP30_91 Component:CharacterMesh0 BoneName:RightHand (0 other events since notify)
[2020.05.11-16.36.42:954][239]LogPlayerController: Error: InputMode:UIOnly - Attempting to focus Non-Focusable widget SObjectWidget [Widget.cpp(723)]!
[2020.05.11-16.36.44:520][427]LogSlate: FSceneViewport::OnFocusLost() reason 0
[2020.05.11-16.36.46:110][617]LogCharacterMovement: Enemy_BP51_150 is stuck and failed to move! Velocity: X=44.07 Y=-27.75 Z=0.00 Location: X=829.62 Y=-1092.55 Z=218.39 Normal: X=-0.15 Y=0.92 Z=-0.35 PenetrationDepth:2.014 Actor:Enemy_BP11_32 Component:CharacterMesh0 BoneName:LeftArm (0 other events since notify)
[2020.05.11-16.36.48:732][928]LogCharacterMovement: Enemy_BP51_150 is stuck and failed to move! Velocity: X=45.88 Y=-25.70 Z=0.00 Location: X=828.59 Y=-1093.31 Z=218.34 Normal: X=-0.19 Y=0.92 Z=-0.34 PenetrationDepth:0.380 Actor:Enemy_BP11_32 Component:CharacterMesh0 BoneName:LeftArm (15 other events since notify)
[2020.05.11-16.36.51:373][244]LogCharacterMovement: Enemy_BP51_150 is stuck and failed to move! Velocity: X=59.28 Y=-36.23 Z=0.00 Location: X=827.97 Y=-1093.47 Z=218.38 Normal: X=-0.21 Y=0.93 Z=-0.31 PenetrationDepth:3.024 Actor:Enemy_BP11_32 Component:CharacterMesh0 BoneName:LeftArm (12 other events since notify)
[2020.05.11-16.36.54:005][560]LogCharacterMovement: Enemy_BP51_150 is stuck and failed to move! Velocity: X=44.84 Y=-26.66 Z=0.00 Location: X=828.90 Y=-1093.91 Z=218.37 Normal: X=-0.17 Y=0.91 Z=-0.38 PenetrationDepth:1.260 Actor:Enemy_BP11_32 Component:CharacterMesh0 BoneName:LeftArm (6 other events since notify)
[2020.05.11-16.36.54:038][564]LogSlate: FSceneViewport::OnFocusLost() reason 0
[2020.05.11-16.36.54:121][574]LogSlate: Updating window title bar state: overlay mode, drag disabled, window buttons hidden, title bar hidden
[2020.05.11-16.36.54:121][574]LogBlueprintUserMessages: Early EndPlayMap Detection: Level '/Game/ThirdPersonBP/Maps/ThirdPersonExampleMap.ThirdPersonExampleMap:PersistentLevel' has LevelScriptBlueprint '/Game/ThirdPersonBP/Maps/ThirdPersonExampleMap.ThirdPersonExampleMap:PersistentLevel.ThirdPersonExampleMap' with GeneratedClass '/Game/ThirdPersonBP/Maps/ThirdPersonExampleMap.ThirdPersonExampleMap_C' with ClassGeneratedBy '/Game/ThirdPersonBP/Maps/ThirdPersonExampleMap.ThirdPersonExampleMap:PersistentLevel.ThirdPersonExampleMap'
[2020.05.11-16.36.54:121][574]LogWorld: BeginTearingDown for /Game/ThirdPersonBP/Maps/UEDPIE_0_ThirdPersonExampleMap
[2020.05.11-16.36.54:122][574]LogWorld: UWorld::CleanupWorld for ThirdPersonExampleMap, bSessionEnded=true, bCleanupResources=true
[2020.05.11-16.36.54:133][574]LogPlayLevel: Display: Shutting down PIE online subsystems
[2020.05.11-16.36.54:133][574]LogBlueprintUserMessages: Late EndPlayMap Detection: Level '/Game/ThirdPersonBP/Maps/ThirdPersonExampleMap.ThirdPersonExampleMap:PersistentLevel' has LevelScriptBlueprint '/Game/ThirdPersonBP/Maps/ThirdPersonExampleMap.ThirdPersonExampleMap:PersistentLevel.ThirdPersonExampleMap' with GeneratedClass '/Game/ThirdPersonBP/Maps/ThirdPersonExampleMap.ThirdPersonExampleMap_C' with ClassGeneratedBy '/Game/ThirdPersonBP/Maps/ThirdPersonExampleMap.ThirdPersonExampleMap:PersistentLevel.ThirdPersonExampleMap'
[2020.05.11-16.36.54:179][574]LogSlate: Updating window title bar state: overlay mode, drag disabled, window buttons hidden, title bar hidden
[2020.05.11-16.36.54:188][574]LogUObjectHash: Compacting FUObjectHashTables data took   3.61ms
[2020.05.11-16.36.54:224][575]LogPlayLevel: Display: Destroying online subsystem :Context_11
[2020.05.11-16.37.14:207][814]LogSlate: FSceneViewport::OnFocusLost() reason 5
[2020.05.11-16.37.16:476][987]LogUObjectHash: Compacting FUObjectHashTables data took   1.34ms
[2020.05.11-16.37.17:456][ 68]LogSlate: FSceneViewport::OnFocusLost() reason 0
