Log file open, 05/12/20 10:06:08
LogWindows: Failed to load 'aqProf.dll' (GetLastError=126)
LogWindows: File 'aqProf.dll' does not exist
LogWindows: Failed to load 'VtuneApi.dll' (GetLastError=126)
LogWindows: File 'VtuneApi.dll' does not exist
LogWindows: Failed to load 'VtuneApi32e.dll' (GetLastError=126)
LogWindows: File 'VtuneApi32e.dll' does not exist
LogConsoleResponse: Display: Failed to find resolution value strings in scalability ini. Falling back to default.
LogInit: Display: Running engine for game: NonDiegetic
LogPlatformFile: Not using cached read wrapper
LogTaskGraph: Started task graph with 5 named threads and 14 total threads with 3 sets of task threads.
LogStats: Stats thread started at 0.723023
LogD3D11RHI: Loaded GFSDK_Aftermath_Lib.x64.dll
LogICUInternationalization: ICU TimeZone Detection - Raw Offset: +0:00, Platform Override: ''
LogPluginManager: Mounting plugin Paper2D
LogPluginManager: Mounting plugin AISupport
LogPluginManager: Mounting plugin LightPropagationVolume
LogPluginManager: Mounting plugin ActorLayerUtilities
LogPluginManager: Mounting plugin AnimationSharing
LogPluginManager: Mounting plugin CLionSourceCodeAccess
LogPluginManager: Mounting plugin CodeLiteSourceCodeAccess
LogPluginManager: Mounting plugin GitSourceControl
LogPluginManager: Mounting plugin KDevelopSourceCodeAccess
LogPluginManager: Mounting plugin NullSourceCodeAccess
LogPluginManager: Mounting plugin PerforceSourceControl
LogPluginManager: Mounting plugin SubversionSourceControl
LogPluginManager: Mounting plugin UObjectPlugin
LogPluginManager: Mounting plugin VisualStudioCodeSourceCodeAccess
LogPluginManager: Mounting plugin VisualStudioSourceCodeAccess
LogPluginManager: Mounting plugin XCodeSourceCodeAccess
LogPluginManager: Mounting plugin AssetManagerEditor
LogPluginManager: Mounting plugin CryptoKeys
LogPluginManager: Mounting plugin CurveEditorTools
LogPluginManager: Mounting plugin DataValidation
LogPluginManager: Mounting plugin FacialAnimation
LogPluginManager: Mounting plugin GameplayTagsEditor
LogPluginManager: Mounting plugin MacGraphicsSwitching
LogPluginManager: Mounting plugin MaterialAnalyzer
LogPluginManager: Mounting plugin MobileLauncherProfileWizard
LogPluginManager: Mounting plugin PluginBrowser
LogPluginManager: Mounting plugin SpeedTreeImporter
LogPluginManager: Mounting plugin DatasmithContent
LogPluginManager: Mounting plugin VariantManagerContent
LogPluginManager: Mounting plugin AlembicImporter
LogPluginManager: Mounting plugin AutomationUtils
LogPluginManager: Mounting plugin BackChannel
LogPluginManager: Mounting plugin CharacterAI
LogPluginManager: Mounting plugin GeometryCache
LogPluginManager: Mounting plugin HTML5Networking
LogPluginManager: Mounting plugin PlatformCrypto
LogPluginManager: Mounting plugin ProxyLODPlugin
LogPluginManager: Mounting plugin SkeletalReduction
LogPluginManager: Mounting plugin MagicLeap
LogPluginManager: Mounting plugin MagicLeapMedia
LogPluginManager: Mounting plugin AndroidMedia
LogPluginManager: Mounting plugin AvfMedia
LogPluginManager: Mounting plugin ImgMedia
LogPluginManager: Mounting plugin MediaCompositing
LogPluginManager: Mounting plugin MediaPlayerEditor
LogPluginManager: Mounting plugin WebMMedia
LogPluginManager: Mounting plugin WmfMedia
LogPluginManager: Mounting plugin TcpMessaging
LogPluginManager: Mounting plugin UdpMessaging
LogPluginManager: Mounting plugin ActorSequence
LogPluginManager: Mounting plugin LevelSequenceEditor
LogPluginManager: Mounting plugin MatineeToLevelSequence
LogPluginManager: Mounting plugin NetcodeUnitTest
LogPluginManager: Mounting plugin NUTUnrealEngine4
LogPluginManager: Mounting plugin OnlineSubsystemGooglePlay
LogPluginManager: Mounting plugin OnlineSubsystemIOS
LogPluginManager: Mounting plugin OnlineSubsystem
LogPluginManager: Mounting plugin OnlineSubsystemNull
LogPluginManager: Mounting plugin OnlineSubsystemUtils
LogPluginManager: Mounting plugin LauncherChunkInstaller
LogPluginManager: Mounting plugin AndroidDeviceProfileSelector
LogPluginManager: Mounting plugin AndroidMoviePlayer
LogPluginManager: Mounting plugin AndroidPermission
LogPluginManager: Mounting plugin AppleImageUtils
LogPluginManager: Mounting plugin AppleMoviePlayer
LogPluginManager: Mounting plugin ArchVisCharacter
LogPluginManager: Mounting plugin AudioCapture
LogPluginManager: Mounting plugin CableComponent
LogPluginManager: Mounting plugin CustomMeshComponent
LogPluginManager: Mounting plugin EditableMesh
LogPluginManager: Mounting plugin ExampleDeviceProfileSelector
LogPluginManager: Mounting plugin GoogleCloudMessaging
LogPluginManager: Mounting plugin IOSDeviceProfileSelector
LogPluginManager: Mounting plugin LinuxDeviceProfileSelector
LogPluginManager: Mounting plugin LocationServicesBPLibrary
LogPluginManager: Mounting plugin MobilePatchingUtils
LogPluginManager: Mounting plugin OculusVR
LogPluginManager: Mounting plugin PhysXVehicles
LogPluginManager: Mounting plugin ProceduralMeshComponent
LogPluginManager: Mounting plugin RuntimePhysXCooking
LogPluginManager: Mounting plugin SignificanceManager
LogPluginManager: Mounting plugin SteamVR
LogPluginManager: Mounting plugin WebMMoviePlayer
LogPluginManager: Mounting plugin WindowsMoviePlayer
LogPluginManager: Mounting plugin ScreenshotTools
LogInit: Using libcurl 7.55.1-DEV
LogInit:  - built for x86_64-pc-win32
LogInit:  - supports SSL with OpenSSL/1.1.1
LogInit:  - supports HTTP deflate (compression) using libz 1.2.8
LogInit:  - other features:
LogInit:      CURL_VERSION_SSL
LogInit:      CURL_VERSION_LIBZ
LogInit:      CURL_VERSION_IPV6
LogInit:      CURL_VERSION_ASYNCHDNS
LogInit:      CURL_VERSION_LARGEFILE
LogInit:      CURL_VERSION_IDN
LogInit:  CurlRequestOptions (configurable via config and command line):
LogInit:  - bVerifyPeer = true  - Libcurl will verify peer certificate
LogInit:  - bUseHttpProxy = false  - Libcurl will NOT use HTTP proxy
LogInit:  - bDontReuseConnections = false  - Libcurl will reuse connections
LogInit:  - MaxHostConnections = 16  - Libcurl will limit the number of connections to a host
LogInit:  - LocalHostAddr = Default
LogInit:  - BufferSize = 65536
LogOnline: OSS: Creating online subsystem instance for: NULL
LogInit: WinSock: version 1.1 (2.2), MaxSocks=32767, MaxUdp=65467
LogInit: Build: ++UE4+Release-4.23-CL-9631420
LogInit: Engine Version: 4.23.1-9631420+++UE4+Release-4.23
LogInit: Compatible Engine Version: 4.23.0-8386587+++UE4+Release-4.23
LogInit: Net CL: 8386587
LogInit: OS: Windows 10 (Release 1903) (), CPU: Intel(R) Core(TM) i5-4460  CPU @ 3.20GHz, GPU: AMD Radeon R9 200 Series
LogInit: Compiled (64-bit): Oct 18 2019 02:07:44
LogInit: Compiled with Visual C++: 19.16.27030.01
LogInit: Build Configuration: Development
LogInit: Branch Name: ++UE4+Release-4.23
LogInit: Command Line: 
LogInit: Base Directory: E:/Unreal Engine/UE_4.23/Engine/Binaries/Win64/
LogInit: Installed Engine Build: 1
LogDevObjectVersion: Number of dev versions registered: 23
LogDevObjectVersion:   Dev-Blueprints (B0D832E4-1F89-4F0D-ACCF-7EB736FD4AA2): 10
LogDevObjectVersion:   Dev-Build (E1C64328-A22C-4D53-A36C-8E866417BD8C): 0
LogDevObjectVersion:   Dev-Core (375EC13C-06E4-48FB-B500-84F0262A717E): 3
LogDevObjectVersion:   Dev-Editor (E4B068ED-F494-42E9-A231-DA0B2E46BB41): 34
LogDevObjectVersion:   Dev-Framework (CFFC743F-43B0-4480-9391-14DF171D2073): 35
LogDevObjectVersion:   Dev-Mobile (B02B49B5-BB20-44E9-A304-32B752E40360): 2
LogDevObjectVersion:   Dev-Networking (A4E4105C-59A1-49B5-A7C5-40C4547EDFEE): 0
LogDevObjectVersion:   Dev-Online (39C831C9-5AE6-47DC-9A44-9C173E1C8E7C): 0
LogDevObjectVersion:   Dev-Physics (78F01B33-EBEA-4F98-B9B4-84EACCB95AA2): 0
LogDevObjectVersion:   Dev-Platform (6631380F-2D4D-43E0-8009-CF276956A95A): 0
LogDevObjectVersion:   Dev-Rendering (12F88B9F-8875-4AFC-A67C-D90C383ABD29): 31
LogDevObjectVersion:   Dev-Sequencer (7B5AE74C-D270-4C10-A958-57980B212A5A): 11
LogDevObjectVersion:   Dev-VR (D7296918-1DD6-4BDD-9DE2-64A83CC13884): 2
LogDevObjectVersion:   Dev-LoadTimes (C2A15278-BFE7-4AFE-6C17-90FF531DF755): 1
LogDevObjectVersion:   Private-Geometry (6EACA3D4-40EC-4CC1-B786-8BED09428FC5): 3
LogDevObjectVersion:   Dev-AnimPhys (29E575DD-E0A3-4627-9D10-D276232CDCEA): 17
LogDevObjectVersion:   Dev-Anim (AF43A65D-7FD3-4947-9873-3E8ED9C1BB05): 2
LogDevObjectVersion:   Dev-ReflectionCapture (6B266CEC-1EC7-4B8F-A30B-E4D90942FC07): 1
LogDevObjectVersion:   Dev-Automation (0DF73D61-A23F-47EA-B727-89E90C41499A): 1
LogDevObjectVersion:   FortniteMain (601D1886-AC64-4F84-AA16-D3DE0DEAC7D6): 27
LogDevObjectVersion:   Dev-Enterprise (9DFFBCD6-494F-0158-E221-12823C92A888): 6
LogDevObjectVersion:   Dev-Niagara (F2AED0AC-9AFE-416F-8664-AA7FFA26D6FC): 1
LogDevObjectVersion:   Dev-Destruction (174F1F0B-B4C6-45A5-B13F-2EE8D0FB917D): 9
LogInit: Presizing for max 16777216 objects, including 0 objects not considered by GC, pre-allocating 0 bytes for permanent pool.
LogInit: Object subsystem initialized
LogConfig: Setting CVar [[con.DebugEarlyDefault:1]]
LogConfig: Setting CVar [[r.setres:1280x720]]
[2020.05.12-09.06.12:595][  0]LogConfig: Setting CVar [[r.VSync:0]]
[2020.05.12-09.06.12:595][  0]LogConfig: Setting CVar [[r.RHICmdBypass:0]]
[2020.05.12-09.06.12:595][  0]LogConfig: Applying CVar settings from Section [/Script/Engine.RendererSettings] File [E:/Uni Stuff/Final Year Project/Games and Game Design Doc/GameSegments/Non-diegetic game segment/NonDiegetic/Saved/Config/Windows/Engine.ini]
[2020.05.12-09.06.12:595][  0]LogConfig: Setting CVar [[r.GPUCrashDebugging:0]]
[2020.05.12-09.06.12:596][  0]LogConfig: Applying CVar settings from Section [/Script/Engine.RendererOverrideSettings] File [E:/Uni Stuff/Final Year Project/Games and Game Design Doc/GameSegments/Non-diegetic game segment/NonDiegetic/Saved/Config/Windows/Engine.ini]
[2020.05.12-09.06.12:596][  0]LogConfig: Applying CVar settings from Section [/Script/Engine.StreamingSettings] File [E:/Uni Stuff/Final Year Project/Games and Game Design Doc/GameSegments/Non-diegetic game segment/NonDiegetic/Saved/Config/Windows/Engine.ini]
[2020.05.12-09.06.12:596][  0]LogConfig: Setting CVar [[s.MinBulkDataSizeForAsyncLoading:131072]]
[2020.05.12-09.06.12:596][  0]LogConfig: Setting CVar [[s.AsyncLoadingThreadEnabled:0]]
[2020.05.12-09.06.12:596][  0]LogConfig: Setting CVar [[s.EventDrivenLoaderEnabled:1]]
[2020.05.12-09.06.12:596][  0]LogConfig: Setting CVar [[s.WarnIfTimeLimitExceeded:0]]
[2020.05.12-09.06.12:596][  0]LogConfig: Setting CVar [[s.TimeLimitExceededMultiplier:1.5]]
[2020.05.12-09.06.12:596][  0]LogConfig: Setting CVar [[s.TimeLimitExceededMinTime:0.005]]
[2020.05.12-09.06.12:596][  0]LogConfig: Setting CVar [[s.UseBackgroundLevelStreaming:1]]
[2020.05.12-09.06.12:596][  0]LogConfig: Setting CVar [[s.PriorityAsyncLoadingExtraTime:15.0]]
[2020.05.12-09.06.12:596][  0]LogConfig: Setting CVar [[s.LevelStreamingActorsUpdateTimeLimit:5.0]]
[2020.05.12-09.06.12:596][  0]LogConfig: Setting CVar [[s.PriorityLevelStreamingActorsUpdateExtraTime:5.0]]
[2020.05.12-09.06.12:596][  0]LogConfig: Setting CVar [[s.LevelStreamingComponentsRegistrationGranularity:10]]
[2020.05.12-09.06.12:596][  0]LogConfig: Setting CVar [[s.UnregisterComponentsTimeLimit:1.0]]
[2020.05.12-09.06.12:596][  0]LogConfig: Setting CVar [[s.LevelStreamingComponentsUnregistrationGranularity:5]]
[2020.05.12-09.06.12:596][  0]LogConfig: Applying CVar settings from Section [/Script/Engine.GarbageCollectionSettings] File [E:/Uni Stuff/Final Year Project/Games and Game Design Doc/GameSegments/Non-diegetic game segment/NonDiegetic/Saved/Config/Windows/Engine.ini]
[2020.05.12-09.06.12:596][  0]LogConfig: Setting CVar [[gc.MaxObjectsNotConsideredByGC:1]]
[2020.05.12-09.06.12:596][  0]LogConfig: Setting CVar [[gc.SizeOfPermanentObjectPool:0]]
[2020.05.12-09.06.12:596][  0]LogConfig: Setting CVar [[gc.FlushStreamingOnGC:0]]
[2020.05.12-09.06.12:596][  0]LogConfig: Setting CVar [[gc.NumRetriesBeforeForcingGC:10]]
[2020.05.12-09.06.12:596][  0]LogConfig: Setting CVar [[gc.AllowParallelGC:1]]
[2020.05.12-09.06.12:596][  0]LogConfig: Setting CVar [[gc.TimeBetweenPurgingPendingKillObjects:61.1]]
[2020.05.12-09.06.12:596][  0]LogConfig: Setting CVar [[gc.MaxObjectsInEditor:16777216]]
[2020.05.12-09.06.12:596][  0]LogConfig: Setting CVar [[gc.IncrementalBeginDestroyEnabled:1]]
[2020.05.12-09.06.12:596][  0]LogConfig: Setting CVar [[gc.CreateGCClusters:1]]
[2020.05.12-09.06.12:596][  0]LogConfig: Setting CVar [[gc.MinGCClusterSize:5]]
[2020.05.12-09.06.12:596][  0]LogConfig: Setting CVar [[gc.ActorClusteringEnabled:0]]
[2020.05.12-09.06.12:596][  0]LogConfig: Setting CVar [[gc.BlueprintClusteringEnabled:0]]
[2020.05.12-09.06.12:596][  0]LogConfig: Setting CVar [[gc.UseDisregardForGCOnDedicatedServers:0]]
[2020.05.12-09.06.12:596][  0]LogConfig: Applying CVar settings from Section [/Script/Engine.NetworkSettings] File [E:/Uni Stuff/Final Year Project/Games and Game Design Doc/GameSegments/Non-diegetic game segment/NonDiegetic/Saved/Config/Windows/Engine.ini]
[2020.05.12-09.06.12:596][  0]LogConfig: Applying CVar settings from Section [/Script/UnrealEd.CookerSettings] File [E:/Uni Stuff/Final Year Project/Games and Game Design Doc/GameSegments/Non-diegetic game segment/NonDiegetic/Saved/Config/Windows/Engine.ini]
[2020.05.12-09.06.12:607][  0]LogConfig: Applying CVar settings from Section [ViewDistanceQuality@3] File [E:/Uni Stuff/Final Year Project/Games and Game Design Doc/GameSegments/Non-diegetic game segment/NonDiegetic/Saved/Config/Windows/Scalability.ini]
[2020.05.12-09.06.12:607][  0]LogConfig: Setting CVar [[r.SkeletalMeshLODBias:0]]
[2020.05.12-09.06.12:607][  0]LogConfig: Setting CVar [[r.ViewDistanceScale:1.0]]
[2020.05.12-09.06.12:607][  0]LogConfig: Applying CVar settings from Section [AntiAliasingQuality@3] File [E:/Uni Stuff/Final Year Project/Games and Game Design Doc/GameSegments/Non-diegetic game segment/NonDiegetic/Saved/Config/Windows/Scalability.ini]
[2020.05.12-09.06.12:607][  0]LogConfig: Setting CVar [[r.PostProcessAAQuality:4]]
[2020.05.12-09.06.12:607][  0]LogConfig: Applying CVar settings from Section [ShadowQuality@3] File [E:/Uni Stuff/Final Year Project/Games and Game Design Doc/GameSegments/Non-diegetic game segment/NonDiegetic/Saved/Config/Windows/Scalability.ini]
[2020.05.12-09.06.12:607][  0]LogConfig: Setting CVar [[r.LightFunctionQuality:1]]
[2020.05.12-09.06.12:607][  0]LogConfig: Setting CVar [[r.ShadowQuality:5]]
[2020.05.12-09.06.12:607][  0]LogConfig: Setting CVar [[r.Shadow.CSM.MaxCascades:10]]
[2020.05.12-09.06.12:607][  0]LogConfig: Setting CVar [[r.Shadow.MaxResolution:2048]]
[2020.05.12-09.06.12:608][  0]LogConfig: Setting CVar [[r.Shadow.MaxCSMResolution:2048]]
[2020.05.12-09.06.12:608][  0]LogConfig: Setting CVar [[r.Shadow.RadiusThreshold:0.01]]
[2020.05.12-09.06.12:608][  0]LogConfig: Setting CVar [[r.Shadow.DistanceScale:1.0]]
[2020.05.12-09.06.12:608][  0]LogConfig: Setting CVar [[r.Shadow.CSM.TransitionScale:1.0]]
[2020.05.12-09.06.12:608][  0]LogConfig: Setting CVar [[r.Shadow.PreShadowResolutionFactor:1.0]]
[2020.05.12-09.06.12:608][  0]LogConfig: Setting CVar [[r.DistanceFieldShadowing:1]]
[2020.05.12-09.06.12:608][  0]LogConfig: Setting CVar [[r.DistanceFieldAO:1]]
[2020.05.12-09.06.12:608][  0]LogConfig: Setting CVar [[r.AOQuality:2]]
[2020.05.12-09.06.12:608][  0]LogConfig: Setting CVar [[r.VolumetricFog:1]]
[2020.05.12-09.06.12:608][  0]LogConfig: Setting CVar [[r.VolumetricFog.GridPixelSize:8]]
[2020.05.12-09.06.12:608][  0]LogConfig: Setting CVar [[r.VolumetricFog.GridSizeZ:128]]
[2020.05.12-09.06.12:608][  0]LogConfig: Setting CVar [[r.VolumetricFog.HistoryMissSupersampleCount:4]]
[2020.05.12-09.06.12:608][  0]LogConfig: Setting CVar [[r.LightMaxDrawDistanceScale:1]]
[2020.05.12-09.06.12:608][  0]LogConfig: Setting CVar [[r.CapsuleShadows:1]]
[2020.05.12-09.06.12:608][  0]LogConfig: Applying CVar settings from Section [PostProcessQuality@3] File [E:/Uni Stuff/Final Year Project/Games and Game Design Doc/GameSegments/Non-diegetic game segment/NonDiegetic/Saved/Config/Windows/Scalability.ini]
[2020.05.12-09.06.12:608][  0]LogConfig: Setting CVar [[r.MotionBlurQuality:4]]
[2020.05.12-09.06.12:608][  0]LogConfig: Setting CVar [[r.AmbientOcclusionMipLevelFactor:0.4]]
[2020.05.12-09.06.12:608][  0]LogConfig: Setting CVar [[r.AmbientOcclusionMaxQuality:100]]
[2020.05.12-09.06.12:608][  0]LogConfig: Setting CVar [[r.AmbientOcclusionLevels:-1]]
[2020.05.12-09.06.12:608][  0]LogConfig: Setting CVar [[r.AmbientOcclusionRadiusScale:1.0]]
[2020.05.12-09.06.12:608][  0]LogConfig: Setting CVar [[r.DepthOfFieldQuality:2]]
[2020.05.12-09.06.12:608][  0]LogConfig: Setting CVar [[r.RenderTargetPoolMin:400]]
[2020.05.12-09.06.12:608][  0]LogConfig: Setting CVar [[r.LensFlareQuality:2]]
[2020.05.12-09.06.12:608][  0]LogConfig: Setting CVar [[r.SceneColorFringeQuality:1]]
[2020.05.12-09.06.12:608][  0]LogConfig: Setting CVar [[r.EyeAdaptationQuality:2]]
[2020.05.12-09.06.12:608][  0]LogConfig: Setting CVar [[r.BloomQuality:5]]
[2020.05.12-09.06.12:608][  0]LogConfig: Setting CVar [[r.FastBlurThreshold:100]]
[2020.05.12-09.06.12:608][  0]LogConfig: Setting CVar [[r.Upscale.Quality:3]]
[2020.05.12-09.06.12:608][  0]LogConfig: Setting CVar [[r.Tonemapper.GrainQuantization:1]]
[2020.05.12-09.06.12:608][  0]LogConfig: Setting CVar [[r.LightShaftQuality:1]]
[2020.05.12-09.06.12:608][  0]LogConfig: Setting CVar [[r.Filter.SizeScale:1]]
[2020.05.12-09.06.12:608][  0]LogConfig: Setting CVar [[r.Tonemapper.Quality:5]]
[2020.05.12-09.06.12:608][  0]LogConfig: Setting CVar [[r.DOF.Gather.AccumulatorQuality:1        ; higher gathering accumulator quality]]
[2020.05.12-09.06.12:608][  0]LogConfig: Setting CVar [[r.DOF.Gather.PostfilterMethod:1          ; Median3x3 postfilering method]]
[2020.05.12-09.06.12:608][  0]LogConfig: Setting CVar [[r.DOF.Gather.EnableBokehSettings:0       ; no bokeh simulation when gathering]]
[2020.05.12-09.06.12:608][  0]LogConfig: Setting CVar [[r.DOF.Gather.RingCount:4                 ; medium number of samples when gathering]]
[2020.05.12-09.06.12:608][  0]LogConfig: Setting CVar [[r.DOF.Scatter.ForegroundCompositing:1    ; additive foreground scattering]]
[2020.05.12-09.06.12:608][  0]LogConfig: Setting CVar [[r.DOF.Scatter.BackgroundCompositing:2    ; additive background scattering]]
[2020.05.12-09.06.12:608][  0]LogConfig: Setting CVar [[r.DOF.Scatter.EnableBokehSettings:1      ; bokeh simulation when scattering]]
[2020.05.12-09.06.12:608][  0]LogConfig: Setting CVar [[r.DOF.Scatter.MaxSpriteRatio:0.1         ; only a maximum of 10% of scattered bokeh]]
[2020.05.12-09.06.12:608][  0]LogConfig: Setting CVar [[r.DOF.Recombine.Quality:1                ; cheap slight out of focus]]
[2020.05.12-09.06.12:608][  0]LogConfig: Setting CVar [[r.DOF.Recombine.EnableBokehSettings:0    ; no bokeh simulation on slight out of focus]]
[2020.05.12-09.06.12:608][  0]LogConfig: Setting CVar [[r.DOF.TemporalAAQuality:1                ; more stable temporal accumulation]]
[2020.05.12-09.06.12:608][  0]LogConfig: Setting CVar [[r.DOF.Kernel.MaxForegroundRadius:0.025]]
[2020.05.12-09.06.12:608][  0]LogConfig: Setting CVar [[r.DOF.Kernel.MaxBackgroundRadius:0.025]]
[2020.05.12-09.06.12:608][  0]LogConfig: Applying CVar settings from Section [TextureQuality@3] File [E:/Uni Stuff/Final Year Project/Games and Game Design Doc/GameSegments/Non-diegetic game segment/NonDiegetic/Saved/Config/Windows/Scalability.ini]
[2020.05.12-09.06.12:608][  0]LogConfig: Setting CVar [[r.Streaming.MipBias:0]]
[2020.05.12-09.06.12:608][  0]LogConfig: Setting CVar [[r.Streaming.AmortizeCPUToGPUCopy:0]]
[2020.05.12-09.06.12:608][  0]LogConfig: Setting CVar [[r.Streaming.MaxNumTexturesToStreamPerFrame:0]]
[2020.05.12-09.06.12:608][  0]LogConfig: Setting CVar [[r.Streaming.Boost:1]]
[2020.05.12-09.06.12:608][  0]LogConfig: Setting CVar [[r.MaxAnisotropy:8]]
[2020.05.12-09.06.12:608][  0]LogConfig: Setting CVar [[r.Streaming.LimitPoolSizeToVRAM:0]]
[2020.05.12-09.06.12:608][  0]LogConfig: Setting CVar [[r.Streaming.PoolSize:1000]]
[2020.05.12-09.06.12:608][  0]LogConfig: Setting CVar [[r.Streaming.MaxEffectiveScreenSize:0]]
[2020.05.12-09.06.12:608][  0]LogConfig: Applying CVar settings from Section [EffectsQuality@3] File [E:/Uni Stuff/Final Year Project/Games and Game Design Doc/GameSegments/Non-diegetic game segment/NonDiegetic/Saved/Config/Windows/Scalability.ini]
[2020.05.12-09.06.12:608][  0]LogConfig: Setting CVar [[r.TranslucencyLightingVolumeDim:64]]
[2020.05.12-09.06.12:608][  0]LogConfig: Setting CVar [[r.RefractionQuality:2]]
[2020.05.12-09.06.12:608][  0]LogConfig: Setting CVar [[r.SSR.Quality:3]]
[2020.05.12-09.06.12:608][  0]LogConfig: Setting CVar [[r.SceneColorFormat:4]]
[2020.05.12-09.06.12:608][  0]LogConfig: Setting CVar [[r.DetailMode:2]]
[2020.05.12-09.06.12:608][  0]LogConfig: Setting CVar [[r.TranslucencyVolumeBlur:1]]
[2020.05.12-09.06.12:608][  0]LogConfig: Setting CVar [[r.MaterialQualityLevel:1 ; High quality]]
[2020.05.12-09.06.12:608][  0]LogConfig: Setting CVar [[r.SSS.Scale:1]]
[2020.05.12-09.06.12:608][  0]LogConfig: Setting CVar [[r.SSS.SampleSet:2]]
[2020.05.12-09.06.12:608][  0]LogConfig: Setting CVar [[r.SSS.Quality:1]]
[2020.05.12-09.06.12:608][  0]LogConfig: Setting CVar [[r.SSS.HalfRes:1]]
[2020.05.12-09.06.12:608][  0]LogConfig: Setting CVar [[r.EmitterSpawnRateScale:1.0]]
[2020.05.12-09.06.12:608][  0]LogConfig: Setting CVar [[r.ParticleLightQuality:2]]
[2020.05.12-09.06.12:608][  0]LogConfig: Applying CVar settings from Section [FoliageQuality@3] File [E:/Uni Stuff/Final Year Project/Games and Game Design Doc/GameSegments/Non-diegetic game segment/NonDiegetic/Saved/Config/Windows/Scalability.ini]
[2020.05.12-09.06.12:608][  0]LogConfig: Setting CVar [[foliage.DensityScale:1.0]]
[2020.05.12-09.06.12:608][  0]LogConfig: Setting CVar [[grass.DensityScale:1.0]]
[2020.05.12-09.06.12:609][  0]LogInit: Selected Device Profile: [Windows]
[2020.05.12-09.06.12:609][  0]LogInit: Applying CVar settings loaded from the selected device profile: [Windows]
[2020.05.12-09.06.12:651][  0]LogHAL: Display: Platform has ~ 8 GB [8481812480 / 8589934592 / 8], which maps to Default [LargestMinGB=32, LargerMinGB=12, DefaultMinGB=8, SmallerMinGB=6, SmallestMinGB=0)
[2020.05.12-09.06.12:651][  0]LogInit: Going up to parent DeviceProfile []
[2020.05.12-09.06.12:651][  0]LogConfig: Applying CVar settings from Section [ViewDistanceQuality@3] File [E:/Uni Stuff/Final Year Project/Games and Game Design Doc/GameSegments/Non-diegetic game segment/NonDiegetic/Saved/Config/Windows/Scalability.ini]
[2020.05.12-09.06.12:651][  0]LogConfig: Setting CVar [[r.SkeletalMeshLODBias:0]]
[2020.05.12-09.06.12:651][  0]LogConfig: Setting CVar [[r.ViewDistanceScale:1.0]]
[2020.05.12-09.06.12:651][  0]LogConfig: Applying CVar settings from Section [AntiAliasingQuality@3] File [E:/Uni Stuff/Final Year Project/Games and Game Design Doc/GameSegments/Non-diegetic game segment/NonDiegetic/Saved/Config/Windows/Scalability.ini]
[2020.05.12-09.06.12:651][  0]LogConfig: Setting CVar [[r.PostProcessAAQuality:4]]
[2020.05.12-09.06.12:651][  0]LogConfig: Applying CVar settings from Section [ShadowQuality@3] File [E:/Uni Stuff/Final Year Project/Games and Game Design Doc/GameSegments/Non-diegetic game segment/NonDiegetic/Saved/Config/Windows/Scalability.ini]
[2020.05.12-09.06.12:651][  0]LogConfig: Setting CVar [[r.LightFunctionQuality:1]]
[2020.05.12-09.06.12:651][  0]LogConfig: Setting CVar [[r.ShadowQuality:5]]
[2020.05.12-09.06.12:651][  0]LogConfig: Setting CVar [[r.Shadow.CSM.MaxCascades:10]]
[2020.05.12-09.06.12:651][  0]LogConfig: Setting CVar [[r.Shadow.MaxResolution:2048]]
[2020.05.12-09.06.12:652][  0]LogConfig: Setting CVar [[r.Shadow.MaxCSMResolution:2048]]
[2020.05.12-09.06.12:652][  0]LogConfig: Setting CVar [[r.Shadow.RadiusThreshold:0.01]]
[2020.05.12-09.06.12:652][  0]LogConfig: Setting CVar [[r.Shadow.DistanceScale:1.0]]
[2020.05.12-09.06.12:652][  0]LogConfig: Setting CVar [[r.Shadow.CSM.TransitionScale:1.0]]
[2020.05.12-09.06.12:652][  0]LogConfig: Setting CVar [[r.Shadow.PreShadowResolutionFactor:1.0]]
[2020.05.12-09.06.12:652][  0]LogConfig: Setting CVar [[r.DistanceFieldShadowing:1]]
[2020.05.12-09.06.12:652][  0]LogConfig: Setting CVar [[r.DistanceFieldAO:1]]
[2020.05.12-09.06.12:652][  0]LogConfig: Setting CVar [[r.AOQuality:2]]
[2020.05.12-09.06.12:652][  0]LogConfig: Setting CVar [[r.VolumetricFog:1]]
[2020.05.12-09.06.12:652][  0]LogConfig: Setting CVar [[r.VolumetricFog.GridPixelSize:8]]
[2020.05.12-09.06.12:652][  0]LogConfig: Setting CVar [[r.VolumetricFog.GridSizeZ:128]]
[2020.05.12-09.06.12:652][  0]LogConfig: Setting CVar [[r.VolumetricFog.HistoryMissSupersampleCount:4]]
[2020.05.12-09.06.12:652][  0]LogConfig: Setting CVar [[r.LightMaxDrawDistanceScale:1]]
[2020.05.12-09.06.12:652][  0]LogConfig: Setting CVar [[r.CapsuleShadows:1]]
[2020.05.12-09.06.12:652][  0]LogConfig: Applying CVar settings from Section [PostProcessQuality@3] File [E:/Uni Stuff/Final Year Project/Games and Game Design Doc/GameSegments/Non-diegetic game segment/NonDiegetic/Saved/Config/Windows/Scalability.ini]
[2020.05.12-09.06.12:652][  0]LogConfig: Setting CVar [[r.MotionBlurQuality:4]]
[2020.05.12-09.06.12:652][  0]LogConfig: Setting CVar [[r.AmbientOcclusionMipLevelFactor:0.4]]
[2020.05.12-09.06.12:652][  0]LogConfig: Setting CVar [[r.AmbientOcclusionMaxQuality:100]]
[2020.05.12-09.06.12:652][  0]LogConfig: Setting CVar [[r.AmbientOcclusionLevels:-1]]
[2020.05.12-09.06.12:652][  0]LogConfig: Setting CVar [[r.AmbientOcclusionRadiusScale:1.0]]
[2020.05.12-09.06.12:652][  0]LogConfig: Setting CVar [[r.DepthOfFieldQuality:2]]
[2020.05.12-09.06.12:652][  0]LogConfig: Setting CVar [[r.RenderTargetPoolMin:400]]
[2020.05.12-09.06.12:652][  0]LogConfig: Setting CVar [[r.LensFlareQuality:2]]
[2020.05.12-09.06.12:652][  0]LogConfig: Setting CVar [[r.SceneColorFringeQuality:1]]
[2020.05.12-09.06.12:652][  0]LogConfig: Setting CVar [[r.EyeAdaptationQuality:2]]
[2020.05.12-09.06.12:652][  0]LogConfig: Setting CVar [[r.BloomQuality:5]]
[2020.05.12-09.06.12:652][  0]LogConfig: Setting CVar [[r.FastBlurThreshold:100]]
[2020.05.12-09.06.12:652][  0]LogConfig: Setting CVar [[r.Upscale.Quality:3]]
[2020.05.12-09.06.12:652][  0]LogConfig: Setting CVar [[r.Tonemapper.GrainQuantization:1]]
[2020.05.12-09.06.12:652][  0]LogConfig: Setting CVar [[r.LightShaftQuality:1]]
[2020.05.12-09.06.12:652][  0]LogConfig: Setting CVar [[r.Filter.SizeScale:1]]
[2020.05.12-09.06.12:652][  0]LogConfig: Setting CVar [[r.Tonemapper.Quality:5]]
[2020.05.12-09.06.12:652][  0]LogConfig: Setting CVar [[r.DOF.Gather.AccumulatorQuality:1        ; higher gathering accumulator quality]]
[2020.05.12-09.06.12:652][  0]LogConfig: Setting CVar [[r.DOF.Gather.PostfilterMethod:1          ; Median3x3 postfilering method]]
[2020.05.12-09.06.12:652][  0]LogConfig: Setting CVar [[r.DOF.Gather.EnableBokehSettings:0       ; no bokeh simulation when gathering]]
[2020.05.12-09.06.12:652][  0]LogConfig: Setting CVar [[r.DOF.Gather.RingCount:4                 ; medium number of samples when gathering]]
[2020.05.12-09.06.12:652][  0]LogConfig: Setting CVar [[r.DOF.Scatter.ForegroundCompositing:1    ; additive foreground scattering]]
[2020.05.12-09.06.12:652][  0]LogConfig: Setting CVar [[r.DOF.Scatter.BackgroundCompositing:2    ; additive background scattering]]
[2020.05.12-09.06.12:652][  0]LogConfig: Setting CVar [[r.DOF.Scatter.EnableBokehSettings:1      ; bokeh simulation when scattering]]
[2020.05.12-09.06.12:652][  0]LogConfig: Setting CVar [[r.DOF.Scatter.MaxSpriteRatio:0.1         ; only a maximum of 10% of scattered bokeh]]
[2020.05.12-09.06.12:652][  0]LogConfig: Setting CVar [[r.DOF.Recombine.Quality:1                ; cheap slight out of focus]]
[2020.05.12-09.06.12:652][  0]LogConfig: Setting CVar [[r.DOF.Recombine.EnableBokehSettings:0    ; no bokeh simulation on slight out of focus]]
[2020.05.12-09.06.12:652][  0]LogConfig: Setting CVar [[r.DOF.TemporalAAQuality:1                ; more stable temporal accumulation]]
[2020.05.12-09.06.12:652][  0]LogConfig: Setting CVar [[r.DOF.Kernel.MaxForegroundRadius:0.025]]
[2020.05.12-09.06.12:652][  0]LogConfig: Setting CVar [[r.DOF.Kernel.MaxBackgroundRadius:0.025]]
[2020.05.12-09.06.12:652][  0]LogConfig: Applying CVar settings from Section [TextureQuality@3] File [E:/Uni Stuff/Final Year Project/Games and Game Design Doc/GameSegments/Non-diegetic game segment/NonDiegetic/Saved/Config/Windows/Scalability.ini]
[2020.05.12-09.06.12:652][  0]LogConfig: Setting CVar [[r.Streaming.MipBias:0]]
[2020.05.12-09.06.12:652][  0]LogConfig: Setting CVar [[r.Streaming.AmortizeCPUToGPUCopy:0]]
[2020.05.12-09.06.12:652][  0]LogConfig: Setting CVar [[r.Streaming.MaxNumTexturesToStreamPerFrame:0]]
[2020.05.12-09.06.12:652][  0]LogConfig: Setting CVar [[r.Streaming.Boost:1]]
[2020.05.12-09.06.12:652][  0]LogConfig: Setting CVar [[r.MaxAnisotropy:8]]
[2020.05.12-09.06.12:652][  0]LogConfig: Setting CVar [[r.Streaming.LimitPoolSizeToVRAM:0]]
[2020.05.12-09.06.12:652][  0]LogConfig: Setting CVar [[r.Streaming.PoolSize:1000]]
[2020.05.12-09.06.12:652][  0]LogConfig: Setting CVar [[r.Streaming.MaxEffectiveScreenSize:0]]
[2020.05.12-09.06.12:652][  0]LogConfig: Applying CVar settings from Section [EffectsQuality@3] File [E:/Uni Stuff/Final Year Project/Games and Game Design Doc/GameSegments/Non-diegetic game segment/NonDiegetic/Saved/Config/Windows/Scalability.ini]
[2020.05.12-09.06.12:652][  0]LogConfig: Setting CVar [[r.TranslucencyLightingVolumeDim:64]]
[2020.05.12-09.06.12:652][  0]LogConfig: Setting CVar [[r.RefractionQuality:2]]
[2020.05.12-09.06.12:652][  0]LogConfig: Setting CVar [[r.SSR.Quality:3]]
[2020.05.12-09.06.12:652][  0]LogConfig: Setting CVar [[r.SceneColorFormat:4]]
[2020.05.12-09.06.12:652][  0]LogConfig: Setting CVar [[r.DetailMode:2]]
[2020.05.12-09.06.12:652][  0]LogConfig: Setting CVar [[r.TranslucencyVolumeBlur:1]]
[2020.05.12-09.06.12:652][  0]LogConfig: Setting CVar [[r.MaterialQualityLevel:1 ; High quality]]
[2020.05.12-09.06.12:652][  0]LogConfig: Setting CVar [[r.SSS.Scale:1]]
[2020.05.12-09.06.12:652][  0]LogConfig: Setting CVar [[r.SSS.SampleSet:2]]
[2020.05.12-09.06.12:652][  0]LogConfig: Setting CVar [[r.SSS.Quality:1]]
[2020.05.12-09.06.12:652][  0]LogConfig: Setting CVar [[r.SSS.HalfRes:1]]
[2020.05.12-09.06.12:652][  0]LogConfig: Setting CVar [[r.EmitterSpawnRateScale:1.0]]
[2020.05.12-09.06.12:652][  0]LogConfig: Setting CVar [[r.ParticleLightQuality:2]]
[2020.05.12-09.06.12:652][  0]LogConfig: Applying CVar settings from Section [FoliageQuality@3] File [E:/Uni Stuff/Final Year Project/Games and Game Design Doc/GameSegments/Non-diegetic game segment/NonDiegetic/Saved/Config/Windows/Scalability.ini]
[2020.05.12-09.06.12:652][  0]LogConfig: Setting CVar [[foliage.DensityScale:1.0]]
[2020.05.12-09.06.12:652][  0]LogConfig: Setting CVar [[grass.DensityScale:1.0]]
[2020.05.12-09.06.12:652][  0]LogConfig: Applying CVar settings from Section [Startup] File [../../../Engine/Config/ConsoleVariables.ini]
[2020.05.12-09.06.12:723][  0]LogConfig: Setting CVar [[net.UseAdaptiveNetUpdateFrequency:0]]
[2020.05.12-09.06.12:723][  0]LogConfig: Setting CVar [[p.chaos.AllowCreatePhysxBodies:1]]
[2020.05.12-09.06.12:723][  0]LogConfig: Applying CVar settings from Section [ConsoleVariables] File [E:/Uni Stuff/Final Year Project/Games and Game Design Doc/GameSegments/Non-diegetic game segment/NonDiegetic/Saved/Config/Windows/Engine.ini]
[2020.05.12-09.06.12:723][  0]LogInit: Computer: NATHAN-PC
[2020.05.12-09.06.12:724][  0]LogInit: User: Nathan
[2020.05.12-09.06.12:724][  0]LogInit: CPU Page size=4096, Cores=4
[2020.05.12-09.06.12:724][  0]LogInit: High frequency timer resolution =10.000000 MHz
[2020.05.12-09.06.12:724][  0]LogMemory: Memory total: Physical=7.9GB (8GB approx)
[2020.05.12-09.06.12:724][  0]LogMemory: Platform Memory Stats for Windows
[2020.05.12-09.06.12:724][  0]LogMemory: Process Physical Memory: 101.66 MB used, 101.66 MB peak
[2020.05.12-09.06.12:724][  0]LogMemory: Process Virtual Memory: 104.21 MB used, 104.21 MB peak
[2020.05.12-09.06.12:724][  0]LogMemory: Physical Memory: 6142.43 MB used,  1946.45 MB free, 8088.89 MB total
[2020.05.12-09.06.12:725][  0]LogMemory: Virtual Memory: 4659.58 MB used,  134213072.00 MB free, 134217728.00 MB total
[2020.05.12-09.06.12:762][  0]LogWindows: WindowsPlatformFeatures enabled
[2020.05.12-09.06.14:310][  0]LogInit: Using OS detected language (en-GB).
[2020.05.12-09.06.14:310][  0]LogInit: Using OS detected locale (en-GB).
[2020.05.12-09.06.14:361][  0]LogTextLocalizationManager: No specific localization for 'en-GB' exists, so the 'en' localization will be used.
[2020.05.12-09.06.15:466][  0]LogInit: Setting process to per monitor DPI aware
[2020.05.12-09.06.16:220][  0]LogSlate: New Slate User Created.  User Index 0, Is Virtual User: 0
[2020.05.12-09.06.16:220][  0]LogSlate: Slate User Registered.  User Index 0, Is Virtual User: 0
[2020.05.12-09.06.17:407][  0]LogHMD: Failed to initialize OpenVR with code 110
[2020.05.12-09.06.17:407][  0]LogD3D11RHI: D3D11 adapters:
[2020.05.12-09.06.17:435][  0]LogD3D11RHI:    0. 'AMD Radeon R9 200 Series' (Feature Level 11_0)
[2020.05.12-09.06.17:435][  0]LogD3D11RHI:       2028/0/4044 MB DedicatedVideo/DedicatedSystem/SharedSystem, Outputs:1, VendorId:0x1002
[2020.05.12-09.06.17:443][  0]LogD3D11RHI:    1. 'Intel(R) HD Graphics 4600' (Feature Level 11_0)
[2020.05.12-09.06.17:443][  0]LogD3D11RHI:       112/0/2048 MB DedicatedVideo/DedicatedSystem/SharedSystem, Outputs:0, VendorId:0x8086
[2020.05.12-09.06.17:446][  0]LogD3D11RHI:    2. 'Microsoft Basic Render Driver' (Feature Level 11_0)
[2020.05.12-09.06.17:446][  0]LogD3D11RHI:       0/0/4044 MB DedicatedVideo/DedicatedSystem/SharedSystem, Outputs:0, VendorId:0x1414
[2020.05.12-09.06.17:446][  0]LogD3D11RHI: Chosen D3D11 Adapter: 0
[2020.05.12-09.06.17:456][  0]LogD3D11RHI: Creating new Direct3DDevice
[2020.05.12-09.06.17:456][  0]LogD3D11RHI:     GPU DeviceId: 0x6810 (for the marketing name, search the web for "GPU Device Id")
[2020.05.12-09.06.17:456][  0]LogWindows: EnumDisplayDevices:
[2020.05.12-09.06.17:456][  0]LogWindows:    0. 'AMD Radeon R9 200 Series' (P:1 D:1)
[2020.05.12-09.06.17:457][  0]LogWindows:    1. 'AMD Radeon R9 200 Series' (P:0 D:0)
[2020.05.12-09.06.17:457][  0]LogWindows:    2. 'AMD Radeon R9 200 Series' (P:0 D:0)
[2020.05.12-09.06.17:458][  0]LogWindows:    3. 'AMD Radeon R9 200 Series' (P:0 D:0)
[2020.05.12-09.06.17:459][  0]LogWindows:    4. 'AMD Radeon R9 200 Series' (P:0 D:0)
[2020.05.12-09.06.17:459][  0]LogWindows:    5. 'AMD Radeon R9 200 Series' (P:0 D:0)
[2020.05.12-09.06.17:460][  0]LogWindows:    6. 'AMD Radeon R9 200 Series' (P:0 D:0)
[2020.05.12-09.06.17:461][  0]LogWindows:    7. 'AMD Radeon R9 200 Series' (P:0 D:0)
[2020.05.12-09.06.17:462][  0]LogWindows:    8. 'Intel(R) HD Graphics 4600' (P:0 D:0)
[2020.05.12-09.06.17:462][  0]LogWindows:    9. 'Intel(R) HD Graphics 4600' (P:0 D:0)
[2020.05.12-09.06.17:462][  0]LogWindows:    10. 'Intel(R) HD Graphics 4600' (P:0 D:0)
[2020.05.12-09.06.17:463][  0]LogWindows: DebugString: PrimaryIsNotTheChoosenAdapter PrimaryIsNotTheChoosenAdapter PrimaryIsNotTheChoosenAdapter FoundDriverCount:8 
[2020.05.12-09.06.17:463][  0]LogD3D11RHI:     Adapter Name: AMD Radeon R9 200 Series
[2020.05.12-09.06.17:463][  0]LogD3D11RHI:   Driver Version: Adrenalin 19.20 (internal:26.20.12028.2, unified:26.20.12028.2)
[2020.05.12-09.06.17:463][  0]LogD3D11RHI:      Driver Date: 8-16-2019
[2020.05.12-09.06.17:463][  0]LogRHI: Texture pool is 1419 MB (70% of 2028 MB)
[2020.05.12-09.06.17:652][  0]LogD3D11RHI: Async texture creation enabled
[2020.05.12-09.06.17:665][  0]LogD3D11RHI: GPU Timing Frequency: 27.000000 (Debug: 2 1)
[2020.05.12-09.06.19:964][  0]LogTemp: Display: Module 'AllDesktopTargetPlatform' loaded TargetPlatform 'AllDesktop'
[2020.05.12-09.06.20:008][  0]LogTemp: Display: Module 'MacClientTargetPlatform' loaded TargetPlatform 'MacClient'
[2020.05.12-09.06.20:053][  0]LogTemp: Display: Module 'MacNoEditorTargetPlatform' loaded TargetPlatform 'MacNoEditor'
[2020.05.12-09.06.20:096][  0]LogTemp: Display: Module 'MacServerTargetPlatform' loaded TargetPlatform 'MacServer'
[2020.05.12-09.06.20:221][  0]LogTemp: Display: Module 'MacTargetPlatform' loaded TargetPlatform 'Mac'
[2020.05.12-09.06.20:381][  0]LogTemp: Display: Module 'WindowsClientTargetPlatform' loaded TargetPlatform 'WindowsClient'
[2020.05.12-09.06.20:490][  0]LogTemp: Display: Module 'WindowsNoEditorTargetPlatform' loaded TargetPlatform 'WindowsNoEditor'
[2020.05.12-09.06.20:588][  0]LogTemp: Display: Module 'WindowsServerTargetPlatform' loaded TargetPlatform 'WindowsServer'
[2020.05.12-09.06.20:635][  0]LogTemp: Display: Module 'WindowsTargetPlatform' loaded TargetPlatform 'Windows'
[2020.05.12-09.06.20:954][  0]LogTemp: Display: Module 'AndroidTargetPlatform' loaded TargetPlatform 'Android'
[2020.05.12-09.06.20:954][  0]LogTemp: Display: Module 'AndroidTargetPlatform' loaded TargetPlatform 'Android_ASTC'
[2020.05.12-09.06.20:954][  0]LogTemp: Display: Module 'AndroidTargetPlatform' loaded TargetPlatform 'Android_ATC'
[2020.05.12-09.06.20:954][  0]LogTemp: Display: Module 'AndroidTargetPlatform' loaded TargetPlatform 'Android_DXT'
[2020.05.12-09.06.20:954][  0]LogTemp: Display: Module 'AndroidTargetPlatform' loaded TargetPlatform 'Android_ETC1'
[2020.05.12-09.06.20:954][  0]LogTemp: Display: Module 'AndroidTargetPlatform' loaded TargetPlatform 'Android_ETC1a'
[2020.05.12-09.06.20:954][  0]LogTemp: Display: Module 'AndroidTargetPlatform' loaded TargetPlatform 'Android_ETC2'
[2020.05.12-09.06.20:954][  0]LogTemp: Display: Module 'AndroidTargetPlatform' loaded TargetPlatform 'Android_PVRTC'
[2020.05.12-09.06.20:954][  0]LogTemp: Display: Module 'AndroidTargetPlatform' loaded TargetPlatform 'AndroidClient'
[2020.05.12-09.06.20:954][  0]LogTemp: Display: Module 'AndroidTargetPlatform' loaded TargetPlatform 'Android_ASTCClient'
[2020.05.12-09.06.20:954][  0]LogTemp: Display: Module 'AndroidTargetPlatform' loaded TargetPlatform 'Android_ATCClient'
[2020.05.12-09.06.20:954][  0]LogTemp: Display: Module 'AndroidTargetPlatform' loaded TargetPlatform 'Android_DXTClient'
[2020.05.12-09.06.20:954][  0]LogTemp: Display: Module 'AndroidTargetPlatform' loaded TargetPlatform 'Android_ETC1Client'
[2020.05.12-09.06.20:954][  0]LogTemp: Display: Module 'AndroidTargetPlatform' loaded TargetPlatform 'Android_ETC1aClient'
[2020.05.12-09.06.20:954][  0]LogTemp: Display: Module 'AndroidTargetPlatform' loaded TargetPlatform 'Android_ETC2Client'
[2020.05.12-09.06.20:954][  0]LogTemp: Display: Module 'AndroidTargetPlatform' loaded TargetPlatform 'Android_PVRTCClient'
[2020.05.12-09.06.20:954][  0]LogTemp: Display: Module 'AndroidTargetPlatform' loaded TargetPlatform 'Android_Multi'
[2020.05.12-09.06.20:954][  0]LogTemp: Display: Module 'AndroidTargetPlatform' loaded TargetPlatform 'Android_MultiClient'
[2020.05.12-09.06.21:074][  0]LogTemp: Display: Module 'HTML5TargetPlatform' loaded TargetPlatform 'HTML5'
[2020.05.12-09.06.21:358][  0]LogTemp: Display: Module 'IOSTargetPlatform' loaded TargetPlatform 'IOSClient'
[2020.05.12-09.06.21:358][  0]LogTemp: Display: Module 'IOSTargetPlatform' loaded TargetPlatform 'IOS'
[2020.05.12-09.06.21:411][  0]LogTemp: Display: Module 'TVOSTargetPlatform' loaded TargetPlatform 'TVOSClient'
[2020.05.12-09.06.21:412][  0]LogTemp: Display: Module 'TVOSTargetPlatform' loaded TargetPlatform 'TVOS'
[2020.05.12-09.06.21:458][  0]LogTemp: Display: Module 'LinuxClientTargetPlatform' loaded TargetPlatform 'LinuxClient'
[2020.05.12-09.06.21:517][  0]LogTemp: Display: Module 'LinuxNoEditorTargetPlatform' loaded TargetPlatform 'LinuxNoEditor'
[2020.05.12-09.06.21:559][  0]LogTemp: Display: Module 'LinuxServerTargetPlatform' loaded TargetPlatform 'LinuxServer'
[2020.05.12-09.06.21:773][  0]LogTemp: Display: Module 'LinuxTargetPlatform' loaded TargetPlatform 'Linux'
[2020.05.12-09.06.21:930][  0]LogTemp: Display: Module 'LuminTargetPlatform' loaded TargetPlatform 'Lumin'
[2020.05.12-09.06.21:930][  0]LogTemp: Display: Module 'LuminTargetPlatform' loaded TargetPlatform 'LuminClient'
[2020.05.12-09.06.21:930][  0]LogTargetPlatformManager: Display: Building Assets For Windows
[2020.05.12-09.06.22:440][  0]LogAudioDebug: Display: Lib vorbis DLL was dynamically loaded.
[2020.05.12-09.06.24:862][  0]LogShaderCompilers: Guid format shader working directory is -64 characters bigger than the processId version (../../../../../Uni Stuff/Final Year Project/Games and Game Design Doc/GameSegments/Non-diegetic game segment/NonDiegetic/Intermediate/Shaders/WorkingDirectory/20280/).
[2020.05.12-09.06.24:862][  0]LogShaderCompilers: Cleaned the shader compiler working directory 'C:/Users/Nathan.Nathan-PC/AppData/Local/Temp/UnrealShaderWorkingDir/E87ABD4149DD6C7D1D8CE2852BB99BB8/'.
[2020.05.12-09.06.24:866][  0]LogXGEController: Cleaning working directory: C:/Users/Nathan.Nathan-PC/AppData/Local/Temp/UnrealXGEWorkingDir/
[2020.05.12-09.06.24:866][  0]LogXGEController: Cannot use XGE Controller as Incredibuild is not installed on this machine.
[2020.05.12-09.06.24:866][  0]LogShaderCompilers: Cannot use XGE Shader Compiler as Incredibuild is not installed on this machine.
[2020.05.12-09.06.24:866][  0]LogShaderCompilers: Display: Using Local Shader Compiler.
[2020.05.12-09.06.26:907][  0]LogDerivedDataCache: Display: Max Cache Size: 512 MB
[2020.05.12-09.06.27:427][  0]LogDerivedDataCache: Loaded boot cache 0.51s 73MB C:/Users/Nathan.Nathan-PC/AppData/Local/UnrealEngine/4.23/DerivedDataCache/Boot.ddc.
[2020.05.12-09.06.27:427][  0]LogDerivedDataCache: Display: Loaded Boot cache: C:/Users/Nathan.Nathan-PC/AppData/Local/UnrealEngine/4.23/DerivedDataCache/Boot.ddc
[2020.05.12-09.06.27:427][  0]LogDerivedDataCache: FDerivedDataBackendGraph:  Pak pak cache file ../../../../../Uni Stuff/Final Year Project/Games and Game Design Doc/GameSegments/Non-diegetic game segment/NonDiegetic/DerivedDataCache/DDC.ddp not found, will not use a pak cache.
[2020.05.12-09.06.27:427][  0]LogDerivedDataCache: Unable to find inner node Pak for hierarchical cache Hierarchy.
[2020.05.12-09.06.27:427][  0]LogDerivedDataCache: FDerivedDataBackendGraph:  CompressedPak pak cache file ../../../../../Uni Stuff/Final Year Project/Games and Game Design Doc/GameSegments/Non-diegetic game segment/NonDiegetic/DerivedDataCache/Compressed.ddp not found, will not use a pak cache.
[2020.05.12-09.06.27:427][  0]LogDerivedDataCache: Unable to find inner node CompressedPak for hierarchical cache Hierarchy.
[2020.05.12-09.06.27:528][  0]LogDerivedDataCache: Display: Pak cache opened for reading ../../../Engine/DerivedDataCache/Compressed.ddp.
[2020.05.12-09.06.27:528][  0]LogDerivedDataCache: FDerivedDataBackendGraph:  EnterprisePak pak cache file ../../../Enterprise/DerivedDataCache/Compressed.ddp not found, will not use a pak cache.
[2020.05.12-09.06.27:529][  0]LogDerivedDataCache: Unable to find inner node EnterprisePak for hierarchical cache Hierarchy.
[2020.05.12-09.06.27:534][  0]LogDerivedDataCache: Using Local data cache path C:/Users/Nathan.Nathan-PC/AppData/Local/UnrealEngine/Common/DerivedDataCache: Writable
[2020.05.12-09.06.27:534][  0]LogDerivedDataCache: Shared data cache path not found in *engine.ini, will not use an Shared cache.
[2020.05.12-09.06.27:534][  0]LogDerivedDataCache: Unable to find inner node Shared for hierarchical cache Hierarchy.
[2020.05.12-09.06.27:574][  0]LogMaterial: Verifying Global Shaders for PCD3D_SM5
[2020.05.12-09.06.27:579][  0]LogSlate: Using FreeType 2.6.0
[2020.05.12-09.06.27:642][  0]LogSlate: SlateFontServices - WITH_FREETYPE: 1, WITH_HARFBUZZ: 1
[2020.05.12-09.06.29:279][  0]LogAssetRegistry: FAssetRegistry took 0.0026 seconds to start up
[2020.05.12-09.06.29:929][  0]LogInit: Selected Device Profile: [Windows]
[2020.05.12-09.06.33:928][  0]LogMeshReduction: Using QuadricMeshReduction for automatic static mesh reduction
[2020.05.12-09.06.33:928][  0]LogMeshReduction: Using SimplygonMeshReduction for automatic skeletal mesh reduction
[2020.05.12-09.06.33:928][  0]LogMeshReduction: Using ProxyLODMeshReduction for automatic mesh merging
[2020.05.12-09.06.33:928][  0]LogMeshReduction: No distributed automatic mesh merging module available
[2020.05.12-09.06.33:928][  0]LogMeshMerging: No distributed automatic mesh merging module available
[2020.05.12-09.06.34:249][  0]LogNetVersion: NonDiegetic 1.0.0, NetCL: 8386587, EngineNetVer: 11, GameNetVer: 0 (Checksum: 3463998418)
[2020.05.12-09.06.40:473][  0]LogPackageLocalizationCache: Processed 12 localized package path(s) for 1 prioritized culture(s) in 1.911770 seconds
[2020.05.12-09.06.40:480][  0]LogUObjectArray: 43444 objects as part of root set at end of initial load.
[2020.05.12-09.06.40:480][  0]LogUObjectAllocator: 7548648 out of 0 bytes used by permanent object pool.
[2020.05.12-09.06.40:480][  0]LogUObjectArray: CloseDisregardForGC: 0/0 objects in disregard for GC pool
[2020.05.12-09.07.00:572][  0]LogTcpMessaging: Initializing TcpMessaging bridge
[2020.05.12-09.07.00:650][  0]LogUdpMessaging: Initializing bridge on interface 0.0.0.0:0 to multicast group 230.0.0.1:6666.
[2020.05.12-09.07.01:996][  0]SourceControl: Source control is disabled
[2020.05.12-09.07.01:996][  0]SourceControl: Source control is disabled
[2020.05.12-09.07.02:337][  0]SourceControl: Source control is disabled
[2020.05.12-09.07.02:434][  0]SourceControl: Source control is disabled
[2020.05.12-09.07.05:369][  0]LogAndroidPermission: UAndroidPermissionCallbackProxy::GetInstance
[2020.05.12-09.07.07:030][  0]LogOcInput: OculusInput pre-init called
[2020.05.12-09.07.07:181][  0]LogWindows: Failed to load 'OVRPlugin.dll' (GetLastError=126)
[2020.05.12-09.07.07:181][  0]LogWindows: File 'OVRPlugin.dll' does not exist
[2020.05.12-09.07.07:835][  0]LogEngine: Initializing Engine...
[2020.05.12-09.07.07:836][  0]LogHMD: Failed to initialize OpenVR with code 110
[2020.05.12-09.07.07:837][  0]LogStats: UGameplayTagsManager::InitializeManager -  0.000 s
[2020.05.12-09.07.08:529][  0]LogInit: Initializing FReadOnlyCVARCache
[2020.05.12-09.07.08:659][  0]LogAIModule: Creating AISystem for world Untitled
[2020.05.12-09.07.08:713][  0]LogInit: XAudio2 using 'Headphones (Arctis 5 Game)' : 2 channels at 48 kHz using 16 bits per sample (channel mask 0x3)
[2020.05.12-09.07.08:803][  0]LogInit: FAudioDevice initialized.
[2020.05.12-09.07.08:803][  0]LogNetVersion: Set ProjectVersion to 1.0.0.0. Version Checksum will be recalculated on next use.
[2020.05.12-09.07.08:995][  0]LogDerivedDataCache: Saved boot cache 0.19s 73MB C:/Users/Nathan.Nathan-PC/AppData/Local/UnrealEngine/4.23/DerivedDataCache/Boot.ddc.
[2020.05.12-09.07.08:996][  0]LogInit: Texture streaming: Enabled
[2020.05.12-09.07.09:261][  0]LogEngineSessionManager: EngineSessionManager initialized
[2020.05.12-09.07.09:261][  0]LogEngineSessionManager: EngineSessionManager sent abnormal shutdown report. Type=AbnormalShutdown, SessionId={80A67634-45B9-57D8-4589-5692D45CE86E}
[2020.05.12-09.07.09:261][  0]LogEditorSessionSummary: Verbose: Initializing EditorSessionSummaryWriter for editor session tracking
[2020.05.12-09.07.09:268][  0]LogEditorSessionSummary: EditorSessionSummaryWriter initialized
[2020.05.12-09.07.10:084][  0]LogInit: Transaction tracking system initialized
[2020.05.12-09.07.10:667][  0]BlueprintLog: New page: Editor Load
[2020.05.12-09.07.12:296][  0]LocalizationService: Localization service is disabled
[2020.05.12-09.07.16:045][  0]LogCook: Display: Max memory allowance for cook 16384mb min free memory 0mb
[2020.05.12-09.07.16:045][  0]LogCook: Display: Mobile HDR setting 1
[2020.05.12-09.07.16:775][  0]LogFileCache: Scanning file cache for directory 'E:/Uni Stuff/Final Year Project/Games and Game Design Doc/GameSegments/Non-diegetic game segment/NonDiegetic/Content/' took 0.07s
[2020.05.12-09.07.25:261][  0]SourceControl: Source control is disabled
[2020.05.12-09.07.25:356][  0]LightingResults: New page: Lighting Build
[2020.05.12-09.07.25:372][  0]LogWorld: UWorld::CleanupWorld for Untitled, bSessionEnded=true, bCleanupResources=true
[2020.05.12-09.07.25:373][  0]MapCheck: New page: Map Check
[2020.05.12-09.07.25:373][  0]LightingResults: New page: Lighting Build
[2020.05.12-09.07.25:422][  0]LogUObjectHash: Compacting FUObjectHashTables data took   1.90ms
[2020.05.12-09.07.37:872][  0]LogAIModule: Creating AISystem for world ThirdPersonExampleMap
[2020.05.12-09.07.37:992][  0]LogEditorServer: Finished looking for orphan Actors (0.000 secs)
[2020.05.12-09.07.38:033][  0]LogUObjectHash: Compacting FUObjectHashTables data took   2.97ms
[2020.05.12-09.07.38:033][  0]Cmd: MAP CHECKDEP NOCLEARLOG
[2020.05.12-09.07.38:033][  0]MapCheck: Map check complete: 0 Error(s), 0 Warning(s), took 0.132ms to complete.
[2020.05.12-09.07.38:033][  0]LogFileHelpers: Loading map 'ThirdPersonExampleMap' took 12.772
[2020.05.12-09.07.38:614][  0]LogSlate: Updating window title bar state: overlay mode, drag disabled, window buttons hidden, title bar hidden
[2020.05.12-09.07.38:632][  0]LogSlate: Updating window title bar state: overlay mode, drag disabled, window buttons hidden, title bar hidden
[2020.05.12-09.07.38:649][  0]LogSlate: Updating window title bar state: overlay mode, drag disabled, window buttons hidden, title bar hidden
[2020.05.12-09.07.38:666][  0]LogSlate: Updating window title bar state: overlay mode, drag disabled, window buttons hidden, title bar hidden
[2020.05.12-09.07.38:774][  0]LogCollectionManager: Loaded 0 collections in 0.003280 seconds
[2020.05.12-09.07.38:782][  0]LogFileCache: Scanning file cache for directory 'E:/Uni Stuff/Final Year Project/Games and Game Design Doc/GameSegments/Non-diegetic game segment/NonDiegetic/Saved/Collections/' took 0.00s
[2020.05.12-09.07.38:782][  0]LogFileCache: Scanning file cache for directory 'E:/Uni Stuff/Final Year Project/Games and Game Design Doc/GameSegments/Non-diegetic game segment/NonDiegetic/Content/Developers/Nathan/Collections/' took 0.00s
[2020.05.12-09.07.38:782][  0]LogFileCache: Scanning file cache for directory 'E:/Uni Stuff/Final Year Project/Games and Game Design Doc/GameSegments/Non-diegetic game segment/NonDiegetic/Content/Collections/' took 0.00s
[2020.05.12-09.07.38:782][  0]LogCollectionManager: Rebuilt the GUID cache for 0 collections in 0.000001 seconds
[2020.05.12-09.07.38:791][  0]LogContentBrowser: Native class hierarchy populated in 0.0086 seconds. Added 2863 classes and 680 folders.
[2020.05.12-09.07.38:801][  0]LogContentBrowser: Native class hierarchy updated for 'WidgetCarousel' in 0.0003 seconds. Added 0 classes and 0 folders.
[2020.05.12-09.07.39:698][  0]LogContentBrowser: Native class hierarchy updated for 'AddContentDialog' in 0.0007 seconds. Added 0 classes and 0 folders.
[2020.05.12-09.07.39:932][  0]LogContentBrowser: Native class hierarchy updated for 'SceneOutliner' in 0.0004 seconds. Added 1 classes and 2 folders.
[2020.05.12-09.07.40:115][  0]LogSlate: Took 0.035515 seconds to synchronously load lazily loaded font '../../../Engine/Content/Slate/Fonts/Roboto-Regular.ttf' (155K)
[2020.05.12-09.07.40:148][  0]LogSlate: Took 0.031560 seconds to synchronously load lazily loaded font '../../../Engine/Content/Slate/Fonts/Roboto-Bold.ttf' (160K)
[2020.05.12-09.07.40:164][  0]LogSlate: Took 0.011187 seconds to synchronously load lazily loaded font '../../../Engine/Content/Editor/Slate/Fonts/FontAwesome.ttf' (139K)
[2020.05.12-09.07.40:486][  0]LogRenderer: Reallocating scene render targets to support 256x256 Format 10 NumSamples 1 (Frame:1).
[2020.05.12-09.07.40:513][  0]LogRenderer: Reallocating scene render targets to support 1208x572 Format 10 NumSamples 1 (Frame:1).
[2020.05.12-09.07.40:761][  0]LogContentBrowser: Native class hierarchy updated for 'HierarchicalLODOutliner' in 0.0002 seconds. Added 0 classes and 0 folders.
[2020.05.12-09.07.40:762][  0]LogLoad: (Engine Initialization) Total time: 109.90 seconds
[2020.05.12-09.07.40:762][  0]LogLoad: (Engine Initialization) Total Blueprint compile time: 0.00 seconds
[2020.05.12-09.07.40:954][  0]LogContentStreaming: Texture pool size now 1000 MB
[2020.05.12-09.07.41:028][  0]LogSlate: Took 0.016491 seconds to synchronously load lazily loaded font '../../../Engine/Content/Slate/Fonts/Roboto-Light.ttf' (167K)
[2020.05.12-09.07.41:958][ 11]LogSlate: Took 0.000178 seconds to synchronously load lazily loaded font '../../../Engine/Content/Slate/Fonts/Roboto-Light.ttf' (167K)
[2020.05.12-09.07.42:663][ 21]LogAssetRegistry: Asset discovery search completed in 73.3838 seconds
[2020.05.12-09.07.42:667][ 21]LogCollectionManager: Rebuilt the object cache for 0 collections in 0.000007 seconds (found 0 objects)
[2020.05.12-09.07.42:667][ 21]LogCollectionManager: Fixed up redirectors for 0 collections in 0.000055 seconds (updated 0 objects)
[2020.05.12-09.07.52:602][193]LogSlate: FSceneViewport::OnFocusLost() reason 0
[2020.05.12-09.08.01:031][885]LogSlate: FSceneViewport::OnFocusLost() reason 0
[2020.05.12-09.08.22:549][650]LogAssetEditorManager: Opening Asset editor for WidgetBlueprint /Game/UI/GameOverUI.GameOverUI
[2020.05.12-09.08.23:344][650]LogContentBrowser: Native class hierarchy updated for 'BlueprintGraph' in 0.0018 seconds. Added 121 classes and 0 folders.
[2020.05.12-09.08.25:431][650]LogSlate: Took 0.032326 seconds to synchronously load lazily loaded font '../../../Engine/Content/Slate/Fonts/Roboto-BoldCondensed.ttf' (158K)
[2020.05.12-09.08.25:499][650]PIE: Error: SetInputMode_UIOnly expects a valid player controller as 'PlayerController' target
[2020.05.12-09.08.25:499][650]LogScript: Warning: Accessed None trying to read property CallFunc_GetPlayerController_ReturnValue
	GameOverUI_C /Engine/Transient.World_5:GameOverUI_C_1
	Function /Game/UI/GameOverUI.GameOverUI_C:ExecuteUbergraph_GameOverUI:00FE
[2020.05.12-09.08.28:184][871]LogSlate: Window 'GameOverUI' being destroyed
[2020.05.12-09.08.28:189][871]LogSlate: Window 'GameOverUI' being destroyed
[2020.05.12-09.08.28:192][871]LogWorld: UWorld::CleanupWorld for World_5, bSessionEnded=true, bCleanupResources=true
[2020.05.12-09.08.28:198][871]LogWorld: UWorld::CleanupWorld for World_4, bSessionEnded=true, bCleanupResources=true
[2020.05.12-09.08.40:777][674]LogEditorSessionSummary: EditorSessionSummary sent report. Type=AbnormalShutdown, SessionId={80A67634-45B9-57D8-4589-5692D45CE86E}
[2020.05.12-09.08.42:343][807]LogAssetEditorManager: Opening Asset editor for WidgetBlueprint /Game/UI/GameOverUI.GameOverUI
[2020.05.12-09.08.42:857][807]PIE: Error: SetInputMode_UIOnly expects a valid player controller as 'PlayerController' target
[2020.05.12-09.08.42:857][807]LogScript: Warning: Accessed None trying to read property CallFunc_GetPlayerController_ReturnValue
	GameOverUI_C /Engine/Transient.World_7:GameOverUI_C_1
	Function /Game/UI/GameOverUI.GameOverUI_C:ExecuteUbergraph_GameOverUI:00FE
[2020.05.12-09.08.46:075][ 36]LogSlate: Took 0.026301 seconds to synchronously load lazily loaded font '../../../Engine/Content/Slate/Fonts/Roboto-Italic.ttf' (157K)
[2020.05.12-09.16.18:816][203]LogSelectionDetails: Warning: NavigateToFunctionSource:  Unable to find symbols for 'UGameplayStatics::OpenLevel' [Element not found.]
[2020.05.12-09.17.02:845][181]BlueprintLog: New page: Compile GameOverUI
[2020.05.12-09.17.03:811][181]LogUObjectHash: Compacting FUObjectHashTables data took   6.85ms
[2020.05.12-09.17.05:934][351]LogTemp: Repeating last play command: Selected Viewport
[2020.05.12-09.17.06:011][351]LogBlueprintUserMessages: Early PlayInEditor Detection: Level '/Game/ThirdPersonBP/Maps/ThirdPersonExampleMap.ThirdPersonExampleMap:PersistentLevel' has LevelScriptBlueprint '/Game/ThirdPersonBP/Maps/ThirdPersonExampleMap.ThirdPersonExampleMap:PersistentLevel.ThirdPersonExampleMap' with GeneratedClass '/Game/ThirdPersonBP/Maps/ThirdPersonExampleMap.ThirdPersonExampleMap_C' with ClassGeneratedBy '/Game/ThirdPersonBP/Maps/ThirdPersonExampleMap.ThirdPersonExampleMap:PersistentLevel.ThirdPersonExampleMap'
[2020.05.12-09.17.06:076][351]LogPlayLevel: PlayLevel: No blueprints needed recompiling
[2020.05.12-09.17.06:222][351]PIE: New page: PIE session: ThirdPersonExampleMap (12 May 2020 11:17:06)
[2020.05.12-09.17.06:307][351]LogOnline: OSS: Creating online subsystem instance for: NULL
[2020.05.12-09.17.06:343][351]LogPlayLevel: Creating play world package: /Game/ThirdPersonBP/Maps/UEDPIE_0_ThirdPersonExampleMap
[2020.05.12-09.17.06:742][351]LogPlayLevel: PIE: StaticDuplicateObject took: (0.398315s)
[2020.05.12-09.17.06:766][351]LogAIModule: Creating AISystem for world ThirdPersonExampleMap
[2020.05.12-09.17.06:779][351]LogPlayLevel: PIE: World Init took: (0.036901s)
[2020.05.12-09.17.06:786][351]LogPlayLevel: PIE: Created PIE world by copying editor world from /Game/ThirdPersonBP/Maps/ThirdPersonExampleMap.ThirdPersonExampleMap to /Game/ThirdPersonBP/Maps/UEDPIE_0_ThirdPersonExampleMap.ThirdPersonExampleMap (0.442730s)
[2020.05.12-09.17.06:890][351]LogUObjectHash: Compacting FUObjectHashTables data took   5.41ms
[2020.05.12-09.17.07:015][351]LogInit: XAudio2 using 'Headphones (Arctis 5 Game)' : 2 channels at 48 kHz using 16 bits per sample (channel mask 0x3)
[2020.05.12-09.17.07:057][351]LogInit: FAudioDevice initialized.
[2020.05.12-09.17.07:139][351]LogLoad: Game class is 'ThirdPersonGameMode_C'
[2020.05.12-09.17.07:202][351]LogWorld: Bringing World /Game/ThirdPersonBP/Maps/UEDPIE_0_ThirdPersonExampleMap.ThirdPersonExampleMap up for play (max tick rate 0) at 2020.05.12-10.17.07
[2020.05.12-09.17.07:440][351]LogWorld: Bringing up level for play took: 0.300314
[2020.05.12-09.17.07:466][351]LogOnline: OSS: Creating online subsystem instance for: :Context_9
[2020.05.12-09.17.07:569][351]LogContentBrowser: Native class hierarchy updated for 'MovieSceneCapture' in 0.0005 seconds. Added 20 classes and 0 folders.
[2020.05.12-09.17.07:757][351]PIE: Play in editor start time for /Game/ThirdPersonBP/Maps/UEDPIE_0_ThirdPersonExampleMap 2.306
[2020.05.12-09.17.07:757][351]LogBlueprintUserMessages: Late PlayInEditor Detection: Level '/Game/ThirdPersonBP/Maps/ThirdPersonExampleMap.ThirdPersonExampleMap:PersistentLevel' has LevelScriptBlueprint '/Game/ThirdPersonBP/Maps/ThirdPersonExampleMap.ThirdPersonExampleMap:PersistentLevel.ThirdPersonExampleMap' with GeneratedClass '/Game/ThirdPersonBP/Maps/ThirdPersonExampleMap.ThirdPersonExampleMap_C' with ClassGeneratedBy '/Game/ThirdPersonBP/Maps/ThirdPersonExampleMap.ThirdPersonExampleMap:PersistentLevel.ThirdPersonExampleMap'
[2020.05.12-09.17.13:093][728]LogScript: Warning: Accessed None trying to read property closestTarget
	Ability1_BP_C /Game/ThirdPersonBP/Maps/UEDPIE_0_ThirdPersonExampleMap.ThirdPersonExampleMap:PersistentLevel.Ability1_BP_C_0
	Function /Game/ThirdPersonBP/Blueprints/Abilities/Ability1_BP.Ability1_BP_C:FindTarget:01EF
[2020.05.12-09.17.13:103][728]PIE: Error: Blueprint Runtime Error: "Accessed None trying to read property closestTarget". Blueprint:  Ability1_BP Function:  Find Target Graph:  FindTarget Node:  Return Node
[2020.05.12-09.17.52:356][484]LogPlayerController: Error: InputMode:UIOnly - Attempting to focus Non-Focusable widget SObjectWidget [Widget.cpp(723)]!
[2020.05.12-09.18.17:224][355]LogSlate: FSceneViewport::OnFocusLost() reason 0
[2020.05.12-09.18.17:344][363]LogNet: Browse: /Game/ThirdPersonBP/Maps/ThirdPersonExampleMap
[2020.05.12-09.18.17:377][363]LogLoad: LoadMap: /Game/ThirdPersonBP/Maps/ThirdPersonExampleMap
[2020.05.12-09.18.17:377][363]LogWorld: BeginTearingDown for /Game/ThirdPersonBP/Maps/UEDPIE_0_ThirdPersonExampleMap
[2020.05.12-09.18.17:403][363]LogWorld: UWorld::CleanupWorld for ThirdPersonExampleMap, bSessionEnded=true, bCleanupResources=true
[2020.05.12-09.18.17:577][363]LogUObjectHash: Compacting FUObjectHashTables data took   6.78ms
[2020.05.12-09.18.17:639][363]LogPlayLevel: Creating play world package: /Game/ThirdPersonBP/Maps/UEDPIE_0_ThirdPersonExampleMap
[2020.05.12-09.18.17:670][363]LogPlayLevel: PIE: StaticDuplicateObject took: (0.031031s)
[2020.05.12-09.18.17:672][363]LogAIModule: Creating AISystem for world ThirdPersonExampleMap
[2020.05.12-09.18.17:676][363]LogPlayLevel: PIE: World Init took: (0.005497s)
[2020.05.12-09.18.17:676][363]LogPlayLevel: PIE: Created PIE world by copying editor world from /Game/ThirdPersonBP/Maps/ThirdPersonExampleMap.ThirdPersonExampleMap to /Game/ThirdPersonBP/Maps/UEDPIE_0_ThirdPersonExampleMap.ThirdPersonExampleMap (0.036864s)
[2020.05.12-09.18.17:676][363]LogLoad: Game class is 'ThirdPersonGameMode_C'
[2020.05.12-09.18.17:695][363]LogWorld: Bringing World /Game/ThirdPersonBP/Maps/UEDPIE_0_ThirdPersonExampleMap.ThirdPersonExampleMap up for play (max tick rate 0) at 2020.05.12-10.18.17
[2020.05.12-09.18.17:708][363]LogWorld: Bringing up level for play took: 0.030617
[2020.05.12-09.18.17:708][363]LogGameMode: FindPlayerStart: PATHS NOT DEFINED or NO PLAYERSTART with positive rating
[2020.05.12-09.18.17:735][363]LogLoad: Took 0.357911 seconds to LoadMap(/Game/ThirdPersonBP/Maps/UEDPIE_0_ThirdPersonExampleMap)
[2020.05.12-09.18.22:713][852]LogBlueprintUserMessages: Early EndPlayMap Detection: Level '/Game/ThirdPersonBP/Maps/ThirdPersonExampleMap.ThirdPersonExampleMap:PersistentLevel' has LevelScriptBlueprint '/Game/ThirdPersonBP/Maps/ThirdPersonExampleMap.ThirdPersonExampleMap:PersistentLevel.ThirdPersonExampleMap' with GeneratedClass '/Game/ThirdPersonBP/Maps/ThirdPersonExampleMap.ThirdPersonExampleMap_C' with ClassGeneratedBy '/Game/ThirdPersonBP/Maps/ThirdPersonExampleMap.ThirdPersonExampleMap:PersistentLevel.ThirdPersonExampleMap'
[2020.05.12-09.18.22:715][852]LogSlate: Updating window title bar state: overlay mode, drag disabled, window buttons hidden, title bar hidden
[2020.05.12-09.18.22:715][852]LogWorld: BeginTearingDown for /Game/ThirdPersonBP/Maps/UEDPIE_0_ThirdPersonExampleMap
[2020.05.12-09.18.22:717][852]LogWorld: UWorld::CleanupWorld for ThirdPersonExampleMap, bSessionEnded=true, bCleanupResources=true
[2020.05.12-09.18.22:759][852]LogPlayLevel: Display: Shutting down PIE online subsystems
[2020.05.12-09.18.22:761][852]LogBlueprintUserMessages: Late EndPlayMap Detection: Level '/Game/ThirdPersonBP/Maps/ThirdPersonExampleMap.ThirdPersonExampleMap:PersistentLevel' has LevelScriptBlueprint '/Game/ThirdPersonBP/Maps/ThirdPersonExampleMap.ThirdPersonExampleMap:PersistentLevel.ThirdPersonExampleMap' with GeneratedClass '/Game/ThirdPersonBP/Maps/ThirdPersonExampleMap.ThirdPersonExampleMap_C' with ClassGeneratedBy '/Game/ThirdPersonBP/Maps/ThirdPersonExampleMap.ThirdPersonExampleMap:PersistentLevel.ThirdPersonExampleMap'
[2020.05.12-09.18.22:897][852]LogSlate: Updating window title bar state: overlay mode, drag disabled, window buttons hidden, title bar hidden
[2020.05.12-09.18.22:908][852]LogUObjectHash: Compacting FUObjectHashTables data took   4.25ms
[2020.05.12-09.18.22:919][852]LogSlate: FSceneViewport::OnFocusLost() reason 5
[2020.05.12-09.18.22:988][853]LogPlayLevel: Display: Destroying online subsystem :Context_9
[2020.05.12-09.18.24:506][957]LogSlate: Window 'Message Log' being destroyed
[2020.05.12-09.18.24:526][957]LogSlate: Window 'Message Log' being destroyed
[2020.05.12-09.20.12:082][296]BlueprintLog: New page: Compile GameOverUI
[2020.05.12-09.20.12:145][296]LogUObjectHash: Compacting FUObjectHashTables data took   5.08ms
[2020.05.12-09.20.14:138][448]LogTemp: Repeating last play command: Selected Viewport
[2020.05.12-09.20.14:180][448]LogBlueprintUserMessages: Early PlayInEditor Detection: Level '/Game/ThirdPersonBP/Maps/ThirdPersonExampleMap.ThirdPersonExampleMap:PersistentLevel' has LevelScriptBlueprint '/Game/ThirdPersonBP/Maps/ThirdPersonExampleMap.ThirdPersonExampleMap:PersistentLevel.ThirdPersonExampleMap' with GeneratedClass '/Game/ThirdPersonBP/Maps/ThirdPersonExampleMap.ThirdPersonExampleMap_C' with ClassGeneratedBy '/Game/ThirdPersonBP/Maps/ThirdPersonExampleMap.ThirdPersonExampleMap:PersistentLevel.ThirdPersonExampleMap'
[2020.05.12-09.20.14:180][448]LogPlayLevel: PlayLevel: No blueprints needed recompiling
[2020.05.12-09.20.14:181][448]PIE: New page: PIE session: ThirdPersonExampleMap (12 May 2020 11:20:14)
[2020.05.12-09.20.14:181][448]LogPlayLevel: Creating play world package: /Game/ThirdPersonBP/Maps/UEDPIE_0_ThirdPersonExampleMap
[2020.05.12-09.20.14:210][448]LogPlayLevel: PIE: StaticDuplicateObject took: (0.029357s)
[2020.05.12-09.20.14:211][448]LogAIModule: Creating AISystem for world ThirdPersonExampleMap
[2020.05.12-09.20.14:211][448]LogPlayLevel: PIE: World Init took: (0.001298s)
[2020.05.12-09.20.14:212][448]LogPlayLevel: PIE: Created PIE world by copying editor world from /Game/ThirdPersonBP/Maps/ThirdPersonExampleMap.ThirdPersonExampleMap to /Game/ThirdPersonBP/Maps/UEDPIE_0_ThirdPersonExampleMap.ThirdPersonExampleMap (0.030846s)
[2020.05.12-09.20.14:259][448]LogUObjectHash: Compacting FUObjectHashTables data took   5.97ms
[2020.05.12-09.20.14:287][448]LogInit: XAudio2 using 'Headphones (Arctis 5 Game)' : 2 channels at 48 kHz using 16 bits per sample (channel mask 0x3)
[2020.05.12-09.20.14:336][448]LogInit: FAudioDevice initialized.
[2020.05.12-09.20.14:364][448]LogLoad: Game class is 'ThirdPersonGameMode_C'
[2020.05.12-09.20.14:383][448]LogWorld: Bringing World /Game/ThirdPersonBP/Maps/UEDPIE_0_ThirdPersonExampleMap.ThirdPersonExampleMap up for play (max tick rate 0) at 2020.05.12-10.20.14
[2020.05.12-09.20.14:390][448]LogWorld: Bringing up level for play took: 0.025059
[2020.05.12-09.20.14:390][448]LogOnline: OSS: Creating online subsystem instance for: :Context_10
[2020.05.12-09.20.14:409][448]PIE: Play in editor start time for /Game/ThirdPersonBP/Maps/UEDPIE_0_ThirdPersonExampleMap 0.958
[2020.05.12-09.20.14:409][448]LogBlueprintUserMessages: Late PlayInEditor Detection: Level '/Game/ThirdPersonBP/Maps/ThirdPersonExampleMap.ThirdPersonExampleMap:PersistentLevel' has LevelScriptBlueprint '/Game/ThirdPersonBP/Maps/ThirdPersonExampleMap.ThirdPersonExampleMap:PersistentLevel.ThirdPersonExampleMap' with GeneratedClass '/Game/ThirdPersonBP/Maps/ThirdPersonExampleMap.ThirdPersonExampleMap_C' with ClassGeneratedBy '/Game/ThirdPersonBP/Maps/ThirdPersonExampleMap.ThirdPersonExampleMap:PersistentLevel.ThirdPersonExampleMap'
[2020.05.12-09.20.20:924][102]LogCharacterMovement: ThirdPersonCharacter_167 is stuck and failed to move! Velocity: X=2.43 Y=-17.49 Z=0.00 Location: X=1385.57 Y=364.93 Z=228.43 Normal: X=1.00 Y=-0.00 Z=0.00 PenetrationDepth:21.049 Actor:Enemy_BP2_5 Component:CharacterMesh0 BoneName:LeftHand (0 other events since notify)
[2020.05.12-09.20.39:733][958]LogCharacterMovement: Enemy_BP2_5 is stuck and failed to move! Velocity: X=-7.54 Y=-19.42 Z=0.00 Location: X=1434.02 Y=169.13 Z=220.46 Normal: X=0.26 Y=-0.76 Z=-0.60 PenetrationDepth:8.075 Actor:Enemy_BP19_56 Component:CharacterMesh0 BoneName:Head (0 other events since notify)
[2020.05.12-09.20.40:201][  0]LogPlayerController: Error: InputMode:UIOnly - Attempting to focus Non-Focusable widget SObjectWidget [Widget.cpp(723)]!
[2020.05.12-09.20.41:655][165]LogSlate: FSceneViewport::OnFocusLost() reason 0
[2020.05.12-09.20.41:758][177]LogNet: Browse: /Game/ThirdPersonBP/Maps/ThirdPersonExampleMap
[2020.05.12-09.20.41:758][177]LogLoad: LoadMap: /Game/ThirdPersonBP/Maps/ThirdPersonExampleMap
[2020.05.12-09.20.41:758][177]LogWorld: BeginTearingDown for /Game/ThirdPersonBP/Maps/UEDPIE_0_ThirdPersonExampleMap
[2020.05.12-09.20.41:759][177]LogWorld: UWorld::CleanupWorld for ThirdPersonExampleMap, bSessionEnded=true, bCleanupResources=true
[2020.05.12-09.20.41:811][177]LogUObjectHash: Compacting FUObjectHashTables data took   4.17ms
[2020.05.12-09.20.41:812][177]LogPlayLevel: Creating play world package: /Game/ThirdPersonBP/Maps/UEDPIE_0_ThirdPersonExampleMap
[2020.05.12-09.20.41:840][177]LogPlayLevel: PIE: StaticDuplicateObject took: (0.028939s)
[2020.05.12-09.20.41:841][177]LogAIModule: Creating AISystem for world ThirdPersonExampleMap
[2020.05.12-09.20.41:841][177]LogPlayLevel: PIE: World Init took: (0.001269s)
[2020.05.12-09.20.41:841][177]LogPlayLevel: PIE: Created PIE world by copying editor world from /Game/ThirdPersonBP/Maps/ThirdPersonExampleMap.ThirdPersonExampleMap to /Game/ThirdPersonBP/Maps/UEDPIE_0_ThirdPersonExampleMap.ThirdPersonExampleMap (0.030432s)
[2020.05.12-09.20.41:841][177]LogLoad: Game class is 'ThirdPersonGameMode_C'
[2020.05.12-09.20.41:857][177]LogWorld: Bringing World /Game/ThirdPersonBP/Maps/UEDPIE_0_ThirdPersonExampleMap.ThirdPersonExampleMap up for play (max tick rate 0) at 2020.05.12-10.20.41
[2020.05.12-09.20.41:866][177]LogWorld: Bringing up level for play took: 0.024066
[2020.05.12-09.20.41:866][177]LogGameMode: FindPlayerStart: PATHS NOT DEFINED or NO PLAYERSTART with positive rating
[2020.05.12-09.20.41:880][177]LogLoad: Took 0.122404 seconds to LoadMap(/Game/ThirdPersonBP/Maps/UEDPIE_0_ThirdPersonExampleMap)
[2020.05.12-09.20.46:274][589]LogBlueprintUserMessages: Early EndPlayMap Detection: Level '/Game/ThirdPersonBP/Maps/ThirdPersonExampleMap.ThirdPersonExampleMap:PersistentLevel' has LevelScriptBlueprint '/Game/ThirdPersonBP/Maps/ThirdPersonExampleMap.ThirdPersonExampleMap:PersistentLevel.ThirdPersonExampleMap' with GeneratedClass '/Game/ThirdPersonBP/Maps/ThirdPersonExampleMap.ThirdPersonExampleMap_C' with ClassGeneratedBy '/Game/ThirdPersonBP/Maps/ThirdPersonExampleMap.ThirdPersonExampleMap:PersistentLevel.ThirdPersonExampleMap'
[2020.05.12-09.20.46:275][589]LogSlate: Updating window title bar state: overlay mode, drag disabled, window buttons hidden, title bar hidden
[2020.05.12-09.20.46:275][589]LogWorld: BeginTearingDown for /Game/ThirdPersonBP/Maps/UEDPIE_0_ThirdPersonExampleMap
[2020.05.12-09.20.46:275][589]LogWorld: UWorld::CleanupWorld for ThirdPersonExampleMap, bSessionEnded=true, bCleanupResources=true
[2020.05.12-09.20.46:291][589]LogPlayLevel: Display: Shutting down PIE online subsystems
[2020.05.12-09.20.46:291][589]LogBlueprintUserMessages: Late EndPlayMap Detection: Level '/Game/ThirdPersonBP/Maps/ThirdPersonExampleMap.ThirdPersonExampleMap:PersistentLevel' has LevelScriptBlueprint '/Game/ThirdPersonBP/Maps/ThirdPersonExampleMap.ThirdPersonExampleMap:PersistentLevel.ThirdPersonExampleMap' with GeneratedClass '/Game/ThirdPersonBP/Maps/ThirdPersonExampleMap.ThirdPersonExampleMap_C' with ClassGeneratedBy '/Game/ThirdPersonBP/Maps/ThirdPersonExampleMap.ThirdPersonExampleMap:PersistentLevel.ThirdPersonExampleMap'
[2020.05.12-09.20.46:343][589]LogSlate: Updating window title bar state: overlay mode, drag disabled, window buttons hidden, title bar hidden
[2020.05.12-09.20.46:350][589]LogUObjectHash: Compacting FUObjectHashTables data took   4.11ms
[2020.05.12-09.20.46:372][590]LogPlayLevel: Display: Destroying online subsystem :Context_10
[2020.05.12-09.20.49:391][889]LogEditorViewport: Clicking on Actor (LMB): Enemy_BP_C (Enemy_BP2)
[2020.05.12-09.20.51:167][966]LogEditorViewport: Clicking on Actor (context menu): Enemy_BP_C (Enemy_BP2)
[2020.05.12-09.20.51:435][966]LogSlate: FSceneViewport::OnFocusLost() reason 5
[2020.05.12-09.20.53:005][ 75]LogSlate: FSceneViewport::OnFocusLost() reason 5
[2020.05.12-09.20.53:014][ 75]LogAssetEditorManager: Opening Asset editor for Blueprint /Game/Enemies/Enemy_BP.Enemy_BP
[2020.05.12-09.21.30:314][169]LogSlate: FSceneViewport::OnFocusLost() reason 0
[2020.05.12-09.21.30:409][176]LogTemp: Repeating last play command: Selected Viewport
[2020.05.12-09.21.30:454][176]LogBlueprintUserMessages: Early PlayInEditor Detection: Level '/Game/ThirdPersonBP/Maps/ThirdPersonExampleMap.ThirdPersonExampleMap:PersistentLevel' has LevelScriptBlueprint '/Game/ThirdPersonBP/Maps/ThirdPersonExampleMap.ThirdPersonExampleMap:PersistentLevel.ThirdPersonExampleMap' with GeneratedClass '/Game/ThirdPersonBP/Maps/ThirdPersonExampleMap.ThirdPersonExampleMap_C' with ClassGeneratedBy '/Game/ThirdPersonBP/Maps/ThirdPersonExampleMap.ThirdPersonExampleMap:PersistentLevel.ThirdPersonExampleMap'
[2020.05.12-09.21.30:454][176]LogPlayLevel: PlayLevel: No blueprints needed recompiling
[2020.05.12-09.21.30:454][176]PIE: New page: PIE session: ThirdPersonExampleMap (12 May 2020 11:21:30)
[2020.05.12-09.21.30:455][176]LogPlayLevel: Creating play world package: /Game/ThirdPersonBP/Maps/UEDPIE_0_ThirdPersonExampleMap
[2020.05.12-09.21.30:482][176]LogPlayLevel: PIE: StaticDuplicateObject took: (0.027051s)
[2020.05.12-09.21.30:483][176]LogAIModule: Creating AISystem for world ThirdPersonExampleMap
[2020.05.12-09.21.30:483][176]LogPlayLevel: PIE: World Init took: (0.001264s)
[2020.05.12-09.21.30:483][176]LogPlayLevel: PIE: Created PIE world by copying editor world from /Game/ThirdPersonBP/Maps/ThirdPersonExampleMap.ThirdPersonExampleMap to /Game/ThirdPersonBP/Maps/UEDPIE_0_ThirdPersonExampleMap.ThirdPersonExampleMap (0.028529s)
[2020.05.12-09.21.30:528][176]LogUObjectHash: Compacting FUObjectHashTables data took   4.48ms
[2020.05.12-09.21.30:580][176]LogInit: XAudio2 using 'Headphones (Arctis 5 Game)' : 2 channels at 48 kHz using 16 bits per sample (channel mask 0x3)
[2020.05.12-09.21.30:619][176]LogInit: FAudioDevice initialized.
[2020.05.12-09.21.30:632][176]LogLoad: Game class is 'ThirdPersonGameMode_C'
[2020.05.12-09.21.30:651][176]LogWorld: Bringing World /Game/ThirdPersonBP/Maps/UEDPIE_0_ThirdPersonExampleMap.ThirdPersonExampleMap up for play (max tick rate 0) at 2020.05.12-10.21.30
[2020.05.12-09.21.30:659][176]LogWorld: Bringing up level for play took: 0.025835
[2020.05.12-09.21.30:659][176]LogOnline: OSS: Creating online subsystem instance for: :Context_13
[2020.05.12-09.21.30:677][176]PIE: Play in editor start time for /Game/ThirdPersonBP/Maps/UEDPIE_0_ThirdPersonExampleMap 1.227
[2020.05.12-09.21.30:678][176]LogBlueprintUserMessages: Late PlayInEditor Detection: Level '/Game/ThirdPersonBP/Maps/ThirdPersonExampleMap.ThirdPersonExampleMap:PersistentLevel' has LevelScriptBlueprint '/Game/ThirdPersonBP/Maps/ThirdPersonExampleMap.ThirdPersonExampleMap:PersistentLevel.ThirdPersonExampleMap' with GeneratedClass '/Game/ThirdPersonBP/Maps/ThirdPersonExampleMap.ThirdPersonExampleMap_C' with ClassGeneratedBy '/Game/ThirdPersonBP/Maps/ThirdPersonExampleMap.ThirdPersonExampleMap:PersistentLevel.ThirdPersonExampleMap'
[2020.05.12-09.22.03:182][207]LogCharacterMovement: ThirdPersonCharacter_167 is stuck and failed to move! Velocity: X=22.44 Y=-1.33 Z=0.00 Location: X=780.20 Y=-783.08 Z=228.25 Normal: X=-0.45 Y=-0.89 Z=0.00 PenetrationDepth:6.616 Actor:Enemy_BP16_47 Component:CharacterMesh0 BoneName:RightHand (0 other events since notify)
[2020.05.12-09.22.03:621][243]LogCharacterMovement: Enemy_BP45 is stuck and failed to move! Velocity: X=22.57 Y=0.13 Z=0.00 Location: X=704.27 Y=-793.39 Z=220.37 Normal: X=-0.81 Y=0.59 Z=0.00 PenetrationDepth:24.124 Actor:Enemy_BP9_26 Component:CharacterMesh0 BoneName:RightHand (0 other events since notify)
[2020.05.12-09.22.15:955][250]LogCharacterMovement: Enemy_BP45 is stuck and failed to move! Velocity: X=8.28 Y=-299.89 Z=0.00 Location: X=3587.99 Y=-1351.51 Z=220.38 Normal: X=1.00 Y=0.00 Z=0.00 PenetrationDepth:1.159 Actor:Enemy_BP16_47 Component:CharacterMesh0 BoneName:RightHand (0 other events since notify)
[2020.05.12-09.22.43:885][146]LogCharacterMovement: Enemy_BP23_70 is stuck and failed to move! Velocity: X=-16.25 Y=-9.11 Z=0.00 Location: X=3307.38 Y=3110.98 Z=220.53 Normal: X=-0.57 Y=0.82 Z=0.00 PenetrationDepth:2.715 Actor:Enemy_BP50_147 Component:CharacterMesh0 BoneName:LeftArm (0 other events since notify)
[2020.05.12-09.22.46:642][439]LogCharacterMovement: Enemy_BP50_147 is stuck and failed to move! Velocity: X=-234.06 Y=187.66 Z=0.00 Location: X=2871.46 Y=2824.10 Z=220.54 Normal: X=0.20 Y=-0.98 Z=0.00 PenetrationDepth:0.063 Actor:Enemy_BP23_70 Component:CharacterMesh0 BoneName:RightArm (0 other events since notify)
[2020.05.12-09.22.51:911][970]LogBlueprintUserMessages: Early EndPlayMap Detection: Level '/Game/ThirdPersonBP/Maps/ThirdPersonExampleMap.ThirdPersonExampleMap:PersistentLevel' has LevelScriptBlueprint '/Game/ThirdPersonBP/Maps/ThirdPersonExampleMap.ThirdPersonExampleMap:PersistentLevel.ThirdPersonExampleMap' with GeneratedClass '/Game/ThirdPersonBP/Maps/ThirdPersonExampleMap.ThirdPersonExampleMap_C' with ClassGeneratedBy '/Game/ThirdPersonBP/Maps/ThirdPersonExampleMap.ThirdPersonExampleMap:PersistentLevel.ThirdPersonExampleMap'
[2020.05.12-09.22.51:911][970]LogSlate: Updating window title bar state: overlay mode, drag disabled, window buttons hidden, title bar hidden
[2020.05.12-09.22.51:911][970]LogWorld: BeginTearingDown for /Game/ThirdPersonBP/Maps/UEDPIE_0_ThirdPersonExampleMap
[2020.05.12-09.22.51:912][970]LogWorld: UWorld::CleanupWorld for ThirdPersonExampleMap, bSessionEnded=true, bCleanupResources=true
[2020.05.12-09.22.51:950][970]LogPlayLevel: Display: Shutting down PIE online subsystems
[2020.05.12-09.22.51:950][970]LogBlueprintUserMessages: Late EndPlayMap Detection: Level '/Game/ThirdPersonBP/Maps/ThirdPersonExampleMap.ThirdPersonExampleMap:PersistentLevel' has LevelScriptBlueprint '/Game/ThirdPersonBP/Maps/ThirdPersonExampleMap.ThirdPersonExampleMap:PersistentLevel.ThirdPersonExampleMap' with GeneratedClass '/Game/ThirdPersonBP/Maps/ThirdPersonExampleMap.ThirdPersonExampleMap_C' with ClassGeneratedBy '/Game/ThirdPersonBP/Maps/ThirdPersonExampleMap.ThirdPersonExampleMap:PersistentLevel.ThirdPersonExampleMap'
[2020.05.12-09.22.52:006][970]LogSlate: Updating window title bar state: overlay mode, drag disabled, window buttons hidden, title bar hidden
[2020.05.12-09.22.52:013][970]LogUObjectHash: Compacting FUObjectHashTables data took   4.62ms
[2020.05.12-09.22.52:036][971]LogPlayLevel: Display: Destroying online subsystem :Context_13
[2020.05.12-09.23.11:873][980]LogEditorViewport: Clicking on Actor (LMB): ThirdPersonCharacter_C (ThirdPersonCharacter)
[2020.05.12-09.23.15:697][229]LogEditorViewport: Clicking on Actor (LMB): BP_Sky_Sphere_C (SkySphereBlueprint)
[2020.05.12-09.23.16:963][331]LogEditorViewport: Clicking on Actor (LMB): ThirdPersonCharacter_C (ThirdPersonCharacter)
[2020.05.12-09.23.20:286][519]LogSlate: FSceneViewport::OnFocusLost() reason 0
[2020.05.12-09.23.46:441][154]LogTemp: Repeating last play command: Selected Viewport
[2020.05.12-09.23.46:486][154]LogBlueprintUserMessages: Early PlayInEditor Detection: Level '/Game/ThirdPersonBP/Maps/ThirdPersonExampleMap.ThirdPersonExampleMap:PersistentLevel' has LevelScriptBlueprint '/Game/ThirdPersonBP/Maps/ThirdPersonExampleMap.ThirdPersonExampleMap:PersistentLevel.ThirdPersonExampleMap' with GeneratedClass '/Game/ThirdPersonBP/Maps/ThirdPersonExampleMap.ThirdPersonExampleMap_C' with ClassGeneratedBy '/Game/ThirdPersonBP/Maps/ThirdPersonExampleMap.ThirdPersonExampleMap:PersistentLevel.ThirdPersonExampleMap'
[2020.05.12-09.23.46:487][154]LogPlayLevel: PlayLevel: No blueprints needed recompiling
[2020.05.12-09.23.46:487][154]PIE: New page: PIE session: ThirdPersonExampleMap (12 May 2020 11:23:46)
[2020.05.12-09.23.46:487][154]LogPlayLevel: Creating play world package: /Game/ThirdPersonBP/Maps/UEDPIE_0_ThirdPersonExampleMap
[2020.05.12-09.23.46:513][154]LogPlayLevel: PIE: StaticDuplicateObject took: (0.025507s)
[2020.05.12-09.23.46:514][154]LogAIModule: Creating AISystem for world ThirdPersonExampleMap
[2020.05.12-09.23.46:514][154]LogPlayLevel: PIE: World Init took: (0.001771s)
[2020.05.12-09.23.46:514][154]LogPlayLevel: PIE: Created PIE world by copying editor world from /Game/ThirdPersonBP/Maps/ThirdPersonExampleMap.ThirdPersonExampleMap to /Game/ThirdPersonBP/Maps/UEDPIE_0_ThirdPersonExampleMap.ThirdPersonExampleMap (0.027546s)
[2020.05.12-09.23.46:561][154]LogUObjectHash: Compacting FUObjectHashTables data took   4.19ms
[2020.05.12-09.23.46:590][154]LogInit: XAudio2 using 'Headphones (Arctis 5 Game)' : 2 channels at 48 kHz using 16 bits per sample (channel mask 0x3)
[2020.05.12-09.23.46:631][154]LogInit: FAudioDevice initialized.
[2020.05.12-09.23.46:638][154]LogLoad: Game class is 'ThirdPersonGameMode_C'
[2020.05.12-09.23.46:658][154]LogWorld: Bringing World /Game/ThirdPersonBP/Maps/UEDPIE_0_ThirdPersonExampleMap.ThirdPersonExampleMap up for play (max tick rate 0) at 2020.05.12-10.23.46
[2020.05.12-09.23.46:666][154]LogWorld: Bringing up level for play took: 0.027958
[2020.05.12-09.23.46:667][154]LogOnline: OSS: Creating online subsystem instance for: :Context_14
[2020.05.12-09.23.46:684][154]PIE: Play in editor start time for /Game/ThirdPersonBP/Maps/UEDPIE_0_ThirdPersonExampleMap -0.768
[2020.05.12-09.23.46:684][154]LogBlueprintUserMessages: Late PlayInEditor Detection: Level '/Game/ThirdPersonBP/Maps/ThirdPersonExampleMap.ThirdPersonExampleMap:PersistentLevel' has LevelScriptBlueprint '/Game/ThirdPersonBP/Maps/ThirdPersonExampleMap.ThirdPersonExampleMap:PersistentLevel.ThirdPersonExampleMap' with GeneratedClass '/Game/ThirdPersonBP/Maps/ThirdPersonExampleMap.ThirdPersonExampleMap_C' with ClassGeneratedBy '/Game/ThirdPersonBP/Maps/ThirdPersonExampleMap.ThirdPersonExampleMap:PersistentLevel.ThirdPersonExampleMap'
[2020.05.12-09.24.02:870][694]LogCharacterMovement: Enemy_BP32_97 is stuck and failed to move! Velocity: X=-59.77 Y=189.12 Z=0.00 Location: X=-4261.14 Y=-1652.22 Z=218.33 Normal: X=0.84 Y=-0.22 Z=-0.49 PenetrationDepth:2.770 Actor:Enemy_BP50_147 Component:CharacterMesh0 BoneName:Head (0 other events since notify)
[2020.05.12-09.24.08:036][177]LogBlueprintUserMessages: Early EndPlayMap Detection: Level '/Game/ThirdPersonBP/Maps/ThirdPersonExampleMap.ThirdPersonExampleMap:PersistentLevel' has LevelScriptBlueprint '/Game/ThirdPersonBP/Maps/ThirdPersonExampleMap.ThirdPersonExampleMap:PersistentLevel.ThirdPersonExampleMap' with GeneratedClass '/Game/ThirdPersonBP/Maps/ThirdPersonExampleMap.ThirdPersonExampleMap_C' with ClassGeneratedBy '/Game/ThirdPersonBP/Maps/ThirdPersonExampleMap.ThirdPersonExampleMap:PersistentLevel.ThirdPersonExampleMap'
[2020.05.12-09.24.08:037][177]LogSlate: Updating window title bar state: overlay mode, drag disabled, window buttons hidden, title bar hidden
[2020.05.12-09.24.08:037][177]LogWorld: BeginTearingDown for /Game/ThirdPersonBP/Maps/UEDPIE_0_ThirdPersonExampleMap
[2020.05.12-09.24.08:038][177]LogWorld: UWorld::CleanupWorld for ThirdPersonExampleMap, bSessionEnded=true, bCleanupResources=true
[2020.05.12-09.24.08:054][177]LogPlayLevel: Display: Shutting down PIE online subsystems
[2020.05.12-09.24.08:054][177]LogBlueprintUserMessages: Late EndPlayMap Detection: Level '/Game/ThirdPersonBP/Maps/ThirdPersonExampleMap.ThirdPersonExampleMap:PersistentLevel' has LevelScriptBlueprint '/Game/ThirdPersonBP/Maps/ThirdPersonExampleMap.ThirdPersonExampleMap:PersistentLevel.ThirdPersonExampleMap' with GeneratedClass '/Game/ThirdPersonBP/Maps/ThirdPersonExampleMap.ThirdPersonExampleMap_C' with ClassGeneratedBy '/Game/ThirdPersonBP/Maps/ThirdPersonExampleMap.ThirdPersonExampleMap:PersistentLevel.ThirdPersonExampleMap'
[2020.05.12-09.24.08:111][177]LogSlate: Updating window title bar state: overlay mode, drag disabled, window buttons hidden, title bar hidden
[2020.05.12-09.24.08:121][177]LogUObjectHash: Compacting FUObjectHashTables data took   4.49ms
[2020.05.12-09.24.08:141][178]LogPlayLevel: Display: Destroying online subsystem :Context_14
[2020.05.12-09.24.23:244][464]LogSlate: FSceneViewport::OnFocusLost() reason 0
[2020.05.12-09.24.23:325][471]LogTemp: Repeating last play command: Selected Viewport
[2020.05.12-09.24.23:371][471]LogBlueprintUserMessages: Early PlayInEditor Detection: Level '/Game/ThirdPersonBP/Maps/ThirdPersonExampleMap.ThirdPersonExampleMap:PersistentLevel' has LevelScriptBlueprint '/Game/ThirdPersonBP/Maps/ThirdPersonExampleMap.ThirdPersonExampleMap:PersistentLevel.ThirdPersonExampleMap' with GeneratedClass '/Game/ThirdPersonBP/Maps/ThirdPersonExampleMap.ThirdPersonExampleMap_C' with ClassGeneratedBy '/Game/ThirdPersonBP/Maps/ThirdPersonExampleMap.ThirdPersonExampleMap:PersistentLevel.ThirdPersonExampleMap'
[2020.05.12-09.24.23:371][471]LogPlayLevel: PlayLevel: No blueprints needed recompiling
[2020.05.12-09.24.23:371][471]PIE: New page: PIE session: ThirdPersonExampleMap (12 May 2020 11:24:23)
[2020.05.12-09.24.23:371][471]LogPlayLevel: Creating play world package: /Game/ThirdPersonBP/Maps/UEDPIE_0_ThirdPersonExampleMap
[2020.05.12-09.24.23:400][471]LogPlayLevel: PIE: StaticDuplicateObject took: (0.028270s)
[2020.05.12-09.24.23:401][471]LogAIModule: Creating AISystem for world ThirdPersonExampleMap
[2020.05.12-09.24.23:401][471]LogPlayLevel: PIE: World Init took: (0.001311s)
[2020.05.12-09.24.23:401][471]LogPlayLevel: PIE: Created PIE world by copying editor world from /Game/ThirdPersonBP/Maps/ThirdPersonExampleMap.ThirdPersonExampleMap to /Game/ThirdPersonBP/Maps/UEDPIE_0_ThirdPersonExampleMap.ThirdPersonExampleMap (0.029746s)
[2020.05.12-09.24.23:441][471]LogUObjectHash: Compacting FUObjectHashTables data took   4.26ms
[2020.05.12-09.24.23:464][471]LogInit: XAudio2 using 'Headphones (Arctis 5 Game)' : 2 channels at 48 kHz using 16 bits per sample (channel mask 0x3)
[2020.05.12-09.24.23:502][471]LogInit: FAudioDevice initialized.
[2020.05.12-09.24.23:507][471]LogLoad: Game class is 'ThirdPersonGameMode_C'
[2020.05.12-09.24.23:524][471]LogWorld: Bringing World /Game/ThirdPersonBP/Maps/UEDPIE_0_ThirdPersonExampleMap.ThirdPersonExampleMap up for play (max tick rate 0) at 2020.05.12-10.24.23
[2020.05.12-09.24.23:532][471]LogWorld: Bringing up level for play took: 0.023984
[2020.05.12-09.24.23:532][471]LogOnline: OSS: Creating online subsystem instance for: :Context_15
[2020.05.12-09.24.23:546][471]PIE: Play in editor start time for /Game/ThirdPersonBP/Maps/UEDPIE_0_ThirdPersonExampleMap 0.095
[2020.05.12-09.24.23:546][471]LogBlueprintUserMessages: Late PlayInEditor Detection: Level '/Game/ThirdPersonBP/Maps/ThirdPersonExampleMap.ThirdPersonExampleMap:PersistentLevel' has LevelScriptBlueprint '/Game/ThirdPersonBP/Maps/ThirdPersonExampleMap.ThirdPersonExampleMap:PersistentLevel.ThirdPersonExampleMap' with GeneratedClass '/Game/ThirdPersonBP/Maps/ThirdPersonExampleMap.ThirdPersonExampleMap_C' with ClassGeneratedBy '/Game/ThirdPersonBP/Maps/ThirdPersonExampleMap.ThirdPersonExampleMap:PersistentLevel.ThirdPersonExampleMap'
[2020.05.12-09.24.37:339][810]LogCharacterMovement: Enemy_BP19_56 is stuck and failed to move! Velocity: X=-77.79 Y=-170.56 Z=0.00 Location: X=820.20 Y=421.29 Z=218.36 Normal: X=-0.87 Y=-0.39 Z=-0.30 PenetrationDepth:3.091 Actor:Enemy_BP16_47 Component:CharacterMesh0 BoneName:RightHand (0 other events since notify)
[2020.05.12-09.24.43:224][384]LogCharacterMovement: ThirdPersonCharacter_167 is stuck and failed to move! Velocity: X=14.80 Y=17.59 Z=0.00 Location: X=-1504.47 Y=-133.56 Z=228.38 Normal: X=-0.49 Y=0.87 Z=0.00 PenetrationDepth:4.455 Actor:Enemy_BP34_103 Component:CharacterMesh0 BoneName:LeftHand (0 other events since notify)
[2020.05.12-09.24.54:180][493]LogCharacterMovement: ThirdPersonCharacter_167 is stuck and failed to move! Velocity: X=-156.36 Y=227.88 Z=0.00 Location: X=-2869.08 Y=-170.27 Z=228.36 Normal: X=0.81 Y=0.58 Z=0.00 PenetrationDepth:1.786 Actor:Enemy_BP27_82 Component:CharacterMesh0 BoneName:RightHand (9 other events since notify)
[2020.05.12-09.24.55:703][638]LogCharacterMovement: Enemy_BP16_47 is stuck and failed to move! Velocity: X=-155.25 Y=14.85 Z=0.00 Location: X=-809.14 Y=1966.35 Z=220.55 Normal: X=0.96 Y=0.27 Z=0.00 PenetrationDepth:2.296 Actor:Enemy_BP53_156 Component:CharacterMesh0 BoneName:RightHand (0 other events since notify)
[2020.05.12-09.25.01:097][164]LogCharacterMovement: Enemy_BP34_103 is stuck and failed to move! Velocity: X=14.10 Y=-14.35 Z=0.00 Location: X=-2919.94 Y=-114.25 Z=220.37 Normal: X=0.89 Y=0.47 Z=0.00 PenetrationDepth:22.171 Actor:Enemy_BP52_153 Component:CharacterMesh0 BoneName:LeftHand (0 other events since notify)
[2020.05.12-09.25.02:303][284]LogPlayerController: Error: InputMode:UIOnly - Attempting to focus Non-Focusable widget SObjectWidget [Widget.cpp(723)]!
[2020.05.12-09.25.09:690][167]LogSlate: FSceneViewport::OnFocusLost() reason 0
[2020.05.12-09.25.09:874][189]LogNet: Browse: /Game/ThirdPersonBP/Maps/ThirdPersonExampleMap
[2020.05.12-09.25.09:874][189]LogLoad: LoadMap: /Game/ThirdPersonBP/Maps/ThirdPersonExampleMap
[2020.05.12-09.25.09:874][189]LogWorld: BeginTearingDown for /Game/ThirdPersonBP/Maps/UEDPIE_0_ThirdPersonExampleMap
[2020.05.12-09.25.09:875][189]LogWorld: UWorld::CleanupWorld for ThirdPersonExampleMap, bSessionEnded=true, bCleanupResources=true
[2020.05.12-09.25.09:928][189]LogUObjectHash: Compacting FUObjectHashTables data took   4.89ms
[2020.05.12-09.25.09:928][189]LogPlayLevel: Creating play world package: /Game/ThirdPersonBP/Maps/UEDPIE_0_ThirdPersonExampleMap
[2020.05.12-09.25.09:953][189]LogPlayLevel: PIE: StaticDuplicateObject took: (0.024885s)
[2020.05.12-09.25.09:954][189]LogAIModule: Creating AISystem for world ThirdPersonExampleMap
[2020.05.12-09.25.09:954][189]LogPlayLevel: PIE: World Init took: (0.001226s)
[2020.05.12-09.25.09:954][189]LogPlayLevel: PIE: Created PIE world by copying editor world from /Game/ThirdPersonBP/Maps/ThirdPersonExampleMap.ThirdPersonExampleMap to /Game/ThirdPersonBP/Maps/UEDPIE_0_ThirdPersonExampleMap.ThirdPersonExampleMap (0.026311s)
[2020.05.12-09.25.09:954][189]LogLoad: Game class is 'ThirdPersonGameMode_C'
[2020.05.12-09.25.09:970][189]LogWorld: Bringing World /Game/ThirdPersonBP/Maps/UEDPIE_0_ThirdPersonExampleMap.ThirdPersonExampleMap up for play (max tick rate 0) at 2020.05.12-10.25.09
[2020.05.12-09.25.09:977][189]LogWorld: Bringing up level for play took: 0.022377
[2020.05.12-09.25.09:978][189]LogGameMode: FindPlayerStart: PATHS NOT DEFINED or NO PLAYERSTART with positive rating
[2020.05.12-09.25.09:992][189]LogLoad: Took 0.117862 seconds to LoadMap(/Game/ThirdPersonBP/Maps/UEDPIE_0_ThirdPersonExampleMap)
[2020.05.12-09.25.40:002][175]LogPlayerController: Error: InputMode:UIOnly - Attempting to focus Non-Focusable widget SObjectWidget [Widget.cpp(723)]!
[2020.05.12-09.26.02:693][887]LogSlate: FSceneViewport::OnFocusLost() reason 0
[2020.05.12-09.26.02:761][895]LogNet: Browse: /Game/ThirdPersonBP/Maps/ThirdPersonExampleMap
[2020.05.12-09.26.02:761][895]LogLoad: LoadMap: /Game/ThirdPersonBP/Maps/ThirdPersonExampleMap
[2020.05.12-09.26.02:761][895]LogWorld: BeginTearingDown for /Game/ThirdPersonBP/Maps/UEDPIE_0_ThirdPersonExampleMap
[2020.05.12-09.26.02:763][895]LogWorld: UWorld::CleanupWorld for ThirdPersonExampleMap, bSessionEnded=true, bCleanupResources=true
[2020.05.12-09.26.02:813][895]LogUObjectHash: Compacting FUObjectHashTables data took   3.94ms
[2020.05.12-09.26.02:814][895]LogPlayLevel: Creating play world package: /Game/ThirdPersonBP/Maps/UEDPIE_0_ThirdPersonExampleMap
[2020.05.12-09.26.02:840][895]LogPlayLevel: PIE: StaticDuplicateObject took: (0.026320s)
[2020.05.12-09.26.02:841][895]LogAIModule: Creating AISystem for world ThirdPersonExampleMap
[2020.05.12-09.26.02:841][895]LogPlayLevel: PIE: World Init took: (0.001107s)
[2020.05.12-09.26.02:841][895]LogPlayLevel: PIE: Created PIE world by copying editor world from /Game/ThirdPersonBP/Maps/ThirdPersonExampleMap.ThirdPersonExampleMap to /Game/ThirdPersonBP/Maps/UEDPIE_0_ThirdPersonExampleMap.ThirdPersonExampleMap (0.027621s)
[2020.05.12-09.26.02:841][895]LogLoad: Game class is 'ThirdPersonGameMode_C'
[2020.05.12-09.26.02:858][895]LogWorld: Bringing World /Game/ThirdPersonBP/Maps/UEDPIE_0_ThirdPersonExampleMap.ThirdPersonExampleMap up for play (max tick rate 0) at 2020.05.12-10.26.02
[2020.05.12-09.26.02:867][895]LogWorld: Bringing up level for play took: 0.025040
[2020.05.12-09.26.02:868][895]LogGameMode: FindPlayerStart: PATHS NOT DEFINED or NO PLAYERSTART with positive rating
[2020.05.12-09.26.02:881][895]LogLoad: Took 0.119910 seconds to LoadMap(/Game/ThirdPersonBP/Maps/UEDPIE_0_ThirdPersonExampleMap)
[2020.05.12-09.26.05:653][163]LogBlueprintUserMessages: Early EndPlayMap Detection: Level '/Game/ThirdPersonBP/Maps/ThirdPersonExampleMap.ThirdPersonExampleMap:PersistentLevel' has LevelScriptBlueprint '/Game/ThirdPersonBP/Maps/ThirdPersonExampleMap.ThirdPersonExampleMap:PersistentLevel.ThirdPersonExampleMap' with GeneratedClass '/Game/ThirdPersonBP/Maps/ThirdPersonExampleMap.ThirdPersonExampleMap_C' with ClassGeneratedBy '/Game/ThirdPersonBP/Maps/ThirdPersonExampleMap.ThirdPersonExampleMap:PersistentLevel.ThirdPersonExampleMap'
[2020.05.12-09.26.05:654][163]LogSlate: Updating window title bar state: overlay mode, drag disabled, window buttons hidden, title bar hidden
[2020.05.12-09.26.05:654][163]LogWorld: BeginTearingDown for /Game/ThirdPersonBP/Maps/UEDPIE_0_ThirdPersonExampleMap
[2020.05.12-09.26.05:654][163]LogWorld: UWorld::CleanupWorld for ThirdPersonExampleMap, bSessionEnded=true, bCleanupResources=true
[2020.05.12-09.26.05:670][163]LogPlayLevel: Display: Shutting down PIE online subsystems
[2020.05.12-09.26.05:670][163]LogBlueprintUserMessages: Late EndPlayMap Detection: Level '/Game/ThirdPersonBP/Maps/ThirdPersonExampleMap.ThirdPersonExampleMap:PersistentLevel' has LevelScriptBlueprint '/Game/ThirdPersonBP/Maps/ThirdPersonExampleMap.ThirdPersonExampleMap:PersistentLevel.ThirdPersonExampleMap' with GeneratedClass '/Game/ThirdPersonBP/Maps/ThirdPersonExampleMap.ThirdPersonExampleMap_C' with ClassGeneratedBy '/Game/ThirdPersonBP/Maps/ThirdPersonExampleMap.ThirdPersonExampleMap:PersistentLevel.ThirdPersonExampleMap'
[2020.05.12-09.26.05:724][163]LogSlate: Updating window title bar state: overlay mode, drag disabled, window buttons hidden, title bar hidden
[2020.05.12-09.26.05:731][163]LogUObjectHash: Compacting FUObjectHashTables data took   4.66ms
[2020.05.12-09.26.05:754][164]LogPlayLevel: Display: Destroying online subsystem :Context_15
[2020.05.12-09.26.38:926][133]LogUObjectHash: Compacting FUObjectHashTables data took   1.25ms
[2020.05.12-09.26.38:926][133]LogFileHelpers: Editor autosave (incl. sublevels) for '/Game/ThirdPersonBP/Maps/ThirdPersonExampleMap' took 0.046
[2020.05.12-09.26.38:983][133]OBJ SavePackage: Generating thumbnails for [0] asset(s) in package [/Game/UI/GameOverUI] ([1] browsable assets)...
[2020.05.12-09.26.38:984][133]OBJ SavePackage: Finished generating thumbnails for package [/Game/UI/GameOverUI]
[2020.05.12-09.26.39:864][133]LogSavePackage: Moving '../../../../../Uni Stuff/Final Year Project/Games and Game Design Doc/GameSegments/Non-diegetic game segment/NonDiegetic/Saved/GameOverUI_Auto12757ED294FC255A3E55A519F931864F5.tmp' to '../../../../../Uni Stuff/Final Year Project/Games and Game Design Doc/GameSegments/Non-diegetic game segment/NonDiegetic/Saved/Autosaves/Game/UI/GameOverUI_Auto1.uasset'
[2020.05.12-09.26.39:918][133]LogFileHelpers: Auto-saving content packages took 0.991
[2020.05.12-09.35.17:161][674]LogEditorViewport: Clicking on Actor (context menu): ThirdPersonCharacter_C (ThirdPersonCharacter)
[2020.05.12-09.35.17:245][674]LogSlate: FSceneViewport::OnFocusLost() reason 5
[2020.05.12-09.35.18:705][757]LogSlate: FSceneViewport::OnFocusLost() reason 5
[2020.05.12-09.35.18:714][757]LogAssetEditorManager: Opening Asset editor for Blueprint /Game/ThirdPersonBP/Blueprints/ThirdPersonCharacter.ThirdPersonCharacter
[2020.05.12-09.35.44:685][189]LogSlate: Window 'ThirdPersonCharacter' being destroyed
[2020.05.12-09.35.44:700][189]LogSlate: Window 'ThirdPersonCharacter' being destroyed
[2020.05.12-09.35.44:733][189]LogWorld: UWorld::CleanupWorld for World_7, bSessionEnded=true, bCleanupResources=true
[2020.05.12-09.35.44:743][189]LogWorld: UWorld::CleanupWorld for World_6, bSessionEnded=true, bCleanupResources=true
[2020.05.12-09.35.44:892][189]LogWorld: UWorld::CleanupWorld for World_9, bSessionEnded=true, bCleanupResources=true
[2020.05.12-09.35.45:110][189]LogActorComponent: UnregisterComponent: (/Engine/Transient.EditorFloorComp) Not registered. Aborting.
[2020.05.12-09.35.45:111][189]LogWorld: UWorld::CleanupWorld for World_10, bSessionEnded=true, bCleanupResources=true
