Log file open, 05/13/20 14:26:05
LogWindows: Failed to load 'aqProf.dll' (GetLastError=126)
LogWindows: File 'aqProf.dll' does not exist
LogWindows: Failed to load 'VtuneApi.dll' (GetLastError=126)
LogWindows: File 'VtuneApi.dll' does not exist
LogWindows: Failed to load 'VtuneApi32e.dll' (GetLastError=126)
LogWindows: File 'VtuneApi32e.dll' does not exist
LogConsoleResponse: Display: Failed to find resolution value strings in scalability ini. Falling back to default.
LogInit: Display: Running engine for game: Diegetic
LogPlatformFile: Not using cached read wrapper
LogTaskGraph: Started task graph with 5 named threads and 14 total threads with 3 sets of task threads.
LogStats: Stats thread started at 0.566300
LogD3D11RHI: Loaded GFSDK_Aftermath_Lib.x64.dll
LogICUInternationalization: ICU TimeZone Detection - Raw Offset: +0:00, Platform Override: ''
LogPluginManager: Mounting plugin Paper2D
LogPluginManager: Mounting plugin AISupport
LogPluginManager: Mounting plugin LightPropagationVolume
LogPluginManager: Mounting plugin ActorLayerUtilities
LogPluginManager: Mounting plugin AnimationSharing
LogPluginManager: Mounting plugin CLionSourceCodeAccess
LogPluginManager: Mounting plugin CodeLiteSourceCodeAccess
LogPluginManager: Mounting plugin GitSourceControl
LogPluginManager: Mounting plugin KDevelopSourceCodeAccess
LogPluginManager: Mounting plugin NullSourceCodeAccess
LogPluginManager: Mounting plugin PerforceSourceControl
LogPluginManager: Mounting plugin SubversionSourceControl
LogPluginManager: Mounting plugin UObjectPlugin
LogPluginManager: Mounting plugin VisualStudioCodeSourceCodeAccess
LogPluginManager: Mounting plugin VisualStudioSourceCodeAccess
LogPluginManager: Mounting plugin XCodeSourceCodeAccess
LogPluginManager: Mounting plugin AssetManagerEditor
LogPluginManager: Mounting plugin CryptoKeys
LogPluginManager: Mounting plugin CurveEditorTools
LogPluginManager: Mounting plugin DataValidation
LogPluginManager: Mounting plugin FacialAnimation
LogPluginManager: Mounting plugin GameplayTagsEditor
LogPluginManager: Mounting plugin MacGraphicsSwitching
LogPluginManager: Mounting plugin MaterialAnalyzer
LogPluginManager: Mounting plugin MobileLauncherProfileWizard
LogPluginManager: Mounting plugin PluginBrowser
LogPluginManager: Mounting plugin SpeedTreeImporter
LogPluginManager: Mounting plugin DatasmithContent
LogPluginManager: Mounting plugin VariantManagerContent
LogPluginManager: Mounting plugin AlembicImporter
LogPluginManager: Mounting plugin AutomationUtils
LogPluginManager: Mounting plugin BackChannel
LogPluginManager: Mounting plugin CharacterAI
LogPluginManager: Mounting plugin GeometryCache
LogPluginManager: Mounting plugin HTML5Networking
LogPluginManager: Mounting plugin PlatformCrypto
LogPluginManager: Mounting plugin ProxyLODPlugin
LogPluginManager: Mounting plugin SkeletalReduction
LogPluginManager: Mounting plugin MagicLeap
LogPluginManager: Mounting plugin MagicLeapMedia
LogPluginManager: Mounting plugin AndroidMedia
LogPluginManager: Mounting plugin AvfMedia
LogPluginManager: Mounting plugin ImgMedia
LogPluginManager: Mounting plugin MediaCompositing
LogPluginManager: Mounting plugin MediaPlayerEditor
LogPluginManager: Mounting plugin WebMMedia
LogPluginManager: Mounting plugin WmfMedia
LogPluginManager: Mounting plugin TcpMessaging
LogPluginManager: Mounting plugin UdpMessaging
LogPluginManager: Mounting plugin ActorSequence
LogPluginManager: Mounting plugin LevelSequenceEditor
LogPluginManager: Mounting plugin MatineeToLevelSequence
LogPluginManager: Mounting plugin NetcodeUnitTest
LogPluginManager: Mounting plugin NUTUnrealEngine4
LogPluginManager: Mounting plugin OnlineSubsystemGooglePlay
LogPluginManager: Mounting plugin OnlineSubsystemIOS
LogPluginManager: Mounting plugin OnlineSubsystem
LogPluginManager: Mounting plugin OnlineSubsystemNull
LogPluginManager: Mounting plugin OnlineSubsystemUtils
LogPluginManager: Mounting plugin LauncherChunkInstaller
LogPluginManager: Mounting plugin AndroidDeviceProfileSelector
LogPluginManager: Mounting plugin AndroidMoviePlayer
LogPluginManager: Mounting plugin AndroidPermission
LogPluginManager: Mounting plugin AppleImageUtils
LogPluginManager: Mounting plugin AppleMoviePlayer
LogPluginManager: Mounting plugin ArchVisCharacter
LogPluginManager: Mounting plugin AudioCapture
LogPluginManager: Mounting plugin CableComponent
LogPluginManager: Mounting plugin CustomMeshComponent
LogPluginManager: Mounting plugin EditableMesh
LogPluginManager: Mounting plugin ExampleDeviceProfileSelector
LogPluginManager: Mounting plugin GoogleCloudMessaging
LogPluginManager: Mounting plugin IOSDeviceProfileSelector
LogPluginManager: Mounting plugin LinuxDeviceProfileSelector
LogPluginManager: Mounting plugin LocationServicesBPLibrary
LogPluginManager: Mounting plugin MobilePatchingUtils
LogPluginManager: Mounting plugin OculusVR
LogPluginManager: Mounting plugin PhysXVehicles
LogPluginManager: Mounting plugin ProceduralMeshComponent
LogPluginManager: Mounting plugin RuntimePhysXCooking
LogPluginManager: Mounting plugin SignificanceManager
LogPluginManager: Mounting plugin SteamVR
LogPluginManager: Mounting plugin WebMMoviePlayer
LogPluginManager: Mounting plugin WindowsMoviePlayer
LogPluginManager: Mounting plugin ScreenshotTools
LogInit: Using libcurl 7.55.1-DEV
LogInit:  - built for x86_64-pc-win32
LogInit:  - supports SSL with OpenSSL/1.1.1
LogInit:  - supports HTTP deflate (compression) using libz 1.2.8
LogInit:  - other features:
LogInit:      CURL_VERSION_SSL
LogInit:      CURL_VERSION_LIBZ
LogInit:      CURL_VERSION_IPV6
LogInit:      CURL_VERSION_ASYNCHDNS
LogInit:      CURL_VERSION_LARGEFILE
LogInit:      CURL_VERSION_IDN
LogInit:  CurlRequestOptions (configurable via config and command line):
LogInit:  - bVerifyPeer = true  - Libcurl will verify peer certificate
LogInit:  - bUseHttpProxy = false  - Libcurl will NOT use HTTP proxy
LogInit:  - bDontReuseConnections = false  - Libcurl will reuse connections
LogInit:  - MaxHostConnections = 16  - Libcurl will limit the number of connections to a host
LogInit:  - LocalHostAddr = Default
LogInit:  - BufferSize = 65536
LogOnline: OSS: Creating online subsystem instance for: NULL
LogInit: WinSock: version 1.1 (2.2), MaxSocks=32767, MaxUdp=65467
LogInit: Build: ++UE4+Release-4.23-CL-9631420
LogInit: Engine Version: 4.23.1-9631420+++UE4+Release-4.23
LogInit: Compatible Engine Version: 4.23.0-8386587+++UE4+Release-4.23
LogInit: Net CL: 8386587
LogInit: OS: Windows 10 (Release 1903) (), CPU: Intel(R) Core(TM) i5-4460  CPU @ 3.20GHz, GPU: AMD Radeon R9 200 Series
LogInit: Compiled (64-bit): Oct 18 2019 02:07:44
LogInit: Compiled with Visual C++: 19.16.27030.01
LogInit: Build Configuration: Development
LogInit: Branch Name: ++UE4+Release-4.23
LogInit: Command Line: 
LogInit: Base Directory: E:/Unreal Engine/UE_4.23/Engine/Binaries/Win64/
LogInit: Installed Engine Build: 1
LogDevObjectVersion: Number of dev versions registered: 23
LogDevObjectVersion:   Dev-Blueprints (B0D832E4-1F89-4F0D-ACCF-7EB736FD4AA2): 10
LogDevObjectVersion:   Dev-Build (E1C64328-A22C-4D53-A36C-8E866417BD8C): 0
LogDevObjectVersion:   Dev-Core (375EC13C-06E4-48FB-B500-84F0262A717E): 3
LogDevObjectVersion:   Dev-Editor (E4B068ED-F494-42E9-A231-DA0B2E46BB41): 34
LogDevObjectVersion:   Dev-Framework (CFFC743F-43B0-4480-9391-14DF171D2073): 35
LogDevObjectVersion:   Dev-Mobile (B02B49B5-BB20-44E9-A304-32B752E40360): 2
LogDevObjectVersion:   Dev-Networking (A4E4105C-59A1-49B5-A7C5-40C4547EDFEE): 0
LogDevObjectVersion:   Dev-Online (39C831C9-5AE6-47DC-9A44-9C173E1C8E7C): 0
LogDevObjectVersion:   Dev-Physics (78F01B33-EBEA-4F98-B9B4-84EACCB95AA2): 0
LogDevObjectVersion:   Dev-Platform (6631380F-2D4D-43E0-8009-CF276956A95A): 0
LogDevObjectVersion:   Dev-Rendering (12F88B9F-8875-4AFC-A67C-D90C383ABD29): 31
LogDevObjectVersion:   Dev-Sequencer (7B5AE74C-D270-4C10-A958-57980B212A5A): 11
LogDevObjectVersion:   Dev-VR (D7296918-1DD6-4BDD-9DE2-64A83CC13884): 2
LogDevObjectVersion:   Dev-LoadTimes (C2A15278-BFE7-4AFE-6C17-90FF531DF755): 1
LogDevObjectVersion:   Private-Geometry (6EACA3D4-40EC-4CC1-B786-8BED09428FC5): 3
LogDevObjectVersion:   Dev-AnimPhys (29E575DD-E0A3-4627-9D10-D276232CDCEA): 17
LogDevObjectVersion:   Dev-Anim (AF43A65D-7FD3-4947-9873-3E8ED9C1BB05): 2
LogDevObjectVersion:   Dev-ReflectionCapture (6B266CEC-1EC7-4B8F-A30B-E4D90942FC07): 1
LogDevObjectVersion:   Dev-Automation (0DF73D61-A23F-47EA-B727-89E90C41499A): 1
LogDevObjectVersion:   FortniteMain (601D1886-AC64-4F84-AA16-D3DE0DEAC7D6): 27
LogDevObjectVersion:   Dev-Enterprise (9DFFBCD6-494F-0158-E221-12823C92A888): 6
LogDevObjectVersion:   Dev-Niagara (F2AED0AC-9AFE-416F-8664-AA7FFA26D6FC): 1
LogDevObjectVersion:   Dev-Destruction (174F1F0B-B4C6-45A5-B13F-2EE8D0FB917D): 9
LogInit: Presizing for max 16777216 objects, including 0 objects not considered by GC, pre-allocating 0 bytes for permanent pool.
LogInit: Object subsystem initialized
LogConfig: Setting CVar [[con.DebugEarlyDefault:1]]
LogConfig: Setting CVar [[r.setres:1280x720]]
[2020.05.13-13.26.06:702][  0]LogConfig: Setting CVar [[r.VSync:0]]
[2020.05.13-13.26.06:702][  0]LogConfig: Setting CVar [[r.RHICmdBypass:0]]
[2020.05.13-13.26.06:702][  0]LogConfig: Applying CVar settings from Section [/Script/Engine.RendererSettings] File [E:/Uni Stuff/Final Year Project/Games and Game Design Doc/GameSegments/DiegeticGameSegment/Diegetic/Saved/Config/Windows/Engine.ini]
[2020.05.13-13.26.06:702][  0]LogConfig: Setting CVar [[r.GPUCrashDebugging:0]]
[2020.05.13-13.26.06:702][  0]LogConfig: Applying CVar settings from Section [/Script/Engine.RendererOverrideSettings] File [E:/Uni Stuff/Final Year Project/Games and Game Design Doc/GameSegments/DiegeticGameSegment/Diegetic/Saved/Config/Windows/Engine.ini]
[2020.05.13-13.26.06:703][  0]LogConfig: Applying CVar settings from Section [/Script/Engine.StreamingSettings] File [E:/Uni Stuff/Final Year Project/Games and Game Design Doc/GameSegments/DiegeticGameSegment/Diegetic/Saved/Config/Windows/Engine.ini]
[2020.05.13-13.26.06:703][  0]LogConfig: Setting CVar [[s.MinBulkDataSizeForAsyncLoading:131072]]
[2020.05.13-13.26.06:703][  0]LogConfig: Setting CVar [[s.AsyncLoadingThreadEnabled:0]]
[2020.05.13-13.26.06:703][  0]LogConfig: Setting CVar [[s.EventDrivenLoaderEnabled:1]]
[2020.05.13-13.26.06:703][  0]LogConfig: Setting CVar [[s.WarnIfTimeLimitExceeded:0]]
[2020.05.13-13.26.06:703][  0]LogConfig: Setting CVar [[s.TimeLimitExceededMultiplier:1.5]]
[2020.05.13-13.26.06:703][  0]LogConfig: Setting CVar [[s.TimeLimitExceededMinTime:0.005]]
[2020.05.13-13.26.06:703][  0]LogConfig: Setting CVar [[s.UseBackgroundLevelStreaming:1]]
[2020.05.13-13.26.06:703][  0]LogConfig: Setting CVar [[s.PriorityAsyncLoadingExtraTime:15.0]]
[2020.05.13-13.26.06:703][  0]LogConfig: Setting CVar [[s.LevelStreamingActorsUpdateTimeLimit:5.0]]
[2020.05.13-13.26.06:703][  0]LogConfig: Setting CVar [[s.PriorityLevelStreamingActorsUpdateExtraTime:5.0]]
[2020.05.13-13.26.06:703][  0]LogConfig: Setting CVar [[s.LevelStreamingComponentsRegistrationGranularity:10]]
[2020.05.13-13.26.06:703][  0]LogConfig: Setting CVar [[s.UnregisterComponentsTimeLimit:1.0]]
[2020.05.13-13.26.06:703][  0]LogConfig: Setting CVar [[s.LevelStreamingComponentsUnregistrationGranularity:5]]
[2020.05.13-13.26.06:703][  0]LogConfig: Applying CVar settings from Section [/Script/Engine.GarbageCollectionSettings] File [E:/Uni Stuff/Final Year Project/Games and Game Design Doc/GameSegments/DiegeticGameSegment/Diegetic/Saved/Config/Windows/Engine.ini]
[2020.05.13-13.26.06:703][  0]LogConfig: Setting CVar [[gc.MaxObjectsNotConsideredByGC:1]]
[2020.05.13-13.26.06:703][  0]LogConfig: Setting CVar [[gc.SizeOfPermanentObjectPool:0]]
[2020.05.13-13.26.06:703][  0]LogConfig: Setting CVar [[gc.FlushStreamingOnGC:0]]
[2020.05.13-13.26.06:703][  0]LogConfig: Setting CVar [[gc.NumRetriesBeforeForcingGC:10]]
[2020.05.13-13.26.06:703][  0]LogConfig: Setting CVar [[gc.AllowParallelGC:1]]
[2020.05.13-13.26.06:703][  0]LogConfig: Setting CVar [[gc.TimeBetweenPurgingPendingKillObjects:61.1]]
[2020.05.13-13.26.06:703][  0]LogConfig: Setting CVar [[gc.MaxObjectsInEditor:16777216]]
[2020.05.13-13.26.06:703][  0]LogConfig: Setting CVar [[gc.IncrementalBeginDestroyEnabled:1]]
[2020.05.13-13.26.06:703][  0]LogConfig: Setting CVar [[gc.CreateGCClusters:1]]
[2020.05.13-13.26.06:703][  0]LogConfig: Setting CVar [[gc.MinGCClusterSize:5]]
[2020.05.13-13.26.06:703][  0]LogConfig: Setting CVar [[gc.ActorClusteringEnabled:0]]
[2020.05.13-13.26.06:703][  0]LogConfig: Setting CVar [[gc.BlueprintClusteringEnabled:0]]
[2020.05.13-13.26.06:703][  0]LogConfig: Setting CVar [[gc.UseDisregardForGCOnDedicatedServers:0]]
[2020.05.13-13.26.06:703][  0]LogConfig: Applying CVar settings from Section [/Script/Engine.NetworkSettings] File [E:/Uni Stuff/Final Year Project/Games and Game Design Doc/GameSegments/DiegeticGameSegment/Diegetic/Saved/Config/Windows/Engine.ini]
[2020.05.13-13.26.06:703][  0]LogConfig: Applying CVar settings from Section [/Script/UnrealEd.CookerSettings] File [E:/Uni Stuff/Final Year Project/Games and Game Design Doc/GameSegments/DiegeticGameSegment/Diegetic/Saved/Config/Windows/Engine.ini]
[2020.05.13-13.26.06:711][  0]LogConfig: Applying CVar settings from Section [ViewDistanceQuality@3] File [E:/Uni Stuff/Final Year Project/Games and Game Design Doc/GameSegments/DiegeticGameSegment/Diegetic/Saved/Config/Windows/Scalability.ini]
[2020.05.13-13.26.06:711][  0]LogConfig: Setting CVar [[r.SkeletalMeshLODBias:0]]
[2020.05.13-13.26.06:711][  0]LogConfig: Setting CVar [[r.ViewDistanceScale:1.0]]
[2020.05.13-13.26.06:711][  0]LogConfig: Applying CVar settings from Section [AntiAliasingQuality@3] File [E:/Uni Stuff/Final Year Project/Games and Game Design Doc/GameSegments/DiegeticGameSegment/Diegetic/Saved/Config/Windows/Scalability.ini]
[2020.05.13-13.26.06:711][  0]LogConfig: Setting CVar [[r.PostProcessAAQuality:4]]
[2020.05.13-13.26.06:711][  0]LogConfig: Applying CVar settings from Section [ShadowQuality@3] File [E:/Uni Stuff/Final Year Project/Games and Game Design Doc/GameSegments/DiegeticGameSegment/Diegetic/Saved/Config/Windows/Scalability.ini]
[2020.05.13-13.26.06:711][  0]LogConfig: Setting CVar [[r.LightFunctionQuality:1]]
[2020.05.13-13.26.06:711][  0]LogConfig: Setting CVar [[r.ShadowQuality:5]]
[2020.05.13-13.26.06:711][  0]LogConfig: Setting CVar [[r.Shadow.CSM.MaxCascades:10]]
[2020.05.13-13.26.06:711][  0]LogConfig: Setting CVar [[r.Shadow.MaxResolution:2048]]
[2020.05.13-13.26.06:711][  0]LogConfig: Setting CVar [[r.Shadow.MaxCSMResolution:2048]]
[2020.05.13-13.26.06:711][  0]LogConfig: Setting CVar [[r.Shadow.RadiusThreshold:0.01]]
[2020.05.13-13.26.06:712][  0]LogConfig: Setting CVar [[r.Shadow.DistanceScale:1.0]]
[2020.05.13-13.26.06:712][  0]LogConfig: Setting CVar [[r.Shadow.CSM.TransitionScale:1.0]]
[2020.05.13-13.26.06:712][  0]LogConfig: Setting CVar [[r.Shadow.PreShadowResolutionFactor:1.0]]
[2020.05.13-13.26.06:712][  0]LogConfig: Setting CVar [[r.DistanceFieldShadowing:1]]
[2020.05.13-13.26.06:712][  0]LogConfig: Setting CVar [[r.DistanceFieldAO:1]]
[2020.05.13-13.26.06:712][  0]LogConfig: Setting CVar [[r.AOQuality:2]]
[2020.05.13-13.26.06:712][  0]LogConfig: Setting CVar [[r.VolumetricFog:1]]
[2020.05.13-13.26.06:712][  0]LogConfig: Setting CVar [[r.VolumetricFog.GridPixelSize:8]]
[2020.05.13-13.26.06:712][  0]LogConfig: Setting CVar [[r.VolumetricFog.GridSizeZ:128]]
[2020.05.13-13.26.06:712][  0]LogConfig: Setting CVar [[r.VolumetricFog.HistoryMissSupersampleCount:4]]
[2020.05.13-13.26.06:712][  0]LogConfig: Setting CVar [[r.LightMaxDrawDistanceScale:1]]
[2020.05.13-13.26.06:712][  0]LogConfig: Setting CVar [[r.CapsuleShadows:1]]
[2020.05.13-13.26.06:712][  0]LogConfig: Applying CVar settings from Section [PostProcessQuality@3] File [E:/Uni Stuff/Final Year Project/Games and Game Design Doc/GameSegments/DiegeticGameSegment/Diegetic/Saved/Config/Windows/Scalability.ini]
[2020.05.13-13.26.06:712][  0]LogConfig: Setting CVar [[r.MotionBlurQuality:4]]
[2020.05.13-13.26.06:712][  0]LogConfig: Setting CVar [[r.AmbientOcclusionMipLevelFactor:0.4]]
[2020.05.13-13.26.06:712][  0]LogConfig: Setting CVar [[r.AmbientOcclusionMaxQuality:100]]
[2020.05.13-13.26.06:712][  0]LogConfig: Setting CVar [[r.AmbientOcclusionLevels:-1]]
[2020.05.13-13.26.06:712][  0]LogConfig: Setting CVar [[r.AmbientOcclusionRadiusScale:1.0]]
[2020.05.13-13.26.06:712][  0]LogConfig: Setting CVar [[r.DepthOfFieldQuality:2]]
[2020.05.13-13.26.06:712][  0]LogConfig: Setting CVar [[r.RenderTargetPoolMin:400]]
[2020.05.13-13.26.06:712][  0]LogConfig: Setting CVar [[r.LensFlareQuality:2]]
[2020.05.13-13.26.06:712][  0]LogConfig: Setting CVar [[r.SceneColorFringeQuality:1]]
[2020.05.13-13.26.06:712][  0]LogConfig: Setting CVar [[r.EyeAdaptationQuality:2]]
[2020.05.13-13.26.06:712][  0]LogConfig: Setting CVar [[r.BloomQuality:5]]
[2020.05.13-13.26.06:712][  0]LogConfig: Setting CVar [[r.FastBlurThreshold:100]]
[2020.05.13-13.26.06:712][  0]LogConfig: Setting CVar [[r.Upscale.Quality:3]]
[2020.05.13-13.26.06:712][  0]LogConfig: Setting CVar [[r.Tonemapper.GrainQuantization:1]]
[2020.05.13-13.26.06:712][  0]LogConfig: Setting CVar [[r.LightShaftQuality:1]]
[2020.05.13-13.26.06:712][  0]LogConfig: Setting CVar [[r.Filter.SizeScale:1]]
[2020.05.13-13.26.06:712][  0]LogConfig: Setting CVar [[r.Tonemapper.Quality:5]]
[2020.05.13-13.26.06:712][  0]LogConfig: Setting CVar [[r.DOF.Gather.AccumulatorQuality:1        ; higher gathering accumulator quality]]
[2020.05.13-13.26.06:712][  0]LogConfig: Setting CVar [[r.DOF.Gather.PostfilterMethod:1          ; Median3x3 postfilering method]]
[2020.05.13-13.26.06:712][  0]LogConfig: Setting CVar [[r.DOF.Gather.EnableBokehSettings:0       ; no bokeh simulation when gathering]]
[2020.05.13-13.26.06:712][  0]LogConfig: Setting CVar [[r.DOF.Gather.RingCount:4                 ; medium number of samples when gathering]]
[2020.05.13-13.26.06:712][  0]LogConfig: Setting CVar [[r.DOF.Scatter.ForegroundCompositing:1    ; additive foreground scattering]]
[2020.05.13-13.26.06:712][  0]LogConfig: Setting CVar [[r.DOF.Scatter.BackgroundCompositing:2    ; additive background scattering]]
[2020.05.13-13.26.06:712][  0]LogConfig: Setting CVar [[r.DOF.Scatter.EnableBokehSettings:1      ; bokeh simulation when scattering]]
[2020.05.13-13.26.06:712][  0]LogConfig: Setting CVar [[r.DOF.Scatter.MaxSpriteRatio:0.1         ; only a maximum of 10% of scattered bokeh]]
[2020.05.13-13.26.06:712][  0]LogConfig: Setting CVar [[r.DOF.Recombine.Quality:1                ; cheap slight out of focus]]
[2020.05.13-13.26.06:712][  0]LogConfig: Setting CVar [[r.DOF.Recombine.EnableBokehSettings:0    ; no bokeh simulation on slight out of focus]]
[2020.05.13-13.26.06:712][  0]LogConfig: Setting CVar [[r.DOF.TemporalAAQuality:1                ; more stable temporal accumulation]]
[2020.05.13-13.26.06:712][  0]LogConfig: Setting CVar [[r.DOF.Kernel.MaxForegroundRadius:0.025]]
[2020.05.13-13.26.06:712][  0]LogConfig: Setting CVar [[r.DOF.Kernel.MaxBackgroundRadius:0.025]]
[2020.05.13-13.26.06:712][  0]LogConfig: Applying CVar settings from Section [TextureQuality@3] File [E:/Uni Stuff/Final Year Project/Games and Game Design Doc/GameSegments/DiegeticGameSegment/Diegetic/Saved/Config/Windows/Scalability.ini]
[2020.05.13-13.26.06:712][  0]LogConfig: Setting CVar [[r.Streaming.MipBias:0]]
[2020.05.13-13.26.06:712][  0]LogConfig: Setting CVar [[r.Streaming.AmortizeCPUToGPUCopy:0]]
[2020.05.13-13.26.06:712][  0]LogConfig: Setting CVar [[r.Streaming.MaxNumTexturesToStreamPerFrame:0]]
[2020.05.13-13.26.06:712][  0]LogConfig: Setting CVar [[r.Streaming.Boost:1]]
[2020.05.13-13.26.06:712][  0]LogConfig: Setting CVar [[r.MaxAnisotropy:8]]
[2020.05.13-13.26.06:712][  0]LogConfig: Setting CVar [[r.Streaming.LimitPoolSizeToVRAM:0]]
[2020.05.13-13.26.06:712][  0]LogConfig: Setting CVar [[r.Streaming.PoolSize:1000]]
[2020.05.13-13.26.06:713][  0]LogConfig: Setting CVar [[r.Streaming.MaxEffectiveScreenSize:0]]
[2020.05.13-13.26.06:713][  0]LogConfig: Applying CVar settings from Section [EffectsQuality@3] File [E:/Uni Stuff/Final Year Project/Games and Game Design Doc/GameSegments/DiegeticGameSegment/Diegetic/Saved/Config/Windows/Scalability.ini]
[2020.05.13-13.26.06:713][  0]LogConfig: Setting CVar [[r.TranslucencyLightingVolumeDim:64]]
[2020.05.13-13.26.06:713][  0]LogConfig: Setting CVar [[r.RefractionQuality:2]]
[2020.05.13-13.26.06:713][  0]LogConfig: Setting CVar [[r.SSR.Quality:3]]
[2020.05.13-13.26.06:713][  0]LogConfig: Setting CVar [[r.SceneColorFormat:4]]
[2020.05.13-13.26.06:713][  0]LogConfig: Setting CVar [[r.DetailMode:2]]
[2020.05.13-13.26.06:713][  0]LogConfig: Setting CVar [[r.TranslucencyVolumeBlur:1]]
[2020.05.13-13.26.06:713][  0]LogConfig: Setting CVar [[r.MaterialQualityLevel:1 ; High quality]]
[2020.05.13-13.26.06:713][  0]LogConfig: Setting CVar [[r.SSS.Scale:1]]
[2020.05.13-13.26.06:713][  0]LogConfig: Setting CVar [[r.SSS.SampleSet:2]]
[2020.05.13-13.26.06:713][  0]LogConfig: Setting CVar [[r.SSS.Quality:1]]
[2020.05.13-13.26.06:713][  0]LogConfig: Setting CVar [[r.SSS.HalfRes:1]]
[2020.05.13-13.26.06:713][  0]LogConfig: Setting CVar [[r.EmitterSpawnRateScale:1.0]]
[2020.05.13-13.26.06:713][  0]LogConfig: Setting CVar [[r.ParticleLightQuality:2]]
[2020.05.13-13.26.06:713][  0]LogConfig: Applying CVar settings from Section [FoliageQuality@3] File [E:/Uni Stuff/Final Year Project/Games and Game Design Doc/GameSegments/DiegeticGameSegment/Diegetic/Saved/Config/Windows/Scalability.ini]
[2020.05.13-13.26.06:713][  0]LogConfig: Setting CVar [[foliage.DensityScale:1.0]]
[2020.05.13-13.26.06:713][  0]LogConfig: Setting CVar [[grass.DensityScale:1.0]]
[2020.05.13-13.26.06:713][  0]LogInit: Selected Device Profile: [Windows]
[2020.05.13-13.26.06:713][  0]LogInit: Applying CVar settings loaded from the selected device profile: [Windows]
[2020.05.13-13.26.06:759][  0]LogHAL: Display: Platform has ~ 8 GB [8481812480 / 8589934592 / 8], which maps to Default [LargestMinGB=32, LargerMinGB=12, DefaultMinGB=8, SmallerMinGB=6, SmallestMinGB=0)
[2020.05.13-13.26.06:759][  0]LogInit: Going up to parent DeviceProfile []
[2020.05.13-13.26.06:760][  0]LogConfig: Applying CVar settings from Section [ViewDistanceQuality@3] File [E:/Uni Stuff/Final Year Project/Games and Game Design Doc/GameSegments/DiegeticGameSegment/Diegetic/Saved/Config/Windows/Scalability.ini]
[2020.05.13-13.26.06:760][  0]LogConfig: Setting CVar [[r.SkeletalMeshLODBias:0]]
[2020.05.13-13.26.06:760][  0]LogConfig: Setting CVar [[r.ViewDistanceScale:1.0]]
[2020.05.13-13.26.06:760][  0]LogConfig: Applying CVar settings from Section [AntiAliasingQuality@3] File [E:/Uni Stuff/Final Year Project/Games and Game Design Doc/GameSegments/DiegeticGameSegment/Diegetic/Saved/Config/Windows/Scalability.ini]
[2020.05.13-13.26.06:760][  0]LogConfig: Setting CVar [[r.PostProcessAAQuality:4]]
[2020.05.13-13.26.06:760][  0]LogConfig: Applying CVar settings from Section [ShadowQuality@3] File [E:/Uni Stuff/Final Year Project/Games and Game Design Doc/GameSegments/DiegeticGameSegment/Diegetic/Saved/Config/Windows/Scalability.ini]
[2020.05.13-13.26.06:760][  0]LogConfig: Setting CVar [[r.LightFunctionQuality:1]]
[2020.05.13-13.26.06:760][  0]LogConfig: Setting CVar [[r.ShadowQuality:5]]
[2020.05.13-13.26.06:760][  0]LogConfig: Setting CVar [[r.Shadow.CSM.MaxCascades:10]]
[2020.05.13-13.26.06:760][  0]LogConfig: Setting CVar [[r.Shadow.MaxResolution:2048]]
[2020.05.13-13.26.06:760][  0]LogConfig: Setting CVar [[r.Shadow.MaxCSMResolution:2048]]
[2020.05.13-13.26.06:760][  0]LogConfig: Setting CVar [[r.Shadow.RadiusThreshold:0.01]]
[2020.05.13-13.26.06:760][  0]LogConfig: Setting CVar [[r.Shadow.DistanceScale:1.0]]
[2020.05.13-13.26.06:760][  0]LogConfig: Setting CVar [[r.Shadow.CSM.TransitionScale:1.0]]
[2020.05.13-13.26.06:760][  0]LogConfig: Setting CVar [[r.Shadow.PreShadowResolutionFactor:1.0]]
[2020.05.13-13.26.06:760][  0]LogConfig: Setting CVar [[r.DistanceFieldShadowing:1]]
[2020.05.13-13.26.06:760][  0]LogConfig: Setting CVar [[r.DistanceFieldAO:1]]
[2020.05.13-13.26.06:760][  0]LogConfig: Setting CVar [[r.AOQuality:2]]
[2020.05.13-13.26.06:760][  0]LogConfig: Setting CVar [[r.VolumetricFog:1]]
[2020.05.13-13.26.06:760][  0]LogConfig: Setting CVar [[r.VolumetricFog.GridPixelSize:8]]
[2020.05.13-13.26.06:760][  0]LogConfig: Setting CVar [[r.VolumetricFog.GridSizeZ:128]]
[2020.05.13-13.26.06:760][  0]LogConfig: Setting CVar [[r.VolumetricFog.HistoryMissSupersampleCount:4]]
[2020.05.13-13.26.06:760][  0]LogConfig: Setting CVar [[r.LightMaxDrawDistanceScale:1]]
[2020.05.13-13.26.06:760][  0]LogConfig: Setting CVar [[r.CapsuleShadows:1]]
[2020.05.13-13.26.06:760][  0]LogConfig: Applying CVar settings from Section [PostProcessQuality@3] File [E:/Uni Stuff/Final Year Project/Games and Game Design Doc/GameSegments/DiegeticGameSegment/Diegetic/Saved/Config/Windows/Scalability.ini]
[2020.05.13-13.26.06:760][  0]LogConfig: Setting CVar [[r.MotionBlurQuality:4]]
[2020.05.13-13.26.06:760][  0]LogConfig: Setting CVar [[r.AmbientOcclusionMipLevelFactor:0.4]]
[2020.05.13-13.26.06:760][  0]LogConfig: Setting CVar [[r.AmbientOcclusionMaxQuality:100]]
[2020.05.13-13.26.06:760][  0]LogConfig: Setting CVar [[r.AmbientOcclusionLevels:-1]]
[2020.05.13-13.26.06:760][  0]LogConfig: Setting CVar [[r.AmbientOcclusionRadiusScale:1.0]]
[2020.05.13-13.26.06:760][  0]LogConfig: Setting CVar [[r.DepthOfFieldQuality:2]]
[2020.05.13-13.26.06:760][  0]LogConfig: Setting CVar [[r.RenderTargetPoolMin:400]]
[2020.05.13-13.26.06:760][  0]LogConfig: Setting CVar [[r.LensFlareQuality:2]]
[2020.05.13-13.26.06:760][  0]LogConfig: Setting CVar [[r.SceneColorFringeQuality:1]]
[2020.05.13-13.26.06:760][  0]LogConfig: Setting CVar [[r.EyeAdaptationQuality:2]]
[2020.05.13-13.26.06:760][  0]LogConfig: Setting CVar [[r.BloomQuality:5]]
[2020.05.13-13.26.06:760][  0]LogConfig: Setting CVar [[r.FastBlurThreshold:100]]
[2020.05.13-13.26.06:760][  0]LogConfig: Setting CVar [[r.Upscale.Quality:3]]
[2020.05.13-13.26.06:760][  0]LogConfig: Setting CVar [[r.Tonemapper.GrainQuantization:1]]
[2020.05.13-13.26.06:760][  0]LogConfig: Setting CVar [[r.LightShaftQuality:1]]
[2020.05.13-13.26.06:760][  0]LogConfig: Setting CVar [[r.Filter.SizeScale:1]]
[2020.05.13-13.26.06:760][  0]LogConfig: Setting CVar [[r.Tonemapper.Quality:5]]
[2020.05.13-13.26.06:760][  0]LogConfig: Setting CVar [[r.DOF.Gather.AccumulatorQuality:1        ; higher gathering accumulator quality]]
[2020.05.13-13.26.06:760][  0]LogConfig: Setting CVar [[r.DOF.Gather.PostfilterMethod:1          ; Median3x3 postfilering method]]
[2020.05.13-13.26.06:760][  0]LogConfig: Setting CVar [[r.DOF.Gather.EnableBokehSettings:0       ; no bokeh simulation when gathering]]
[2020.05.13-13.26.06:760][  0]LogConfig: Setting CVar [[r.DOF.Gather.RingCount:4                 ; medium number of samples when gathering]]
[2020.05.13-13.26.06:760][  0]LogConfig: Setting CVar [[r.DOF.Scatter.ForegroundCompositing:1    ; additive foreground scattering]]
[2020.05.13-13.26.06:760][  0]LogConfig: Setting CVar [[r.DOF.Scatter.BackgroundCompositing:2    ; additive background scattering]]
[2020.05.13-13.26.06:760][  0]LogConfig: Setting CVar [[r.DOF.Scatter.EnableBokehSettings:1      ; bokeh simulation when scattering]]
[2020.05.13-13.26.06:761][  0]LogConfig: Setting CVar [[r.DOF.Scatter.MaxSpriteRatio:0.1         ; only a maximum of 10% of scattered bokeh]]
[2020.05.13-13.26.06:761][  0]LogConfig: Setting CVar [[r.DOF.Recombine.Quality:1                ; cheap slight out of focus]]
[2020.05.13-13.26.06:761][  0]LogConfig: Setting CVar [[r.DOF.Recombine.EnableBokehSettings:0    ; no bokeh simulation on slight out of focus]]
[2020.05.13-13.26.06:761][  0]LogConfig: Setting CVar [[r.DOF.TemporalAAQuality:1                ; more stable temporal accumulation]]
[2020.05.13-13.26.06:761][  0]LogConfig: Setting CVar [[r.DOF.Kernel.MaxForegroundRadius:0.025]]
[2020.05.13-13.26.06:761][  0]LogConfig: Setting CVar [[r.DOF.Kernel.MaxBackgroundRadius:0.025]]
[2020.05.13-13.26.06:761][  0]LogConfig: Applying CVar settings from Section [TextureQuality@3] File [E:/Uni Stuff/Final Year Project/Games and Game Design Doc/GameSegments/DiegeticGameSegment/Diegetic/Saved/Config/Windows/Scalability.ini]
[2020.05.13-13.26.06:761][  0]LogConfig: Setting CVar [[r.Streaming.MipBias:0]]
[2020.05.13-13.26.06:761][  0]LogConfig: Setting CVar [[r.Streaming.AmortizeCPUToGPUCopy:0]]
[2020.05.13-13.26.06:761][  0]LogConfig: Setting CVar [[r.Streaming.MaxNumTexturesToStreamPerFrame:0]]
[2020.05.13-13.26.06:761][  0]LogConfig: Setting CVar [[r.Streaming.Boost:1]]
[2020.05.13-13.26.06:761][  0]LogConfig: Setting CVar [[r.MaxAnisotropy:8]]
[2020.05.13-13.26.06:761][  0]LogConfig: Setting CVar [[r.Streaming.LimitPoolSizeToVRAM:0]]
[2020.05.13-13.26.06:761][  0]LogConfig: Setting CVar [[r.Streaming.PoolSize:1000]]
[2020.05.13-13.26.06:761][  0]LogConfig: Setting CVar [[r.Streaming.MaxEffectiveScreenSize:0]]
[2020.05.13-13.26.06:761][  0]LogConfig: Applying CVar settings from Section [EffectsQuality@3] File [E:/Uni Stuff/Final Year Project/Games and Game Design Doc/GameSegments/DiegeticGameSegment/Diegetic/Saved/Config/Windows/Scalability.ini]
[2020.05.13-13.26.06:761][  0]LogConfig: Setting CVar [[r.TranslucencyLightingVolumeDim:64]]
[2020.05.13-13.26.06:761][  0]LogConfig: Setting CVar [[r.RefractionQuality:2]]
[2020.05.13-13.26.06:761][  0]LogConfig: Setting CVar [[r.SSR.Quality:3]]
[2020.05.13-13.26.06:761][  0]LogConfig: Setting CVar [[r.SceneColorFormat:4]]
[2020.05.13-13.26.06:761][  0]LogConfig: Setting CVar [[r.DetailMode:2]]
[2020.05.13-13.26.06:761][  0]LogConfig: Setting CVar [[r.TranslucencyVolumeBlur:1]]
[2020.05.13-13.26.06:761][  0]LogConfig: Setting CVar [[r.MaterialQualityLevel:1 ; High quality]]
[2020.05.13-13.26.06:761][  0]LogConfig: Setting CVar [[r.SSS.Scale:1]]
[2020.05.13-13.26.06:761][  0]LogConfig: Setting CVar [[r.SSS.SampleSet:2]]
[2020.05.13-13.26.06:761][  0]LogConfig: Setting CVar [[r.SSS.Quality:1]]
[2020.05.13-13.26.06:761][  0]LogConfig: Setting CVar [[r.SSS.HalfRes:1]]
[2020.05.13-13.26.06:761][  0]LogConfig: Setting CVar [[r.EmitterSpawnRateScale:1.0]]
[2020.05.13-13.26.06:761][  0]LogConfig: Setting CVar [[r.ParticleLightQuality:2]]
[2020.05.13-13.26.06:761][  0]LogConfig: Applying CVar settings from Section [FoliageQuality@3] File [E:/Uni Stuff/Final Year Project/Games and Game Design Doc/GameSegments/DiegeticGameSegment/Diegetic/Saved/Config/Windows/Scalability.ini]
[2020.05.13-13.26.06:761][  0]LogConfig: Setting CVar [[foliage.DensityScale:1.0]]
[2020.05.13-13.26.06:761][  0]LogConfig: Setting CVar [[grass.DensityScale:1.0]]
[2020.05.13-13.26.06:761][  0]LogConfig: Applying CVar settings from Section [Startup] File [../../../Engine/Config/ConsoleVariables.ini]
[2020.05.13-13.26.06:770][  0]LogConfig: Setting CVar [[net.UseAdaptiveNetUpdateFrequency:0]]
[2020.05.13-13.26.06:770][  0]LogConfig: Setting CVar [[p.chaos.AllowCreatePhysxBodies:1]]
[2020.05.13-13.26.06:771][  0]LogConfig: Applying CVar settings from Section [ConsoleVariables] File [E:/Uni Stuff/Final Year Project/Games and Game Design Doc/GameSegments/DiegeticGameSegment/Diegetic/Saved/Config/Windows/Engine.ini]
[2020.05.13-13.26.06:771][  0]LogInit: Computer: NATHAN-PC
[2020.05.13-13.26.06:771][  0]LogInit: User: Nathan
[2020.05.13-13.26.06:771][  0]LogInit: CPU Page size=4096, Cores=4
[2020.05.13-13.26.06:771][  0]LogInit: High frequency timer resolution =10.000000 MHz
[2020.05.13-13.26.06:771][  0]LogMemory: Memory total: Physical=7.9GB (8GB approx)
[2020.05.13-13.26.06:771][  0]LogMemory: Platform Memory Stats for Windows
[2020.05.13-13.26.06:771][  0]LogMemory: Process Physical Memory: 101.87 MB used, 101.88 MB peak
[2020.05.13-13.26.06:771][  0]LogMemory: Process Virtual Memory: 101.52 MB used, 101.52 MB peak
[2020.05.13-13.26.06:771][  0]LogMemory: Physical Memory: 5336.28 MB used,  2752.61 MB free, 8088.89 MB total
[2020.05.13-13.26.06:771][  0]LogMemory: Virtual Memory: 4657.08 MB used,  134213072.00 MB free, 134217728.00 MB total
[2020.05.13-13.26.06:782][  0]LogWindows: WindowsPlatformFeatures enabled
[2020.05.13-13.26.07:088][  0]LogInit: Using OS detected language (en-GB).
[2020.05.13-13.26.07:089][  0]LogInit: Using OS detected locale (en-GB).
[2020.05.13-13.26.07:091][  0]LogTextLocalizationManager: No specific localization for 'en-GB' exists, so the 'en' localization will be used.
[2020.05.13-13.26.08:144][  0]LogInit: Setting process to per monitor DPI aware
[2020.05.13-13.26.08:369][  0]LogSlate: New Slate User Created.  User Index 0, Is Virtual User: 0
[2020.05.13-13.26.08:369][  0]LogSlate: Slate User Registered.  User Index 0, Is Virtual User: 0
[2020.05.13-13.26.09:260][  0]LogHMD: Failed to initialize OpenVR with code 110
[2020.05.13-13.26.09:260][  0]LogD3D11RHI: D3D11 adapters:
[2020.05.13-13.26.09:285][  0]LogD3D11RHI:    0. 'AMD Radeon R9 200 Series' (Feature Level 11_0)
[2020.05.13-13.26.09:285][  0]LogD3D11RHI:       2028/0/4044 MB DedicatedVideo/DedicatedSystem/SharedSystem, Outputs:1, VendorId:0x1002
[2020.05.13-13.26.09:334][  0]LogD3D11RHI:    1. 'Intel(R) HD Graphics 4600' (Feature Level 11_0)
[2020.05.13-13.26.09:334][  0]LogD3D11RHI:       112/0/2048 MB DedicatedVideo/DedicatedSystem/SharedSystem, Outputs:0, VendorId:0x8086
[2020.05.13-13.26.09:337][  0]LogD3D11RHI:    2. 'Microsoft Basic Render Driver' (Feature Level 11_0)
[2020.05.13-13.26.09:337][  0]LogD3D11RHI:       0/0/4044 MB DedicatedVideo/DedicatedSystem/SharedSystem, Outputs:0, VendorId:0x1414
[2020.05.13-13.26.09:337][  0]LogD3D11RHI: Chosen D3D11 Adapter: 0
[2020.05.13-13.26.09:347][  0]LogD3D11RHI: Creating new Direct3DDevice
[2020.05.13-13.26.09:347][  0]LogD3D11RHI:     GPU DeviceId: 0x6810 (for the marketing name, search the web for "GPU Device Id")
[2020.05.13-13.26.09:347][  0]LogWindows: EnumDisplayDevices:
[2020.05.13-13.26.09:347][  0]LogWindows:    0. 'AMD Radeon R9 200 Series' (P:1 D:1)
[2020.05.13-13.26.09:348][  0]LogWindows:    1. 'AMD Radeon R9 200 Series' (P:0 D:0)
[2020.05.13-13.26.09:349][  0]LogWindows:    2. 'AMD Radeon R9 200 Series' (P:0 D:0)
[2020.05.13-13.26.09:350][  0]LogWindows:    3. 'AMD Radeon R9 200 Series' (P:0 D:0)
[2020.05.13-13.26.09:350][  0]LogWindows:    4. 'AMD Radeon R9 200 Series' (P:0 D:0)
[2020.05.13-13.26.09:351][  0]LogWindows:    5. 'AMD Radeon R9 200 Series' (P:0 D:0)
[2020.05.13-13.26.09:352][  0]LogWindows:    6. 'AMD Radeon R9 200 Series' (P:0 D:0)
[2020.05.13-13.26.09:353][  0]LogWindows:    7. 'AMD Radeon R9 200 Series' (P:0 D:0)
[2020.05.13-13.26.09:353][  0]LogWindows:    8. 'Intel(R) HD Graphics 4600' (P:0 D:0)
[2020.05.13-13.26.09:354][  0]LogWindows:    9. 'Intel(R) HD Graphics 4600' (P:0 D:0)
[2020.05.13-13.26.09:354][  0]LogWindows:    10. 'Intel(R) HD Graphics 4600' (P:0 D:0)
[2020.05.13-13.26.09:355][  0]LogWindows: DebugString: PrimaryIsNotTheChoosenAdapter PrimaryIsNotTheChoosenAdapter PrimaryIsNotTheChoosenAdapter FoundDriverCount:8 
[2020.05.13-13.26.09:355][  0]LogD3D11RHI:     Adapter Name: AMD Radeon R9 200 Series
[2020.05.13-13.26.09:355][  0]LogD3D11RHI:   Driver Version: Adrenalin 19.20 (internal:26.20.12028.2, unified:26.20.12028.2)
[2020.05.13-13.26.09:355][  0]LogD3D11RHI:      Driver Date: 8-16-2019
[2020.05.13-13.26.09:355][  0]LogRHI: Texture pool is 1419 MB (70% of 2028 MB)
[2020.05.13-13.26.09:530][  0]LogD3D11RHI: Async texture creation enabled
[2020.05.13-13.26.09:542][  0]LogD3D11RHI: GPU Timing Frequency: 27.000000 (Debug: 2 1)
[2020.05.13-13.26.10:553][  0]LogTemp: Display: Module 'AllDesktopTargetPlatform' loaded TargetPlatform 'AllDesktop'
[2020.05.13-13.26.10:572][  0]LogTemp: Display: Module 'MacClientTargetPlatform' loaded TargetPlatform 'MacClient'
[2020.05.13-13.26.10:592][  0]LogTemp: Display: Module 'MacNoEditorTargetPlatform' loaded TargetPlatform 'MacNoEditor'
[2020.05.13-13.26.10:610][  0]LogTemp: Display: Module 'MacServerTargetPlatform' loaded TargetPlatform 'MacServer'
[2020.05.13-13.26.10:629][  0]LogTemp: Display: Module 'MacTargetPlatform' loaded TargetPlatform 'Mac'
[2020.05.13-13.26.10:697][  0]LogTemp: Display: Module 'WindowsClientTargetPlatform' loaded TargetPlatform 'WindowsClient'
[2020.05.13-13.26.10:727][  0]LogTemp: Display: Module 'WindowsNoEditorTargetPlatform' loaded TargetPlatform 'WindowsNoEditor'
[2020.05.13-13.26.10:754][  0]LogTemp: Display: Module 'WindowsServerTargetPlatform' loaded TargetPlatform 'WindowsServer'
[2020.05.13-13.26.10:764][  0]LogTemp: Display: Module 'WindowsTargetPlatform' loaded TargetPlatform 'Windows'
[2020.05.13-13.26.10:839][  0]LogTemp: Display: Module 'AndroidTargetPlatform' loaded TargetPlatform 'Android'
[2020.05.13-13.26.10:839][  0]LogTemp: Display: Module 'AndroidTargetPlatform' loaded TargetPlatform 'Android_ASTC'
[2020.05.13-13.26.10:839][  0]LogTemp: Display: Module 'AndroidTargetPlatform' loaded TargetPlatform 'Android_ATC'
[2020.05.13-13.26.10:839][  0]LogTemp: Display: Module 'AndroidTargetPlatform' loaded TargetPlatform 'Android_DXT'
[2020.05.13-13.26.10:839][  0]LogTemp: Display: Module 'AndroidTargetPlatform' loaded TargetPlatform 'Android_ETC1'
[2020.05.13-13.26.10:839][  0]LogTemp: Display: Module 'AndroidTargetPlatform' loaded TargetPlatform 'Android_ETC1a'
[2020.05.13-13.26.10:839][  0]LogTemp: Display: Module 'AndroidTargetPlatform' loaded TargetPlatform 'Android_ETC2'
[2020.05.13-13.26.10:839][  0]LogTemp: Display: Module 'AndroidTargetPlatform' loaded TargetPlatform 'Android_PVRTC'
[2020.05.13-13.26.10:839][  0]LogTemp: Display: Module 'AndroidTargetPlatform' loaded TargetPlatform 'AndroidClient'
[2020.05.13-13.26.10:839][  0]LogTemp: Display: Module 'AndroidTargetPlatform' loaded TargetPlatform 'Android_ASTCClient'
[2020.05.13-13.26.10:839][  0]LogTemp: Display: Module 'AndroidTargetPlatform' loaded TargetPlatform 'Android_ATCClient'
[2020.05.13-13.26.10:839][  0]LogTemp: Display: Module 'AndroidTargetPlatform' loaded TargetPlatform 'Android_DXTClient'
[2020.05.13-13.26.10:839][  0]LogTemp: Display: Module 'AndroidTargetPlatform' loaded TargetPlatform 'Android_ETC1Client'
[2020.05.13-13.26.10:839][  0]LogTemp: Display: Module 'AndroidTargetPlatform' loaded TargetPlatform 'Android_ETC1aClient'
[2020.05.13-13.26.10:839][  0]LogTemp: Display: Module 'AndroidTargetPlatform' loaded TargetPlatform 'Android_ETC2Client'
[2020.05.13-13.26.10:839][  0]LogTemp: Display: Module 'AndroidTargetPlatform' loaded TargetPlatform 'Android_PVRTCClient'
[2020.05.13-13.26.10:839][  0]LogTemp: Display: Module 'AndroidTargetPlatform' loaded TargetPlatform 'Android_Multi'
[2020.05.13-13.26.10:839][  0]LogTemp: Display: Module 'AndroidTargetPlatform' loaded TargetPlatform 'Android_MultiClient'
[2020.05.13-13.26.10:854][  0]LogTemp: Display: Module 'HTML5TargetPlatform' loaded TargetPlatform 'HTML5'
[2020.05.13-13.26.10:976][  0]LogTemp: Display: Module 'IOSTargetPlatform' loaded TargetPlatform 'IOSClient'
[2020.05.13-13.26.10:976][  0]LogTemp: Display: Module 'IOSTargetPlatform' loaded TargetPlatform 'IOS'
[2020.05.13-13.26.11:006][  0]LogTemp: Display: Module 'TVOSTargetPlatform' loaded TargetPlatform 'TVOSClient'
[2020.05.13-13.26.11:006][  0]LogTemp: Display: Module 'TVOSTargetPlatform' loaded TargetPlatform 'TVOS'
[2020.05.13-13.26.11:027][  0]LogTemp: Display: Module 'LinuxClientTargetPlatform' loaded TargetPlatform 'LinuxClient'
[2020.05.13-13.26.11:040][  0]LogTemp: Display: Module 'LinuxNoEditorTargetPlatform' loaded TargetPlatform 'LinuxNoEditor'
[2020.05.13-13.26.11:051][  0]LogTemp: Display: Module 'LinuxServerTargetPlatform' loaded TargetPlatform 'LinuxServer'
[2020.05.13-13.26.11:074][  0]LogTemp: Display: Module 'LinuxTargetPlatform' loaded TargetPlatform 'Linux'
[2020.05.13-13.26.11:114][  0]LogTemp: Display: Module 'LuminTargetPlatform' loaded TargetPlatform 'Lumin'
[2020.05.13-13.26.11:114][  0]LogTemp: Display: Module 'LuminTargetPlatform' loaded TargetPlatform 'LuminClient'
[2020.05.13-13.26.11:114][  0]LogTargetPlatformManager: Display: Building Assets For Windows
[2020.05.13-13.26.11:218][  0]LogAudioDebug: Display: Lib vorbis DLL was dynamically loaded.
[2020.05.13-13.26.11:663][  0]LogShaderCompilers: Guid format shader working directory is -55 characters bigger than the processId version (../../../../../Uni Stuff/Final Year Project/Games and Game Design Doc/GameSegments/DiegeticGameSegment/Diegetic/Intermediate/Shaders/WorkingDirectory/50732/).
[2020.05.13-13.26.11:664][  0]LogShaderCompilers: Cleaned the shader compiler working directory 'C:/Users/Nathan.Nathan-PC/AppData/Local/Temp/UnrealShaderWorkingDir/7B65384C4B90D8BC16F1CF8DF2048872/'.
[2020.05.13-13.26.11:678][  0]LogXGEController: Cleaning working directory: C:/Users/Nathan.Nathan-PC/AppData/Local/Temp/UnrealXGEWorkingDir/
[2020.05.13-13.26.11:679][  0]LogXGEController: Cannot use XGE Controller as Incredibuild is not installed on this machine.
[2020.05.13-13.26.11:679][  0]LogShaderCompilers: Cannot use XGE Shader Compiler as Incredibuild is not installed on this machine.
[2020.05.13-13.26.11:679][  0]LogShaderCompilers: Display: Using Local Shader Compiler.
[2020.05.13-13.26.13:229][  0]LogDerivedDataCache: Display: Max Cache Size: 512 MB
[2020.05.13-13.26.13:711][  0]LogDerivedDataCache: Loaded boot cache 0.48s 73MB C:/Users/Nathan.Nathan-PC/AppData/Local/UnrealEngine/4.23/DerivedDataCache/Boot.ddc.
[2020.05.13-13.26.13:711][  0]LogDerivedDataCache: Display: Loaded Boot cache: C:/Users/Nathan.Nathan-PC/AppData/Local/UnrealEngine/4.23/DerivedDataCache/Boot.ddc
[2020.05.13-13.26.13:712][  0]LogDerivedDataCache: FDerivedDataBackendGraph:  Pak pak cache file ../../../../../Uni Stuff/Final Year Project/Games and Game Design Doc/GameSegments/DiegeticGameSegment/Diegetic/DerivedDataCache/DDC.ddp not found, will not use a pak cache.
[2020.05.13-13.26.13:712][  0]LogDerivedDataCache: Unable to find inner node Pak for hierarchical cache Hierarchy.
[2020.05.13-13.26.13:712][  0]LogDerivedDataCache: FDerivedDataBackendGraph:  CompressedPak pak cache file ../../../../../Uni Stuff/Final Year Project/Games and Game Design Doc/GameSegments/DiegeticGameSegment/Diegetic/DerivedDataCache/Compressed.ddp not found, will not use a pak cache.
[2020.05.13-13.26.13:712][  0]LogDerivedDataCache: Unable to find inner node CompressedPak for hierarchical cache Hierarchy.
[2020.05.13-13.26.13:750][  0]LogDerivedDataCache: Display: Pak cache opened for reading ../../../Engine/DerivedDataCache/Compressed.ddp.
[2020.05.13-13.26.13:750][  0]LogDerivedDataCache: FDerivedDataBackendGraph:  EnterprisePak pak cache file ../../../Enterprise/DerivedDataCache/Compressed.ddp not found, will not use a pak cache.
[2020.05.13-13.26.13:750][  0]LogDerivedDataCache: Unable to find inner node EnterprisePak for hierarchical cache Hierarchy.
[2020.05.13-13.26.13:753][  0]LogDerivedDataCache: Using Local data cache path C:/Users/Nathan.Nathan-PC/AppData/Local/UnrealEngine/Common/DerivedDataCache: Writable
[2020.05.13-13.26.13:753][  0]LogDerivedDataCache: Shared data cache path not found in *engine.ini, will not use an Shared cache.
[2020.05.13-13.26.13:753][  0]LogDerivedDataCache: Unable to find inner node Shared for hierarchical cache Hierarchy.
[2020.05.13-13.26.13:774][  0]LogMaterial: Verifying Global Shaders for PCD3D_SM5
[2020.05.13-13.26.13:777][  0]LogSlate: Using FreeType 2.6.0
[2020.05.13-13.26.13:793][  0]LogSlate: SlateFontServices - WITH_FREETYPE: 1, WITH_HARFBUZZ: 1
[2020.05.13-13.26.15:140][  0]LogAssetRegistry: FAssetRegistry took 0.0038 seconds to start up
[2020.05.13-13.26.15:428][  0]LogInit: Selected Device Profile: [Windows]
[2020.05.13-13.26.16:281][  0]LogMeshReduction: Using QuadricMeshReduction for automatic static mesh reduction
[2020.05.13-13.26.16:282][  0]LogMeshReduction: Using SimplygonMeshReduction for automatic skeletal mesh reduction
[2020.05.13-13.26.16:282][  0]LogMeshReduction: Using ProxyLODMeshReduction for automatic mesh merging
[2020.05.13-13.26.16:282][  0]LogMeshReduction: No distributed automatic mesh merging module available
[2020.05.13-13.26.16:282][  0]LogMeshMerging: No distributed automatic mesh merging module available
[2020.05.13-13.26.16:307][  0]LogNetVersion: Diegetic 1.0.0, NetCL: 8386587, EngineNetVer: 11, GameNetVer: 0 (Checksum: 1269341028)
[2020.05.13-13.26.17:952][  0]LogPackageLocalizationCache: Processed 12 localized package path(s) for 1 prioritized culture(s) in 1.163147 seconds
[2020.05.13-13.26.17:972][  0]LogUObjectArray: 43444 objects as part of root set at end of initial load.
[2020.05.13-13.26.17:972][  0]LogUObjectAllocator: 7548648 out of 0 bytes used by permanent object pool.
[2020.05.13-13.26.17:972][  0]LogUObjectArray: CloseDisregardForGC: 0/0 objects in disregard for GC pool
[2020.05.13-13.26.24:534][  0]LogTcpMessaging: Initializing TcpMessaging bridge
[2020.05.13-13.26.24:565][  0]LogUdpMessaging: Initializing bridge on interface 0.0.0.0:0 to multicast group 230.0.0.1:6666.
[2020.05.13-13.26.24:915][  0]SourceControl: Source control is disabled
[2020.05.13-13.26.24:915][  0]SourceControl: Source control is disabled
[2020.05.13-13.26.24:947][  0]SourceControl: Source control is disabled
[2020.05.13-13.26.24:968][  0]SourceControl: Source control is disabled
[2020.05.13-13.26.25:801][  0]LogAndroidPermission: UAndroidPermissionCallbackProxy::GetInstance
[2020.05.13-13.26.26:429][  0]LogOcInput: OculusInput pre-init called
[2020.05.13-13.26.26:459][  0]LogWindows: Failed to load 'OVRPlugin.dll' (GetLastError=126)
[2020.05.13-13.26.26:459][  0]LogWindows: File 'OVRPlugin.dll' does not exist
[2020.05.13-13.26.26:678][  0]LogEngine: Initializing Engine...
[2020.05.13-13.26.26:679][  0]LogHMD: Failed to initialize OpenVR with code 110
[2020.05.13-13.26.26:681][  0]LogStats: UGameplayTagsManager::InitializeManager -  0.000 s
[2020.05.13-13.26.26:949][  0]LogInit: Initializing FReadOnlyCVARCache
[2020.05.13-13.26.27:010][  0]LogAIModule: Creating AISystem for world Untitled
[2020.05.13-13.26.27:063][  0]LogInit: XAudio2 using 'Headphones (Arctis 5 Game)' : 2 channels at 48 kHz using 16 bits per sample (channel mask 0x3)
[2020.05.13-13.26.27:153][  0]LogInit: FAudioDevice initialized.
[2020.05.13-13.26.27:153][  0]LogNetVersion: Set ProjectVersion to 1.0.0.0. Version Checksum will be recalculated on next use.
[2020.05.13-13.26.27:345][  0]LogDerivedDataCache: Saved boot cache 0.19s 73MB C:/Users/Nathan.Nathan-PC/AppData/Local/UnrealEngine/4.23/DerivedDataCache/Boot.ddc.
[2020.05.13-13.26.27:345][  0]LogInit: Texture streaming: Enabled
[2020.05.13-13.26.27:436][  0]LogEngineSessionManager: EngineSessionManager initialized
[2020.05.13-13.26.27:436][  0]LogEditorSessionSummary: Verbose: Initializing EditorSessionSummaryWriter for editor session tracking
[2020.05.13-13.26.27:445][  0]LogEditorSessionSummary: EditorSessionSummaryWriter initialized
[2020.05.13-13.26.28:088][  0]LogInit: Transaction tracking system initialized
[2020.05.13-13.26.28:499][  0]BlueprintLog: New page: Editor Load
[2020.05.13-13.26.28:985][  0]LocalizationService: Localization service is disabled
[2020.05.13-13.26.30:030][  0]LogCook: Display: Max memory allowance for cook 16384mb min free memory 0mb
[2020.05.13-13.26.30:030][  0]LogCook: Display: Mobile HDR setting 1
[2020.05.13-13.26.30:419][  0]LogFileCache: Scanning file cache for directory 'E:/Uni Stuff/Final Year Project/Games and Game Design Doc/GameSegments/DiegeticGameSegment/Diegetic/Content/' took 0.07s
[2020.05.13-13.26.33:141][  0]SourceControl: Source control is disabled
[2020.05.13-13.26.33:170][  0]LightingResults: New page: Lighting Build
[2020.05.13-13.26.33:259][  0]LogWorld: UWorld::CleanupWorld for Untitled, bSessionEnded=true, bCleanupResources=true
[2020.05.13-13.26.33:260][  0]MapCheck: New page: Map Check
[2020.05.13-13.26.33:260][  0]LightingResults: New page: Lighting Build
[2020.05.13-13.26.33:285][  0]LogUObjectHash: Compacting FUObjectHashTables data took   2.00ms
[2020.05.13-13.26.39:350][  0]LogPackageName: Warning: Asset path "FX_Meshes.UI.SM_SelectionMesh_01" is in short form, which is unsupported and -- even if valid -- resolving it will be really slow.
[2020.05.13-13.26.39:350][  0]LogPackageName: Warning: Please consider resaving package in order to speed-up loading.
[2020.05.13-13.26.39:578][  0]LogPackageName: SearchForPackageOnDisk took   0.228s, but failed to resolve FX_Meshes.
[2020.05.13-13.26.39:578][  0]LogPackageName: Warning: Asset path "FX_Meshes.UI.SM_SelectionMesh_01" could not be resolved.
[2020.05.13-13.26.41:011][  0]LogAIModule: Creating AISystem for world ThirdPersonExampleMap
[2020.05.13-13.26.41:088][  0]LogEditorServer: Finished looking for orphan Actors (0.000 secs)
[2020.05.13-13.26.41:124][  0]LogUObjectHash: Compacting FUObjectHashTables data took   2.99ms
[2020.05.13-13.26.41:124][  0]Cmd: MAP CHECKDEP NOCLEARLOG
[2020.05.13-13.26.41:124][  0]MapCheck: Map check complete: 0 Error(s), 0 Warning(s), took 0.119ms to complete.
[2020.05.13-13.26.41:125][  0]LogFileHelpers: Loading map 'ThirdPersonExampleMap' took 7.984
[2020.05.13-13.26.41:273][  0]LogSlate: Updating window title bar state: overlay mode, drag disabled, window buttons hidden, title bar hidden
[2020.05.13-13.26.41:281][  0]LogSlate: Updating window title bar state: overlay mode, drag disabled, window buttons hidden, title bar hidden
[2020.05.13-13.26.41:288][  0]LogSlate: Updating window title bar state: overlay mode, drag disabled, window buttons hidden, title bar hidden
[2020.05.13-13.26.41:296][  0]LogSlate: Updating window title bar state: overlay mode, drag disabled, window buttons hidden, title bar hidden
[2020.05.13-13.26.41:339][  0]LogCollectionManager: Loaded 0 collections in 0.003340 seconds
[2020.05.13-13.26.41:355][  0]LogFileCache: Scanning file cache for directory 'E:/Uni Stuff/Final Year Project/Games and Game Design Doc/GameSegments/DiegeticGameSegment/Diegetic/Saved/Collections/' took 0.00s
[2020.05.13-13.26.41:355][  0]LogFileCache: Scanning file cache for directory 'E:/Uni Stuff/Final Year Project/Games and Game Design Doc/GameSegments/DiegeticGameSegment/Diegetic/Content/Developers/Nathan/Collections/' took 0.00s
[2020.05.13-13.26.41:355][  0]LogFileCache: Scanning file cache for directory 'E:/Uni Stuff/Final Year Project/Games and Game Design Doc/GameSegments/DiegeticGameSegment/Diegetic/Content/Collections/' took 0.00s
[2020.05.13-13.26.41:355][  0]LogCollectionManager: Rebuilt the GUID cache for 0 collections in 0.000001 seconds
[2020.05.13-13.26.41:364][  0]LogContentBrowser: Native class hierarchy populated in 0.0086 seconds. Added 2863 classes and 680 folders.
[2020.05.13-13.26.41:473][  0]LogContentBrowser: Native class hierarchy updated for 'WidgetCarousel' in 0.0002 seconds. Added 0 classes and 0 folders.
[2020.05.13-13.26.41:774][  0]LogContentBrowser: Native class hierarchy updated for 'AddContentDialog' in 0.0002 seconds. Added 0 classes and 0 folders.
[2020.05.13-13.26.41:806][  0]LogContentBrowser: Native class hierarchy updated for 'SceneOutliner' in 0.0003 seconds. Added 1 classes and 2 folders.
[2020.05.13-13.26.41:882][  0]LogSlate: Took 0.031675 seconds to synchronously load lazily loaded font '../../../Engine/Content/Slate/Fonts/Roboto-Regular.ttf' (155K)
[2020.05.13-13.26.41:900][  0]LogSlate: Took 0.016794 seconds to synchronously load lazily loaded font '../../../Engine/Content/Slate/Fonts/Roboto-Bold.ttf' (160K)
[2020.05.13-13.26.41:965][  0]LogSlate: Took 0.061263 seconds to synchronously load lazily loaded font '../../../Engine/Content/Editor/Slate/Fonts/FontAwesome.ttf' (139K)
[2020.05.13-13.26.42:029][  0]LogRenderer: Reallocating scene render targets to support 256x256 Format 10 NumSamples 1 (Frame:1).
[2020.05.13-13.26.42:065][  0]LogRenderer: Reallocating scene render targets to support 1208x572 Format 10 NumSamples 1 (Frame:1).
[2020.05.13-13.26.42:231][  0]LogContentBrowser: Native class hierarchy updated for 'HierarchicalLODOutliner' in 0.0002 seconds. Added 0 classes and 0 folders.
[2020.05.13-13.26.42:231][  0]LogLoad: (Engine Initialization) Total time: 46.57 seconds
[2020.05.13-13.26.42:231][  0]LogLoad: (Engine Initialization) Total Blueprint compile time: 0.00 seconds
[2020.05.13-13.26.42:290][  0]LogContentStreaming: Texture pool size now 1000 MB
[2020.05.13-13.26.42:346][  0]LogSlate: Took 0.015863 seconds to synchronously load lazily loaded font '../../../Engine/Content/Slate/Fonts/Roboto-Light.ttf' (167K)
[2020.05.13-13.26.42:693][  5]LogAssetRegistry: Asset discovery search completed in 27.5542 seconds
[2020.05.13-13.26.42:698][  5]LogCollectionManager: Rebuilt the object cache for 0 collections in 0.000004 seconds (found 0 objects)
[2020.05.13-13.26.42:698][  5]LogCollectionManager: Fixed up redirectors for 0 collections in 0.000062 seconds (updated 0 objects)
[2020.05.13-13.26.43:295][ 64]LogSlate: Took 0.000227 seconds to synchronously load lazily loaded font '../../../Engine/Content/Slate/Fonts/Roboto-Light.ttf' (167K)
[2020.05.13-13.27.38:928][992]LogSlate: FSceneViewport::OnFocusLost() reason 0
[2020.05.13-13.27.45:222][533]LogAssetEditorManager: Opening Asset editor for WidgetBlueprint /Game/UI/Diegetic_HUD.Diegetic_HUD
[2020.05.13-13.27.45:668][533]LogContentBrowser: Native class hierarchy updated for 'BlueprintGraph' in 0.0014 seconds. Added 121 classes and 0 folders.
[2020.05.13-13.27.47:283][533]LogSlate: Took 0.024347 seconds to synchronously load lazily loaded font '../../../Engine/Content/Slate/Fonts/Roboto-BoldCondensed.ttf' (158K)
[2020.05.13-13.27.50:697][808]LogSlate: Took 0.020081 seconds to synchronously load lazily loaded font '../../../Engine/Content/Slate/Fonts/Roboto-Italic.ttf' (157K)
[2020.05.13-13.27.54:471][128]LogBlueprint: Warning: [Compiler ] Pasted node  CustomEvent   conflicted with  Event Tick  and was replaced as a Custom Event!
[2020.05.13-13.27.54:499][128]LogLinker: Failed to load '/Game/UI/HUD': Can't find file.
[2020.05.13-13.27.54:499][128]LogLinker: Failed to load '/Game/UI/HUD': Can't find file.
[2020.05.13-13.28.10:666][437]BlueprintLog: New page: Compile Diegetic_HUD
[2020.05.13-13.28.10:866][437]LogBlueprint: Warning: [Compiler Diegetic_HUD] SKEL_Diegetic_HUD_C.CurrentAmmo is not blueprint visible (BlueprintReadOnly or BlueprintReadWrite). Please fix mark up or cease accessing as this will be made an error in a future release.  Get CurrentAmmo
[2020.05.13-13.28.11:245][437]LogUObjectHash: Compacting FUObjectHashTables data took   6.67ms
[2020.05.13-13.28.25:807][620]BlueprintLog: New page: Compile Diegetic_HUD
[2020.05.13-13.28.26:068][620]LogUObjectHash: Compacting FUObjectHashTables data took   5.71ms
[2020.05.13-13.28.29:121][872]LogTemp: Repeating last play command: Selected Viewport
[2020.05.13-13.28.29:164][872]LogBlueprintUserMessages: Early PlayInEditor Detection: Level '/Game/ThirdPersonBP/Maps/ThirdPersonExampleMap.ThirdPersonExampleMap:PersistentLevel' has LevelScriptBlueprint '/Game/ThirdPersonBP/Maps/ThirdPersonExampleMap.ThirdPersonExampleMap:PersistentLevel.ThirdPersonExampleMap' with GeneratedClass '/Game/ThirdPersonBP/Maps/ThirdPersonExampleMap.ThirdPersonExampleMap_C' with ClassGeneratedBy '/Game/ThirdPersonBP/Maps/ThirdPersonExampleMap.ThirdPersonExampleMap:PersistentLevel.ThirdPersonExampleMap'
[2020.05.13-13.28.29:165][872]LogPlayLevel: PlayLevel: No blueprints needed recompiling
[2020.05.13-13.28.29:165][872]PIE: New page: PIE session: ThirdPersonExampleMap (13 May 2020 15:28:29)
[2020.05.13-13.28.29:166][872]LogOnline: OSS: Creating online subsystem instance for: NULL
[2020.05.13-13.28.29:167][872]LogPlayLevel: Creating play world package: /Game/ThirdPersonBP/Maps/UEDPIE_0_ThirdPersonExampleMap
[2020.05.13-13.28.29:197][872]LogPlayLevel: PIE: StaticDuplicateObject took: (0.029256s)
[2020.05.13-13.28.29:198][872]LogAIModule: Creating AISystem for world ThirdPersonExampleMap
[2020.05.13-13.28.29:198][872]LogPlayLevel: PIE: World Init took: (0.001392s)
[2020.05.13-13.28.29:198][872]LogPlayLevel: PIE: Created PIE world by copying editor world from /Game/ThirdPersonBP/Maps/ThirdPersonExampleMap.ThirdPersonExampleMap to /Game/ThirdPersonBP/Maps/UEDPIE_0_ThirdPersonExampleMap.ThirdPersonExampleMap (0.030929s)
[2020.05.13-13.28.29:238][872]LogUObjectHash: Compacting FUObjectHashTables data took   5.24ms
[2020.05.13-13.28.29:262][872]LogInit: XAudio2 using 'Headphones (Arctis 5 Game)' : 2 channels at 48 kHz using 16 bits per sample (channel mask 0x3)
[2020.05.13-13.28.29:300][872]LogInit: FAudioDevice initialized.
[2020.05.13-13.28.29:334][872]LogLoad: Game class is 'ThirdPersonGameMode_C'
[2020.05.13-13.28.29:379][872]LogWorld: Bringing World /Game/ThirdPersonBP/Maps/UEDPIE_0_ThirdPersonExampleMap.ThirdPersonExampleMap up for play (max tick rate 0) at 2020.05.13-14.28.29
[2020.05.13-13.28.29:387][872]LogWorld: Bringing up level for play took: 0.052504
[2020.05.13-13.28.29:388][872]LogOnline: OSS: Creating online subsystem instance for: :Context_4
[2020.05.13-13.28.29:398][872]LogContentBrowser: Native class hierarchy updated for 'MovieSceneCapture' in 0.0003 seconds. Added 20 classes and 0 folders.
[2020.05.13-13.28.29:406][872]PIE: Play in editor start time for /Game/ThirdPersonBP/Maps/UEDPIE_0_ThirdPersonExampleMap -0.669
[2020.05.13-13.28.29:406][872]LogBlueprintUserMessages: Late PlayInEditor Detection: Level '/Game/ThirdPersonBP/Maps/ThirdPersonExampleMap.ThirdPersonExampleMap:PersistentLevel' has LevelScriptBlueprint '/Game/ThirdPersonBP/Maps/ThirdPersonExampleMap.ThirdPersonExampleMap:PersistentLevel.ThirdPersonExampleMap' with GeneratedClass '/Game/ThirdPersonBP/Maps/ThirdPersonExampleMap.ThirdPersonExampleMap_C' with ClassGeneratedBy '/Game/ThirdPersonBP/Maps/ThirdPersonExampleMap.ThirdPersonExampleMap:PersistentLevel.ThirdPersonExampleMap'
[2020.05.13-13.28.46:835][198]LogCharacterMovement: Enemy_BP52_153 is stuck and failed to move! Velocity: X=27.84 Y=2.25 Z=0.00 Location: X=-2481.24 Y=-115.84 Z=220.25 Normal: X=-0.72 Y=-0.69 Z=0.00 PenetrationDepth:9.213 Actor:Enemy_BP4_11 Component:CharacterMesh0 BoneName:LeftHand (0 other events since notify)
[2020.05.13-13.28.47:528][250]LogBlueprintUserMessages: Early EndPlayMap Detection: Level '/Game/ThirdPersonBP/Maps/ThirdPersonExampleMap.ThirdPersonExampleMap:PersistentLevel' has LevelScriptBlueprint '/Game/ThirdPersonBP/Maps/ThirdPersonExampleMap.ThirdPersonExampleMap:PersistentLevel.ThirdPersonExampleMap' with GeneratedClass '/Game/ThirdPersonBP/Maps/ThirdPersonExampleMap.ThirdPersonExampleMap_C' with ClassGeneratedBy '/Game/ThirdPersonBP/Maps/ThirdPersonExampleMap.ThirdPersonExampleMap:PersistentLevel.ThirdPersonExampleMap'
[2020.05.13-13.28.47:528][250]LogSlate: Updating window title bar state: overlay mode, drag disabled, window buttons hidden, title bar hidden
[2020.05.13-13.28.47:528][250]LogWorld: BeginTearingDown for /Game/ThirdPersonBP/Maps/UEDPIE_0_ThirdPersonExampleMap
[2020.05.13-13.28.47:529][250]LogWorld: UWorld::CleanupWorld for ThirdPersonExampleMap, bSessionEnded=true, bCleanupResources=true
[2020.05.13-13.28.47:549][250]LogPlayLevel: Display: Shutting down PIE online subsystems
[2020.05.13-13.28.47:550][250]LogBlueprintUserMessages: Late EndPlayMap Detection: Level '/Game/ThirdPersonBP/Maps/ThirdPersonExampleMap.ThirdPersonExampleMap:PersistentLevel' has LevelScriptBlueprint '/Game/ThirdPersonBP/Maps/ThirdPersonExampleMap.ThirdPersonExampleMap:PersistentLevel.ThirdPersonExampleMap' with GeneratedClass '/Game/ThirdPersonBP/Maps/ThirdPersonExampleMap.ThirdPersonExampleMap_C' with ClassGeneratedBy '/Game/ThirdPersonBP/Maps/ThirdPersonExampleMap.ThirdPersonExampleMap:PersistentLevel.ThirdPersonExampleMap'
[2020.05.13-13.28.47:606][250]LogSlate: Updating window title bar state: overlay mode, drag disabled, window buttons hidden, title bar hidden
[2020.05.13-13.28.47:676][250]LogUObjectHash: Compacting FUObjectHashTables data took   6.04ms
[2020.05.13-13.28.47:696][251]LogPlayLevel: Display: Destroying online subsystem :Context_4
[2020.05.13-13.28.49:429][386]LogSlate: FSceneViewport::OnFocusLost() reason 0
[2020.05.13-13.29.10:359][937]BlueprintLog: New page: Compile Diegetic_HUD
[2020.05.13-13.29.10:708][937]LogUObjectHash: Compacting FUObjectHashTables data took   6.19ms
[2020.05.13-13.29.13:779][178]LogTemp: Repeating last play command: Selected Viewport
[2020.05.13-13.29.13:809][178]LogBlueprintUserMessages: Early PlayInEditor Detection: Level '/Game/ThirdPersonBP/Maps/ThirdPersonExampleMap.ThirdPersonExampleMap:PersistentLevel' has LevelScriptBlueprint '/Game/ThirdPersonBP/Maps/ThirdPersonExampleMap.ThirdPersonExampleMap:PersistentLevel.ThirdPersonExampleMap' with GeneratedClass '/Game/ThirdPersonBP/Maps/ThirdPersonExampleMap.ThirdPersonExampleMap_C' with ClassGeneratedBy '/Game/ThirdPersonBP/Maps/ThirdPersonExampleMap.ThirdPersonExampleMap:PersistentLevel.ThirdPersonExampleMap'
[2020.05.13-13.29.13:809][178]LogPlayLevel: PlayLevel: No blueprints needed recompiling
[2020.05.13-13.29.13:809][178]PIE: New page: PIE session: ThirdPersonExampleMap (13 May 2020 15:29:13)
[2020.05.13-13.29.13:810][178]LogPlayLevel: Creating play world package: /Game/ThirdPersonBP/Maps/UEDPIE_0_ThirdPersonExampleMap
[2020.05.13-13.29.13:835][178]LogPlayLevel: PIE: StaticDuplicateObject took: (0.025152s)
[2020.05.13-13.29.13:836][178]LogAIModule: Creating AISystem for world ThirdPersonExampleMap
[2020.05.13-13.29.13:836][178]LogPlayLevel: PIE: World Init took: (0.001295s)
[2020.05.13-13.29.13:836][178]LogPlayLevel: PIE: Created PIE world by copying editor world from /Game/ThirdPersonBP/Maps/ThirdPersonExampleMap.ThirdPersonExampleMap to /Game/ThirdPersonBP/Maps/UEDPIE_0_ThirdPersonExampleMap.ThirdPersonExampleMap (0.026675s)
[2020.05.13-13.29.13:876][178]LogUObjectHash: Compacting FUObjectHashTables data took   5.58ms
[2020.05.13-13.29.13:900][178]LogInit: XAudio2 using 'Headphones (Arctis 5 Game)' : 2 channels at 48 kHz using 16 bits per sample (channel mask 0x3)
[2020.05.13-13.29.13:937][178]LogInit: FAudioDevice initialized.
[2020.05.13-13.29.13:948][178]LogLoad: Game class is 'ThirdPersonGameMode_C'
[2020.05.13-13.29.13:965][178]LogWorld: Bringing World /Game/ThirdPersonBP/Maps/UEDPIE_0_ThirdPersonExampleMap.ThirdPersonExampleMap up for play (max tick rate 0) at 2020.05.13-14.29.13
[2020.05.13-13.29.13:972][178]LogWorld: Bringing up level for play took: 0.022882
[2020.05.13-13.29.13:972][178]LogOnline: OSS: Creating online subsystem instance for: :Context_5
[2020.05.13-13.29.13:980][178]PIE: Play in editor start time for /Game/ThirdPersonBP/Maps/UEDPIE_0_ThirdPersonExampleMap -0.094
[2020.05.13-13.29.13:980][178]LogBlueprintUserMessages: Late PlayInEditor Detection: Level '/Game/ThirdPersonBP/Maps/ThirdPersonExampleMap.ThirdPersonExampleMap:PersistentLevel' has LevelScriptBlueprint '/Game/ThirdPersonBP/Maps/ThirdPersonExampleMap.ThirdPersonExampleMap:PersistentLevel.ThirdPersonExampleMap' with GeneratedClass '/Game/ThirdPersonBP/Maps/ThirdPersonExampleMap.ThirdPersonExampleMap_C' with ClassGeneratedBy '/Game/ThirdPersonBP/Maps/ThirdPersonExampleMap.ThirdPersonExampleMap:PersistentLevel.ThirdPersonExampleMap'
[2020.05.13-13.29.41:047][338]LogCharacterMovement: Enemy_BP4_11 is stuck and failed to move! Velocity: X=8.40 Y=24.92 Z=0.00 Location: X=421.56 Y=121.55 Z=220.21 Normal: X=-0.76 Y=0.65 Z=0.00 PenetrationDepth:13.922 Actor:Enemy_BP23_70 Component:CharacterMesh0 BoneName:RightHand (0 other events since notify)
[2020.05.13-13.29.41:286][357]LogCharacterMovement: ThirdPersonCharacter_167 is stuck and failed to move! Velocity: X=2.24 Y=25.46 Z=0.00 Location: X=445.95 Y=193.92 Z=228.45 Normal: X=0.56 Y=0.83 Z=0.00 PenetrationDepth:1.019 Actor:Enemy_BP4_11 Component:CharacterMesh0 BoneName:RightShoulder (0 other events since notify)
[2020.05.13-13.29.44:148][588]LogCharacterMovement: ThirdPersonCharacter_167 is stuck and failed to move! Velocity: X=2.76 Y=25.20 Z=0.00 Location: X=438.46 Y=593.34 Z=228.45 Normal: X=0.97 Y=-0.18 Z=-0.15 PenetrationDepth:13.560 Actor:Enemy_BP4_11 Component:CharacterMesh0 BoneName:Head (22 other events since notify)
[2020.05.13-13.29.47:089][826]LogCharacterMovement: Enemy_BP23_70 is stuck and failed to move! Velocity: X=28.26 Y=40.88 Z=0.00 Location: X=775.56 Y=1051.36 Z=218.64 Normal: X=0.68 Y=-0.73 Z=0.00 PenetrationDepth:9.945 Actor:Enemy_BP4_11 Component:CharacterMesh0 BoneName:RightHand (0 other events since notify)
[2020.05.13-13.29.47:972][895]LogPlayerController: Error: InputMode:UIOnly - Attempting to focus Non-Focusable widget SObjectWidget [Widget.cpp(723)]!
[2020.05.13-13.29.49:399][ 41]LogSlate: FSceneViewport::OnFocusLost() reason 0
[2020.05.13-13.29.49:484][ 48]LogSlate: Updating window title bar state: overlay mode, drag disabled, window buttons hidden, title bar hidden
[2020.05.13-13.29.49:484][ 48]LogBlueprintUserMessages: Early EndPlayMap Detection: Level '/Game/ThirdPersonBP/Maps/ThirdPersonExampleMap.ThirdPersonExampleMap:PersistentLevel' has LevelScriptBlueprint '/Game/ThirdPersonBP/Maps/ThirdPersonExampleMap.ThirdPersonExampleMap:PersistentLevel.ThirdPersonExampleMap' with GeneratedClass '/Game/ThirdPersonBP/Maps/ThirdPersonExampleMap.ThirdPersonExampleMap_C' with ClassGeneratedBy '/Game/ThirdPersonBP/Maps/ThirdPersonExampleMap.ThirdPersonExampleMap:PersistentLevel.ThirdPersonExampleMap'
[2020.05.13-13.29.49:484][ 48]LogWorld: BeginTearingDown for /Game/ThirdPersonBP/Maps/UEDPIE_0_ThirdPersonExampleMap
[2020.05.13-13.29.49:485][ 48]LogWorld: UWorld::CleanupWorld for ThirdPersonExampleMap, bSessionEnded=true, bCleanupResources=true
[2020.05.13-13.29.49:493][ 48]LogPlayLevel: Display: Shutting down PIE online subsystems
[2020.05.13-13.29.49:494][ 48]LogBlueprintUserMessages: Late EndPlayMap Detection: Level '/Game/ThirdPersonBP/Maps/ThirdPersonExampleMap.ThirdPersonExampleMap:PersistentLevel' has LevelScriptBlueprint '/Game/ThirdPersonBP/Maps/ThirdPersonExampleMap.ThirdPersonExampleMap:PersistentLevel.ThirdPersonExampleMap' with GeneratedClass '/Game/ThirdPersonBP/Maps/ThirdPersonExampleMap.ThirdPersonExampleMap_C' with ClassGeneratedBy '/Game/ThirdPersonBP/Maps/ThirdPersonExampleMap.ThirdPersonExampleMap:PersistentLevel.ThirdPersonExampleMap'
[2020.05.13-13.29.49:537][ 48]LogSlate: Updating window title bar state: overlay mode, drag disabled, window buttons hidden, title bar hidden
[2020.05.13-13.29.49:544][ 48]LogUObjectHash: Compacting FUObjectHashTables data took   4.20ms
[2020.05.13-13.29.49:582][ 49]LogPlayLevel: Display: Destroying online subsystem :Context_5
[2020.05.13-13.31.07:015][775]BlueprintLog: New page: Compile Diegetic_HUD
[2020.05.13-13.31.07:747][775]LogUObjectHash: Compacting FUObjectHashTables data took   6.04ms
[2020.05.13-13.31.10:869][ 23]LogTemp: Repeating last play command: Selected Viewport
[2020.05.13-13.31.10:899][ 23]LogBlueprintUserMessages: Early PlayInEditor Detection: Level '/Game/ThirdPersonBP/Maps/ThirdPersonExampleMap.ThirdPersonExampleMap:PersistentLevel' has LevelScriptBlueprint '/Game/ThirdPersonBP/Maps/ThirdPersonExampleMap.ThirdPersonExampleMap:PersistentLevel.ThirdPersonExampleMap' with GeneratedClass '/Game/ThirdPersonBP/Maps/ThirdPersonExampleMap.ThirdPersonExampleMap_C' with ClassGeneratedBy '/Game/ThirdPersonBP/Maps/ThirdPersonExampleMap.ThirdPersonExampleMap:PersistentLevel.ThirdPersonExampleMap'
[2020.05.13-13.31.10:899][ 23]LogPlayLevel: PlayLevel: No blueprints needed recompiling
[2020.05.13-13.31.10:899][ 23]PIE: New page: PIE session: ThirdPersonExampleMap (13 May 2020 15:31:10)
[2020.05.13-13.31.10:900][ 23]LogPlayLevel: Creating play world package: /Game/ThirdPersonBP/Maps/UEDPIE_0_ThirdPersonExampleMap
[2020.05.13-13.31.10:926][ 23]LogPlayLevel: PIE: StaticDuplicateObject took: (0.026734s)
[2020.05.13-13.31.10:927][ 23]LogAIModule: Creating AISystem for world ThirdPersonExampleMap
[2020.05.13-13.31.10:928][ 23]LogPlayLevel: PIE: World Init took: (0.001325s)
[2020.05.13-13.31.10:928][ 23]LogPlayLevel: PIE: Created PIE world by copying editor world from /Game/ThirdPersonBP/Maps/ThirdPersonExampleMap.ThirdPersonExampleMap to /Game/ThirdPersonBP/Maps/UEDPIE_0_ThirdPersonExampleMap.ThirdPersonExampleMap (0.028274s)
[2020.05.13-13.31.10:968][ 23]LogUObjectHash: Compacting FUObjectHashTables data took   5.65ms
[2020.05.13-13.31.10:992][ 23]LogInit: XAudio2 using 'Headphones (Arctis 5 Game)' : 2 channels at 48 kHz using 16 bits per sample (channel mask 0x3)
[2020.05.13-13.31.11:031][ 23]LogInit: FAudioDevice initialized.
[2020.05.13-13.31.11:041][ 23]LogLoad: Game class is 'ThirdPersonGameMode_C'
[2020.05.13-13.31.11:057][ 23]LogWorld: Bringing World /Game/ThirdPersonBP/Maps/UEDPIE_0_ThirdPersonExampleMap.ThirdPersonExampleMap up for play (max tick rate 0) at 2020.05.13-14.31.11
[2020.05.13-13.31.11:065][ 23]LogWorld: Bringing up level for play took: 0.023190
[2020.05.13-13.31.11:065][ 23]LogOnline: OSS: Creating online subsystem instance for: :Context_6
[2020.05.13-13.31.11:072][ 23]PIE: Play in editor start time for /Game/ThirdPersonBP/Maps/UEDPIE_0_ThirdPersonExampleMap 0.998
[2020.05.13-13.31.11:072][ 23]LogBlueprintUserMessages: Late PlayInEditor Detection: Level '/Game/ThirdPersonBP/Maps/ThirdPersonExampleMap.ThirdPersonExampleMap:PersistentLevel' has LevelScriptBlueprint '/Game/ThirdPersonBP/Maps/ThirdPersonExampleMap.ThirdPersonExampleMap:PersistentLevel.ThirdPersonExampleMap' with GeneratedClass '/Game/ThirdPersonBP/Maps/ThirdPersonExampleMap.ThirdPersonExampleMap_C' with ClassGeneratedBy '/Game/ThirdPersonBP/Maps/ThirdPersonExampleMap.ThirdPersonExampleMap:PersistentLevel.ThirdPersonExampleMap'
[2020.05.13-13.31.35:701][958]LogCharacterMovement: Enemy_BP19_56 is stuck and failed to move! Velocity: X=62.91 Y=-267.61 Z=0.00 Location: X=883.64 Y=-2698.64 Z=220.28 Normal: X=-1.00 Y=0.07 Z=0.00 PenetrationDepth:4.452 Actor:Enemy_BP22_67 Component:CharacterMesh0 BoneName:LeftHand (0 other events since notify)
[2020.05.13-13.31.35:983][980]LogCharacterMovement: Enemy_BP11_32 is stuck and failed to move! Velocity: X=81.78 Y=-288.64 Z=0.00 Location: X=894.78 Y=-2628.60 Z=230.10 Normal: X=0.51 Y=0.72 Z=0.46 PenetrationDepth:2.041 Actor:Enemy_BP19_56 Component:CharacterMesh0 BoneName:RightLeg (0 other events since notify)
[2020.05.13-13.31.36:722][ 38]LogCharacterMovement: Enemy_BP19_56 is stuck and failed to move! Velocity: X=86.31 Y=-287.32 Z=0.00 Location: X=927.44 Y=-2756.26 Z=218.48 Normal: X=0.14 Y=0.88 Z=-0.45 PenetrationDepth:1.415 Actor:Enemy_BP22_67 Component:CharacterMesh0 BoneName:Head (37 other events since notify)
[2020.05.13-13.31.37:077][ 65]LogCharacterMovement: Enemy_BP22_67 is stuck and failed to move! Velocity: X=1.60 Y=300.00 Z=0.00 Location: X=1025.90 Y=-2854.62 Z=220.30 Normal: X=0.97 Y=-0.26 Z=0.00 PenetrationDepth:0.807 Actor:Enemy_BP19_56 Component:CharacterMesh0 BoneName:RightHand (0 other events since notify)
[2020.05.13-13.31.37:234][ 77]LogCharacterMovement: Enemy_BP11_32 is stuck and failed to move! Velocity: X=0.02 Y=-27.97 Z=0.00 Location: X=987.83 Y=-2770.10 Z=220.46 Normal: X=1.00 Y=-0.05 Z=0.00 PenetrationDepth:9.486 Actor:Enemy_BP5_14 Component:CharacterMesh0 BoneName:RightHand (31 other events since notify)
[2020.05.13-13.31.38:198][148]LogCharacterMovement: Enemy_BP22_67 is stuck and failed to move! Velocity: X=-16.78 Y=56.75 Z=0.00 Location: X=1025.99 Y=-2910.56 Z=220.00 Normal: X=0.81 Y=-0.59 Z=0.00 PenetrationDepth:5.349 Actor:Enemy_BP11_32 Component:CharacterMesh0 BoneName:LeftHand (16 other events since notify)
[2020.05.13-13.31.38:251][152]LogCharacterMovement: Enemy_BP11_32 is stuck and failed to move! Velocity: X=-3.51 Y=-26.95 Z=0.00 Location: X=1025.97 Y=-2818.13 Z=218.52 Normal: X=0.24 Y=0.86 Z=-0.45 PenetrationDepth:7.253 Actor:Enemy_BP22_67 Component:CharacterMesh0 BoneName:Head (20 other events since notify)
[2020.05.13-13.31.47:393][792]LogCharacterMovement: Enemy_BP41_124 is stuck and failed to move! Velocity: X=-43.88 Y=296.77 Z=0.00 Location: X=3964.71 Y=3135.19 Z=218.49 Normal: X=-0.95 Y=-0.18 Z=-0.25 PenetrationDepth:3.540 Actor:Enemy_BP36_109 Component:CharacterMesh0 BoneName:LeftHand (0 other events since notify)
[2020.05.13-13.32.06:376][277]LogBlueprintUserMessages: Early EndPlayMap Detection: Level '/Game/ThirdPersonBP/Maps/ThirdPersonExampleMap.ThirdPersonExampleMap:PersistentLevel' has LevelScriptBlueprint '/Game/ThirdPersonBP/Maps/ThirdPersonExampleMap.ThirdPersonExampleMap:PersistentLevel.ThirdPersonExampleMap' with GeneratedClass '/Game/ThirdPersonBP/Maps/ThirdPersonExampleMap.ThirdPersonExampleMap_C' with ClassGeneratedBy '/Game/ThirdPersonBP/Maps/ThirdPersonExampleMap.ThirdPersonExampleMap:PersistentLevel.ThirdPersonExampleMap'
[2020.05.13-13.32.06:376][277]LogSlate: Updating window title bar state: overlay mode, drag disabled, window buttons hidden, title bar hidden
[2020.05.13-13.32.06:376][277]LogWorld: BeginTearingDown for /Game/ThirdPersonBP/Maps/UEDPIE_0_ThirdPersonExampleMap
[2020.05.13-13.32.06:377][277]LogWorld: UWorld::CleanupWorld for ThirdPersonExampleMap, bSessionEnded=true, bCleanupResources=true
[2020.05.13-13.32.06:398][277]LogPlayLevel: Display: Shutting down PIE online subsystems
[2020.05.13-13.32.06:398][277]LogBlueprintUserMessages: Late EndPlayMap Detection: Level '/Game/ThirdPersonBP/Maps/ThirdPersonExampleMap.ThirdPersonExampleMap:PersistentLevel' has LevelScriptBlueprint '/Game/ThirdPersonBP/Maps/ThirdPersonExampleMap.ThirdPersonExampleMap:PersistentLevel.ThirdPersonExampleMap' with GeneratedClass '/Game/ThirdPersonBP/Maps/ThirdPersonExampleMap.ThirdPersonExampleMap_C' with ClassGeneratedBy '/Game/ThirdPersonBP/Maps/ThirdPersonExampleMap.ThirdPersonExampleMap:PersistentLevel.ThirdPersonExampleMap'
[2020.05.13-13.32.06:444][277]LogSlate: Updating window title bar state: overlay mode, drag disabled, window buttons hidden, title bar hidden
[2020.05.13-13.32.06:451][277]LogUObjectHash: Compacting FUObjectHashTables data took   4.07ms
[2020.05.13-13.32.06:499][279]LogPlayLevel: Display: Destroying online subsystem :Context_6
[2020.05.13-13.32.08:388][431]LogSlate: FSceneViewport::OnFocusLost() reason 5
[2020.05.13-13.32.09:991][555]LogUObjectHash: Compacting FUObjectHashTables data took   1.22ms
[2020.05.13-13.32.10:000][555]LogSlate: FSceneViewport::OnFocusLost() reason 5
[2020.05.13-13.32.10:080][555]LogUObjectHash: Compacting FUObjectHashTables data took   1.17ms
[2020.05.13-13.32.11:136][555]LogSavePackage: Moving '../../../../../Uni Stuff/Final Year Project/Games and Game Design Doc/GameSegments/DiegeticGameSegment/Diegetic/Saved/ThirdPersonExampleMapE110974E4DE9F24E58EE75A90156A732.tmp' to '../../../../../Uni Stuff/Final Year Project/Games and Game Design Doc/GameSegments/DiegeticGameSegment/Diegetic/Content/ThirdPersonBP/Maps/ThirdPersonExampleMap.umap'
[2020.05.13-13.32.11:360][555]LogFileHelpers: Saving map 'ThirdPersonExampleMap' took 1.352
[2020.05.13-13.32.11:589][555]LogSavePackage: Moving '../../../../../Uni Stuff/Final Year Project/Games and Game Design Doc/GameSegments/DiegeticGameSegment/Diegetic/Saved/Diegetic_HUDEB2065624DF15F4FEE92DF92427CEB54.tmp' to '../../../../../Uni Stuff/Final Year Project/Games and Game Design Doc/GameSegments/DiegeticGameSegment/Diegetic/Content/UI/Diegetic_HUD.uasset'
